
1551655951.148635,2,1
1551655951.1493337,2,1
1551655951.1494703,2,1
1551655951.1496105,2,1
1551655951.1497233,2,1
1551655951.149834,2,1
1551655951.1499498,2,1
1551655951.1660368,2,1
1551655951.1662612,2,1
1551655951.166432,2,1
1551655951.181453,2,1
1551655951.181616,2,1
1551655951.1841094,2,1
1551655951.1846244,2,1
1551655951.200669,2,1
1551655951.2008305,2,1
1551655951.2021577,2,1
1551655951.2024963,2,1
1551655951.2028399,2,1
1551655951.203071,2,1
1551655951.2033381,2,1
1551655951.2034485,2,1
1551655951.20371,2,1
1551655951.2197542,2,1
1551655951.2200546,2,1
1551655951.220179,2,1
1551655951.220297,2,1
1551655951.220416,2,1
1551655951.2205737,2,1
1551655951.2208169,2,1
1551655951.221031,2,1
1551655951.2211506,2,1
1551655951.2214022,2,1
1551655951.2214808,2,1
1551655951.2215943,2,1
1551655951.221705,2,1
1551655951.2218406,2,1
1551655951.221953,2,1
1551655951.23884,2,1
1551655951.2393613,2,1
1551655951.239706,2,1
1551655951.2398343,2,1
1551655951.2399693,2,1
1551655951.2576056,2,1
1551655951.257928,2,1
1551655951.2580462,2,1
1551655951.276328,2,1
1551655951.276487,2,1
1551655951.2949557,2,1
1551655951.295115,2,1
1551655951.3136032,2,1
1551655951.3137841,2,1
1551655951.332357,2,1
1551655951.3325193,2,1
1551655951.3510668,2,1
1551655951.351233,2,1
1551655951.3693929,2,1
1551655951.369656,2,1
1551655951.3871007,2,1
1551655951.3873012,2,1
1551655951.4044735,2,1
1551655951.404712,2,1
1551655951.421909,2,1
1551655951.4221783,2,1
1551655951.439401,2,1
1551655951.439606,2,1
1551655951.4569526,2,1
1551655951.457223,2,1
1551655951.47436,2,1
1551655951.47454,2,1
1551655951.4917276,2,1
1551655951.4920416,2,1
1551655951.509153,2,1
1551655951.5095692,2,1
1551655951.5099857,2,1
1551655951.5101001,2,1
1551655951.5267086,2,1
1551655951.5275466,2,1
1551655951.5279558,2,1
1551655951.528163,2,1
1551655951.5442362,2,1
1551655951.5450194,2,1
1551655951.5454984,2,1
1551655951.5458286,2,1
1551655951.5460696,2,1
1551655951.562041,2,1
1551655951.5622916,2,1
1551655951.562439,2,1
1551655951.5632834,2,1
1551655951.5635924,2,1
1551655951.5637255,2,1
1551655951.563949,2,1
1551655951.564023,2,1
1551655951.5802603,2,1
1551655951.5807602,2,1
1551655951.5814257,2,1
1551655951.5815961,2,1
1551655951.5817287,2,1
1551655951.5818439,2,1
1551655951.5819578,2,1
1551655951.5984097,2,1
1551655951.599037,2,1
1551655951.5997179,2,1
1551655951.6000729,2,1
1551655951.6151862,2,1
1551655951.6161618,2,1
1551655951.6170843,2,1
1551655951.6178632,2,1
1551655951.6180458,2,1
1551655951.634155,2,1
1551655951.634905,2,1
1551655951.63545,2,1
1551655951.6356175,2,1
1551655951.6360033,2,1
1551655951.6361868,2,1
1551655951.6521878,2,1
1551655951.6531072,2,1
1551655951.6535676,2,1
1551655951.653882,2,1
1551655951.668873,2,1
1551655951.670426,2,1
1551655951.6709785,2,1
1551655951.6715512,2,1
1551655951.671828,2,1
1551655951.6868894,2,1
1551655951.6881654,2,1
1551655951.6890562,2,1
1551655951.68948,2,1
1551655951.6896002,2,1
1551655951.7048576,2,1
1551655951.70503,2,1
1551655951.7061625,2,1
1551655951.7065918,2,1
1551655951.7070768,2,1
1551655951.7073054,2,1
1551655951.7075548,2,1
1551655951.7076256,2,1
1551655951.7079558,2,1
1551655951.7229567,2,1
1551655951.724196,2,1
1551655951.7245834,2,1
1551655951.7252915,2,1
1551655951.7255754,2,1
1551655951.7258015,2,1
1551655951.7260795,2,1
1551655951.7424304,2,1
1551655951.7437053,2,1
1551655951.7441537,2,1
1551655951.7604163,2,1
1551655951.76117,2,1
1551655951.7618744,2,1
1551655951.7769392,2,1
1551655951.7781954,2,1
1551655951.7786977,2,1
1551655951.7793608,2,1
1551655951.7795749,2,1
1551655951.7798212,2,1
1551655951.7947798,2,1
1551655951.7949548,2,1
1551655951.7961648,2,1
1551655951.7964604,2,1
1551655951.7970476,2,1
1551655951.7973478,2,1
1551655951.7974694,2,1
1551655951.7977018,2,1
1551655951.8125696,2,1
1551655951.812755,2,1
1551655951.8142848,2,1
1551655951.814639,2,1
1551655951.8148966,2,1
1551655951.815463,2,1
1551655951.8306265,2,1
1551655951.8307955,2,1
1551655951.8324094,2,1
1551655951.8335009,2,1
1551655951.8486364,2,1
1551655951.8488734,2,1
1551655951.8504546,2,1
1551655951.851058,2,1
1551655951.866487,2,1
1551655951.8666537,2,1
1551655951.8681805,2,1
1551655951.8689682,2,1
1551655951.8691738,2,1
1551655951.884315,2,1
1551655951.884489,2,1
1551655951.8862712,2,1
1551655951.8869038,2,1
1551655951.8872452,2,1
1551655951.902413,2,1
1551655951.9026372,2,1
1551655951.904158,2,1
1551655951.9050856,2,1
1551655951.9205022,2,1
1551655951.9206977,2,1
1551655951.922275,2,1
1551655951.923082,2,1
1551655951.9235759,2,1
1551655951.9386487,2,1
1551655951.9388294,2,1
1551655951.9402666,2,1
1551655951.9407682,2,1
1551655951.9413645,2,1
1551655951.9417229,2,1
1551655951.9568024,2,1
1551655951.9569695,2,1
1551655951.958175,2,1
1551655951.9589198,2,1
1551655951.95923,2,1
1551655951.9597442,2,1
1551655951.9748187,2,1
1551655951.9749837,2,1
1551655951.976199,2,1
1551655951.977105,2,1
1551655951.9775555,2,1
1551655951.9776382,2,1
1551655951.9780073,2,1
1551655951.9941578,2,1
1551655951.994451,2,1
1551655951.9950795,2,1
1551655951.9953547,2,1
1551655951.9956286,2,1
1551655952.0106795,2,1
1551655952.0108492,2,1
1551655952.01228,2,1
1551655952.0132937,2,1
1551655952.0136397,2,1
1551655952.0286129,2,1
1551655952.0288486,2,1
1551655952.0302935,2,1
1551655952.0309029,2,1
1551655952.0314946,2,1
1551655952.0466843,2,1
1551655952.046853,2,1
1551655952.0481777,2,1
1551655952.0491078,2,1
1551655952.0646021,2,1
1551655952.0647678,2,1
1551655952.066207,2,1
1551655952.0668387,2,1
1551655952.067354,2,1
1551655952.0675838,2,1
1551655952.0825667,2,1
1551655952.0828044,2,1
1551655952.0841768,2,1
1551655952.0847309,2,1
1551655952.0853014,2,1
1551655952.0854652,2,1
1551655952.0858412,2,1
1551655952.0860872,2,1
1551655952.1023006,2,1
1551655952.103234,2,1
1551655952.1037447,2,1
1551655952.1187434,2,1
1551655952.1189156,2,1
1551655952.1201792,2,1
1551655952.1207316,2,1
1551655952.1214528,2,1
1551655952.1215785,2,1
1551655952.1366591,2,1
1551655952.1368933,2,1
1551655952.1384294,2,1
1551655952.1389196,2,1
1551655952.1391733,2,1
1551655952.1397152,2,1
1551655952.1546504,2,1
1551655952.1548228,2,1
1551655952.1562982,2,1
1551655952.1567254,2,1
1551655952.1574156,2,1
1551655952.157709,2,1
1551655952.1725776,2,1
1551655952.1728094,2,1
1551655952.1744633,2,1
1551655952.1750658,2,1
1551655952.1903303,2,1
1551655952.1904976,2,1
1551655952.1921651,2,1
1551655952.1930554,2,1
1551655952.2084234,2,1
1551655952.2086127,2,1
1551655952.2101834,2,1
1551655952.210472,2,1
1551655952.2110977,2,1
1551655952.2113187,2,1
1551655952.2264667,2,1
1551655952.2266407,2,1
1551655952.2282655,2,1
1551655952.2285972,2,1
1551655952.2291124,2,1
1551655952.2294612,2,1
1551655952.2444992,2,1
1551655952.2447195,2,1
1551655952.2461824,2,1
1551655952.2465305,2,1
1551655952.247105,2,1
1551655952.2475893,2,1
1551655952.2625277,2,1
1551655952.2627215,2,1
1551655952.264199,2,1
1551655952.265106,2,1
1551655952.2655888,2,1
1551655952.2807,2,1
1551655952.2808645,2,1
1551655952.2821894,2,1
1551655952.282596,2,1
1551655952.2835119,2,1
1551655952.2985687,2,1
1551655952.298735,2,1
1551655952.3002813,2,1
1551655952.30066,2,1
1551655952.3011246,2,1
1551655952.3015838,2,1
1551655952.316694,2,1
1551655952.3168616,2,1
1551655952.3183272,2,1
1551655952.3187983,2,1
1551655952.3195107,2,1
1551655952.3346083,2,1
1551655952.3347783,2,1
1551655952.336194,2,1
1551655952.337094,2,1
1551655952.3378294,2,1
1551655952.3528533,2,1
1551655952.354196,2,1
1551655952.3550417,2,1
1551655952.3554451,2,1
1551655952.3555768,2,1
1551655952.370591,2,1
1551655952.370767,2,1
1551655952.372183,2,1
1551655952.3731146,2,1
1551655952.3735955,2,1
1551655952.3885825,2,1
1551655952.3888288,2,1
1551655952.390415,2,1
1551655952.3909252,2,1
1551655952.4064796,2,1
1551655952.4066563,2,1
1551655952.4081755,2,1
1551655952.4089856,2,1
1551655952.4092462,2,1
1551655952.4243324,2,1
1551655952.4245872,2,1
1551655952.426267,2,1
1551655952.4269068,2,1
1551655952.4271736,2,1
1551655952.4275997,2,1
1551655952.4424808,2,1
1551655952.4426525,2,1
1551655952.4441803,2,1
1551655952.4447384,2,1
1551655952.445238,2,1
1551655952.445578,2,1
1551655952.4605014,2,1
1551655952.4606698,2,1
1551655952.4622905,2,1
1551655952.4630964,2,1
1551655952.463763,2,1
1551655952.478725,2,1
1551655952.4789,2,1
1551655952.4809885,2,1
1551655952.4816232,2,1
1551655952.4820166,2,1
1551655952.4971182,2,1
1551655952.4982886,2,1
1551655952.4986618,2,1
1551655952.4989889,2,1
1551655952.499476,2,1
1551655952.4996235,2,1
1551655952.4997473,2,1
1551655952.4998612,2,1
1551655952.500157,2,1
1551655952.5163293,2,1
1551655952.5170424,2,1
1551655952.5175889,2,1
1551655952.517736,2,1
1551655952.5329392,2,1
1551655952.5331047,2,1
1551655952.5341132,2,1
1551655952.5342999,2,1
1551655952.534493,2,1
1551655952.5345738,2,1
1551655952.534642,2,1
1551655952.5347092,2,1
1551655952.5347757,2,1
1551655952.534841,2,1
1551655952.53492,2,1
1551655952.5349877,2,1
1551655952.5350533,2,1
1551655952.5351167,2,1
1551655952.535238,2,1
1551655952.5353122,2,1
1551655952.5353796,2,1
1551655952.5354478,2,1
1551655952.535513,2,1
1551655952.5355778,2,1
1551655952.5359552,2,1
1551655952.5360627,2,1
1551655952.5521111,2,1
1551655952.5523567,2,1
1551655952.552505,2,1
1551655952.5525835,2,1
1551655952.5527003,2,1
1551655952.5528662,2,1
1551655952.5529373,2,1
1551655952.553003,2,1
1551655952.5530682,2,1
1551655952.5532134,2,1
1551655952.5532832,2,1
1551655952.5533597,2,1
1551655952.5534232,2,1
1551655952.5534868,2,1
1551655952.5536103,2,1
1551655952.553824,2,1
1551655952.553895,2,1
1551655952.5541198,2,1
1551655952.5701468,2,1
1551655952.5703578,2,1
1551655952.5704355,2,1
1551655952.570587,2,1
1551655952.5706623,2,1
1551655952.5707302,2,1
1551655952.5707984,2,1
1551655952.5708637,2,1
1551655952.570928,2,1
1551655952.5710514,2,1
1551655952.5711205,2,1
1551655952.5711858,2,1
1551655952.5712905,2,1
1551655952.5713696,2,1
1551655952.571434,2,1
1551655952.5714977,2,1
1551655952.5716212,2,1
1551655952.5717318,2,1
1551655952.5718746,2,1
1551655952.5719855,2,1
1551655952.5881395,2,1
1551655952.5883791,2,1
1551655952.588455,2,1
1551655952.5886073,2,1
1551655952.5886838,2,1
1551655952.588754,2,1
1551655952.5888193,2,1
1551655952.588884,2,1
1551655952.5889475,2,1
1551655952.5890121,2,1
1551655952.5890794,2,1
1551655952.5892158,2,1
1551655952.5892842,2,1
1551655952.589355,2,1
1551655952.58942,2,1
1551655952.589482,2,1
1551655952.589611,2,1
1551655952.5897567,2,1
1551655952.5898592,2,1
1551655952.589987,2,1
1551655952.6061287,2,1
1551655952.6063464,2,1
1551655952.6064274,2,1
1551655952.6065888,2,1
1551655952.6066666,2,1
1551655952.6067328,2,1
1551655952.6067986,2,1
1551655952.606909,2,1
1551655952.6069796,2,1
1551655952.6070487,2,1
1551655952.607112,2,1
1551655952.607195,2,1
1551655952.6072598,2,1
1551655952.6073234,2,1
1551655952.607448,2,1
1551655952.6075163,2,1
1551655952.6075807,2,1
1551655952.607726,2,1
1551655952.607862,2,1
1551655952.607986,2,1
1551655952.6241028,2,1
1551655952.6243315,2,1
1551655952.6244953,2,1
1551655952.6245737,2,1
1551655952.6247163,2,1
1551655952.6247928,2,1
1551655952.6248631,2,1
1551655952.6249313,2,1
1551655952.6249986,2,1
1551655952.6250634,2,1
1551655952.6252184,2,1
1551655952.6252964,2,1
1551655952.6253629,2,1
1551655952.6254673,2,1
1551655952.6255987,2,1
1551655952.6259408,2,1
1551655952.626037,2,1
1551655952.642098,2,1
1551655952.6423228,2,1
1551655952.6424506,2,1
1551655952.6425827,2,1
1551655952.6426551,2,1
1551655952.6428165,2,1
1551655952.642893,2,1
1551655952.642959,2,1
1551655952.6430237,2,1
1551655952.643103,2,1
1551655952.6432064,2,1
1551655952.643273,2,1
1551655952.6433384,2,1
1551655952.6434019,2,1
1551655952.643466,2,1
1551655952.6436148,2,1
1551655952.6437306,2,1
1551655952.6438622,2,1
1551655952.6441317,2,1
1551655952.6601348,2,1
1551655952.660353,2,1
1551655952.6604314,2,1
1551655952.6606317,2,1
1551655952.660711,2,1
1551655952.6607795,2,1
1551655952.6608524,2,1
1551655952.6609213,2,1
1551655952.6609867,2,1
1551655952.661068,2,1
1551655952.6612062,2,1
1551655952.6612763,2,1
1551655952.6613407,2,1
1551655952.6614063,2,1
1551655952.6614687,2,1
1551655952.6616013,2,1
1551655952.6619089,2,1
1551655952.6619992,2,1
1551655952.6781743,2,1
1551655952.678403,2,1
1551655952.6784832,2,1
1551655952.6785517,2,1
1551655952.6786246,2,1
1551655952.6786919,2,1
1551655952.6787574,2,1
1551655952.6788218,2,1
1551655952.678885,2,1
1551655952.6789494,2,1
1551655952.679041,2,1
1551655952.679106,2,1
1551655952.679242,2,1
1551655952.6793125,2,1
1551655952.679379,2,1
1551655952.6794453,2,1
1551655952.6795099,2,1
1551655952.6796172,2,1
1551655952.6797297,2,1
1551655952.6798615,2,1
1551655952.6799858,2,1
1551655952.6961415,2,1
1551655952.6963997,2,1
1551655952.6964865,2,1
1551655952.6965568,2,1
1551655952.696705,2,1
1551655952.696779,2,1
1551655952.6968467,2,1
1551655952.6969168,2,1
1551655952.696981,2,1
1551655952.6970472,2,1
1551655952.69711,2,1
1551655952.6972258,2,1
1551655952.6973095,2,1
1551655952.6973727,2,1
1551655952.6974363,2,1
1551655952.6975005,2,1
1551655952.6976337,2,1
1551655952.6977315,2,1
1551655952.6978734,2,1
1551655952.6979866,2,1
1551655952.7141662,2,1
1551655952.7143931,2,1
1551655952.7144728,2,1
1551655952.7146044,2,1
1551655952.7146769,2,1
1551655952.7147458,2,1
1551655952.7148128,2,1
1551655952.714878,2,1
1551655952.7149448,2,1
1551655952.7150114,2,1
1551655952.7150762,2,1
1551655952.7152123,2,1
1551655952.7152815,2,1
1551655952.715346,2,1
1551655952.7154093,2,1
1551655952.715474,2,1
1551655952.715606,2,1
1551655952.715818,2,1
1551655952.7158895,2,1
1551655952.7159903,2,1
1551655952.7321732,2,1
1551655952.7323952,2,1
1551655952.7324765,2,1
1551655952.7325528,2,1
1551655952.7326195,2,1
1551655952.7327995,2,1
1551655952.7328837,2,1
1551655952.7329528,2,1
1551655952.733018,2,1
1551655952.733081,2,1
1551655952.7332067,2,1
1551655952.733276,2,1
1551655952.7333434,2,1
1551655952.7334075,2,1
1551655952.7334714,2,1
1551655952.7336416,2,1
1551655952.733713,2,1
1551655952.7338643,2,1
1551655952.7341192,2,1
1551655952.7501307,2,1
1551655952.7503643,2,1
1551655952.7504375,2,1
1551655952.7505653,2,1
1551655952.7506351,2,1
1551655952.7507012,2,1
1551655952.7507653,2,1
1551655952.7508414,2,1
1551655952.7509036,2,1
1551655952.7509673,2,1
1551655952.7510304,2,1
1551655952.7510946,2,1
1551655952.7512324,2,1
1551655952.7513058,2,1
1551655952.7513719,2,1
1551655952.7514353,2,1
1551655952.751498,2,1
1551655952.751627,2,1
1551655952.7517297,2,1
1551655952.7518592,2,1
1551655952.7521079,2,1
1551655952.768197,2,1
1551655952.7684731,2,1
1551655952.768561,2,1
1551655952.7687097,2,1
1551655952.7687864,2,1
1551655952.7688506,2,1
1551655952.7689295,2,1
1551655952.7689924,2,1
1551655952.769113,2,1
1551655952.7692099,2,1
1551655952.7692795,2,1
1551655952.7693467,2,1
1551655952.7694104,2,1
1551655952.7694733,2,1
1551655952.7696247,2,1
1551655952.7697277,2,1
1551655952.7698636,2,1
1551655952.7701244,2,1
1551655952.7861762,2,1
1551655952.786399,2,1
1551655952.7864769,2,1
1551655952.7865477,2,1
1551655952.786616,2,1
1551655952.7866826,2,1
1551655952.7867491,2,1
1551655952.786815,2,1
1551655952.7868803,2,1
1551655952.786945,2,1
1551655952.7870076,2,1
1551655952.7870996,2,1
1551655952.7872455,2,1
1551655952.7873197,2,1
1551655952.7873845,2,1
1551655952.7874494,2,1
1551655952.7875123,2,1
1551655952.7876182,2,1
1551655952.7877295,2,1
1551655952.787868,2,1
1551655952.7879903,2,1
1551655952.804137,2,1
1551655952.804352,2,1
1551655952.804427,2,1
1551655952.8046231,2,1
1551655952.804694,2,1
1551655952.8047593,2,1
1551655952.804828,2,1
1551655952.8048928,2,1
1551655952.8049736,2,1
1551655952.805038,2,1
1551655952.8051007,2,1
1551655952.8052287,2,1
1551655952.8052995,2,1
1551655952.8053653,2,1
1551655952.8054302,2,1
1551655952.8054938,2,1
1551655952.8056,2,1
1551655952.805852,2,1
1551655952.8060145,2,1
1551655952.8221834,2,1
1551655952.8224232,2,1
1551655952.8225048,2,1
1551655952.8225744,2,1
1551655952.8226397,2,1
1551655952.822704,2,1
1551655952.8228934,2,1
1551655952.8229735,2,1
1551655952.8230374,2,1
1551655952.8231626,2,1
1551655952.8232322,2,1
1551655952.8233,2,1
1551655952.8233633,2,1
1551655952.8234646,2,1
1551655952.8236122,2,1
1551655952.8237329,2,1
1551655952.8238678,2,1
1551655952.8241045,2,1
1551655952.8400998,2,1
1551655952.8403075,2,1
1551655952.8404577,2,1
1551655952.8405666,2,1
1551655952.8406918,2,1
1551655952.84079,2,1
1551655952.8408594,2,1
1551655952.84093,2,1
1551655952.8410025,2,1
1551655952.8410811,2,1
1551655952.8412364,2,1
1551655952.841307,2,1
1551655952.8413706,2,1
1551655952.8414345,2,1
1551655952.8422139,2,1
1551655952.8581457,2,1
1551655952.8583517,2,1
1551655952.858431,2,1
1551655952.858578,2,1
1551655952.85866,2,1
1551655952.858737,2,1
1551655952.858804,2,1
1551655952.8589177,2,1
1551655952.858997,2,1
1551655952.8590689,2,1
1551655952.859218,2,1
1551655952.8592963,2,1
1551655952.859362,2,1
1551655952.859425,2,1
1551655952.859487,2,1
1551655952.8596058,2,1
1551655952.8597572,2,1
1551655952.8598602,2,1
1551655952.8599913,2,1
1551655952.8761547,2,1
1551655952.8764029,2,1
1551655952.8764799,2,1
1551655952.876613,2,1
1551655952.8766854,2,1
1551655952.8767524,2,1
1551655952.876829,2,1
1551655952.876896,2,1
1551655952.8769603,2,1
1551655952.8770266,2,1
1551655952.877091,2,1
1551655952.87722,2,1
1551655952.8772871,2,1
1551655952.8773518,2,1
1551655952.8774145,2,1
1551655952.8774793,2,1
1551655952.8776119,2,1
1551655952.877769,2,1
1551655952.8778708,2,1
1551655952.8779917,2,1
1551655952.8942783,2,1
1551655952.8944979,2,1
1551655952.8945749,2,1
1551655952.8946424,2,1
1551655952.894708,2,1
1551655952.8947728,2,1
1551655952.8948371,2,1
1551655952.8949058,2,1
1551655952.8949714,2,1
1551655952.8950353,2,1
1551655952.8951008,2,1
1551655952.8952549,2,1
1551655952.8953261,2,1
1551655952.8954446,2,1
1551655952.8955145,2,1
1551655952.8956106,2,1
1551655952.8958218,2,1
1551655952.8958967,2,1
1551655952.8959959,2,1
1551655952.9121382,2,1
1551655952.9123507,2,1
1551655952.9124355,2,1
1551655952.9125867,2,1
1551655952.9128077,2,1
1551655952.9128864,2,1
1551655952.9129562,2,1
1551655952.9130218,2,1
1551655952.9130871,2,1
1551655952.9132297,2,1
1551655952.9133105,2,1
1551655952.9134614,2,1
1551655952.9137483,2,1
1551655952.9138396,2,1
1551655952.9139152,2,1
1551655952.9139793,2,1
1551655952.9302402,2,1
1551655952.9304764,2,1
1551655952.9305573,2,1
1551655952.930628,2,1
1551655952.9306953,2,1
1551655952.930763,2,1
1551655952.93083,2,1
1551655952.930897,2,1
1551655952.9309638,2,1
1551655952.931029,2,1
1551655952.9310937,2,1
1551655952.93125,2,1
1551655952.9313214,2,1
1551655952.9314404,2,1
1551655952.9315186,2,1
1551655952.931616,2,1
1551655952.9317486,2,1
1551655952.93186,2,1
1551655952.9319928,2,1
1551655952.94816,2,1
1551655952.9483657,2,1
1551655952.948444,2,1
1551655952.948591,2,1
1551655952.9486635,2,1
1551655952.9487324,2,1
1551655952.9487991,2,1
1551655952.948865,2,1
1551655952.9489288,2,1
1551655952.9489932,2,1
1551655952.9490569,2,1
1551655952.9491367,2,1
1551655952.949201,2,1
1551655952.9492712,2,1
1551655952.9493346,2,1
1551655952.9494007,2,1
1551655952.949536,2,1
1551655952.9496107,2,1
1551655952.9497585,2,1
1551655952.9498613,2,1
1551655952.9499984,2,1
1551655952.966126,2,1
1551655952.9663644,2,1
1551655952.9664388,2,1
1551655952.9665833,2,1
1551655952.9666603,2,1
1551655952.9667263,2,1
1551655952.9667933,2,1
1551655952.966859,2,1
1551655952.9669247,2,1
1551655952.9669898,2,1
1551655952.9670525,2,1
1551655952.9671338,2,1
1551655952.9672031,2,1
1551655952.9672658,2,1
1551655952.967455,2,1
1551655952.9676073,2,1
1551655952.96786,2,1
1551655952.9679391,2,1
1551655952.968005,2,1
1551655952.9841528,2,1
1551655952.9843724,2,1
1551655952.984451,2,1
1551655952.9846117,2,1
1551655952.9846904,2,1
1551655952.98476,2,1
1551655952.984827,2,1
1551655952.984896,2,1
1551655952.984963,2,1
1551655952.9850302,2,1
1551655952.9850936,2,1
1551655952.9852154,2,1
1551655952.9852836,2,1
1551655952.9853485,2,1
1551655952.985413,2,1
1551655952.9854822,2,1
1551655952.9856377,2,1
1551655952.985792,2,1
1551655952.9858596,2,1
1551655952.9860055,2,1
1551655953.002149,2,1
1551655953.002398,2,1
1551655953.0024796,2,1
1551655953.0025508,2,1
1551655953.002617,2,1
1551655953.0028236,2,1
1551655953.0029025,2,1
1551655953.0029666,2,1
1551655953.003046,2,1
1551655953.00311,2,1
1551655953.0032313,2,1
1551655953.0033007,2,1
1551655953.0033658,2,1
1551655953.0034301,2,1
1551655953.003496,2,1
1551655953.0036983,2,1
1551655953.0037718,2,1
1551655953.0038724,2,1
1551655953.0040014,2,1
1551655953.020196,2,1
1551655953.0204332,2,1
1551655953.0205114,2,1
1551655953.0205798,2,1
1551655953.0206492,2,1
1551655953.0207143,2,1
1551655953.0207815,2,1
1551655953.0208461,2,1
1551655953.0209084,2,1
1551655953.0209982,2,1
1551655953.021061,2,1
1551655953.021241,2,1
1551655953.0213134,2,1
1551655953.0213802,2,1
1551655953.0214446,2,1
1551655953.0215077,2,1
1551655953.0216107,2,1
1551655953.0217361,2,1
1551655953.0218701,2,1
1551655953.0221162,2,1
1551655953.0381546,2,1
1551655953.0383747,2,1
1551655953.038452,2,1
1551655953.0386577,2,1
1551655953.0387404,2,1
1551655953.038811,2,1
1551655953.0388763,2,1
1551655953.0389552,2,1
1551655953.0390196,2,1
1551655953.0390909,2,1
1551655953.039229,2,1
1551655953.0392983,2,1
1551655953.0393639,2,1
1551655953.0394282,2,1
1551655953.0394914,2,1
1551655953.0396378,2,1
1551655953.03974,2,1
1551655953.0398676,2,1
1551655953.040002,2,1
1551655953.0562348,2,1
1551655953.056513,2,1
1551655953.0566018,2,1
1551655953.0566742,2,1
1551655953.0567431,2,1
1551655953.0568109,2,1
1551655953.0568774,2,1
1551655953.0569422,2,1
1551655953.0570066,2,1
1551655953.057072,2,1
1551655953.05723,2,1
1551655953.0572994,2,1
1551655953.0573645,2,1
1551655953.0574298,2,1
1551655953.057495,2,1
1551655953.0576265,2,1
1551655953.0577378,2,1
1551655953.0578673,2,1
1551655953.0580006,2,1
1551655953.0741293,2,1
1551655953.0743477,2,1
1551655953.074422,2,1
1551655953.0745924,2,1
1551655953.0746648,2,1
1551655953.0747328,2,1
1551655953.0747995,2,1
1551655953.0748646,2,1
1551655953.0749297,2,1
1551655953.074994,2,1
1551655953.075056,2,1
1551655953.0751395,2,1
1551655953.075204,2,1
1551655953.0752668,2,1
1551655953.0753317,2,1
1551655953.0754647,2,1
1551655953.0756361,2,1
1551655953.0757878,2,1
1551655953.0758572,2,1
1551655953.076,2,1
1551655953.092195,2,1
1551655953.0924203,2,1
1551655953.092503,2,1
1551655953.0925715,2,1
1551655953.0926397,2,1
1551655953.0928454,2,1
1551655953.0929244,2,1
1551655953.0929925,2,1
1551655953.0930715,2,1
1551655953.093225,2,1
1551655953.093296,2,1
1551655953.09345,2,1
1551655953.0935206,2,1
1551655953.0937688,2,1
1551655953.0938475,2,1
1551655953.093913,2,1
1551655953.0940173,2,1
1551655953.11021,2,1
1551655953.110438,2,1
1551655953.1105273,2,1
1551655953.110598,2,1
1551655953.1106658,2,1
1551655953.1107314,2,1
1551655953.1107984,2,1
1551655953.1108615,2,1
1551655953.1109467,2,1
1551655953.1110113,2,1
1551655953.1110756,2,1
1551655953.111261,2,1
1551655953.111336,2,1
1551655953.1114678,2,1
1551655953.11173,2,1
1551655953.1118104,2,1
1551655953.1118772,2,1
1551655953.112079,2,1
1551655953.1281292,2,1
1551655953.1283746,2,1
1551655953.1284578,2,1
1551655953.1286662,2,1
1551655953.1287456,2,1
1551655953.128815,2,1
1551655953.1289613,2,1
1551655953.1290317,2,1
1551655953.129098,2,1
1551655953.129213,2,1
1551655953.1292787,2,1
1551655953.1293442,2,1
1551655953.1294067,2,1
1551655953.129471,2,1
1551655953.1296182,2,1
1551655953.1297357,2,1
1551655953.1298661,2,1
1551655953.1301262,2,1
1551655953.146188,2,1
1551655953.146401,2,1
1551655953.146477,2,1
1551655953.146677,2,1
1551655953.1467514,2,1
1551655953.1468194,2,1
1551655953.1468914,2,1
1551655953.146956,2,1
1551655953.1470213,2,1
1551655953.1470895,2,1
1551655953.1472366,2,1
1551655953.1473043,2,1
1551655953.1473694,2,1
1551655953.1474345,2,1
1551655953.147497,2,1
1551655953.1476135,2,1
1551655953.1477597,2,1
1551655953.1478658,2,1
1551655953.1479938,2,1
1551655953.164161,2,1
1551655953.164413,2,1
1551655953.1644917,2,1
1551655953.1645625,2,1
1551655953.1646285,2,1
1551655953.1647575,2,1
1551655953.1648335,2,1
1551655953.164902,2,1
1551655953.1649678,2,1
1551655953.165031,2,1
1551655953.1651113,2,1
1551655953.1652315,2,1
1551655953.1653025,2,1
1551655953.1653666,2,1
1551655953.1654322,2,1
1551655953.1654952,2,1
1551655953.1656473,2,1
1551655953.1658492,2,1
1551655953.1659205,2,1
1551655953.1659865,2,1
1551655953.1821918,2,1
1551655953.182407,2,1
1551655953.1824825,2,1
1551655953.18255,2,1
1551655953.1826155,2,1
1551655953.1826966,2,1
1551655953.1828904,2,1
1551655953.182962,2,1
1551655953.1830268,2,1
1551655953.183103,2,1
1551655953.1832154,2,1
1551655953.183284,2,1
1551655953.1833568,2,1
1551655953.183422,2,1
1551655953.183536,2,1
1551655953.1836762,2,1
1551655953.1837466,2,1
1551655953.1838791,2,1
1551655953.184003,2,1
1551655953.2001617,2,1
1551655953.200404,2,1
1551655953.2004836,2,1
1551655953.2005546,2,1
1551655953.2007086,2,1
1551655953.200785,2,1
1551655953.2008572,2,1
1551655953.2009273,2,1
1551655953.2009938,2,1
1551655953.2010632,2,1
1551655953.2011294,2,1
1551655953.2012448,2,1
1551655953.2013159,2,1
1551655953.201383,2,1
1551655953.2014463,2,1
1551655953.2016098,2,1
1551655953.2017443,2,1
1551655953.2018697,2,1
1551655953.2021008,2,1
1551655953.2181122,2,1
1551655953.218322,2,1
1551655953.218474,2,1
1551655953.2185905,2,1
1551655953.2186646,2,1
1551655953.2187316,2,1
1551655953.2187972,2,1
1551655953.2188792,2,1
1551655953.2189507,2,1
1551655953.2190156,2,1
1551655953.2190824,2,1
1551655953.2192326,2,1
1551655953.2193065,2,1
1551655953.2193747,2,1
1551655953.2194374,2,1
1551655953.2195172,2,1
1551655953.2196255,2,1
1551655953.2197697,2,1
1551655953.2198763,2,1
1551655953.220014,2,1
1551655953.2361255,2,1
1551655953.236364,2,1
1551655953.2364507,2,1
1551655953.2365894,2,1
1551655953.2366648,2,1
1551655953.2367358,2,1
1551655953.2368028,2,1
1551655953.2368703,2,1
1551655953.2369459,2,1
1551655953.2370114,2,1
1551655953.237077,2,1
1551655953.2372298,2,1
1551655953.2373006,2,1
1551655953.237368,2,1
1551655953.23743,2,1
1551655953.2375054,2,1
1551655953.2376056,2,1
1551655953.2377434,2,1
1551655953.237869,2,1
1551655953.2379975,2,1
1551655953.2541285,2,1
1551655953.254363,2,1
1551655953.2544434,2,1
1551655953.2545931,2,1
1551655953.2546654,2,1
1551655953.2547307,2,1
1551655953.2547996,2,1
1551655953.2548661,2,1
1551655953.2549314,2,1
1551655953.2549984,2,1
1551655953.2550642,2,1
1551655953.2551308,2,1
1551655953.255272,2,1
1551655953.2553465,2,1
1551655953.255428,2,1
1551655953.2554915,2,1
1551655953.2556396,2,1
1551655953.255795,2,1
1551655953.2558665,2,1
1551655953.2560074,2,1
1551655953.2722461,2,1
1551655953.2724857,2,1
1551655953.272565,2,1
1551655953.2728047,2,1
1551655953.2728865,2,1
1551655953.2729557,2,1
1551655953.2730231,2,1
1551655953.2730885,2,1
1551655953.2732294,2,1
1551655953.2733023,2,1
1551655953.2733717,2,1
1551655953.2734466,2,1
1551655953.2735512,2,1
1551655953.273619,2,1
1551655953.2737596,2,1
1551655953.273871,2,1
1551655953.274002,2,1
1551655953.2901747,2,1
1551655953.2903883,2,1
1551655953.2904599,2,1
1551655953.2906005,2,1
1551655953.2906747,2,1
1551655953.2907414,2,1
1551655953.2908075,2,1
1551655953.290872,2,1
1551655953.29094,2,1
1551655953.2910068,2,1
1551655953.2910705,2,1
1551655953.291238,2,1
1551655953.2913077,2,1
1551655953.2913723,2,1
1551655953.2914386,2,1
1551655953.2915022,2,1
1551655953.2916257,2,1
1551655953.2917671,2,1
1551655953.29187,2,1
1551655953.2920027,2,1
1551655953.3082597,2,1
1551655953.3084905,2,1
1551655953.3085682,2,1
1551655953.308639,2,1
1551655953.3087053,2,1
1551655953.3087723,2,1
1551655953.308837,2,1
1551655953.3089032,2,1
1551655953.3089678,2,1
1551655953.309032,2,1
1551655953.3090942,2,1
1551655953.3092465,2,1
1551655953.3093207,2,1
1551655953.3093855,2,1
1551655953.3094497,2,1
1551655953.3095152,2,1
1551655953.3096218,2,1
1551655953.3097637,2,1
1551655953.3098705,2,1
1551655953.3100035,2,1
1551655953.3261597,2,1
1551655953.326373,2,1
1551655953.326454,2,1
1551655953.326597,2,1
1551655953.3266702,2,1
1551655953.32674,2,1
1551655953.3268046,2,1
1551655953.3268714,2,1
1551655953.326937,2,1
1551655953.3270016,2,1
1551655953.3270662,2,1
1551655953.327145,2,1
1551655953.3272119,2,1
1551655953.3272793,2,1
1551655953.327346,2,1
1551655953.327477,2,1
1551655953.3276224,2,1
1551655953.3277433,2,1
1551655953.3278766,2,1
1551655953.3281305,2,1
1551655953.3441916,2,1
1551655953.344444,2,1
1551655953.3445284,2,1
1551655953.3447,2,1
1551655953.3447788,2,1
1551655953.3448477,2,1
1551655953.3449166,2,1
1551655953.3449821,2,1
1551655953.3450494,2,1
1551655953.3451166,2,1
1551655953.345238,2,1
1551655953.3453045,2,1
1551655953.3453698,2,1
1551655953.345433,2,1
1551655953.3454945,2,1
1551655953.3456202,2,1
1551655953.3458502,2,1
1551655953.3459249,2,1
1551655953.3459952,2,1
1551655953.3621354,2,1
1551655953.3623583,2,1
1551655953.3624353,2,1
1551655953.362589,2,1
1551655953.3626642,2,1
1551655953.3628297,2,1
1551655953.3628983,2,1
1551655953.3629673,2,1
1551655953.3630333,2,1
1551655953.3630977,2,1
1551655953.3632312,2,1
1551655953.3632987,2,1
1551655953.3633652,2,1
1551655953.3634303,2,1
1551655953.3634973,2,1
1551655953.3636758,2,1
1551655953.363748,2,1
1551655953.3638737,2,1
1551655953.3641644,2,1
1551655953.3801754,2,1
1551655953.3804026,2,1
1551655953.380479,2,1
1551655953.3806171,2,1
1551655953.3806942,2,1
1551655953.3807614,2,1
1551655953.3808298,2,1
1551655953.3808956,2,1
1551655953.380973,2,1
1551655953.3810403,2,1
1551655953.3811035,2,1
1551655953.381228,2,1
1551655953.3812976,2,1
1551655953.3813636,2,1
1551655953.3814304,2,1
1551655953.3814936,2,1
1551655953.3816438,2,1
1551655953.3817413,2,1
1551655953.381878,2,1
1551655953.3821478,2,1
1551655953.3982131,2,1
1551655953.3984387,2,1
1551655953.3985124,2,1
1551655953.398578,2,1
1551655953.3986435,2,1
1551655953.3987088,2,1
1551655953.3987782,2,1
1551655953.3988442,2,1
1551655953.39891,2,1
1551655953.3989742,2,1
1551655953.3990378,2,1
1551655953.3991024,2,1
1551655953.3992047,2,1
1551655953.3992715,2,1
1551655953.3993366,2,1
1551655953.3994744,2,1
1551655953.3996232,2,1
1551655953.3997474,2,1
1551655953.3998728,2,1
1551655953.4001274,2,1
1551655953.4161313,2,1
1551655953.416395,2,1
1551655953.4164817,2,1
1551655953.4165702,2,1
1551655953.4167223,2,1
1551655953.4167964,2,1
1551655953.416863,2,1
1551655953.4169278,2,1
1551655953.4169931,2,1
1551655953.4170575,2,1
1551655953.4171214,2,1
1551655953.4172454,2,1
1551655953.4173148,2,1
1551655953.4173906,2,1
1551655953.4174554,2,1
1551655953.417519,2,1
1551655953.4176347,2,1
1551655953.4177399,2,1
1551655953.4178872,2,1
1551655953.418018,2,1
1551655953.4342093,2,1
1551655953.4344442,2,1
1551655953.4345236,2,1
1551655953.4345946,2,1
1551655953.4346611,2,1
1551655953.4347274,2,1
1551655953.4347935,2,1
1551655953.4348602,2,1
1551655953.4349291,2,1
1551655953.434994,2,1
1551655953.4350626,2,1
1551655953.4351277,2,1
1551655953.4352717,2,1
1551655953.435342,2,1
1551655953.4354086,2,1
1551655953.4355237,2,1
1551655953.4356005,2,1
1551655953.4358025,2,1
1551655953.4358745,2,1
1551655953.4360077,2,1
1551655953.4521866,2,1
1551655953.4523964,2,1
1551655953.452469,2,1
1551655953.4526167,2,1
1551655953.4527874,2,1
1551655953.4528687,2,1
1551655953.4529352,2,1
1551655953.453002,2,1
1551655953.4530675,2,1
1551655953.4531326,2,1
1551655953.4532156,2,1
1551655953.453371,2,1
1551655953.4534419,2,1
1551655953.453508,2,1
1551655953.4536262,2,1
1551655953.4537618,2,1
1551655953.4539943,2,1
1551655953.4540708,2,1
1551655953.470228,2,1
1551655953.470451,2,1
1551655953.4705985,2,1
1551655953.470677,2,1
1551655953.4707463,2,1
1551655953.4708142,2,1
1551655953.4708798,2,1
1551655953.4710004,2,1
1551655953.471069,2,1
1551655953.471146,2,1
1551655953.4712534,2,1
1551655953.471323,2,1
1551655953.471388,2,1
1551655953.4714518,2,1
1551655953.4715164,2,1
1551655953.471619,2,1
1551655953.4717634,2,1
1551655953.4718688,2,1
1551655953.4720092,2,1
1551655953.488132,2,1
1551655953.488346,2,1
1551655953.4884987,2,1
1551655953.488577,2,1
1551655953.4887142,2,1
1551655953.4887896,2,1
1551655953.488857,2,1
1551655953.4889243,2,1
1551655953.4889894,2,1
1551655953.489055,2,1
1551655953.4891195,2,1
1551655953.489237,2,1
1551655953.4893022,2,1
1551655953.4893684,2,1
1551655953.4894319,2,1
1551655953.489496,2,1
1551655953.489633,2,1
1551655953.4897614,2,1
1551655953.4898803,2,1
1551655953.4900014,2,1
1551655953.5061648,2,1
1551655953.506383,2,1
1551655953.5064561,2,1
1551655953.506603,2,1
1551655953.506677,2,1
1551655953.506745,2,1
1551655953.5068097,2,1
1551655953.5068789,2,1
1551655953.506944,2,1
1551655953.5070095,2,1
1551655953.5071397,2,1
1551655953.5072107,2,1
1551655953.5072873,2,1
1551655953.5073516,2,1
1551655953.5074143,2,1
1551655953.5074773,2,1
1551655953.5076485,2,1
1551655953.507751,2,1
1551655953.5078819,2,1
1551655953.5080016,2,1
1551655953.5241685,2,1
1551655953.5243783,2,1
1551655953.5244508,2,1
1551655953.5246005,2,1
1551655953.5246837,2,1
1551655953.5247507,2,1
1551655953.524818,2,1
1551655953.5248866,2,1
1551655953.5249553,2,1
1551655953.5258794,2,1
1551655953.5260692,2,1
1551655953.5421672,2,1
1551655953.5423896,2,1
1551655953.542471,2,1
1551655953.5426257,2,1
1551655953.542805,2,1
1551655953.5428798,2,1
1551655953.5429513,2,1
1551655953.5430243,2,1
1551655953.5430942,2,1
1551655953.543227,2,1
1551655953.543303,2,1
1551655953.5433679,2,1
1551655953.543432,2,1
1551655953.5434961,2,1
1551655953.5436566,2,1
1551655953.543781,2,1
1551655953.543883,2,1
1551655953.5440147,2,1
1551655953.5601614,2,1
1551655953.560359,2,1
1551655953.560495,2,1
1551655953.5606036,2,1
1551655953.5607078,2,1
1551655953.5607805,2,1
1551655953.5608592,2,1
1551655953.560926,2,1
1551655953.560993,2,1
1551655953.561059,2,1
1551655953.5611224,2,1
1551655953.5612323,2,1
1551655953.5612996,2,1
1551655953.5613768,2,1
1551655953.5614412,2,1
1551655953.5615046,2,1
1551655953.5616343,2,1
1551655953.5617788,2,1
1551655953.5618787,2,1
1551655953.5620122,2,1
1551655953.578216,2,1
1551655953.5784576,2,1
1551655953.5786119,2,1
1551655953.5786917,2,1
1551655953.5787628,2,1
1551655953.5788314,2,1
1551655953.578899,2,1
1551655953.578973,2,1
1551655953.5790374,2,1
1551655953.579105,2,1
1551655953.579171,2,1
1551655953.5792322,2,1
1551655953.5793147,2,1
1551655953.5793774,2,1
1551655953.5794404,2,1
1551655953.5795026,2,1
1551655953.5796404,2,1
1551655953.5797477,2,1
1551655953.579891,2,1
1551655953.5800061,2,1
1551655953.5961623,2,1
1551655953.5963893,2,1
1551655953.5964644,2,1
1551655953.596606,2,1
1551655953.5966763,2,1
1551655953.5967464,2,1
1551655953.5968125,2,1
1551655953.5968788,2,1
1551655953.596988,2,1
1551655953.5970602,2,1
1551655953.5971258,2,1
1551655953.5972185,2,1
1551655953.5972962,2,1
1551655953.5973644,2,1
1551655953.597429,2,1
1551655953.5974913,2,1
1551655953.597626,2,1
1551655953.5977619,2,1
1551655953.5978775,2,1
1551655953.5980117,2,1
1551655953.6141722,2,1
1551655953.6143775,2,1
1551655953.6144557,2,1
1551655953.6146035,2,1
1551655953.6146781,2,1
1551655953.6147504,2,1
1551655953.6148152,2,1
1551655953.6148803,2,1
1551655953.6149447,2,1
1551655953.6150792,2,1
1551655953.6152341,2,1
1551655953.6153138,2,1
1551655953.6153777,2,1
1551655953.6154428,2,1
1551655953.61551,2,1
1551655953.6155734,2,1
1551655953.6156368,2,1
1551655953.6157923,2,1
1551655953.6158633,2,1
1551655953.6160388,2,1
1551655953.6321588,2,1
1551655953.632372,2,1
1551655953.6324446,2,1
1551655953.632592,2,1
1551655953.6328452,2,1
1551655953.6329234,2,1
1551655953.632995,2,1
1551655953.633072,2,1
1551655953.6332226,2,1
1551655953.6332996,2,1
1551655953.6333637,2,1
1551655953.633443,2,1
1551655953.6335056,2,1
1551655953.6335692,2,1
1551655953.6336334,2,1
1551655953.6337538,2,1
1551655953.6338212,2,1
1551655953.6338856,2,1
1551655953.633949,2,1
1551655953.6340127,2,1
1551655953.634076,2,1
1551655953.650158,2,1
1551655953.6503692,2,1
1551655953.6504467,2,1
1551655953.6505175,2,1
1551655953.6505837,2,1
1551655953.6506505,2,1
1551655953.650724,2,1
1551655953.6507936,2,1
1551655953.6508577,2,1
1551655953.6509228,2,1
1551655953.6509898,2,1
1551655953.651061,2,1
1551655953.6511273,2,1
1551655953.6512887,2,1
1551655953.65137,2,1
1551655953.6514335,2,1
1551655953.6515045,2,1
1551655953.6515708,2,1
1551655953.6516347,2,1
1551655953.6517584,2,1
1551655953.6518924,2,1
1551655953.6520023,2,1
1551655953.6682544,2,1
1551655953.6685345,2,1
1551655953.6686187,2,1
1551655953.6686857,2,1
1551655953.6687565,2,1
1551655953.6688235,2,1
1551655953.6688979,2,1
1551655953.668963,2,1
1551655953.669029,2,1
1551655953.669096,2,1
1551655953.6691628,2,1
1551655953.6692326,2,1
1551655953.6692986,2,1
1551655953.6693676,2,1
1551655953.6694334,2,1
1551655953.6694973,2,1
1551655953.6696267,2,1
1551655953.669769,2,1
1551655953.6698742,2,1
1551655953.6699433,2,1
1551655953.6700082,2,1
1551655953.6861453,2,1
1551655953.6863968,2,1
1551655953.6864746,2,1
1551655953.6866138,2,1
1551655953.6866913,2,1
1551655953.6867588,2,1
1551655953.6868243,2,1
1551655953.6868896,2,1
1551655953.6869571,2,1
1551655953.687022,2,1
1551655953.6870928,2,1
1551655953.6872454,2,1
1551655953.6873183,2,1
1551655953.6873858,2,1
1551655953.6874943,2,1
1551655953.687625,2,1
1551655953.6877656,2,1
1551655953.687878,2,1
1551655953.6880078,2,1
1551655953.6880767,2,1
1551655953.7042108,2,1
1551655953.704455,2,1
1551655953.7045465,2,1
1551655953.7046177,2,1
1551655953.7046857,2,1
1551655953.7047548,2,1
1551655953.7048225,2,1
1551655953.7048895,2,1
1551655953.7049553,2,1
1551655953.7050226,2,1
1551655953.7050874,2,1
1551655953.7052777,2,1
1551655953.7053552,2,1
1551655953.705423,2,1
1551655953.7054856,2,1
1551655953.705614,2,1
1551655953.7058141,2,1
1551655953.7058878,2,1
1551655953.7060146,2,1
1551655953.706082,2,1
1551655953.7222002,2,1
1551655953.7224138,2,1
1551655953.7224874,2,1
1551655953.7226148,2,1
1551655953.7226906,2,1
1551655953.7228673,2,1
1551655953.722936,2,1
1551655953.7230017,2,1
1551655953.7230675,2,1
1551655953.7231328,2,1
1551655953.7232432,2,1
1551655953.7233133,2,1
1551655953.7233768,2,1
1551655953.7234545,2,1
1551655953.7235177,2,1
1551655953.7236373,2,1
1551655953.723706,2,1
1551655953.7237716,2,1
1551655953.723881,2,1
1551655953.7240095,2,1
1551655953.7240794,2,1
1551655953.740305,2,1
1551655953.740538,2,1
1551655953.740611,2,1
1551655953.7406805,2,1
1551655953.7407484,2,1
1551655953.7408848,2,1
1551655953.740957,2,1
1551655953.7410314,2,1
1551655953.741098,2,1
1551655953.741168,2,1
1551655953.7412486,2,1
1551655953.7413132,2,1
1551655953.7413793,2,1
1551655953.7414434,2,1
1551655953.7415066,2,1
1551655953.7415707,2,1
1551655953.7416356,2,1
1551655953.7417696,2,1
1551655953.7418735,2,1
1551655953.7419403,2,1
1551655953.742004,2,1
1551655953.742066,2,1
1551655953.7581956,2,1
1551655953.7584202,2,1
1551655953.7584975,2,1
1551655953.7585666,2,1
1551655953.758695,2,1
1551655953.7587638,2,1
1551655953.7588303,2,1
1551655953.7588985,2,1
1551655953.758965,2,1
1551655953.7590294,2,1
1551655953.7590945,2,1
1551655953.7591717,2,1
1551655953.7592359,2,1
1551655953.7593,2,1
1551655953.7593644,2,1
1551655953.7595017,2,1
1551655953.7596526,2,1
1551655953.7597487,2,1
1551655953.759881,2,1
1551655953.7599494,2,1
1551655953.7600138,2,1
1551655953.7600768,2,1
1551655953.776211,2,1
1551655953.7764683,2,1
1551655953.7765522,2,1
1551655953.7766252,2,1
1551655953.776695,2,1
1551655953.7767613,2,1
1551655953.7768283,2,1
1551655953.7768927,2,1
1551655953.7769592,2,1
1551655953.7770247,2,1
1551655953.77709,2,1
1551655953.7772613,2,1
1551655953.777348,2,1
1551655953.7774134,2,1
1551655953.7774782,2,1
1551655953.777645,2,1
1551655953.777748,2,1
1551655953.777815,2,1
1551655953.7778795,2,1
1551655953.7779434,2,1
1551655953.7780056,2,1
1551655953.794156,2,1
1551655953.7943516,2,1
1551655953.7944908,2,1
1551655953.7945652,2,1
1551655953.7946346,2,1
1551655953.7947004,2,1
1551655953.794769,2,1
1551655953.794835,2,1
1551655953.7949014,2,1
1551655953.7949681,2,1
1551655953.7950382,2,1
1551655953.7951043,2,1
1551655953.7952495,2,1
1551655953.7953298,2,1
1551655953.7953951,2,1
1551655953.795508,2,1
1551655953.7956216,2,1
1551655953.796019,2,1
1551655953.8122737,2,1
1551655953.8125386,2,1
1551655953.8126295,2,1
1551655953.8127012,2,1
1551655953.8128982,2,1
1551655953.8129656,2,1
1551655953.81303,2,1
1551655953.8130925,2,1
1551655953.813274,2,1
1551655953.813357,2,1
1551655953.8135197,2,1
1551655953.8135972,2,1
1551655953.813662,2,1
1551655953.8137562,2,1
1551655953.8138964,2,1
1551655953.814009,2,1
1551655953.8301995,2,1
1551655953.8304205,2,1
1551655953.8304944,2,1
1551655953.830562,2,1
1551655953.8306286,2,1
1551655953.8306975,2,1
1551655953.8307636,2,1
1551655953.8308296,2,1
1551655953.830897,2,1
1551655953.8309643,2,1
1551655953.8310318,2,1
1551655953.8310983,2,1
1551655953.8311615,2,1
1551655953.83125,2,1
1551655953.8313134,2,1
1551655953.8313808,2,1
1551655953.8314438,2,1
1551655953.831507,2,1
1551655953.8316417,2,1
1551655953.8317158,2,1
1551655953.8317795,2,1
1551655953.8318832,2,1
1551655953.8319507,2,1
1551655953.8320138,2,1
1551655953.8320758,2,1
1551655953.8482015,2,1
1551655953.8484592,2,1
1551655953.8485482,2,1
1551655953.848623,2,1
1551655953.848695,2,1
1551655953.8487625,2,1
1551655953.848837,2,1
1551655953.8489037,2,1
1551655953.8489707,2,1
1551655953.8490362,2,1
1551655953.8491042,2,1
1551655953.849169,2,1
1551655953.849985,2,1
1551655953.8501256,2,1
1551655953.8661554,2,1
1551655953.866385,2,1
1551655953.8664591,2,1
1551655953.8666227,2,1
1551655953.8667088,2,1
1551655953.8667789,2,1
1551655953.8668454,2,1
1551655953.8669198,2,1
1551655953.86699,2,1
1551655953.867055,2,1
1551655953.86712,2,1
1551655953.8672545,2,1
1551655953.8673275,2,1
1551655953.8673964,2,1
1551655953.8674624,2,1
1551655953.8675313,2,1
1551655953.8676503,2,1
1551655953.8677616,2,1
1551655953.867831,2,1
1551655953.867895,2,1
1551655953.8680391,2,1
1551655953.884273,2,1
1551655953.8845108,2,1
1551655953.8845875,2,1
1551655953.8846693,2,1
1551655953.8847382,2,1
1551655953.884805,2,1
1551655953.8848708,2,1
1551655953.8849382,2,1
1551655953.8850057,2,1
1551655953.885072,2,1
1551655953.885136,2,1
1551655953.8852792,2,1
1551655953.8853545,2,1
1551655953.8854237,2,1
1551655953.885505,2,1
1551655953.8856242,2,1
1551655953.8858209,2,1
1551655953.8858938,2,1
1551655953.8860364,2,1
1551655953.8861036,2,1
1551655953.9021957,2,1
1551655953.902418,2,1
1551655953.9024944,2,1
1551655953.9025776,2,1
1551655953.9026523,2,1
1551655953.9028199,2,1
1551655953.9028995,2,1
1551655953.902966,2,1
1551655953.9030313,2,1
1551655953.9030964,2,1
1551655953.9032521,2,1
1551655953.9033272,2,1
1551655953.9033945,2,1
1551655953.9034748,2,1
1551655953.9035397,2,1
1551655953.9037118,2,1
1551655953.9037926,2,1
1551655953.90392,2,1
1551655953.9039903,2,1
1551655953.9201417,2,1
1551655953.920365,2,1
1551655953.9204452,2,1
1551655953.9205134,2,1
1551655953.9205828,2,1
1551655953.9207199,2,1
1551655953.9208007,2,1
1551655953.9208672,2,1
1551655953.9209354,2,1
1551655953.9210012,2,1
1551655953.9210672,2,1
1551655953.9211402,2,1
1551655953.9212568,2,1
1551655953.9213357,2,1
1551655953.921404,2,1
1551655953.921481,2,1
1551655953.9215434,2,1
1551655953.9216068,2,1
1551655953.9217653,2,1
1551655953.9218805,2,1
1551655953.9220202,2,1
1551655953.9381897,2,1
1551655953.9383957,2,1
1551655953.9384677,2,1
1551655953.9386091,2,1
1551655953.9386826,2,1
1551655953.93875,2,1
1551655953.938824,2,1
1551655953.9388916,2,1
1551655953.9390125,2,1
1551655953.9390862,2,1
1551655953.939153,2,1
1551655953.9392183,2,1
1551655953.939283,2,1
1551655953.9393473,2,1
1551655953.9394262,2,1
1551655953.939491,2,1
1551655953.9396498,2,1
1551655953.9397206,2,1
1551655953.9397845,2,1
1551655953.9398816,2,1
1551655953.9399498,2,1
1551655953.9400136,2,1
1551655953.940076,2,1
1551655953.9561734,2,1
1551655953.956379,2,1
1551655953.9564543,2,1
1551655953.9565983,2,1
1551655953.9566727,2,1
1551655953.9567406,2,1
1551655953.9568055,2,1
1551655953.9568713,2,1
1551655953.9569383,2,1
1551655953.9570088,2,1
1551655953.9570763,2,1
1551655953.957141,2,1
1551655953.9572635,2,1
1551655953.9573336,2,1
1551655953.957411,2,1
1551655953.9574738,2,1
1551655953.957637,2,1
1551655953.9577086,2,1
1551655953.957776,2,1
1551655953.9578834,2,1
1551655953.9580126,2,1
1551655953.9741983,2,1
1551655953.9744518,2,1
1551655953.9745328,2,1
1551655953.9746022,2,1
1551655953.9746716,2,1
1551655953.9747374,2,1
1551655953.9748034,2,1
1551655953.974868,2,1
1551655953.9749339,2,1
1551655953.9750006,2,1
1551655953.9750674,2,1
1551655953.975132,2,1
1551655953.9752781,2,1
1551655953.9753656,2,1
1551655953.9754307,2,1
1551655953.975496,2,1
1551655953.9755602,2,1
1551655953.9756253,2,1
1551655953.9758048,2,1
1551655953.9758785,2,1
1551655953.9759462,2,1
1551655953.9760106,2,1
1551655953.9760833,2,1
1551655953.9921908,2,1
1551655953.9924426,2,1
1551655953.9925256,2,1
1551655953.9925957,2,1
1551655953.9928563,2,1
1551655953.9929388,2,1
1551655953.993007,2,1
1551655953.9930751,2,1
1551655953.9931407,2,1
1551655953.9933333,2,1
1551655953.9934087,2,1
1551655953.9934907,2,1
1551655953.9936247,2,1
1551655953.993765,2,1
1551655953.9938357,2,1
1551655953.9938998,2,1
1551655953.9940138,2,1
1551655953.9940822,2,1
1551655954.0102062,2,1
1551655954.01042,2,1
1551655954.0104911,2,1
1551655954.010632,2,1
1551655954.01071,2,1
1551655954.0107775,2,1
1551655954.010851,2,1
1551655954.0109165,2,1
1551655954.0109842,2,1
1551655954.0110512,2,1
1551655954.011115,2,1
1551655954.01118,2,1
1551655954.0112443,2,1
1551655954.0113082,2,1
1551655954.0113904,2,1
1551655954.0114563,2,1
1551655954.0115192,2,1
1551655954.0116482,2,1
1551655954.0117195,2,1
1551655954.0117848,2,1
1551655954.011885,2,1
1551655954.0120277,2,1
1551655954.0282419,2,1
1551655954.0284808,2,1
1551655954.0285552,2,1
1551655954.0286214,2,1
1551655954.028688,2,1
1551655954.0287528,2,1
1551655954.0288212,2,1
1551655954.0288863,2,1
1551655954.0289514,2,1
1551655954.0290172,2,1
1551655954.0290973,2,1
1551655954.0291646,2,1
1551655954.029233,2,1
1551655954.0293188,2,1
1551655954.0293841,2,1
1551655954.0294476,2,1
1551655954.029511,2,1
1551655954.029651,2,1
1551655954.029765,2,1
1551655954.0298924,2,1
1551655954.0300155,2,1
1551655954.0461822,2,1
1551655954.0464258,2,1
1551655954.046503,2,1
1551655954.0466394,2,1
1551655954.0467155,2,1
1551655954.0467823,2,1
1551655954.0468495,2,1
1551655954.0469155,2,1
1551655954.0469816,2,1
1551655954.0470479,2,1
1551655954.0471117,2,1
1551655954.0472429,2,1
1551655954.0473273,2,1
1551655954.0473928,2,1
1551655954.047457,2,1
1551655954.047522,2,1
1551655954.0475848,2,1
1551655954.0476487,2,1
1551655954.0477116,2,1
1551655954.0477762,2,1
1551655954.0478399,2,1
1551655954.0479026,2,1
1551655954.0480354,2,1
1551655954.0481148,2,1
1551655954.0642097,2,1
1551655954.06443,2,1
1551655954.0645022,2,1
1551655954.0646489,2,1
1551655954.0647259,2,1
1551655954.0647943,2,1
1551655954.0648594,2,1
1551655954.0649264,2,1
1551655954.0649898,2,1
1551655954.065057,2,1
1551655954.0651214,2,1
1551655954.0651903,2,1
1551655954.06526,2,1
1551655954.065324,2,1
1551655954.0653868,2,1
1551655954.0654736,2,1
1551655954.0655382,2,1
1551655954.065615,2,1
1551655954.065819,2,1
1551655954.065896,2,1
1551655954.0660293,2,1
1551655954.0660968,2,1
1551655954.0821896,2,1
1551655954.0824342,2,1
1551655954.082518,2,1
1551655954.082593,2,1
1551655954.0826614,2,1
1551655954.0828443,2,1
1551655954.0829237,2,1
1551655954.0829902,2,1
1551655954.0830557,2,1
1551655954.0831196,2,1
1551655954.0831866,2,1
1551655954.0832536,2,1
1551655954.0833168,2,1
1551655954.083403,2,1
1551655954.083468,2,1
1551655954.0836513,2,1
1551655954.083763,2,1
1551655954.083831,2,1
1551655954.0838966,2,1
1551655954.0839627,2,1
1551655954.0841217,2,1
1551655954.1001596,2,1
1551655954.1003795,2,1
1551655954.1004605,2,1
1551655954.1005309,2,1
1551655954.1005971,2,1
1551655954.1006663,2,1
1551655954.1007342,2,1
1551655954.100802,2,1
1551655954.1008704,2,1
1551655954.1009364,2,1
1551655954.101001,2,1
1551655954.10107,2,1
1551655954.1011345,2,1
1551655954.1012762,2,1
1551655954.1013618,2,1
1551655954.1014252,2,1
1551655954.1014903,2,1
1551655954.1015534,2,1
1551655954.101617,2,1
1551655954.1017916,2,1
1551655954.1018932,2,1
1551655954.1019602,2,1
1551655954.1020255,2,1
1551655954.102088,2,1
1551655954.1182406,2,1
1551655954.1184633,2,1
1551655954.1185474,2,1
1551655954.1186142,2,1
1551655954.1186807,2,1
1551655954.118745,2,1
1551655954.1188118,2,1
1551655954.1188772,2,1
1551655954.1189516,2,1
1551655954.1190982,2,1
1551655954.119174,2,1
1551655954.1192386,2,1
1551655954.119319,2,1
1551655954.1193845,2,1
1551655954.1194475,2,1
1551655954.1195114,2,1
1551655954.1196327,2,1
1551655954.119702,2,1
1551655954.1197658,2,1
1551655954.1198993,2,1
1551655954.1200144,2,1
1551655954.1361825,2,1
1551655954.1364489,2,1
1551655954.1365292,2,1
1551655954.1365974,2,1
1551655954.1367419,2,1
1551655954.1368167,2,1
1551655954.1368833,2,1
1551655954.1369514,2,1
1551655954.1370192,2,1
1551655954.1370842,2,1
1551655954.1371481,2,1
1551655954.1372771,2,1
1551655954.1373472,2,1
1551655954.1374114,2,1
1551655954.13749,2,1
1551655954.13765,2,1
1551655954.1377552,2,1
1551655954.1378899,2,1
1551655954.1379602,2,1
1551655954.138026,2,1
1551655954.138089,2,1
1551655954.1542332,2,1
1551655954.1544738,2,1
1551655954.1545596,2,1
1551655954.1546273,2,1
1551655954.1546972,2,1
1551655954.154764,2,1
1551655954.1548297,2,1
1551655954.1548963,2,1
1551655954.154964,2,1
1551655954.1550286,2,1
1551655954.155096,2,1
1551655954.15517,2,1
1551655954.1552336,2,1
1551655954.1553226,2,1
1551655954.1553879,2,1
1551655954.155453,2,1
1551655954.1555161,2,1
1551655954.1564176,2,1
1551655954.1722136,2,1
1551655954.1724489,2,1
1551655954.172526,2,1
1551655954.1725996,2,1
1551655954.172675,2,1
1551655954.172872,2,1
1551655954.172947,2,1
1551655954.1730118,2,1
1551655954.1730833,2,1
1551655954.1731527,2,1
1551655954.1732237,2,1
1551655954.1733668,2,1
1551655954.173444,2,1
1551655954.1735094,2,1
1551655954.1735852,2,1
1551655954.1736515,2,1
1551655954.17378,2,1
1551655954.1738563,2,1
1551655954.1739213,2,1
1551655954.1740205,2,1
1551655954.174086,2,1
1551655954.1901927,2,1
1551655954.1903975,2,1
1551655954.1904736,2,1
1551655954.1905441,2,1
1551655954.1906233,2,1
1551655954.1906905,2,1
1551655954.1907594,2,1
1551655954.1908257,2,1
1551655954.1908915,2,1
1551655954.1909575,2,1
1551655954.191024,2,1
1551655954.1910877,2,1
1551655954.1911542,2,1
1551655954.1912184,2,1
1551655954.1913886,2,1
1551655954.1914754,2,1
1551655954.1915395,2,1
1551655954.1916597,2,1
1551655954.1917605,2,1
1551655954.191902,2,1
1551655954.1920173,2,1
1551655954.1920853,2,1
1551655954.2081463,2,1
1551655954.208359,2,1
1551655954.2085009,2,1
1551655954.208641,2,1
1551655954.2087197,2,1
1551655954.2087932,2,1
1551655954.208862,2,1
1551655954.208929,2,1
1551655954.2089972,2,1
1551655954.2090654,2,1
1551655954.2091303,2,1
1551655954.2092004,2,1
1551655954.2092648,2,1
1551655954.2093318,2,1
1551655954.2093983,2,1
1551655954.2094717,2,1
1551655954.2095358,2,1
1551655954.2096496,2,1
1551655954.2097178,2,1
1551655954.2097824,2,1
1551655954.2099059,2,1
1551655954.209977,2,1
1551655954.2100408,2,1
1551655954.2261584,2,1
1551655954.2264156,2,1
1551655954.2265022,2,1
1551655954.2265782,2,1
1551655954.2266471,2,1
1551655954.2267132,2,1
1551655954.2267869,2,1
1551655954.226853,2,1
1551655954.2269201,2,1
1551655954.226986,2,1
1551655954.2270522,2,1
1551655954.2271159,2,1
1551655954.2271812,2,1
1551655954.2272465,2,1
1551655954.2273104,2,1
1551655954.2273772,2,1
1551655954.2274432,2,1
1551655954.2275105,2,1
1551655954.2275739,2,1
1551655954.2276633,2,1
1551655954.2277298,2,1
1551655954.2277935,2,1
1551655954.227879,2,1
1551655954.2279456,2,1
1551655954.2280085,2,1
1551655954.2280722,2,1
1551655954.2441936,2,1
1551655954.2444355,2,1
1551655954.244517,2,1
1551655954.244585,2,1
1551655954.244653,2,1
1551655954.2447195,2,1
1551655954.2447858,2,1
1551655954.244851,2,1
1551655954.2449837,2,1
1551655954.245058,2,1
1551655954.245128,2,1
1551655954.2451928,2,1
1551655954.2452579,2,1
1551655954.245323,2,1
1551655954.245393,2,1
1551655954.2454576,2,1
1551655954.2455382,2,1
1551655954.2456114,2,1
1551655954.2458496,2,1
1551655954.245928,2,1
1551655954.2460275,2,1
1551655954.2460964,2,1
1551655954.2622712,2,1
1551655954.2625015,2,1
1551655954.262581,2,1
1551655954.262652,2,1
1551655954.2627206,2,1
1551655954.2629135,2,1
1551655954.2629824,2,1
1551655954.2630491,2,1
1551655954.2631145,2,1
1551655954.2632608,2,1
1551655954.2633348,2,1
1551655954.263406,2,1
1551655954.2634747,2,1
1551655954.2635505,2,1
1551655954.2636147,2,1
1551655954.2638063,2,1
1551655954.2638838,2,1
1551655954.263949,2,1
1551655954.2640133,2,1
1551655954.2801437,2,1
1551655954.2803698,2,1
1551655954.2805142,2,1
1551655954.280591,2,1
1551655954.2807178,2,1
1551655954.2807908,2,1
1551655954.2808602,2,1
1551655954.2809262,2,1
1551655954.2809935,2,1
1551655954.2810588,2,1
1551655954.2811253,2,1
1551655954.2811897,2,1
1551655954.281256,2,1
1551655954.2813218,2,1
1551655954.281387,2,1
1551655954.281459,2,1
1551655954.281526,2,1
1551655954.281658,2,1
1551655954.2817428,2,1
1551655954.281895,2,1
1551655954.2819672,2,1
1551655954.2820342,2,1
1551655954.282097,2,1
1551655954.2981422,2,1
1551655954.2983854,2,1
1551655954.2984653,2,1
1551655954.2985346,2,1
1551655954.2986028,2,1
1551655954.2986696,2,1
1551655954.298735,2,1
1551655954.2987988,2,1
1551655954.298864,2,1
1551655954.2989306,2,1
1551655954.2989964,2,1
1551655954.2990632,2,1
1551655954.2991276,2,1
1551655954.2991924,2,1
1551655954.2992578,2,1
1551655954.2993221,2,1
1551655954.2993855,2,1
1551655954.299459,2,1
1551655954.2995203,2,1
1551655954.2996607,2,1
1551655954.2997649,2,1
1551655954.299834,2,1
1551655954.2998986,2,1
1551655954.300029,2,1
1551655954.3161821,2,1
1551655954.316448,2,1
1551655954.3165188,2,1
1551655954.316587,2,1
1551655954.3166513,2,1
1551655954.3167164,2,1
1551655954.3167815,2,1
1551655954.316844,2,1
1551655954.3169081,2,1
1551655954.31699,2,1
1551655954.3170536,2,1
1551655954.3171163,2,1
1551655954.3172646,2,1
1551655954.3173358,2,1
1551655954.317403,2,1
1551655954.317466,2,1
1551655954.3175285,2,1
1551655954.3176284,2,1
1551655954.3176956,2,1
1551655954.3177602,2,1
1551655954.3178227,2,1
1551655954.3178918,2,1
1551655954.3179553,2,1
1551655954.318018,2,1
1551655954.3341427,2,1
1551655954.3343697,2,1
1551655954.3344383,2,1
1551655954.3345027,2,1
1551655954.3345678,2,1
1551655954.334631,2,1
1551655954.3347042,2,1
1551655954.3347678,2,1
1551655954.3348308,2,1
1551655954.3348932,2,1
1551655954.334956,2,1
1551655954.3350184,2,1
1551655954.3351638,2,1
1551655954.3352337,2,1
1551655954.335299,2,1
1551655954.3353627,2,1
1551655954.3354607,2,1
1551655954.3355262,2,1
1551655954.335626,2,1
1551655954.3358195,2,1
1551655954.3358884,2,1
1551655954.336027,2,1
1551655954.336094,2,1
1551655954.3520815,2,1
1551655954.3523176,2,1
1551655954.3523912,2,1
1551655954.3524578,2,1
1551655954.3525212,2,1
1551655954.3525836,2,1
1551655954.3527923,2,1
1551655954.3528693,2,1
1551655954.3529336,2,1
1551655954.3529963,2,1
1551655954.3530588,2,1
1551655954.353121,2,1
1551655954.3531826,2,1
1551655954.3532445,2,1
1551655954.353306,2,1
1551655954.3533695,2,1
1551655954.3534718,2,1
1551655954.3535404,2,1
1551655954.3536057,2,1
1551655954.3539333,2,1
1551655954.3540158,2,1
1551655954.3700662,2,1
1551655954.3703003,2,1
1551655954.3703694,2,1
1551655954.3704793,2,1
1551655954.3706157,2,1
1551655954.370684,2,1
1551655954.3707473,2,1
1551655954.37081,2,1
1551655954.3708715,2,1
1551655954.370933,2,1
1551655954.370995,2,1
1551655954.3710568,2,1
1551655954.3711193,2,1
1551655954.3711812,2,1
1551655954.3712425,2,1
1551655954.3713045,2,1
1551655954.3713672,2,1
1551655954.37143,2,1
1551655954.371491,2,1
1551655954.371553,2,1
1551655954.3716137,2,1
1551655954.371683,2,1
1551655954.3717453,2,1
1551655954.3718064,2,1
1551655954.3718681,2,1
1551655954.3719292,2,1
1551655954.3720312,2,1
1551655954.3881233,2,1
1551655954.3883343,2,1
1551655954.3884063,2,1
1551655954.388473,2,1
1551655954.388537,2,1
1551655954.3886006,2,1
1551655954.388664,2,1
1551655954.3887258,2,1
1551655954.3887885,2,1
1551655954.3888516,2,1
1551655954.3889139,2,1
1551655954.3889766,2,1
1551655954.3890386,2,1
1551655954.3891013,2,1
1551655954.3891652,2,1
1551655954.3892279,2,1
1551655954.3892908,2,1
1551655954.3893535,2,1
1551655954.389417,2,1
1551655954.389479,2,1
1551655954.3895433,2,1
1551655954.3896725,2,1
1551655954.3897476,2,1
1551655954.38989,2,1
1551655954.3900123,2,1
1551655954.4040997,2,1
1551655954.4061139,2,1
1551655954.406346,2,1
1551655954.4064665,2,1
1551655954.4066021,2,1
1551655954.4066727,2,1
1551655954.4067369,2,1
1551655954.406801,2,1
1551655954.4068632,2,1
1551655954.4069347,2,1
1551655954.4069984,2,1
1551655954.4070618,2,1
1551655954.407124,2,1
1551655954.4071865,2,1
1551655954.40725,2,1
1551655954.4073126,2,1
1551655954.4073758,2,1
1551655954.4075015,2,1
1551655954.4075758,2,1
1551655954.407641,2,1
1551655954.4077036,2,1
1551655954.407767,2,1
1551655954.4078298,2,1
1551655954.407893,2,1
1551655954.4080255,2,1
1551655954.4080942,2,1
1551655954.4241035,2,1
1551655954.4242895,2,1
1551655954.4243603,2,1
1551655954.4244714,2,1
1551655954.4245389,2,1
1551655954.4246023,2,1
1551655954.4247007,2,1
1551655954.4247668,2,1
1551655954.424831,2,1
1551655954.4248943,2,1
1551655954.424957,2,1
1551655954.425053,2,1
1551655954.4251208,2,1
1551655954.425185,2,1
1551655954.425247,2,1
1551655954.4253109,2,1
1551655954.4253738,2,1
1551655954.4254377,2,1
1551655954.4255016,2,1
1551655954.4255638,2,1
1551655954.4256265,2,1
1551655954.425795,2,1
1551655954.4258988,2,1
1551655954.4259691,2,1
1551655954.426034,2,1
1551655954.4260972,2,1
1551655954.4420862,2,1
1551655954.4423006,2,1
1551655954.4423754,2,1
1551655954.4424999,2,1
1551655954.4425967,2,1
1551655954.442663,2,1
1551655954.4428117,2,1
1551655954.4428778,2,1
1551655954.4435902,2,1
1551655954.4437184,2,1
1551655954.4437873,2,1
1551655954.4439209,2,1
1551655954.4440198,2,1
1551655954.460073,2,1
1551655954.4602976,2,1
1551655954.4603693,2,1
1551655954.4604974,2,1
1551655954.4605734,2,1
1551655954.4606693,2,1
1551655954.460737,2,1
1551655954.4608006,2,1
1551655954.4608624,2,1
1551655954.4609249,2,1
1551655954.4609878,2,1
1551655954.4610507,2,1
1551655954.461119,2,1
1551655954.4611819,2,1
1551655954.4612443,2,1
1551655954.4613056,2,1
1551655954.4613678,2,1
1551655954.461429,2,1
1551655954.4614909,2,1
1551655954.4616485,2,1
1551655954.461756,2,1
1551655954.4619765,2,1
1551655954.4620485,2,1
1551655954.478152,2,1
1551655954.4783776,2,1
1551655954.4784598,2,1
1551655954.4785933,2,1
1551655954.4786649,2,1
1551655954.4787312,2,1
1551655954.4787943,2,1
1551655954.4788575,2,1
1551655954.478926,2,1
1551655954.4789875,2,1
1551655954.4790487,2,1
1551655954.479111,2,1
1551655954.4792464,2,1
1551655954.4793153,2,1
1551655954.4793801,2,1
1551655954.4794436,2,1
1551655954.4795055,2,1
1551655954.4796367,2,1
1551655954.4798648,2,1
1551655954.4799461,2,1
1551655954.4800112,2,1
1551655954.4960997,2,1
1551655954.4965212,2,1
1551655954.4966433,2,1
1551655954.5123692,2,1
1551655954.5125556,2,1
1551655954.5140905,2,1
1551655954.5142965,2,1
1551655954.514367,2,1
1551655954.5146058,2,1
1551655954.51468,2,1
1551655954.5147498,2,1
1551655954.5148137,2,1
1551655954.514877,2,1
1551655954.514949,2,1
1551655954.5151386,2,1
1551655954.5152113,2,1
1551655954.5152826,2,1
1551655954.5304117,2,1
1551655954.5305748,2,1
1551655954.5321615,2,1
1551655954.532374,2,1
1551655954.5324452,2,1
1551655954.532623,2,1
1551655954.5326917,2,1
1551655954.5329683,2,1
1551655954.5482628,2,1
1551655954.5484474,2,1
1551655954.550136,2,1
1551655954.5503771,2,1
1551655954.5504477,2,1
1551655954.5506277,2,1
1551655954.550698,2,1
1551655954.5507624,2,1
1551655954.5510035,2,1
1551655954.5510788,2,1
1551655954.566231,2,1
1551655954.566415,2,1
1551655954.5681877,2,1
1551655954.5684018,2,1
1551655954.5684702,2,1
1551655954.5686243,2,1
1551655954.568694,2,1
1551655954.5690012,2,1
1551655954.5690835,2,1
1551655954.584227,2,1
1551655954.5844066,2,1
1551655954.5861638,2,1
1551655954.5863788,2,1
1551655954.5864484,2,1
1551655954.5865972,2,1
1551655954.5866632,2,1
1551655954.5869184,2,1
1551655954.6022124,2,1
1551655954.602396,2,1
1551655954.6041033,2,1
1551655954.604321,2,1
1551655954.6043892,2,1
1551655954.6044538,2,1
1551655954.6046174,2,1
1551655954.6046956,2,1
1551655954.6048622,2,1
1551655954.604934,2,1
1551655954.605004,2,1
1551655954.605075,2,1
1551655954.6051452,2,1
1551655954.6201942,2,1
1551655954.6203732,2,1
1551655954.6221416,2,1
1551655954.6223414,2,1
1551655954.622485,2,1
1551655954.622658,2,1
1551655954.622922,2,1
1551655954.622995,2,1
1551655954.6232643,2,1
1551655954.623339,2,1
1551655954.623406,2,1
1551655954.623469,2,1
1551655954.6382194,2,1
1551655954.638436,2,1
1551655954.6400998,2,1
1551655954.6403017,2,1
1551655954.6403713,2,1
1551655954.6408079,2,1
1551655954.640914,2,1
1551655954.6409807,2,1
1551655954.6410458,2,1
1551655954.6411092,2,1
1551655954.6411717,2,1
1551655954.6412349,2,1
1551655954.6412973,2,1
1551655954.6413598,2,1
1551655954.6565247,2,1
1551655954.658175,2,1
1551655954.658416,2,1
1551655954.6584911,2,1
1551655954.65861,2,1
1551655954.658682,2,1
1551655954.658746,2,1
1551655954.6588194,2,1
1551655954.6588838,2,1
1551655954.6589525,2,1
1551655954.6590157,2,1
1551655954.659079,2,1
1551655954.659141,2,1
1551655954.6592605,2,1
1551655954.6593273,2,1
1551655954.6593912,2,1
1551655954.6594534,2,1
1551655954.659516,2,1
1551655954.6596594,2,1
1551655954.6597645,2,1
1551655954.6598935,2,1
1551655954.6599607,2,1
1551655954.6600246,2,1
1551655954.6761389,2,1
1551655954.6763325,2,1
1551655954.6764975,2,1
1551655954.6765966,2,1
1551655954.6766634,2,1
1551655954.6767282,2,1
1551655954.676791,2,1
1551655954.6768553,2,1
1551655954.6769176,2,1
1551655954.67698,2,1
1551655954.6770422,2,1
1551655954.6771116,2,1
1551655954.677251,2,1
1551655954.6773207,2,1
1551655954.6773846,2,1
1551655954.6774483,2,1
1551655954.6775105,2,1
1551655954.6777864,2,1
1551655954.6778634,2,1
1551655954.677928,2,1
1551655954.6780157,2,1
1551655954.6940718,2,1
1551655954.694295,2,1
1551655954.6943622,2,1
1551655954.6944757,2,1
1551655954.694598,2,1
1551655954.6946683,2,1
1551655954.6947322,2,1
1551655954.6947951,2,1
1551655954.6948576,2,1
1551655954.6949203,2,1
1551655954.6949828,2,1
1551655954.6950452,2,1
1551655954.6951072,2,1
1551655954.695379,2,1
1551655954.6954575,2,1
1551655954.6955228,2,1
1551655954.6957617,2,1
1551655954.7096734,2,1
1551655954.7098362,2,1
1551655954.712076,2,1
1551655954.7122853,2,1
1551655954.712356,2,1
1551655954.7124712,2,1
1551655954.712601,2,1
1551655954.7126696,2,1
1551655954.7128212,2,1
1551655954.712889,2,1
1551655954.712952,2,1
1551655954.7130136,2,1
1551655954.7130768,2,1
1551655954.713138,2,1
1551655954.7132435,2,1
1551655954.7133098,2,1
1551655954.7133722,2,1
1551655954.713434,2,1
1551655954.7134955,2,1
1551655954.7136967,2,1
1551655954.713769,2,1
1551655954.7277784,2,1
1551655954.7279413,2,1
1551655954.730081,2,1
1551655954.7303052,2,1
1551655954.7305388,2,1
1551655954.7306247,2,1
1551655954.7306983,2,1
1551655954.74649,2,1
1551655954.7466736,2,1
1551655954.748154,2,1
1551655954.7483566,2,1
1551655954.7484848,2,1
1551655954.748563,2,1
1551655954.7486305,2,1
1551655954.7486935,2,1
1551655954.7487566,2,1
1551655954.748822,2,1
1551655954.7488837,2,1
1551655954.7489474,2,1
1551655954.74901,2,1
1551655954.7490716,2,1
1551655954.7492676,2,1
1551655954.749343,2,1
1551655954.749413,2,1
1551655954.749482,2,1
1551655954.7650445,2,1
1551655954.7652202,2,1
1551655954.7660286,2,1
1551655954.7661643,2,1
1551655954.766235,2,1
1551655954.7663689,2,1
1551655954.7664723,2,1
1551655954.7665992,2,1
1551655954.7666686,2,1
1551655954.766733,2,1
1551655954.7667968,2,1
1551655954.7668622,2,1
1551655954.7669308,2,1
1551655954.7669964,2,1
1551655954.7670603,2,1
1551655954.7671235,2,1
1551655954.7672668,2,1
1551655954.7673357,2,1
1551655954.7673995,2,1
1551655954.7674613,2,1
1551655954.7675238,2,1
1551655954.7676425,2,1
1551655954.7677224,2,1
1551655954.7679052,2,1
1551655954.7834473,2,1
1551655954.7836213,2,1
1551655954.784015,2,1
1551655954.7841318,2,1
1551655954.7842019,2,1
1551655954.7843704,2,1
1551655954.7844822,2,1
1551655954.7845547,2,1
1551655954.784621,2,1
1551655954.784722,2,1
1551655954.7847908,2,1
1551655954.7848554,2,1
1551655954.7849214,2,1
1551655954.7849858,2,1
1551655954.7850506,2,1
1551655954.7851143,2,1
1551655954.7851777,2,1
1551655954.7852392,2,1
1551655954.7853024,2,1
1551655954.785368,2,1
1551655954.785525,2,1
1551655954.7856374,2,1
1551655954.7857754,2,1
1551655954.785844,2,1
1551655954.7859082,2,1
1551655954.7860222,2,1
1551655954.8021302,2,1
1551655954.8022728,2,1
1551655954.802341,2,1
1551655954.8024075,2,1
1551655954.8024719,2,1
1551655954.8026023,2,1
1551655954.802675,2,1
1551655954.80281,2,1
1551655954.8028781,2,1
1551655954.8029435,2,1
1551655954.803007,2,1
1551655954.8030713,2,1
1551655954.803136,2,1
1551655954.803207,2,1
1551655954.803269,2,1
1551655954.8033311,2,1
1551655954.8033936,2,1
1551655954.8034563,2,1
1551655954.8035197,2,1
1551655954.8036902,2,1
1551655954.8037632,2,1
1551655954.8039165,2,1
1551655954.804031,2,1
1551655954.8204885,2,1
1551655954.820633,2,1
1551655954.8207002,2,1
1551655954.8207662,2,1
1551655954.8208354,2,1
1551655954.8208985,2,1
1551655954.8209627,2,1
1551655954.8210263,2,1
1551655954.8210902,2,1
1551655954.8211532,2,1
1551655954.821317,2,1
1551655954.8213942,2,1
1551655954.8214586,2,1
1551655954.8215208,2,1
1551655954.821648,2,1
1551655954.821768,2,1
1551655954.8218358,2,1
1551655954.8218997,2,1
1551655954.8219635,2,1
1551655954.822027,2,1
1551655954.8388555,2,1
1551655954.8389876,2,1
1551655954.8390536,2,1
1551655954.8391194,2,1
1551655954.8391843,2,1
1551655954.8392467,2,1
1551655954.8393102,2,1
1551655954.8393753,2,1
1551655954.8395066,2,1
1551655954.8395789,2,1
1551655954.8396428,2,1
1551655954.8397663,2,1
1551655954.839894,2,1
1551655954.8399596,2,1
1551655954.8400247,2,1
1551655954.8577156,2,1
1551655954.857858,2,1
1551655954.8579242,2,1
1551655954.8580577,2,1
1551655954.85813,2,1
1551655954.8766856,2,1
1551655954.8775525,2,1
1551655954.8959856,2,1
1551655954.896171,2,1
1551655954.9149108,2,1
1551655954.915071,2,1
1551655954.9335701,2,1
1551655954.9338143,2,1
1551655954.9525971,2,1
1551655954.9528444,2,1
1551655954.97139,2,1
1551655954.971556,2,1
1551655954.989674,2,1
1551655954.9898803,2,1
1551655955.0078871,2,1
1551655955.0080585,2,1
1551655955.0260425,2,1
1551655955.0262098,2,1
1551655955.0440602,2,1
1551655955.0442233,2,1
1551655955.0621479,2,1
1551655955.062341,2,1
1551655955.0803924,2,1
1551655955.0805624,2,1
1551655955.098664,2,1
1551655955.0988348,2,1
1551655955.1167383,2,1
1551655955.11695,2,1
1551655955.134787,2,1
1551655955.13495,2,1
1551655955.1530547,2,1
1551655955.1533403,2,1
1551655955.1712518,2,1
1551655955.1714497,2,1
1551655955.1894314,2,1
1551655955.189685,2,1
1551655955.207668,2,1
1551655955.2078435,2,1
1551655955.2257755,2,1
1551655955.225946,2,1
1551655955.2438624,2,1
1551655955.244031,2,1
1551655955.2620463,2,1
1551655955.2622173,2,1
1551655955.2801783,2,1
1551655955.2803822,2,1
1551655955.298266,2,1
1551655955.2984786,2,1
1551655955.3167064,2,1
1551655955.316875,2,1
1551655955.3347082,2,1
1551655955.3349206,2,1
1551655955.3528674,2,1
1551655955.3530269,2,1
1551655955.3708475,2,1
1551655955.3710732,2,1
1551655955.388936,2,1
1551655955.389103,2,1
1551655955.4069393,2,1
1551655955.407104,2,1
1551655955.4250655,2,1
1551655955.4252772,2,1
1551655955.4432063,2,1
1551655955.4434035,2,1
1551655955.4613173,2,1
1551655955.4615521,2,1
1551655955.4794414,2,1
1551655955.479618,2,1
1551655955.4975874,2,1
1551655955.4977794,2,1
1551655955.515573,2,1
1551655955.5158548,2,1
1551655955.533673,2,1
1551655955.5338469,2,1
1551655955.5517802,2,1
1551655955.551951,2,1
1551655955.5699556,2,1
1551655955.5701306,2,1
1551655955.587984,2,1
1551655955.5881875,2,1
1551655955.6060157,2,1
1551655955.606171,2,1
1551655955.6243002,2,1
1551655955.6244926,2,1
1551655955.6424062,2,1
1551655955.642578,2,1
1551655955.660495,2,1
1551655955.6606522,2,1
1551655955.6785316,2,1
1551655955.6787527,2,1
1551655955.696675,2,1
1551655955.6968548,2,1
1551655955.7148156,2,1
1551655955.714982,2,1
1551655955.7330005,2,1
1551655955.7331846,2,1
1551655955.7510638,2,1
1551655955.7512603,2,1
1551655955.7692516,2,1
1551655955.7694285,2,1
1551655955.7871313,2,1
1551655955.7873118,2,1
1551655955.8051975,2,1
1551655955.805371,2,1
1551655955.8234372,2,1
1551655955.8236294,2,1
1551655955.8414578,2,1
1551655955.841648,2,1
1551655955.859479,2,1
1551655955.8596542,2,1
1551655955.8776135,2,1
1551655955.8778057,2,1
1551655955.8955605,2,1
1551655955.8958068,2,1
1551655955.9135904,2,1
1551655955.913783,2,1
1551655955.9314318,2,1
1551655955.9316187,2,1
1551655955.9493544,2,1
1551655955.9495428,2,1
1551655955.9672894,2,1
1551655955.9674652,2,1
1551655955.9852767,2,1
1551655955.9854813,2,1
1551655956.003259,2,1
1551655956.003455,2,1
1551655956.0212555,2,1
1551655956.0214803,2,1
1551655956.0392246,2,1
1551655956.0394723,2,1
1551655956.0572817,2,1
1551655956.0574825,2,1
1551655956.0753431,2,1
1551655956.0755608,2,1
1551655956.093311,2,1
1551655956.0934954,2,1
1551655956.1115024,2,1
1551655956.111687,2,1
1551655956.1297019,2,1
1551655956.1298928,2,1
1551655956.1476505,2,1
1551655956.1478739,2,1
1551655956.1656709,2,1
1551655956.1659813,2,1
1551655956.183675,2,1
1551655956.1838627,2,1
1551655956.2019994,2,1
1551655956.2021897,2,1
1551655956.2201018,2,1
1551655956.220273,2,1
1551655956.2381175,2,1
1551655956.2383127,2,1
1551655956.2561657,2,1
1551655956.256356,2,1
1551655956.274205,2,1
1551655956.2743788,2,1
1551655956.2920718,2,1
1551655956.2922668,2,1
1551655956.3099282,2,1
1551655956.3101444,2,1
1551655956.3279095,2,1
1551655956.3281016,2,1
1551655956.3457904,2,1
1551655956.3459814,2,1
1551655956.3636913,2,1
1551655956.363883,2,1
1551655956.3817182,2,1
1551655956.3819087,2,1
1551655956.3996267,2,1
1551655956.3998163,2,1
1551655956.4178233,2,1
1551655956.4180079,2,1
1551655956.435911,2,1
1551655956.4361217,2,1
1551655956.4537659,2,1
1551655956.4539583,2,1
1551655956.4717453,2,1
1551655956.4719021,2,1
1551655956.4895778,2,1
1551655956.4897697,2,1
1551655956.5074885,2,1
1551655956.507676,2,1
1551655956.5254185,2,1
1551655956.5255814,2,1
1551655956.543281,2,1
1551655956.5434818,2,1
1551655956.5613835,2,1
1551655956.5615718,2,1
1551655956.5795135,2,1
1551655956.5796912,2,1
1551655956.597513,2,1
1551655956.5976958,2,1
1551655956.6153622,2,1
1551655956.6156044,2,1
1551655956.6350284,2,1
1551655956.6352146,2,1
1551655956.652676,2,1
1551655956.6529284,2,1
1551655956.67042,2,1
1551655956.6706257,2,1
1551655956.6884384,2,1
1551655956.6886353,2,1
1551655956.7062213,2,1
1551655956.7064352,2,1
1551655956.7242165,2,1
1551655956.7243767,2,1
1551655956.7421613,2,1
1551655956.7423496,2,1
1551655956.7599785,2,1
1551655956.760163,2,1
1551655956.7778149,2,1
1551655956.777986,2,1
1551655956.795588,2,1
1551655956.7958207,2,1
1551655956.813521,2,1
1551655956.8137076,2,1
1551655956.8314843,2,1
1551655956.8316503,2,1
1551655956.8494575,2,1
1551655956.8496406,2,1
1551655956.8673558,2,1
1551655956.8675315,2,1
1551655956.8852446,2,1
1551655956.8854082,2,1
1551655956.903143,2,1
1551655956.9033144,2,1
1551655956.9210982,2,1
1551655956.9212716,2,1
1551655956.9390836,2,1
1551655956.9392598,2,1
1551655956.957045,2,1
1551655956.9572139,2,1
1551655956.9749947,2,1
1551655956.9751682,2,1
1551655956.993293,2,1
1551655956.9934747,2,1
1551655957.0111957,2,1
1551655957.0113685,2,1
1551655957.0292928,2,1
1551655957.0294492,2,1
1551655957.047374,2,1
1551655957.0475628,2,1
1551655957.0653272,2,1
1551655957.0655062,2,1
1551655957.083311,2,1
1551655957.0834603,2,1
1551655957.1011536,2,1
1551655957.101326,2,1
1551655957.119187,2,1
1551655957.1193619,2,1
1551655957.1372182,2,1
1551655957.1373723,2,1
1551655957.1551132,2,1
1551655957.1552887,2,1
1551655957.1731036,2,1
1551655957.1732807,2,1
1551655957.1910915,2,1
1551655957.1912568,2,1
1551655957.2090976,2,1
1551655957.209273,2,1
1551655957.2270455,2,1
1551655957.227214,2,1
1551655957.2450833,2,1
1551655957.245257,2,1
1551655957.263092,2,1
1551655957.2632623,2,1
1551655957.2811174,2,1
1551655957.2812874,2,1
1551655957.2992787,2,1
1551655957.299451,2,1
1551655957.3172464,2,1
1551655957.3174262,2,1
1551655957.3352613,2,1
1551655957.3354833,2,1
1551655957.3534114,2,1
1551655957.353584,2,1
1551655957.3712354,2,1
1551655957.3714046,2,1
1551655957.3892093,2,1
1551655957.3893619,2,1
1551655957.4071603,2,1
1551655957.4073322,2,1
1551655957.4251266,2,1
1551655957.425299,2,1
1551655957.4431455,2,1
1551655957.4433012,2,1
1551655957.4610488,2,1
1551655957.4612207,2,1
1551655957.47899,2,1
1551655957.4791582,2,1
1551655957.4970639,2,1
1551655957.4972277,2,1
1551655957.5149925,2,1
1551655957.515164,2,1
1551655957.5329754,2,1
1551655957.5331461,2,1
1551655957.5510309,2,1
1551655957.551202,2,1
1551655957.5690498,2,1
1551655957.5692222,2,1
1551655957.5870337,2,1
1551655957.5872,2,1
1551655957.6052012,2,1
1551655957.605373,2,1
1551655957.623207,2,1
1551655957.6233845,2,1
1551655957.641312,2,1
1551655957.641465,2,1
1551655957.6594281,2,1
1551655957.659607,2,1
1551655957.6773412,2,1
1551655957.6775208,2,1
1551655957.6952238,2,1
1551655957.6953747,2,1
1551655957.7132144,2,1
1551655957.7133863,2,1
1551655957.731191,2,1
1551655957.7313645,2,1
1551655957.7491865,2,1
1551655957.7493489,2,1
1551655957.7671368,2,1
1551655957.7673113,2,1
1551655957.7850752,2,1
1551655957.7852454,2,1
1551655957.803264,2,1
1551655957.803437,2,1
1551655957.82114,2,1
1551655957.8213153,2,1
1551655957.8391352,2,1
1551655957.8393104,2,1
1551655957.8572257,2,1
1551655957.8573995,2,1
1551655957.8751538,2,1
1551655957.8753245,2,1
1551655957.893112,2,1
1551655957.8932862,2,1
1551655957.91133,2,1
1551655957.9115055,2,1
1551655957.9293091,2,1
1551655957.9294872,2,1
1551655957.9474216,2,1
1551655957.9475768,2,1
1551655957.9653735,2,1
1551655957.9655569,2,1
1551655957.9832711,2,1
1551655957.983484,2,1
1551655958.0013285,2,1
1551655958.0014777,2,1
1551655958.0191958,2,1
1551655958.0193727,2,1
1551655958.037097,2,1
1551655958.037266,2,1
1551655958.0550523,2,1
1551655958.0552065,2,1
1551655958.0730784,2,1
1551655958.0732498,2,1
1551655958.0910537,2,1
1551655958.0912263,2,1
1551655958.1090424,2,1
1551655958.1092074,2,1
1551655958.126958,2,1
1551655958.1271274,2,1
1551655958.1450646,2,1
1551655958.1452496,2,1
1551655958.1632457,2,1
1551655958.1634238,2,1
1551655958.181179,2,1
1551655958.1813564,2,1
1551655958.1991704,2,1
1551655958.1993418,2,1
1551655958.2173944,2,1
1551655958.2175696,2,1
1551655958.235266,2,1
1551655958.2354379,2,1
1551655958.2533665,2,1
1551655958.2535152,2,1
1551655958.2713501,2,1
1551655958.2715266,2,1
1551655958.28939,2,1
1551655958.2895749,2,1
1551655958.307331,2,1
1551655958.3074825,2,1
1551655958.3252022,2,1
1551655958.3253748,2,1
1551655958.3432012,2,1
1551655958.3433723,2,1
1551655958.3612938,2,1
1551655958.3614488,2,1
1551655958.379212,2,1
1551655958.379384,2,1
1551655958.39716,2,1
1551655958.3973327,2,1
1551655958.4151409,2,1
1551655958.415304,2,1
1551655958.4331505,2,1
1551655958.4333296,2,1
1551655958.4510608,2,1
1551655958.4512327,2,1
1551655958.4691277,2,1
1551655958.469298,2,1
1551655958.487273,2,1
1551655958.4880688,2,1
1551655958.4933982,2,1
1551655958.4934978,2,1
1551655958.4935653,2,1
1551655958.4937057,2,1
1551655958.4938638,2,1
1551655958.493974,2,1
1551655958.494085,2,1
1551655958.494153,2,1
1551655958.5100787,2,1
1551655958.5101964,2,1
1551655958.5102613,2,1
1551655958.5104024,2,1
1551655958.5105288,2,1
1551655958.5106537,2,1
1551655958.5107193,2,1
1551655958.5107822,2,1
1551655958.5108442,2,1
1551655958.5109057,2,1
1551655958.5109668,2,1
1551655958.5110319,2,1
1551655958.5110948,2,1
1551655958.511156,2,1
1551655958.5113032,2,1
1551655958.5113688,2,1
1551655958.5114312,2,1
1551655958.5114932,2,1
1551655958.511554,2,1
1551655958.5116975,2,1
1551655958.5118225,2,1
1551655958.511966,2,1
1551655958.512082,2,1
1551655958.530226,2,1
1551655958.5303972,2,1
1551655958.5462124,2,1
1551655958.5464113,2,1
1551655958.546546,2,1
1551655958.5466714,2,1
1551655958.546746,2,1
1551655958.5468132,2,1
1551655958.5468805,2,1
1551655958.5469475,2,1
1551655958.547015,2,1
1551655958.5470808,2,1
1551655958.5471473,2,1
1551655958.5472126,2,1
1551655958.5473943,2,1
1551655958.5474658,2,1
1551655958.547529,2,1
1551655958.547728,2,1
1551655958.5478108,2,1
1551655958.5603611,2,1
1551655958.560557,2,1
1551655958.5761583,2,1
1551655958.5763502,2,1
1551655958.5919034,2,1
1551655958.5920875,2,1
1551655958.6086066,2,1
1551655958.6088412,2,1
1551655958.6247444,2,1
1551655958.6249526,2,1
1551655958.6406167,2,1
1551655958.640794,2,1
1551655958.6562521,2,1
1551655958.6564207,2,1
1551655958.6721673,2,1
1551655958.6723669,2,1
1551655958.6724386,2,1
1551655958.6725516,2,1
1551655958.6726656,2,1
1551655958.6727684,2,1
1551655958.6729178,2,1
1551655958.6729891,2,1
1551655958.6730552,2,1
1551655958.673121,2,1
1551655958.6732476,2,1
1551655958.6733124,2,1
1551655958.6733787,2,1
1551655958.6734421,2,1
1551655958.6735065,2,1
1551655958.67357,2,1
1551655958.673759,2,1
1551655958.6738336,2,1
1551655958.6739798,2,1
1551655958.674091,2,1
1551655958.6902063,2,1
1551655958.6905067,2,1
1551655958.6905792,2,1
1551655958.6906507,2,1
1551655958.6907148,2,1
1551655958.6907787,2,1
1551655958.6908438,2,1
1551655958.6909068,2,1
1551655958.6909685,2,1
1551655958.6910324,2,1
1551655958.6911044,2,1
1551655958.6913464,2,1
1551655958.691477,2,1
1551655958.6915455,2,1
1551655958.691609,2,1
1551655958.6917078,2,1
1551655958.6918328,2,1
1551655958.691963,2,1
1551655958.6920948,2,1
1551655958.7081938,2,1
1551655958.7083936,2,1
1551655958.7085342,2,1
1551655958.7086627,2,1
1551655958.7087286,2,1
1551655958.708791,2,1
1551655958.708856,2,1
1551655958.7089174,2,1
1551655958.7089784,2,1
1551655958.7090394,2,1
1551655958.709101,2,1
1551655958.7209558,2,1
1551655958.721149,2,1
1551655958.7261088,2,1
1551655958.7262518,2,1
1551655958.7264132,2,1
1551655958.7382224,2,1
1551655958.7384098,2,1
1551655958.7543554,2,1
1551655958.7545452,2,1
1551655958.7704835,2,1
1551655958.770679,2,1
1551655958.7866359,2,1
1551655958.7868109,2,1
1551655958.8026035,2,1
1551655958.8027694,2,1
1551655958.8185914,2,1
1551655958.8187442,2,1
1551655958.8344536,2,1
1551655958.8346074,2,1
1551655958.8346748,2,1
1551655958.8347425,2,1
1551655958.8348064,2,1
1551655958.834869,2,1
1551655958.8349307,2,1
1551655958.8349931,2,1
1551655958.8350549,2,1
1551655958.8351157,2,1
1551655958.8351767,2,1
1551655958.8353093,2,1
1551655958.8353758,2,1
1551655958.8354385,2,1
1551655958.8354995,2,1
1551655958.8355622,2,1
1551655958.8357625,2,1
1551655958.8358316,2,1
1551655958.8359666,2,1
1551655958.8360915,2,1
1551655958.8522546,2,1
1551655958.8524387,2,1
1551655958.8525553,2,1
1551655958.852678,2,1
1551655958.8527474,2,1
1551655958.8529015,2,1
1551655958.8529723,2,1
1551655958.853037,2,1
1551655958.8531024,2,1
1551655958.8531668,2,1
1551655958.8533227,2,1
1551655958.8534,2,1
1551655958.8534634,2,1
1551655958.8535278,2,1
1551655958.853591,2,1
1551655958.8537068,2,1
1551655958.8538373,2,1
1551655958.8540676,2,1
1551655958.8541434,2,1
1551655958.8701997,2,1
1551655958.8703506,2,1
1551655958.8704157,2,1
1551655958.8705294,2,1
1551655958.870659,2,1
1551655958.8707235,2,1
1551655958.8708074,2,1
1551655958.8708692,2,1
1551655958.882977,2,1
1551655958.8831644,2,1
1551655958.8994055,2,1
1551655958.8995848,2,1
1551655958.916565,2,1
1551655958.9167225,2,1
1551655958.931893,2,1
1551655958.9320657,2,1
1551655958.9475975,2,1
1551655958.947755,2,1
1551655958.963501,2,1
1551655958.9636657,2,1
1551655958.9794087,2,1
1551655958.9795642,2,1
1551655958.9797146,2,1
1551655958.9798446,2,1
1551655958.9799702,2,1
1551655958.980097,2,1
1551655958.9961572,2,1
1551655958.996366,2,1
1551655958.9964337,2,1
1551655958.9965563,2,1
1551655958.9966712,2,1
1551655958.9967427,2,1
1551655958.996807,2,1
1551655958.9968693,2,1
1551655958.9969344,2,1
1551655958.9969988,2,1
1551655958.9970653,2,1
1551655958.9971304,2,1
1551655958.9971936,2,1
1551655958.9973145,2,1
1551655958.9975152,2,1
1551655958.9975865,2,1
1551655958.9977427,2,1
1551655958.997845,2,1
1551655958.9979708,2,1
1551655958.9980962,2,1
1551655959.027775,2,1
1551655959.0279627,2,1
1551655959.0429943,2,1
1551655959.043184,2,1
1551655959.0583968,2,1
1551655959.0585704,2,1
1551655959.0751212,2,1
1551655959.0752947,2,1
1551655959.090592,2,1
1551655959.0907595,2,1
1551655959.1066065,2,1
1551655959.106773,2,1
1551655959.124493,2,1
1551655959.1246407,2,1
1551655959.1401002,2,1
1551655959.1402464,2,1
1551655959.140314,2,1
1551655959.1404297,2,1
1551655959.140551,2,1
1551655959.1406744,2,1
1551655959.1407454,2,1
1551655959.1408114,2,1
1551655959.1408756,2,1
1551655959.1409388,2,1
1551655959.1410017,2,1
1551655959.1410663,2,1
1551655959.1411295,2,1
1551655959.1411932,2,1
1551655959.1413558,2,1
1551655959.1414258,2,1
1551655959.14149,2,1
1551655959.141553,2,1
1551655959.141618,2,1
1551655959.141721,2,1
1551655959.1418495,2,1
1551655959.1419728,2,1
1551655959.142099,2,1
1551655959.1581302,2,1
1551655959.1583607,2,1
1551655959.1584387,2,1
1551655959.1587358,2,1
1551655959.1588266,2,1
1551655959.158899,2,1
1551655959.1721053,2,1
1551655959.1722705,2,1
1551655959.1887884,2,1
1551655959.1890287,2,1
1551655959.205607,2,1
1551655959.2059016,2,1
1551655959.2219176,2,1
1551655959.22208,2,1
1551655959.2382736,2,1
1551655959.2384822,2,1
1551655959.2544491,2,1
1551655959.2546513,2,1
1551655959.270647,2,1
1551655959.270857,2,1
1551655959.2866757,2,1
1551655959.286844,2,1
1551655959.3021684,2,1
1551655959.3023927,2,1
1551655959.3024628,2,1
1551655959.30253,2,1
1551655959.3026774,2,1
1551655959.302749,2,1
1551655959.3029015,2,1
1551655959.302973,2,1
1551655959.3030384,2,1
1551655959.3032117,2,1
1551655959.303334,2,1
1551655959.303402,2,1
1551655959.3034668,2,1
1551655959.3035321,2,1
1551655959.3035977,2,1
1551655959.3037145,2,1
1551655959.3038414,2,1
1551655959.303973,2,1
1551655959.3041055,2,1
1551655959.3201199,2,1
1551655959.3204286,2,1
1551655959.3205295,2,1
1551655959.3206766,2,1
1551655959.3207963,2,1
1551655959.3208642,2,1
1551655959.320928,2,1
1551655959.3209918,2,1
1551655959.321055,2,1
1551655959.3211176,2,1
1551655959.32118,2,1
1551655959.3213227,2,1
1551655959.3213909,2,1
1551655959.3337703,2,1
1551655959.3339539,2,1
1551655959.3381035,2,1
1551655959.3382506,2,1
1551655959.3508375,2,1
1551655959.3510273,2,1
1551655959.3671813,2,1
1551655959.3673663,2,1
1551655959.3834064,2,1
1551655959.383597,2,1
1551655959.3996537,2,1
1551655959.3998327,2,1
1551655959.4154632,2,1
1551655959.4156733,2,1
1551655959.4311764,2,1
1551655959.4314108,2,1
1551655959.4463177,2,1
1551655959.446577,2,1
1551655959.4466922,2,1
1551655959.4467719,2,1
1551655959.4468427,2,1
1551655959.4469087,2,1
1551655959.4469721,2,1
1551655959.447039,2,1
1551655959.4471052,2,1
1551655959.4471705,2,1
1551655959.4472332,2,1
1551655959.447343,2,1
1551655959.4474096,2,1
1551655959.4476328,2,1
1551655959.4477103,2,1
1551655959.4478498,2,1
1551655959.4479742,2,1
1551655959.4481046,2,1
1551655959.4643095,2,1
1551655959.4645112,2,1
1551655959.4645789,2,1
1551655959.4647083,2,1
1551655959.464785,2,1
1551655959.4648542,2,1
1551655959.4650657,2,1
1551655959.4651434,2,1
1551655959.465209,2,1
1551655959.4653733,2,1
1551655959.4654417,2,1
1551655959.465505,2,1
1551655959.4655666,2,1
1551655959.465784,2,1
1551655959.4658577,2,1
1551655959.4659762,2,1
1551655959.466102,2,1
1551655959.4822066,2,1
1551655959.4823709,2,1
1551655959.4824362,2,1
1551655959.482539,2,1
1551655959.4826655,2,1
1551655959.482827,2,1
1551655959.4947383,2,1
1551655959.49497,2,1
1551655959.5114944,2,1
1551655959.5116951,2,1
1551655959.5273435,2,1
1551655959.5275743,2,1
1551655959.5431025,2,1
1551655959.5432749,2,1
1551655959.5597646,2,1
1551655959.5599368,2,1
1551655959.5764315,2,1
1551655959.57661,2,1
1551655959.5920107,2,1
1551655959.5922592,2,1
1551655959.6081781,2,1
1551655959.6083953,2,1
1551655959.608599,2,1
1551655959.608674,2,1
1551655959.6087835,2,1
1551655959.6088524,2,1
1551655959.6089172,2,1
1551655959.6089826,2,1
1551655959.6090455,2,1
1551655959.609111,2,1
1551655959.6092136,2,1
1551655959.6093276,2,1
1551655959.609397,2,1
1551655959.6094632,2,1
1551655959.609598,2,1
1551655959.6097448,2,1
1551655959.6098504,2,1
1551655959.6099684,2,1
1551655959.610127,2,1
1551655959.6263285,2,1
1551655959.626542,2,1
1551655959.6266122,2,1
1551655959.6266775,2,1
1551655959.6267965,2,1
1551655959.6268632,2,1
1551655959.6269264,2,1
1551655959.6269894,2,1
1551655959.6270516,2,1
1551655959.6271143,2,1
1551655959.6271772,2,1
1551655959.627342,2,1
1551655959.6274104,2,1
1551655959.627481,2,1
1551655959.6275434,2,1
1551655959.627606,2,1
1551655959.6277208,2,1
1551655959.6278453,2,1
1551655959.6279676,2,1
1551655959.6281018,2,1
1551655959.656226,2,1
1551655959.6564145,2,1
1551655959.6720738,2,1
1551655959.672266,2,1
1551655959.688436,2,1
1551655959.6886652,2,1
1551655959.7042632,2,1
1551655959.7044332,2,1
1551655959.7201476,2,1
1551655959.7203836,2,1
1551655959.7376435,2,1
1551655959.7378917,2,1
1551655959.752874,2,1
1551655959.7532945,2,1
1551655959.7534425,2,1
1551655959.753514,2,1
1551655959.7535791,2,1
1551655959.7537246,2,1
1551655959.7538488,2,1
1551655959.7539814,2,1
1551655959.7541056,2,1
1551655959.7702494,2,1
1551655959.7704499,2,1
1551655959.7706347,2,1
1551655959.7708156,2,1
1551655959.7708826,2,1
1551655959.770947,2,1
1551655959.7710114,2,1
1551655959.7710762,2,1
1551655959.771152,2,1
1551655959.7712283,2,1
1551655959.7714672,2,1
1551655959.7715442,2,1
1551655959.7716098,2,1
1551655959.7717426,2,1
1551655959.7718976,2,1
1551655959.771965,2,1
1551655959.7721133,2,1
1551655959.7882082,2,1
1551655959.7885182,2,1
1551655959.7885866,2,1
1551655959.788694,2,1
1551655959.7887616,2,1
1551655959.788825,2,1
1551655959.788928,2,1
1551655959.788992,2,1
1551655959.7890532,2,1
1551655959.7891152,2,1
1551655959.789177,2,1
1551655959.7893212,2,1
1551655959.7894332,2,1
1551655959.7894974,2,1
1551655959.789589,2,1
1551655959.7897136,2,1
1551655959.7898397,2,1
1551655959.7899878,2,1
1551655959.7900994,2,1
1551655959.8181763,2,1
1551655959.8183644,2,1
1551655959.8348484,2,1
1551655959.8350644,2,1
1551655959.8516343,2,1
1551655959.851825,2,1
1551655959.8674693,2,1
1551655959.8676481,2,1
1551655959.883434,2,1
1551655959.8836067,2,1
1551655959.8991835,2,1
1551655959.8993957,2,1
1551655959.915365,2,1
1551655959.915566,2,1
1551655959.9156377,2,1
1551655959.9157717,2,1
1551655959.9158425,2,1
1551655959.916033,2,1
1551655959.9161057,2,1
1551655959.9322207,2,1
1551655959.9325142,2,1
1551655959.9326494,2,1
1551655959.932724,2,1
1551655959.9328747,2,1
1551655959.9329538,2,1
1551655959.9330258,2,1
1551655959.9330966,2,1
1551655959.9331663,2,1
1551655959.9333527,2,1
1551655959.9334233,2,1
1551655959.9338005,2,1
1551655959.9338775,2,1
1551655959.9339867,2,1
1551655959.9341063,2,1
1551655959.950224,2,1
1551655959.9504306,2,1
1551655959.9505548,2,1
1551655959.950675,2,1
1551655959.9507406,2,1
1551655959.9508502,2,1
1551655959.9509141,2,1
1551655959.951007,2,1
1551655959.9628847,2,1
1551655959.9632037,2,1
1551655959.9795535,2,1
1551655959.979752,2,1
1551655959.9952834,2,1
1551655959.995469,2,1
1551655960.0112102,2,1
1551655960.011393,2,1
1551655960.026854,2,1
1551655960.0271053,2,1
1551655960.042876,2,1
1551655960.0432606,2,1
1551655960.0582058,2,1
1551655960.058473,2,1
1551655960.0585496,2,1
1551655960.058688,2,1
1551655960.0587575,2,1
1551655960.0588238,2,1
1551655960.0588899,2,1
1551655960.0589554,2,1
1551655960.0590205,2,1
1551655960.0590847,2,1
1551655960.0591493,2,1
1551655960.0592847,2,1
1551655960.0593526,2,1
1551655960.0594165,2,1
1551655960.0595639,2,1
1551655960.059631,2,1
1551655960.0597441,2,1
1551655960.0598543,2,1
1551655960.0599775,2,1
1551655960.0601103,2,1
1551655960.0762048,2,1
1551655960.0765738,2,1
1551655960.0766897,2,1
1551655960.0767581,2,1
1551655960.0768237,2,1
1551655960.07689,2,1
1551655960.0769536,2,1
1551655960.0770226,2,1
1551655960.0770867,2,1
1551655960.0772786,2,1
1551655960.0773528,2,1
1551655960.0774188,2,1
1551655960.0775387,2,1
1551655960.0776083,2,1
1551655960.089482,2,1
1551655960.089673,2,1
1551655960.1061437,2,1
1551655960.106337,2,1
1551655960.1228533,2,1
1551655960.1230485,2,1
1551655960.139554,2,1
1551655960.1398203,2,1
1551655960.1554494,2,1
1551655960.155633,2,1
1551655960.1711898,2,1
1551655960.171443,2,1
1551655960.1876917,2,1
1551655960.1879265,2,1
1551655960.2029145,2,1
1551655960.2030737,2,1
1551655960.2033246,2,1
1551655960.203412,2,1
1551655960.2034817,2,1
1551655960.2035484,2,1
1551655960.2036128,2,1
1551655960.2037292,2,1
1551655960.2038584,2,1
1551655960.2039921,2,1
1551655960.2041116,2,1
1551655960.2202375,2,1
1551655960.2204607,2,1
1551655960.2205791,2,1
1551655960.2206907,2,1
1551655960.2208576,2,1
1551655960.2209268,2,1
1551655960.2209911,2,1
1551655960.2211254,2,1
1551655960.2211924,2,1
1551655960.2214699,2,1
1551655960.2215438,2,1
1551655960.2216082,2,1
1551655960.221726,2,1
1551655960.2219403,2,1
1551655960.2220113,2,1
1551655960.2221105,2,1
1551655960.2382097,2,1
1551655960.238517,2,1
1551655960.23859,2,1
1551655960.2387474,2,1
1551655960.2388167,2,1
1551655960.23888,2,1
1551655960.2389414,2,1
1551655960.2390034,2,1
1551655960.239066,2,1
1551655960.2391274,2,1
1551655960.2391882,2,1
1551655960.2393258,2,1
1551655960.23939,2,1
1551655960.239451,2,1
1551655960.2395666,2,1
1551655960.239631,2,1
1551655960.239746,2,1
1551655960.239856,2,1
1551655960.2399776,2,1
1551655960.2401063,2,1
1551655960.2561197,2,1
1551655960.2562582,2,1
1551655960.2563233,2,1
1551655960.2564192,2,1
1551655960.2565467,2,1
1551655960.2566762,2,1
1551655960.2567687,2,1
1551655960.2568328,2,1
1551655960.2568984,2,1
1551655960.2569606,2,1
1551655960.2570224,2,1
1551655960.2571402,2,1
1551655960.2572045,2,1
1551655960.2573266,2,1
1551655960.2692566,2,1
1551655960.2694454,2,1
1551655960.2853541,2,1
1551655960.2855563,2,1
1551655960.3014545,2,1
1551655960.3016398,2,1
1551655960.317659,2,1
1551655960.317842,2,1
1551655960.3335462,2,1
1551655960.3337214,2,1
1551655960.349867,2,1
1551655960.350047,2,1
1551655960.3663232,2,1
1551655960.3664968,2,1
1551655960.382171,2,1
1551655960.3823564,2,1
1551655960.382428,2,1
1551655960.3825703,2,1
1551655960.3826895,2,1
1551655960.3827612,2,1
1551655960.382913,2,1
1551655960.383232,2,1
1551655960.383369,2,1
1551655960.3834362,2,1
1551655960.383503,2,1
1551655960.3835685,2,1
1551655960.3836334,2,1
1551655960.3837514,2,1
1551655960.383859,2,1
1551655960.3839889,2,1
1551655960.3841221,2,1
1551655960.4002724,2,1
1551655960.4005022,2,1
1551655960.4006479,2,1
1551655960.400719,2,1
1551655960.4007852,2,1
1551655960.4008496,2,1
1551655960.400913,2,1
1551655960.4009757,2,1
1551655960.4010453,2,1
1551655960.4011238,2,1
1551655960.4011986,2,1
1551655960.4015434,2,1
1551655960.4016242,2,1
1551655960.4017682,2,1
1551655960.4025288,2,1
1551655960.4182696,2,1
1551655960.4185274,2,1
1551655960.418598,2,1
1551655960.418761,2,1
1551655960.4188328,2,1
1551655960.4188986,2,1
1551655960.4189615,2,1
1551655960.419023,2,1
1551655960.419085,2,1
1551655960.4191463,2,1
1551655960.4192603,2,1
1551655960.4193246,2,1
1551655960.4193857,2,1
1551655960.4194462,2,1
1551655960.419541,2,1
1551655960.4196026,2,1
1551655960.4197185,2,1
1551655960.4198475,2,1
1551655960.419977,2,1
1551655960.42011,2,1
1551655960.4481878,2,1
1551655960.4483821,2,1
1551655960.4639442,2,1
1551655960.4641736,2,1
1551655960.4806564,2,1
1551655960.4808774,2,1
1551655960.4964714,2,1
1551655960.496648,2,1
1551655960.5001795,4,1
1551655960.5006325,2,1
1551655960.5153368,2,1
1551655960.515419,2,1
1551655966.3177388,4,1
1551655966.328893,2,1
1551655966.3437343,2,1
1551655966.3489568,2,1
1551655972.4016593,4,1
1551655972.4124026,2,1
1551655972.4124973,2,1
1551655972.412681,2,1
1551655972.4276655,2,1
1551655972.432884,2,1
1551655979.2233136,4,1
1551655979.2343903,2,1
1551655979.249263,2,1
1551655979.2530828,2,1
1551655998.284021,4,1
1551655998.2947216,2,1
1551655998.2950177,2,1
1551655998.309952,2,1
1551656009.4981668,4,1
1551656009.509237,2,1
1551656009.524072,2,1
1551656030.788517,2,1
1551656058.5450974,4,1
1551656058.5454776,2,1
1551656058.5607677,2,1
1551656062.9027257,4,1
1551656063.3945444,2,1
1551656074.5370572,4,1
1551656074.9724636,2,1
1551656074.9725919,2,1
1551656079.2022696,4,1
1551656079.4379783,2,1
1551656079.4382365,2,1
1551656090.7980506,4,1
1551656091.3714383,2,1
1551656103.4477239,4,1
1551656104.0521755,2,1
1551656117.09962,4,1
1551656117.6224744,2,1
1551656131.3962975,4,1
1551656131.7961886,2,1
1551656138.8856506,4,1
1551656138.886129,2,1
1551656266.9336786,4,1
1551656267.9568534,4,2
1551656268.2126784,4,1
1551656269.2357469,4,2
1551656269.4915211,4,1
1551656270.5150013,4,2
1551656270.7709994,4,1
1551656271.7949045,4,2
1551656272.0509315,4,1
1551656273.0746396,4,2
1551656273.3307416,4,1
1551656274.353996,4,2
1551656274.609813,4,1
1551656275.63272,4,2
1551656275.8885405,4,1
1551656276.9116557,4,2
1551656277.1674776,3,4