
1558559689.2468786,4,1
1558559689.7882311,2,1
1558559689.7933557,2,1
1558559689.7934883,2,1
1558559695.6347568,4,1
1558559696.4520674,2,1
1558559696.4526196,2,1
1558559743.8593028,4,1
1558559744.8808277,4,2
1558559745.1363375,4,1
1558559746.1578863,4,2
1558559746.4132514,4,1
1558559747.434551,4,2
1558559747.6898556,4,1
1558559748.4695714,2,1
1558559751.7765436,4,1
1558559752.0720253,2,1
1558559767.299005,4,1
1558559767.8176932,2,1
1558559767.8181195,2,1
1558559767.8181922,2,1
1558559799.8626752,4,1
1558559800.8859658,4,2
1558559801.1415465,4,1
1558559802.1632802,4,2
1558559802.1990519,2,1
1558559802.498811,2,1
1558559810.2300742,4,1
1558559810.8685496,2,1
1558559810.8686864,2,1
1558559850.2824051,4,1
1558559851.304366,4,2
1558559851.5596879,4,1
1558559852.2952397,2,1
1558559852.2956345,2,1
1558559866.5321255,4,1
1558559867.5536623,4,2
1558559867.809002,4,1
1558559868.8306317,4,2
1558559869.0859962,4,1
1558559869.606995,2,1
1558559869.6071284,2,1
1558559919.5847178,4,1
1558559920.1085944,2,1
1558560097.0233428,4,1
1558560097.3177793,2,1
1558560097.3249817,2,1
1558560112.3792458,4,1
1558560113.4011834,4,2
1558560113.6566093,4,1
1558560114.4260411,2,1
1558560118.981259,4,1
1558560120.0030537,4,2
1558560120.2584257,4,1
1558560121.2801294,4,2
1558560121.5355933,4,1
1558560122.557125,4,2
1558560122.8125057,4,1
1558560123.8340175,4,2
1558560124.089403,4,1
1558560124.6412196,2,1
1558560124.6416302,2,1
1558560163.4659843,4,1
1558560164.488167,4,2
1558560164.7436411,4,1
1558560165.7654557,4,2
1558560166.0208316,4,1
1558560166.5421956,2,1
1558560166.542688,2,1
1558560200.0671566,4,1
1558560201.0892143,4,2
1558560201.344749,4,1
1558560202.3663101,4,2
1558560202.4114342,2,1
1558560202.6691875,2,1
1558560267.7932293,4,1
1558560268.4223895,2,1
1558560268.4225302,2,1
1558560283.8198185,4,1
1558560284.8432071,4,2
1558560285.0989876,4,1
1558560286.12077,4,2
1558560286.376544,4,1
1558560287.1285903,2,1
1558560293.6034563,4,1
1558560294.6248245,4,2
1558560294.8802893,4,1
1558560295.7006488,2,1
1558560295.7008424,2,1
1558560295.7009194,2,1
1558560299.5694153,4,1
1558560300.5910516,4,2
1558560300.8465707,4,1
1558560301.8681803,4,2
1558560302.123516,4,1
1558560303.1447792,4,2
1558560303.4001942,4,1
1558560304.4217389,4,2
1558560304.6771193,4,1
1558560305.0041583,2,1
1558560305.004502,2,1
1558560366.9992373,4,1
1558560368.0205226,4,2
1558560368.275937,4,1
1558560368.8123538,2,1
1558560372.4768643,4,1
1558560373.4983532,4,2
1558560373.7537253,4,1
1558560374.7749114,4,2
1558560375.0302107,4,1
1558560375.8065393,2,1
1558560375.8097389,2,1
1558560375.8098094,2,1
1558560379.3693123,4,1
1558560379.5870788,2,1
1558560384.0948858,4,1
1558560385.1163173,4,2
1558560385.1734998,2,1
1558560435.052831,4,1
1558560435.99259,2,1
1558560435.9981875,2,1
1558560461.3115468,4,1
1558560462.332933,4,2
1558560462.5882368,4,1
1558560463.6095376,4,2
1558560463.864944,4,1
1558560464.425684,2,1
1558560468.4707594,4,1
1558560469.4922788,4,2
1558560469.6701767,2,1
1558560516.293806,4,1
1558560517.3154163,4,2
1558560517.5707104,4,1
1558560517.988901,2,1
1558560517.9897187,2,1
1558560537.457735,4,1
1558560538.4806647,4,2
1558560538.7362547,4,1
1558560538.9894497,2,1
1558560538.9895647,2,1
1558560554.1869862,4,1
1558560554.4704704,2,1
1558560568.8571382,4,1
1558560569.8790314,4,2
1558560570.134612,4,1
1558560570.910606,2,1
1558560570.911369,2,1
1558560585.3108819,4,1
1558560586.332505,4,2
1558560586.5880249,4,1
1558560587.0932617,2,1
1558560590.4443533,4,1
1558560590.7411065,2,1
1558560632.2220674,4,1
1558560633.2452176,4,2
1558560633.5007257,4,1
1558560634.5225248,4,2
1558560634.7779384,4,1
1558560635.1046104,2,1
1558560635.105284,2,1
1558560731.920137,4,1
1558560732.9419935,4,2
1558560733.1973643,4,1
1558560734.2042732,2,1
1558560737.657904,4,1
1558560738.6796286,4,2
1558560738.9352126,4,1
1558560739.2320735,2,1
1558560739.2323053,2,1
1558560739.2331636,2,1
1558560739.2332332,2,1
1558560742.0030503,4,1
1558560742.8558533,2,1
1558560747.365933,4,1
1558560748.387562,4,2
1558560748.642947,4,1
1558560749.664623,4,2
1558560749.9200072,4,1
1558560750.9132655,2,1
1558560766.4088662,4,1
1558560767.430564,4,2
1558560767.6860871,4,1
1558560768.7071476,4,2
1558560768.9626157,4,1
1558560769.7592134,2,1
1558560769.7594705,2,1
1558560773.026555,4,1
1558560774.0479248,4,2
1558560774.1059105,2,1
1558560777.2353992,4,1
1558560777.7436886,2,1
1558560811.9451988,4,1
1558560812.9684463,4,2
1558560812.9862468,2,1
1558560812.986401,2,1
1558560812.9892879,2,1
1558560851.6372879,4,1
1558560852.6587133,4,2
1558560852.91408,4,1
1558560853.7296946,2,1
1558560937.0323563,4,1
1558560937.5417032,2,1
1558560952.066207,4,1
1558560953.0879238,4,2
1558560953.1496596,2,1
1558560953.1497672,2,1
1558560953.1499965,2,1
1558560970.7684774,4,1
1558560971.7903495,4,2
1558560972.045777,4,1
1558560972.5645478,2,1
1558560991.5706112,4,1
1558560992.592534,4,2
1558560992.8480198,4,1
1558560993.8694556,4,2
1558560994.125029,4,1
1558560994.6610422,2,1
1558561035.5860455,4,1
1558561036.608307,4,2
1558561036.863997,4,1
1558561037.8857703,4,2
1558561038.141179,4,1
1558561038.3866022,2,1
1558561038.3867202,2,1
1558561038.3869338,2,1
1558561058.7208836,4,1
1558561059.7420948,4,2
1558561059.9973757,4,1
1558561061.0184562,4,2
1558561061.2737367,4,1
1558561061.7829168,2,1
1558561061.7830803,2,1
1558561061.7848585,2,1
1558561077.1581082,4,1
1558561077.6634212,2,1
1558561103.5031397,4,1
1558561104.5258508,4,2
1558561104.7813525,4,1
1558561105.0660594,2,1
1558561109.5872078,4,1
1558561110.6090674,4,2
1558561110.6158197,2,1
1558561110.615967,2,1
1558561110.6400125,2,1
1558561117.1305084,4,1
1558561118.1522021,4,2
1558561118.407685,4,1
1558561119.429015,4,2
1558561119.4801865,2,1
1558561119.480462,2,1
1558561119.4805365,2,1
1558561119.5011709,2,1
1558561152.6481016,4,1
1558561153.173008,2,1
1558561157.376312,4,1
1558561158.1730258,2,1
1558561158.178611,2,1
1558561172.1176357,4,1
1558561172.8843925,2,1
1558561172.8847122,2,1
1558561172.8868794,2,1
1558561188.8122103,4,1
1558561189.566667,2,1
1558561205.8186283,4,1
1558561206.371028,2,1
1558561206.3713984,2,1
1558561206.3727918,2,1
1558561206.3729088,2,1
1558561210.4540324,4,1
1558561211.4761364,4,2
1558561211.73162,4,1
1558561212.7533991,4,2
1558561212.7880654,2,1
1558561213.0889368,2,1
1558561221.737088,4,1
1558561222.7601886,4,2
1558561222.85614,2,1
1558561242.847474,4,1
1558561243.3836935,2,1
1558561243.3838327,2,1
1558561274.1047623,4,1
1558561274.3452017,2,1
1558561274.3453553,2,1
1558561288.6247075,4,1
1558561289.4090922,2,1
1558561289.4092588,2,1
1558561289.4168792,2,1
1558561293.3865778,4,1
1558561294.1394618,2,1
1558561298.6469848,4,1
1558561298.9030266,2,1
1558561298.9034083,2,1
1558561298.9056416,2,1
1558561315.3786728,4,1
1558561315.652971,2,1
1558561315.6531074,2,1
1558561333.9230719,4,1
1558561334.9447877,4,2
1558561335.2001474,4,1
1558561336.221368,4,2
1558561336.4769654,4,1
1558561336.732729,2,1
1558561336.7330487,2,1
1558561354.62304,4,1
1558561355.644611,4,2
1558561355.9001074,4,1
1558561356.73784,2,1
1558561356.7381425,2,1
1558561356.7388864,2,1
1558561371.2973015,4,1
1558561371.8044908,2,1
1558561375.1762457,4,1
1558561375.9803777,2,1
1558561379.3833747,4,1
1558561380.405263,4,2
1558561380.4905808,2,1
1558561397.0543034,4,1
1558561398.076373,4,2
1558561398.331754,4,1
1558561399.3548317,4,2
1558561399.6101913,4,1
1558561400.1250653,2,1
1558561429.2950413,4,1
1558561429.6198893,2,1
1558561429.620052,2,1
1558561433.8328238,4,1
1558561434.854399,4,2
1558561435.1097515,4,1
1558561435.6151567,2,1
1558561435.6153226,2,1
1558561486.7292032,4,1
1558561487.5364842,2,1
1558561487.536917,2,1
1558561487.5391266,2,1
1558561491.0508347,4,1
1558561491.550202,2,1
1558561491.5567963,2,1
1558561527.426712,4,1
1558561528.4485035,4,2
1558561528.7039866,4,1
1558561529.7252877,4,2
1558561529.980774,4,1
1558561530.3158357,2,1
1558561534.0222945,4,1
1558561534.3236194,2,1
1558561578.7709846,4,1
1558561579.792631,4,2
1558561580.0481632,4,1
1558561581.0698113,4,2
1558561581.3252325,4,1
1558561582.346601,4,2
1558561582.602199,4,1
1558561583.623542,4,2
1558561583.8789191,4,1
1558561584.8903255,2,1
1558561584.8906214,2,1
1558561589.9763489,4,1
1558561590.9980247,4,2
1558561591.2534766,4,1
1558561592.2607193,2,1
1558561596.2326164,4,1
1558561596.4887338,2,1
1558561596.489132,2,1
1558561596.490809,2,1
1558561596.4908783,2,1
1558561602.0999074,4,1
1558561602.4275835,2,1
1558561602.4279523,2,1
1558561606.888573,4,1
1558561607.3896022,2,1
1558561607.389994,2,1
1558561680.1395516,4,1
1558561681.0110555,2,1
1558561684.7756014,4,1
1558561685.7969213,4,2
1558561685.8832483,2,1
1558561685.883389,2,1
1558561685.9095173,2,1
1558561692.1873634,4,1
1558561692.7292225,2,1
1558561692.729575,2,1
1558561758.0765793,4,1
1558561759.0993488,4,2
1558561759.1201224,2,1
1558561759.1205485,2,1
1558561759.1609776,2,1
1558561759.1614196,2,1
1558561780.9058626,4,1
1558561781.9276469,4,2
1558561781.9982677,2,1
1558561781.9995348,2,1
1558561782.0201669,2,1
1558561782.0204885,2,1
1558561806.7359645,4,1
1558561807.7577372,4,2
1558561808.0131016,4,1
1558561809.022162,2,1
1558561823.9434662,4,1
1558561824.5056589,2,1
1558561824.506123,2,1
1558561828.107789,4,1
1558561829.105186,2,1
1558561845.6091454,4,1
1558561846.6321766,4,2
1558561846.65292,2,1
1558561846.653042,2,1
1558561861.7289171,4,1
1558561861.983385,2,1
1558561861.9835165,2,1
1558561865.9648979,4,1
1558561866.9866772,4,2
1558561867.2420897,4,1
1558561868.2637284,4,2
1558561868.2826715,2,1
1558561868.282786,2,1
1558561868.2829204,2,1
1558561868.284453,2,1
1558561868.325326,2,1
1558561868.3257341,2,1
1558561873.522034,4,1
1558561874.0928442,2,1
1558561874.0930176,2,1
1558561874.0995588,2,1
1558561881.3038883,4,1
1558561882.3251042,4,2
1558561882.5804815,4,1
1558561882.8464751,2,1
1558561882.8468313,2,1
1558561882.8479362,2,1
1558561882.848034,2,1
1558561887.4780529,4,1
1558561888.2559392,2,1
1558561888.2563221,2,1
1558561888.2568836,2,1
1558561892.3563936,4,1
1558561893.3647408,2,1
1558561901.05816,4,1
1558561901.3127208,2,1
1558561901.3129036,2,1
1558561901.319218,2,1
1558561919.7361946,4,1
1558561920.243333,2,1
1558561926.4664817,4,1
1558561927.4880116,4,2
1558561927.7435312,4,1
1558561928.7647436,4,2
1558561929.0200493,4,1
1558561929.3505986,2,1
1558561944.3788254,4,1
1558561945.4001138,4,2
1558561945.5230079,2,1
1558561945.5235224,2,1
1558561945.5235925,2,1
1558561945.5241694,2,1
1558561945.5242357,2,1
1558561951.519152,4,1
1558561952.5408835,4,2
1558561952.7965062,4,1
1558561953.0195186,2,1
1558561953.019636,2,1
1558561978.9362743,4,1
1558561979.743646,2,1
1558561979.7437854,2,1
1558561979.7438567,2,1
1558561979.7439203,2,1
1558561979.743982,2,1
1558561979.744043,2,1
1558561979.7498653,2,1
1558561986.7999613,4,1
1558561987.039818,2,1
1558561991.1660125,4,1
1558561992.1876972,4,2
1558561992.2635496,2,1
1558562000.715711,4,1
1558562001.271098,2,1
1558562001.2712357,2,1
1558562001.2713056,2,1
1558562001.2714334,2,1
1558562006.9449003,4,1
1558562007.9664931,4,2
1558562008.2219827,4,1
1558562009.24326,4,2
1558562009.4986165,4,1
1558562010.25012,2,1
1558562013.9121742,4,1
1558562014.4123015,2,1
1558562014.4124742,2,1
1558562014.4180791,2,1
1558562032.409809,4,1
1558562033.21205,2,1
1558562037.487663,4,1
1558562038.5091503,4,2
1558562038.7646823,4,1
1558562039.7857885,4,2
1558562039.8417346,2,1
1558562044.5949185,4,1
1558562045.6165833,4,2
1558562045.871952,4,1
1558562046.393137,2,1
1558562046.3935106,2,1
1558562046.3948941,2,1
1558562046.3949633,2,1
1558562051.3670206,4,1
1558562051.9473996,2,1
1558562051.9475396,2,1
1558562062.766787,4,1
1558562063.7880783,4,2
1558562064.04346,4,1
1558562064.5954974,2,1
1558562064.598726,2,1
1558562064.5988007,2,1
1558562100.1247857,4,1
1558562101.146988,4,2
1558562101.402457,4,1
1558562102.4237676,4,2
1558562102.6792233,4,1
1558562103.7006037,4,2
1558562103.9561727,4,1
1558562104.9775703,4,2
1558562105.0670562,2,1
1558562115.562997,4,1
1558562116.5846057,4,2
1558562116.8401208,4,1
1558562117.3309994,2,1
1558562117.3313255,2,1
1558562122.1149654,4,1
1558562122.6092453,2,1
1558562122.6104157,2,1
1558562126.0027494,4,1
1558562127.0241425,4,2
1558562127.0801876,2,1
1558562135.2649872,4,1
1558562135.8124905,2,1
1558562139.6529796,4,1
1558562139.9628303,2,1
1558562139.9629757,2,1
1558562143.8260126,4,1
1558562144.847523,4,2
1558562145.1029072,4,1
1558562146.124159,4,2
1558562146.379495,4,1
1558562146.870052,2,1
1558562146.8703341,2,1
1558562157.2471194,4,1
1558562157.7995195,2,1
1558562157.7998157,2,1
1558562157.8031204,2,1
1558562157.803192,2,1
1558562163.1362405,4,1
1558562164.1593406,4,2
1558562164.415019,4,1
1558562165.4369447,4,2
1558562165.6925223,4,1
1558562166.1762877,2,1
1558562171.685291,4,1
1558562172.706757,4,2
1558562172.9620795,4,1
1558562173.5239825,2,1
1558562173.5242796,2,1
1558562173.5258548,2,1
1558562177.7969632,4,1
1558562178.0323236,2,1
1558562178.0327275,2,1
1558562182.3844132,4,1
1558562182.6871572,2,1
1558562182.6873262,2,1
1558562200.6830869,4,1
1558562200.9370222,2,1
1558562200.9371617,2,1
1558562205.9062598,4,1
1558562206.9278126,4,2
1558562207.0605447,2,1
1558562207.060836,2,1
1558562222.4641688,4,1
1558562223.4857147,4,2
1558562223.6187904,2,1
1558562223.6190844,2,1
1558562223.6213746,2,1
1558562223.6214712,2,1
1558562240.1104589,4,1
1558562241.0814176,2,1
1558562241.081751,2,1
1558562248.5593703,4,1
1558562249.0504172,2,1
1558562249.0506642,2,1
1558562249.052096,2,1
1558562249.052165,2,1
1558562255.464763,4,1
1558562255.975778,2,1
1558562255.9759169,2,1
1558562259.394838,4,1
1558562260.4165492,4,2
1558562260.6719391,4,1
1558562261.6934621,4,2
1558562261.94881,4,1
1558562262.9703505,4,2
1558562263.225938,4,1
1558562264.2473676,4,2
1558562264.502767,4,1
1558562265.5240927,4,2
1558562265.6161032,2,1
1558562265.6164553,2,1
1558562269.4671748,4,1
1558562270.2024713,2,1
1558562270.2082686,2,1
1558562273.9160414,4,1
1558562274.7838187,2,1
1558562280.938321,4,1
1558562281.960492,4,2
1558562282.0921543,2,1
1558562298.630199,4,1
1558562299.6517382,4,2
1558562299.907324,4,1
1558562300.9286091,4,2
1558562301.184011,4,1
1558562301.899628,2,1
1558562301.89976,2,1
1558562308.9179568,4,1
1558562309.9194746,2,1
1558562309.922153,2,1
1558562330.3087745,4,1
1558562331.3303452,4,2
1558562331.3954523,2,1
1558562334.54498,4,1
1558562335.5668087,4,2
1558562335.8222597,4,1
1558562336.844048,4,2
1558562337.0994322,4,1
1558562338.1211426,4,2
1558562338.3765385,4,1
1558562338.6383276,2,1
1558562342.9556077,4,1
1558562343.9771447,4,2
1558562344.2324803,4,1
1558562345.2538905,4,2
1558562345.509205,4,1
1558562346.3160832,2,1
1558562346.3162107,2,1
1558562350.6959374,4,1
1558562351.7179704,4,2
1558562351.9733777,4,1
1558562352.9951088,4,2
1558562353.2505233,4,1
1558562354.2720432,4,2
1558562354.527452,4,1
1558562355.548986,4,2
1558562355.8044808,4,1
1558562356.0396564,2,1
1558562362.1377633,4,1
1558562362.389926,2,1
1558562362.3900583,2,1
1558562367.6225967,4,1
1558562368.6448345,4,2
1558562368.9005728,4,1
1558562369.9221988,4,2
1558562370.1775868,4,1
1558562370.42023,2,1
1558562377.502879,4,1
1558562378.524911,4,2
1558562378.780313,4,1
1558562379.8017356,4,2
1558562380.057244,4,1
1558562380.6193526,2,1
1558562380.6194854,2,1
1558562392.7256215,4,1
1558562393.7476325,4,2
1558562394.0031123,4,1
1558562395.024877,4,2
1558562395.28027,4,1
1558562395.7769928,2,1
1558562395.7771256,2,1
1558562401.9325695,4,1
1558562402.954163,4,2
1558562403.2095163,4,1
1558562404.2308495,4,2
1558562404.4862235,4,1
1558562404.731652,2,1
1558562404.736004,2,1
1558562413.571973,4,1
1558562413.8153665,2,1
1558562417.4356136,4,1
1558562417.9920294,2,1
1558562421.2042427,4,1
1558562422.2256565,4,2
1558562422.2919452,2,1
1558562422.292108,2,1
1558562429.3765194,4,1
1558562430.397855,4,2
1558562430.4670694,2,1
1558562430.4697883,2,1
1558562430.5003872,2,1
1558562430.5006993,2,1
1558562446.3881032,4,1
1558562447.411016,4,2
1558562447.6665585,4,1
1558562448.6881607,4,2
1558562448.9435837,4,1
1558562449.9652593,4,2
1558562450.220707,4,1
1558562450.9706545,2,1
1558562467.2063112,4,1
1558562468.0195036,2,1
1558562476.8599534,4,1
1558562477.4530866,2,1
1558562481.7879813,4,1
1558562482.0286605,2,1
1558562486.981252,4,1
1558562488.0029736,4,2
1558562488.0543754,2,1
1558562488.0546632,2,1
1558562488.057234,2,1
1558562492.0029576,4,1
1558562492.5133615,2,1
1558562492.519145,2,1
1558562496.2082975,4,1
1558562496.9712732,2,1
1558562500.7433772,4,1
1558562501.7650533,4,2
1558562502.0203953,4,1
1558562503.0418663,4,2
1558562503.11105,2,1
1558562503.111687,2,1
1558562503.1342974,2,1
1558562509.1560314,4,1
1558562509.7428155,2,1
1558562514.2407472,4,1
1558562515.2622077,4,2
1558562515.5175488,4,1
1558562516.5288277,2,1
1558562516.5305274,2,1
1558562522.7459886,4,1
1558562523.0019314,2,1
1558562523.002216,2,1
1558562523.003754,2,1
1558562528.1213064,4,1
1558562529.1446488,4,2
1558562529.4005005,4,1
1558562530.4234972,4,2
1558562530.6788847,4,1
1558562530.7507563,2,1
1558562530.7508695,2,1
1558562530.751909,2,1
1558562530.7520008,2,1
1558562534.2869573,4,1
1558562535.310073,4,2
1558562535.5656703,4,1
1558562536.3617206,2,1
1558562556.87804,4,1
1558562557.3998237,2,1
1558562561.8771183,4,1
1558562562.61342,2,1
1558562562.6136732,2,1
1558562570.4086626,4,1
1558562571.2670455,2,1
1558562571.2671914,2,1
1558562571.267383,2,1
1558562577.6822155,4,1
1558562578.704006,4,2
1558562578.959371,4,1
1558562579.980826,4,2
1558562580.2362378,4,1
1558562581.2579117,4,2
1558562581.5133386,4,1
1558562581.8335452,2,1
1558562602.5761297,4,1
1558562603.157943,2,1
1558562609.3050888,4,1
1558562609.612295,2,1
1558562609.612617,2,1
1558562609.613979,2,1
1558562619.0066667,4,1
1558562620.028537,4,2
1558562620.2839801,4,1
1558562620.815412,2,1
1558562620.818796,2,1
1558562620.8188727,2,1
1558562644.7402859,4,1
1558562645.514685,2,1
1558562645.5148578,2,1
1558562645.5209606,2,1
1558562651.134886,4,1
1558562652.1567032,4,2
1558562652.4122481,4,1
1558562652.7293947,2,1
1558562652.7295687,2,1
1558562655.733251,4,1
1558562656.239974,2,1
1558562660.2678225,4,1
1558562661.2895722,4,2
1558562661.545094,4,1
1558562662.566828,4,2
1558562662.6328182,2,1
1558562662.6694157,2,1
1558562662.6695082,2,1
1558562671.1316268,4,1
1558562671.6711009,2,1
1558562679.1151395,4,1
1558562680.1375406,4,2
1558562680.3930886,4,1
1558562681.4149306,4,2
1558562681.4690723,2,1
1558562686.428961,4,1
1558562686.7361434,2,1
1558562686.7364678,2,1
1558562691.8539412,4,1
1558562692.8757958,4,2
1558562693.1314073,4,1
1558562694.1529324,4,2
1558562694.4083927,4,1
1558562694.905223,2,1
1558562699.7426872,4,1
1558562700.252431,2,1
1558562700.2581449,2,1
1558562706.424341,4,1
1558562707.4458544,4,2
1558562707.7012005,4,1
1558562708.7231562,4,2
1558562708.7951186,2,1
1558562715.876052,4,1
1558562716.6788301,2,1
1558562716.679009,2,1
1558562800.73327,4,1
1558562801.7552502,4,2
1558562802.01061,4,1
1558562802.508756,2,1
1558562819.406788,4,1
1558562819.7123015,2,1
1558562819.7124796,2,1
1558562827.6106062,4,1
1558562828.6324158,4,2
1558562828.8877926,4,1
1558562829.909293,2,1
1558562829.909432,2,1
1558562829.9105165,2,1
1558562837.4951863,4,1
1558562837.791887,2,1
1558562837.7922058,2,1
1558562859.7941456,4,1
1558562860.8156388,4,2
1558562861.07099,4,1
1558562862.0924313,4,2
1558562862.3478985,4,1
1558562862.5729299,2,1
1558562862.573189,2,1
1558562862.574456,2,1
1558562866.9069095,4,1
1558562867.928556,4,2
1558562868.1839767,4,1
1558562869.2055767,4,2
1558562869.460942,4,1
1558562870.2275724,2,1
1558562870.2299085,2,1
1558562875.0391812,4,1
1558562876.0609112,4,2
1558562876.3164563,4,1
1558562877.3379183,4,2
1558562877.5933282,4,1
1558562878.614988,4,2
1558562878.8704185,4,1
1558562879.89224,4,2
1558562879.953955,2,1
1558562894.533449,4,1
1558562895.3306828,2,1
1558562899.8391032,4,1
1558562900.0835195,2,1
1558562900.0836594,2,1
1558562900.0873766,2,1
1558562932.1177433,4,1
1558562933.1391215,4,2
1558562933.3947394,4,1
1558562933.895617,2,1
1558562933.8958805,2,1
1558562944.171284,4,1
1558562945.1928544,4,2
1558562945.2435513,2,1
1558562945.2443395,2,1
1558562945.2647858,2,1
1558562953.5514073,4,1
1558562954.060898,2,1
1558562969.2150838,4,1
1558562970.234046,2,1
1558562981.5591748,4,1
1558562982.581001,4,2
1558562982.8367183,4,1
1558562983.8582976,4,2
1558562983.9097953,2,1
1558562983.9099908,2,1
1558563976.0828428,3,2