
1554758661.1991584,4,1
1554758662.2209756,4,2
1554758662.4762754,4,1
1554758662.5597088,2,1
1554758666.5506186,4,1
1554758667.0882475,2,1
1554758714.683917,4,1
1554758715.7055347,4,2
1554758715.7138689,2,1
1554758718.8717325,4,1
1554758719.87879,2,1
1554758726.2287984,4,1
1554758726.8492846,2,1
1554758733.182264,4,1
1554758733.9679081,2,1
1554758847.1030984,4,1
1554758847.6496897,2,1
1554758854.674389,4,1
1554758855.695947,4,2
1554758855.8674216,2,1
1554758855.8804407,2,1
1554758937.3083036,4,1
1554758937.470354,2,1
1554758979.9534194,4,1
1554758980.2069154,2,1
1554759037.0014982,4,1
1554759037.2700298,2,1
1554759041.8998172,4,1
1554759042.1473262,2,1
1554759166.3118129,4,1
1554759166.7954621,2,1
1554759172.3837707,4,1
1554759173.406903,4,2
1554759173.662586,4,1
1554759174.6845138,4,2
1554759174.8369386,2,1
1554759205.6752307,4,1
1554759206.6969035,4,2
1554759206.952355,4,1
1554759207.9738386,4,2
1554759208.2295413,4,1
1554759208.4581969,2,1
1554759266.0466032,4,1
1554759266.309049,2,1
1554759294.5467012,4,1
1554759295.568053,4,2
1554759295.8233724,4,1
1554759296.318958,2,1
1554759300.7635562,4,1
1554759301.255589,2,1
1554759386.0345483,4,1
1554759386.628396,2,1
1554759386.6285865,2,1
1554759427.391664,4,1
1554759428.4132745,4,2
1554759428.6686628,4,1
1554759429.2887733,2,1
1554759556.108319,4,1
1554759556.367135,2,1
1554759563.1690884,4,1
1554759564.191178,4,2
1554759564.4465613,4,1
1554759565.2082543,2,1
1554759571.6203032,4,1
1554759571.866087,2,1
1554759571.8661873,2,1
1554759656.3861535,4,1
1554759657.1407144,2,1
1554759662.1596773,4,1
1554759663.1812017,4,2
1554759663.4375522,4,1
1554759663.988226,2,1
1554759705.3551283,4,1
1554759706.3778887,4,2
1554759706.6335697,4,1
1554759707.6553185,4,2
1554759707.9108138,4,1
1554759708.7147944,2,1
1554759714.0372093,4,1
1554759715.058711,4,2
1554759715.3141327,4,1
1554759715.6112,2,1
1554759720.7932432,4,1
1554759721.8153937,4,2
1554759721.8559096,2,1
1554759722.1338165,2,1
1554759795.6943035,4,1
1554759796.7163901,4,2
1554759796.9718578,4,1
1554759797.9933116,4,2
1554759798.2486694,4,1
1554759799.2703176,4,2
1554759799.5257688,4,1
1554759800.5475273,4,2
1554759800.8028665,4,1
1554759801.823994,4,2
1554759802.0795252,4,1
1554759802.4000132,2,1
1554759809.1210215,4,1
1554759809.8996205,2,1
1554759816.9915714,4,1
1554759817.2230418,2,1
1554759858.2392135,4,1
1554759859.2605405,4,2
1554759859.5158553,4,1
1554759860.295488,2,1
1554759883.1807873,4,1
1554759884.1914163,2,1
1554759907.1354773,4,1
1554759907.9338875,2,1
1554759933.7749104,4,1
1554759934.0222542,2,1
1554759939.4127634,4,1
1554759939.6462173,2,1
1554759993.2002363,4,1
1554759994.2228723,4,2
1554759994.4782043,4,1
1554759995.4992611,4,2
1554759995.754678,4,1
1554759996.1106918,2,1
1554760035.7312863,4,1
1554760035.9821994,2,1
1554760058.8501225,4,1
1554760059.8643768,2,1
1554760066.208584,4,1
1554760067.2300613,4,2
1554760067.4854357,4,1
1554760067.8129196,2,1
1554760067.8130553,2,1
1554760075.3467839,4,1
1554760075.8498704,2,1
1554760097.9405692,4,1
1554760098.9590266,2,1
1554760114.5203242,4,1
1554760115.541534,4,2
1554760115.7969615,4,1
1554760116.818023,4,2
1554760117.0733075,4,1
1554760117.7067533,2,1
1554760139.6913118,4,1
1554760140.714313,4,2
1554760140.9700277,4,1
1554760142.0025506,4,2
1554760142.2580774,4,1
1554760142.7928944,2,1
1554760148.358969,4,1
1554760148.8989158,2,1
1554760171.354187,4,1
1554760172.3754194,4,2
1554760172.6307728,4,1
1554760173.6521397,4,2
1554760173.6560245,2,1
1554760178.4793017,4,1
1554760179.500667,4,2
1554760179.7559865,4,1
1554760180.7772079,4,2
1554760180.8674984,2,1
1554760185.799207,4,1
1554760186.0861676,2,1
1554760273.094906,4,1
1554760273.6867657,2,1
1554760331.2871416,4,1
1554760332.0964036,2,1
1554760332.0965428,2,1
1554760337.790662,4,1
1554760338.8119798,4,2
1554760338.9502556,2,1
1554760354.6311028,4,1
1554760355.6522992,4,2
1554760355.9078114,4,1
1554760356.9288805,4,2
1554760357.184198,4,1
1554760357.944322,2,1
1554760382.401071,4,1
1554760383.4226453,4,2
1554760383.6780472,4,1
1554760383.9184313,2,1
1554760406.5967996,4,1
1554760407.1475961,2,1
1554760429.0176477,4,1
1554760429.7812924,2,1
1554760482.8771272,4,1
1554760483.6844811,2,1
1554760483.6846218,2,1
1554760517.1027474,4,1
1554760517.6485605,2,1
1554760522.9641087,4,1
1554760523.4699006,2,1
1554760563.4928246,4,1
1554760563.7321095,2,1
1554760635.5802593,4,1
1554760635.9233258,2,1
1554760640.7446866,4,1
1554760641.7661011,4,2
1554760641.8009286,2,1
1554760642.1004071,2,1
1554760650.3558528,4,1
1554760650.6816132,2,1
1554760672.5144243,4,1
1554760673.5370984,4,2
1554760673.7927155,4,1
1554760674.2937245,2,1
1554760693.949223,4,1
1554760694.9720647,4,2
1554760695.050254,2,1
1554760720.494816,4,1
1554760721.0001,2,1
1554760726.3014355,4,1
1554760726.570339,2,1
1554760732.2811089,4,1
1554760733.3026395,4,2
1554760733.558051,4,1
1554760733.8752198,2,1
1554760738.7890277,4,1
1554760739.3165605,2,1
1554760807.1221147,4,1
1554760807.772066,2,1
1554760814.263454,4,1
1554760815.2850313,4,2
1554760815.5404625,4,1
1554760815.819122,2,1
1554760876.2803814,4,1
1554760876.537958,2,1
1554760898.9722762,4,1
1554760899.7171447,2,1
1554760923.220186,4,1
1554760924.2416081,4,2
1554760924.497075,4,1
1554760925.5185785,4,2
1554760925.5956461,2,1
1554760932.5046692,4,1
1554760933.327859,2,1
1554761013.1545444,4,1
1554761013.6487544,2,1
1554761040.7375908,4,1
1554761041.7604983,4,2
1554761041.856952,2,1
1554761041.8736904,2,1
1554761046.4953167,4,1
1554761047.1347506,2,1
1554761051.8914092,4,1
1554761052.9131358,4,2
1554761052.9549913,2,1
1554761053.2331758,2,1
1554761081.4435706,4,1
1554761081.7757802,2,1
1554761105.7400804,4,1
1554761106.7613404,4,2
1554761106.8007925,2,1
1554761107.095278,2,1
1554761116.553786,4,1
1554761116.8759086,2,1
1554761121.0839136,4,1
1554761121.3890855,2,1
1554761199.0590956,4,1
1554761200.0574987,2,1
1554761260.1640244,4,1
1554761260.4724624,2,1
1554761312.0923836,4,1
1554761312.6303532,2,1
1554761322.5098016,4,1
1554761322.76199,2,1
1554761328.176928,4,1
1554761328.6858544,2,1
1554761373.665688,4,1
1554761374.4214761,2,1
1554761379.4885666,4,1
1554761379.8014271,2,1
1554761489.9007611,4,1
1554761490.923897,4,2
1554761491.1796126,4,1
1554761492.1925297,2,1
1554761497.5849497,4,1
1554761497.8401897,2,1
1554761503.143513,4,1
1554761503.953402,2,1
1554761503.953571,2,1
1554761525.74832,4,1
1554761526.0142024,2,1
1554761531.4217713,4,1
1554761531.98762,2,1
1554761536.7656167,4,1
1554761537.787057,4,2
1554761538.0424106,4,1
1554761539.0637102,4,2
1554761539.2408216,2,1
1554761545.9595284,4,1
1554761546.6341982,2,1
1554761553.2595346,4,1
1554761554.0240264,2,1
1554761603.468665,4,1
1554761603.9672759,2,1
1554761624.289851,4,1
1554761625.2966123,2,1
1554761631.0839047,4,1
1554761631.6119645,2,1
1554761637.2567012,4,1
1554761637.7616873,2,1
1554761684.8614514,4,1
1554761685.8830442,4,2
1554761686.1384351,4,1
1554761687.159618,4,2
1554761687.2029078,2,1
1554761687.4958541,2,1
1554761695.493751,4,1
1554761695.761148,2,1
1554761717.4044573,4,1
1554761717.9256413,2,1
1554761737.6527908,4,1
1554761738.6752229,4,2
1554761738.7183824,2,1
1554761739.0334218,2,1
1554761772.2955182,4,1
1554761772.5812073,2,1
1554761815.9861696,4,1
1554761817.007979,4,2
1554761817.2633584,4,1
1554761817.5579944,2,1
1554761840.6184144,4,1
1554761841.6400557,4,2
1554761841.8956113,4,1
1554761842.9172037,4,2
1554761843.172925,4,1
1554761843.6787899,2,1
1554761921.0824077,4,1
1554761921.383561,2,1
1554761927.1264706,4,1
1554761927.8855047,2,1
1554761969.910866,4,1
1554761970.9323807,4,2
1554761971.1878753,4,1
1554761971.684698,2,1
1554762313.2368417,4,1
1554762314.004192,2,1
1554762317.526648,4,1
1554762318.5484416,4,2
1554762318.8038151,4,1
1554762319.5523798,2,1
1554762331.327249,4,1
1554762331.625936,2,1
1554762354.749652,4,1
1554762355.5858526,2,1
1554762378.7971077,4,1
1554762379.818549,4,2
1554762379.839319,2,1
1554762388.5408638,4,1
1554762389.0474825,2,1
1554762394.953828,4,1
1554762395.9772236,4,2
1554762396.232967,4,1
1554762397.0418086,2,1
1554762462.264679,4,1
1554762462.7725272,2,1
1554762524.2141223,4,1
1554762524.473466,2,1
1554762529.1776235,4,1
1554762530.1991131,4,2
1554762530.454504,4,1
1554762531.4764366,4,2
1554762531.630254,2,1
1554762598.3120465,4,1
1554762598.7644672,2,1
1554762638.7456725,4,1
1554762639.7684035,4,2
1554762639.8104424,2,1
1554762640.1077955,2,1
1554762651.1209295,4,1
1554762652.1421218,4,2
1554762652.397616,4,1
1554762652.692691,2,1
1554762676.3945894,4,1
1554762676.6881099,2,1
1554762682.655243,4,1
1554762682.8966696,2,1
1554762830.2624133,4,1
1554762830.811286,2,1
1554762838.650294,4,1
1554762839.2453363,2,1
1554762880.9940379,4,1
1554762881.9989543,2,1
1554762906.025541,4,1
1554762907.0484462,4,2
1554762907.0591319,2,1
1554762907.0597217,2,1
1554762968.3233173,4,1
1554762968.8385756,2,1
1554763009.237737,4,1
1554763010.0281007,2,1
1554763018.005871,4,1
1554763018.253959,2,1
1554763040.3315983,4,1
1554763041.3532555,4,2
1554763041.6087923,4,1
1554763042.6303594,4,2
1554763042.6306405,2,1
1554763042.6307354,2,1
1554763070.3263273,4,1
1554763070.575988,2,1
1554763076.608523,4,1
1554763076.8968704,2,1
1554763084.553714,4,1
1554763085.5751486,4,2
1554763085.5813773,2,1
1554763110.4389246,4,1
1554763111.4604025,4,2
1554763111.462822,2,1
1554763135.2217991,4,1
1554763136.243523,4,2
1554763136.4990215,4,1
1554763137.5204904,4,2
1554763137.5852923,2,1
1554763143.930966,4,1
1554763144.2242792,2,1
1554763151.1469247,4,1
1554763152.1686194,4,2
1554763152.2097898,2,1
1554763194.8846529,4,1
1554763195.1809535,2,1
1554763195.18641,2,1
1554763236.7273219,4,1
1554763237.7489395,4,2
1554763238.0042768,4,1
1554763238.5129519,2,1
1554763244.0502822,4,1
1554763244.8525395,2,1
1554763251.1709254,4,1
1554763251.925279,2,1
1554763258.7278433,4,1
1554763258.9905596,2,1
1554763263.182389,4,1
1554763264.2038789,4,2
1554763264.2758358,2,1
1554763289.6848333,4,1
1554763290.7064614,4,2
1554763290.9618607,4,1
1554763291.2026317,2,1
1554763295.5458632,4,1
1554763295.8090348,2,1
1554763317.748844,4,1
1554763317.9996488,2,1
1554763324.122807,4,1
1554763324.8956017,2,1
1554763337.3604946,4,1
1554763337.9015825,2,1
1554763419.785232,4,1
1554763420.0177927,2,1
1554763424.7330089,4,1
1554763425.251995,2,1
1554763432.0950067,4,1
1554763433.116673,4,2
1554763433.3720808,4,1
1554763434.3934293,4,2
1554763434.4614997,2,1
1554763440.6230862,4,1
1554763441.6449358,4,2
1554763441.900382,4,1
1554763442.2077918,2,1
1554763466.4107196,4,1
1554763466.6582885,2,1
1554763472.3776672,4,1
1554763473.3856668,2,1
1554763482.9044833,4,1
1554763483.150019,2,1
1554763550.2480843,4,1
1554763551.2695894,4,2
1554763551.5249515,4,1
1554763552.546275,4,2
1554763552.8018405,4,1
1554763553.6309524,2,1
1554763574.7428644,4,1
1554763575.7650697,4,2
1554763575.831405,2,1
1554763583.3918936,4,1
1554763584.1748142,2,1
1554763591.7736518,4,1
1554763592.2710278,2,1
1554763876.8437626,4,1
1554763877.8651037,4,2
1554763878.120476,4,1
1554763878.3911872,2,1
1554763884.4679542,4,1
1554763885.484021,2,1
1554763889.2228525,4,1
1554763890.244053,4,2
1554763890.3346784,2,1
1554763896.51627,4,1
1554763897.3272896,2,1
1554763907.173384,4,1
1554763907.6533692,2,1
1554763968.0175438,4,1
1554763968.271518,2,1
1554764013.5680628,4,1
1554764014.3327286,2,1
1554764039.858047,4,1
1554764040.1138852,2,1
1554764040.1139977,2,1
1554764040.1141996,2,1
1554764046.5938153,4,1
1554764047.0995498,2,1
1554764652.6919165,4,1
1554764652.9442794,2,1
1554765420.1988962,4,1
1554765421.2202766,4,2
1554765421.4757113,4,1
1554765421.7313998,2,1
1554765465.8926964,4,1
1554765466.1279993,2,1
1554765839.9863973,4,1
1554765840.2808855,2,1
1554765868.3666356,3,2