
1562621891.3526597,4,1
1562621892.3745143,4,2
1562621892.6299438,4,1
1562621892.8550653,2,1
1562621896.0839353,4,1
1562621896.4802065,2,1
1562621916.5264397,4,1
1562621917.5482662,4,2
1562621917.8036442,4,1
1562621918.825084,4,2
1562621919.0805948,4,1
1562621919.640692,2,1
1562621919.6408274,2,1
1562621959.3997865,4,1
1562621960.4214804,4,2
1562621960.676862,4,1
1562621961.4006727,2,1
1562621961.4011064,2,1
1562621994.343383,4,1
1562621995.3649092,4,2
1562621995.6205442,4,1
1562621996.2948542,2,1
1562621996.3052578,2,1
1562622038.0910003,4,1
1562622038.3283534,2,1
1562622038.3284929,2,1
1562622068.1419663,4,1
1562622068.385142,2,1
1562622068.3852878,2,1
1562622079.1475496,4,1
1562622079.4007337,2,1
1562622079.4010482,2,1
1562622099.129851,4,1
1562622100.1514513,4,2
1562622100.406838,4,1
1562622101.428323,4,2
1562622101.6838543,4,1
1562622102.2449405,2,1
1562622136.2001317,4,1
1562622136.4475865,2,1
1562622136.4478369,2,1
1562622142.1651528,4,1
1562622142.4475882,2,1
1562622142.448152,2,1
1562622146.738139,4,1
1562622146.8407671,2,1
1562622150.6271143,4,1
1562622151.4576054,2,1
1562622246.844174,4,1
1562622247.3094492,2,1
1562622250.6491516,4,1
1562622251.6708388,4,2
1562622251.9263325,4,1
1562622252.947913,4,2
1562622253.203296,4,1
1562622254.2247038,4,2
1562622254.480138,4,1
1562622254.726501,2,1
1562622302.030331,4,1
1562622302.2747324,2,1
1562622359.4864695,4,1
1562622359.7403798,2,1
1562622359.7405908,2,1
1562622394.862429,4,1
1562622395.3629165,2,1
1562622398.6608171,4,1
1562622399.16733,2,1
1562622451.9402032,4,1
1562622452.2090015,2,1
1562622458.280221,4,1
1562622458.5143068,2,1
1562622458.5144777,2,1
1562622503.1588829,4,1
1562622503.4269013,2,1
1562622508.559848,4,1
1562622508.8472927,2,1
1562622570.0993667,4,1
1562622570.6401534,2,1
1562622580.1195092,4,1
1562622580.626279,2,1
1562622583.2890425,4,1
1562622584.048145,2,1
1562622600.7398572,4,1
1562622601.2598286,2,1
1562622604.6608744,4,1
1562622605.5461962,2,1
1562622612.0557363,4,1
1562622612.3165345,2,1
1562622616.3808644,4,1
1562622616.6254961,2,1
1562622651.7771554,4,1
1562622652.7987506,4,2
1562622653.0542648,4,1
1562622653.6461337,2,1
1562622669.7257128,4,1
1562622670.747055,4,2
1562622671.0025387,4,1
1562622672.0087008,2,1
1562622700.9189608,4,1
1562622701.9406416,4,2
1562622702.196116,4,1
1562622702.454776,2,1
1562622717.1924617,4,1
1562622718.2142837,4,2
1562622718.4699008,4,1
1562622719.2132335,2,1
1562622734.4186676,4,1
1562622734.7321029,2,1
1562622752.045833,4,1
1562622752.599374,2,1
1562622756.767728,4,1
1562622757.0100563,2,1
1562622757.010226,2,1
1562622791.0247493,4,1
1562622791.2760787,2,1
1562622822.6651254,4,1
1562622823.4590728,2,1
1562622839.009279,4,1
1562622840.0309815,4,2
1562622840.2863753,4,1
1562622841.3077843,4,2
1562622841.5631795,4,1
1562622842.3309023,2,1
1562622845.3228114,4,1
1562622845.584792,2,1
1562622866.3302593,4,1
1562622867.352144,4,2
1562622867.3763177,2,1
1562622899.4260402,4,1
1562622899.7433324,2,1
1562622899.744168,2,1
1562622899.744249,2,1
1562622907.588184,4,1
1562622908.1354754,2,1
1562622914.498977,4,1
1562622915.0139623,2,1
1562622918.5000114,4,1
1562622918.9908543,2,1
1562622922.5295053,4,1
1562622922.7826507,2,1
1562622928.3878772,4,1
1562622928.6848905,2,1
1562622958.654159,4,1
1562622959.0709307,2,1
1562622967.2799838,4,1
1562622967.7785633,2,1
1562622982.568886,4,1
1562622982.8746808,2,1
1562623019.7129176,4,1
1562623020.5945096,2,1
1562623023.639298,4,1
1562623024.6612525,4,2
1562623024.9166949,4,1
1562623025.4201567,2,1
1562623030.6334193,4,1
1562623031.625457,2,1
1562623051.8340118,4,1
1562623052.191794,2,1
1562623079.628466,4,1
1562623080.3860621,2,1
1562623117.6856973,4,1
1562623117.937902,2,1
1562623132.72114,4,1
1562623133.2178617,2,1
1562623137.4032066,4,1
1562623138.4120147,2,1
1562623149.0621572,4,1
1562623149.8342435,2,1
1562623174.638209,4,1
1562623175.4088092,2,1
1562623178.5776439,4,1
1562623178.813324,2,1
1562623181.859716,4,1
1562623182.1058464,2,1
1562623190.665933,4,1
1562623190.9486878,2,1
1562623191.0559301,2,1
1562623241.1279967,4,1
1562623241.4214058,2,1
1562623244.2381802,4,1
1562623245.2600005,4,2
1562623245.515415,4,1
1562623246.0209188,2,1
1562623255.53259,4,1
1562623255.8091528,2,1
1562623261.0250006,4,1
1562623261.5013468,2,1
1562623265.3096843,4,1
1562623266.331209,4,2
1562623266.334819,2,1
1562623271.5026891,4,1
1562623272.524247,4,2
1562623272.779722,4,1
1562623273.1069205,2,1
1562623273.1073313,2,1
1562623329.7135234,4,1
1562623329.9216354,2,1
1562623352.479671,4,1
1562623352.9127243,2,1
1562623372.7656002,4,1
1562623373.2535036,2,1
1562623373.4019163,2,1
1562623380.9260132,4,1
1562623381.9477196,4,2
1562623381.9627857,2,1
1562623382.2683778,2,1
1562623406.5202878,4,1
1562623407.0552173,2,1
1562623412.712298,4,1
1562623413.0289357,2,1
1562623419.5490856,4,1
1562623420.0942392,2,1
1562623423.3404572,4,1
1562623423.8702545,2,1
1562623429.448393,4,1
1562623430.0525339,2,1
1562623436.6131537,4,1
1562623437.63503,4,2
1562623437.8906147,4,1
1562623438.64554,2,1
1562623446.3797445,4,1
1562623446.8790123,2,1
1562623450.7468257,4,1
1562623451.522119,2,1
1562623471.7625887,4,1
1562623472.0219617,2,1
1562623489.619271,4,1
1562623490.4089565,2,1
1562623496.3937669,4,1
1562623497.4154077,4,2
1562623497.6709013,4,1
1562623497.8201044,2,1
1562623505.2782662,4,1
1562623506.300099,4,2
1562623506.5556512,4,1
1562623507.5774333,4,2
1562623507.8329513,4,1
1562623508.3373835,2,1
1562623513.0108826,4,1
1562623513.3249972,2,1
1562623518.7980614,4,1
1562623519.8197372,4,2
1562623520.0751154,4,1
1562623521.0947096,2,1
1562623528.0345404,4,1
1562623529.0562208,4,2
1562623529.3117068,4,1
1562623530.3330626,4,2
1562623530.5885262,4,1
1562623531.1726444,2,1
1562623540.9330056,4,1
1562623541.5963078,2,1
1562623546.2842798,4,1
1562623546.5183394,2,1
1562623559.8872688,4,1
1562623560.9087522,4,2
1562623561.164492,4,1
1562623561.1865551,2,1
1562623564.6954474,4,1
1562623565.2746625,2,1
1562623580.6088789,4,1
1562623580.8518808,2,1
1562623595.8988001,4,1
1562623596.9212592,4,2
1562623597.1770978,4,1
1562623598.19918,4,2
1562623598.4548407,4,1
1562623598.712435,2,1
1562623602.7038078,4,1
1562623602.9529111,2,1
1562623607.5969293,4,1
1562623607.8330078,2,1
1562623607.833147,2,1
1562623617.200532,4,1
1562623617.4588997,2,1
1562623621.520419,4,1
1562623622.5422056,4,2
1562623622.7977889,4,1
1562623623.289777,2,1
1562623644.4466314,4,1
1562623645.4686031,4,2
1562623645.7240593,4,1
1562623646.7460494,4,2
1562623647.0015094,4,1
1562623647.7753336,2,1
1562623664.6465926,4,1
1562623664.9008641,2,1
1562623671.4471402,4,1
1562623672.4707968,4,2
1562623672.726475,4,1
1562623673.0514104,2,1
1562623690.9720051,4,1
1562623691.7367554,2,1
1562623698.3749564,4,1
1562623698.8881977,2,1
1562623705.3504546,4,1
1562623706.366189,2,1
1562623711.0294323,4,1
1562623711.3680396,2,1
1562623715.1009383,4,1
1562623715.3571346,2,1
1562623715.3573084,2,1
1562623715.549719,2,1
1562623725.5598505,4,1
1562623726.456792,2,1
1562623756.551598,4,1
1562623757.5734184,4,2
1562623757.645902,2,1
1562623773.631111,4,1
1562623774.2227893,2,1
1562623778.984552,4,1
1562623779.2417219,2,1
1562623784.8201125,4,1
1562623785.841684,4,2
1562623786.0973055,4,1
1562623786.8427672,2,1
1562623786.8433495,2,1
1562623786.8434284,2,1
1562623803.2081091,4,1
1562623803.7298079,2,1
1562623810.8738015,4,1
1562623811.4064693,2,1
1562623826.9173403,4,1
1562623827.8106465,2,1
1562623831.1733131,4,1
1562623831.4706967,2,1
1562623831.4709911,2,1
1562623834.5037332,4,1
1562623835.0371227,2,1
1562623850.3388522,4,1
1562623850.8270874,2,1
1562623860.292668,4,1
1562623860.6042168,2,1
1562623863.9533362,4,1
1562623864.7076902,2,1
1562623875.9048417,4,1
1562623876.1697807,2,1
1562623879.1674244,4,1
1562623879.9556656,2,1
1562623883.422915,4,1
1562623883.7133255,2,1
1562623892.8173218,4,1
1562623893.376634,2,1
1562623896.8242297,4,1
1562623897.591634,2,1
1562623897.5918381,2,1
1562623910.5881634,4,1
1562623911.3669016,2,1
1562623914.861943,4,1
1562623915.1462693,2,1
1562623919.4208944,4,1
1562623919.7259746,2,1
1562623927.0284986,4,1
1562623928.0503414,4,2
1562623928.3058617,4,1
1562623928.8510623,2,1
1562623935.4470646,4,1
1562623936.455199,2,1
1562623944.8494122,4,1
1562623945.4167442,2,1
1562623950.608715,4,1
1562623951.6119576,2,1
1562623976.2899737,4,1
1562623976.822011,2,1
1562623976.822235,2,1
1562623980.1875918,4,1
1562623981.0939841,2,1
1562623994.362911,4,1
1562623995.3791158,2,1
1562624003.9952238,4,1
1562624004.2455833,2,1
1562624007.9164078,4,1
1562624008.9381478,4,2
1562624009.0802279,2,1
1562624028.6645718,4,1
1562624029.6867115,4,2
1562624029.9421325,4,1
1562624030.4294288,2,1
1562624036.634176,4,1
1562624036.7167802,2,1
1562624036.7169173,2,1
1562624043.9415324,4,1
1562624044.2430508,2,1
1562624057.4711013,4,1
1562624057.7979019,2,1
1562624057.803687,2,1
1562624061.9590108,4,1
1562624062.9809358,4,2
1562624063.2364316,4,1
1562624063.912336,2,1
1562624190.133338,4,1
1562624191.154986,4,2
1562624191.4106164,4,1
1562624191.6857734,2,1
1562624200.948459,4,1
1562624201.7048023,2,1
1562624201.7049875,2,1
1562624222.0748732,4,1
1562624223.0964618,4,2
1562624223.351945,4,1
1562624224.133549,2,1
1562624229.407299,4,1
1562624230.153189,2,1
1562624230.153359,2,1
1562624246.6989417,4,1
1562624247.2047727,2,1
1562624250.7046063,4,1
1562624251.5031338,2,1
1562624254.3833714,4,1
1562624255.4048047,4,2
1562624255.660166,4,1
1562624256.6815393,4,2
1562624256.9368815,4,1
1562624257.476891,2,1
1562624267.6891673,4,1
1562624268.2157128,2,1
1562624283.7410138,4,1
1562624283.9890327,2,1
1562624324.7691875,4,1
1562624325.0055656,2,1
1562624328.6600995,4,1
1562624329.178199,2,1
1562624332.4198816,4,1
1562624332.7007852,2,1
1562624344.6225986,4,1
1562624345.644032,4,2
1562624345.6491687,2,1
1562624348.7019114,4,1
1562624349.7233784,4,2
1562624349.978727,4,1
1562624350.2368991,2,1
1562624353.6259198,4,1
1562624353.9139497,2,1
1562624357.0301204,4,1
1562624357.7746046,2,1
1562624370.2404025,4,1
1562624371.0091586,2,1
1562624387.695773,4,1
1562624388.2373717,2,1
1562624388.2428348,2,1
1562624396.2906985,4,1
1562624397.105521,2,1
1562624419.249924,4,1
1562624420.0012307,2,1
1562624423.4331927,4,1
1562624424.454785,4,2
1562624424.710206,4,1
1562624425.534314,2,1
1562624470.6088793,4,1
1562624470.893878,2,1
1562624479.4983342,4,1
1562624480.0493598,2,1
1562624486.154329,4,1
1562624486.4029882,2,1
1562624491.7022393,4,1
1562624492.194551,2,1
1562624517.43386,4,1
1562624517.706083,2,1
1562624535.880933,4,1
1562624536.4297338,2,1
1562624540.1787555,4,1
1562624540.9602704,2,1
1562624545.866553,4,1
1562624546.7194686,2,1
1562624553.679355,4,1
1562624554.1952312,2,1
1562624558.290991,4,1
1562624558.625202,2,1
1562624569.9352057,4,1
1562624570.1707695,2,1
1562624582.1449256,4,1
1562624582.390884,2,1
1562624582.402168,2,1
1562624582.402253,2,1
1562624612.6925168,4,1
1562624612.9387448,2,1
1562624617.2529104,4,1
1562624617.5109527,2,1
1562624624.0140104,4,1
1562624624.3448603,2,1
1562624630.0715535,4,1
1562624630.3069353,2,1
1562624630.307071,2,1
1562624637.0819504,4,1
1562624637.5925221,2,1
1562624659.4941616,4,1
1562624659.9860876,2,1
1562624679.9016652,4,1
1562624680.42211,2,1
1562624684.503103,4,1
1562624684.7916553,2,1
1562624688.6212616,4,1
1562624688.921643,2,1
1562624714.9284945,4,1
1562624715.1880739,2,1
1562624718.6958082,4,1
1562624718.972215,2,1
1562624718.9723954,2,1
1562624723.2102692,4,1
1562624724.2323537,4,2
1562624724.4879858,4,1
1562624725.0340705,2,1
1562624730.7844136,4,1
1562624731.0630062,2,1
1562624734.7449436,4,1
1562624735.7666361,4,2
1562624735.7924926,2,1
1562624736.0858502,2,1
1562624769.3955092,4,1
1562624769.6914725,2,1
1562624785.288418,4,1
1562624786.31018,4,2
1562624786.3519013,2,1
1562624786.3521478,2,1
1562624786.6280568,2,1
1562624792.932931,4,1
1562624793.473758,2,1
1562624814.7820508,4,1
1562624815.0624452,2,1
1562624832.9086065,4,1
1562624833.3963325,2,1
1562624836.8685212,4,1
1562624837.1237795,2,1
1562624848.432657,4,1
1562624849.2263958,2,1
1562624854.225619,4,1
1562624854.5115612,2,1
1562624854.5169678,2,1
1562624858.6149282,4,1
1562624858.9645958,2,1
1562626060.9916272,3,2