
1554500385.9295483,4,1
1554500386.25845,2,1
1554500573.7874608,4,1
1554500574.1158864,2,1
1554500631.6328692,4,1
1554500632.6543047,4,2
1554500632.9096763,4,1
1554500633.931076,4,2
1554500634.1864452,4,1
1554500634.6979861,2,1
1554500682.1619735,4,1
1554500682.6516042,2,1
1554500723.4314442,4,1
1554500723.6786265,2,1
1554500786.9683993,4,1
1554500787.7919533,2,1
1554500794.0845306,4,1
1554500794.873394,2,1
1554500802.251425,4,1
1554500803.2737458,4,2
1554500803.529318,4,1
1554500804.5506103,4,2
1554500804.6926174,2,1
1554500811.6832697,4,1
1554500812.406601,2,1
1554500916.1256402,4,1
1554500917.1470437,4,2
1554500917.4023657,4,1
1554500918.423518,4,2
1554500918.678838,4,1
1554500919.6998508,4,2
1554500919.9553807,4,1
1554500920.699912,2,1
1554500956.6832905,4,1
1554500957.7046537,4,2
1554500957.9600084,4,1
1554500958.981091,4,2
1554500959.1012897,2,1
1554500997.402998,4,1
1554500998.2214527,2,1
1554501064.3699327,4,1
1554501064.628996,2,1
1554501129.7861435,4,1
1554501130.8075142,4,2
1554501131.0628712,4,1
1554501132.084277,4,2
1554501132.339739,4,1
1554501133.3610568,4,2
1554501133.5158231,2,1
1554501139.7385054,4,1
1554501140.1770372,2,1
1554501146.858699,4,1
1554501147.8804617,4,2
1554501148.1358354,4,1
1554501148.901201,2,1
1554501190.3408153,4,1
1554501190.6058269,2,1
1554501342.6778026,4,1
1554501343.699426,4,2
1554501343.9547923,4,1
1554501344.7331328,2,1
1554501350.7323136,4,1
1554501351.4768763,2,1
1554501384.6772804,4,1
1554501385.6990557,4,2
1554501385.9544826,4,1
1554501386.040274,2,1
1554501441.7140732,4,1
1554501442.73604,4,2
1554501442.991525,4,1
1554501443.237782,2,1
1554501537.8826566,4,1
1554501538.9050655,4,2
1554501539.160528,4,1
1554501540.167948,2,1
1554501549.571095,4,1
1554501550.5928357,4,2
1554501550.8482556,4,1
1554501551.8698833,4,2
1554501551.87305,2,1
1554501558.2529798,4,1
1554501559.0169544,2,1
1554501567.5181386,4,1
1554501568.5397143,4,2
1554501568.7950847,4,1
1554501569.1793706,2,1
1554501622.842089,4,1
1554501623.864068,4,2
1554501624.1195428,4,1
1554501625.1415305,4,2
1554501625.3231912,2,1
1554501625.3361716,2,1
1554501787.4788427,4,1
1554501787.8997197,2,1
1554501891.869479,4,1
1554501892.1069698,2,1
1554501899.956393,4,1
1554501900.7674484,2,1
1554502087.5514205,4,1
1554502088.574117,4,2
1554502088.8297086,4,1
1554502089.1548967,2,1
1554502172.9592876,4,1
1554502173.7348769,2,1
1554502239.889573,4,1
1554502240.4451044,2,1
1554502248.2702103,4,1
1554502249.2695296,2,1
1554502279.4750054,4,1
1554502280.4964128,4,2
1554502280.6177914,2,1
1554502286.8353722,4,1
1554502287.8010418,2,1
1554502400.2569242,4,1
1554502401.2783852,4,2
1554502401.367289,2,1
1554502595.5439484,4,1
1554502596.5656204,4,2
1554502596.8211231,4,1
1554502597.842603,4,2
1554502598.0981183,4,1
1554502598.1481686,2,1
1554502625.701526,4,1
1554502626.7232082,4,2
1554502626.9786372,4,1
1554502628.0002828,4,2
1554502628.2558959,4,1
1554502629.2778065,4,2
1554502629.5331883,4,1
1554502630.55438,4,2
1554502630.8099668,4,1
1554502631.5814784,2,1
1554502857.8657901,4,1
1554502858.3599434,2,1
1554502932.2154245,4,1
1554502933.236891,4,2
1554502933.4923775,4,1
1554502934.513577,4,2
1554502934.5782268,2,1
1554502941.0590856,4,1
1554502942.080422,4,2
1554502942.1526473,2,1
1554502949.429921,4,1
1554502950.451105,4,2
1554502950.706403,4,1
1554502951.727476,4,2
1554502951.8225436,2,1
1554502982.9447937,4,1
1554502983.7219796,2,1
1554503044.0127604,4,1
1554503044.8415852,2,1
1554503052.4683685,4,1
1554503053.2312086,2,1
1554503058.1506531,4,1
1554503059.1721811,4,2
1554503059.4275346,4,1
1554503060.4488802,4,2
1554503060.5472772,2,1
1554503265.3761811,4,1
1554503265.881001,2,1
1554503273.4065964,4,1
1554503274.4281886,4,2
1554503274.6451092,2,1
1554503366.2002635,4,1
1554503367.2213874,4,2
1554503367.4767013,4,1
1554503367.8631341,2,1
1554503421.4575012,4,1
1554503422.4803872,4,2
1554503422.7360349,4,1
1554503423.7581756,4,2
1554503423.7978454,2,1
1554503424.0949452,2,1
1554503528.0842042,4,1
1554503528.617849,2,1
1554503577.9032764,4,1
1554503578.1560493,2,1
1554503586.0625446,4,1
1554503587.0847123,4,2
1554503587.34008,4,1
1554503588.1142168,2,1
1554503599.2140586,4,1
1554503599.4567733,2,1
1554503608.7401888,4,1
1554503609.0841875,2,1
1554503617.1483557,4,1
1554503618.1694741,4,2
1554503618.199021,2,1
1554503618.503834,2,1
1554503743.4387753,4,1
1554503744.4613917,4,2
1554503744.7167041,4,1
1554503745.0142376,2,1
1554503778.169796,4,1
1554503778.9052768,2,1
1554503786.8503242,4,1
1554503787.6757998,2,1
1554503824.1518455,4,1
1554503824.9930947,2,1
1554503831.750303,4,1
1554503832.771542,4,2
1554503832.812672,2,1
1554503833.1055791,2,1
1554503918.9595046,4,1
1554503919.501936,2,1
1554503926.2726848,4,1
1554503926.5727541,2,1
1554503934.7149777,4,1
1554503935.477752,2,1
1554503950.8618197,4,1
1554503951.1411881,2,1
1554503987.8739793,4,1
1554503988.8955133,4,2
1554503989.1512399,4,1
1554503989.4057422,2,1
1554504081.6557395,4,1
1554504082.67712,4,2
1554504082.9326403,4,1
1554504083.9538877,4,2
1554504084.2092607,4,1
1554504084.9714184,2,1
1554504101.9390798,4,1
1554504102.2095003,2,1
1554504109.541346,4,1
1554504110.327629,2,1
1554504117.5615604,4,1
1554504118.5830472,4,2
1554504118.8384242,4,1
1554504119.6428967,2,1
1554504157.3664703,4,1
1554504157.625414,2,1
1554504213.8813083,4,1
1554504214.903824,4,2
1554504215.1592546,4,1
1554504215.448379,2,1
1554504268.7209778,4,1
1554504269.2098336,2,1
1554504499.300767,4,1
1554504500.1078918,2,1
1554504507.4486196,4,1
1554504508.4705544,4,2
1554504508.7259388,4,1
1554504509.7472599,4,2
1554504510.0030396,4,1
1554504511.024485,4,2
1554504511.0375354,2,1
1554504539.9294672,4,1
1554504540.7105885,2,1
1554504552.511243,4,1
1554504553.5326362,4,2
1554504553.7880027,4,1
1554504554.0651224,2,1
1554504615.9915192,4,1
1554504617.0136962,4,2
1554504617.1503506,2,1
1554504697.1498365,4,1
1554504697.4103036,2,1
1554504706.7374928,4,1
1554504707.7590528,4,2
1554504708.0146356,4,1
1554504709.0196223,2,1
1554504714.9701574,4,1
1554504715.9920266,4,2
1554504716.24752,4,1
1554504717.2690837,4,2
1554504717.5245054,4,1
1554504718.2847476,2,1
1554504738.131699,4,1
1554504738.380636,2,1
1554504746.6883307,4,1
1554504747.7099426,4,2
1554504747.9654188,4,1
1554504748.7308207,2,1
1554504833.4957998,4,1
1554504834.0861802,2,1
1554504842.6115448,4,1
1554504842.9113967,2,1
1554504849.8183231,4,1
1554504850.8401167,4,2
1554504850.8794894,2,1
1554504851.1751065,2,1
1554504859.7857773,4,1
1554504860.8076873,4,2
1554504861.0632198,4,1
1554504862.0844018,4,2
1554504862.1371005,2,1
1554504862.4226325,2,1
1554504917.2108355,4,1
1554504918.2321253,4,2
1554504918.4875045,4,1
1554504919.508567,4,2
1554504919.560028,2,1
1554504919.842812,2,1
1554505008.056959,4,1
1554505008.6374874,2,1
1554505168.6599822,4,1
1554505169.1758955,2,1
1554505177.368765,4,1
1554505178.3900847,4,2
1554505178.4668374,2,1
1554505229.232763,4,1
1554505229.7237916,2,1
1554505229.723928,2,1
1554505537.029311,4,1
1554505537.3308733,2,1
1554505546.1242433,4,1
1554505547.1454687,4,2
1554505547.4009795,4,1
1554505548.4221032,4,2
1554505548.6452541,2,1
1554505598.2600117,4,1
1554505599.2814186,4,2
1554505599.5369272,4,1
1554505600.5583568,4,2
1554505600.7575428,2,1
1554505634.436916,4,1
1554505635.4588046,4,2
1554505635.7145758,4,1
1554505635.8331692,2,1
1554505676.920309,4,1
1554505677.9418933,4,2
1554505678.1973846,4,1
1554505678.7052047,2,1
1554505726.3514771,4,1
1554505727.1547594,2,1
1554505732.2756536,4,1
1554505733.297277,4,2
1554505733.552708,4,1
1554505733.7921965,2,1
1554505749.2046955,4,1
1554505749.7282388,2,1
1554505759.7279432,4,1
1554505760.7433999,2,1
1554505774.5267074,4,1
1554505775.105915,2,1
1554505782.377873,4,1
1554505782.626833,2,1
1554505850.9606733,4,1
1554505851.5605395,2,1
1554505905.1992793,4,1
1554505906.220733,4,2
1554505906.4761336,4,1
1554505907.4981117,4,2
1554505907.7535357,4,1
1554505908.0044355,2,1
1554505914.55538,4,1
1554505915.5768096,4,2
1554505915.6193826,2,1
1554505915.9279766,2,1
1554506067.3189971,4,1
1554506068.3406653,4,2
1554506068.3827784,2,1
1554506068.6592224,2,1
1554506080.8118992,4,1
1554506081.4313326,2,1
1554506091.158854,4,1
1554506092.180815,4,2
1554506092.436226,4,1
1554506093.4580028,4,2
1554506093.713391,4,1
1554506094.7348404,4,2
1554506094.9909325,4,1
1554506095.2831802,2,1
1554506102.4601896,4,1
1554506103.471553,2,1
1554506111.7352371,4,1
1554506112.5911727,2,1
1554506204.5234225,4,1
1554506205.0305016,2,1
1554506213.608251,4,1
1554506214.6296713,4,2
1554506214.8851652,4,1
1554506215.9064486,4,2
1554506216.1619468,4,1
1554506217.1835144,4,2
1554506217.2539973,2,1
1554506276.0817955,4,1
1554506276.4228516,2,1
1554506282.9502027,4,1
1554506283.971527,4,2
1554506284.226828,4,1
1554506285.2477853,4,2
1554506285.3028393,2,1
1554506285.5652905,2,1
1554506298.4602864,4,1
1554506299.4814353,4,2
1554506299.736763,4,1
1554506300.7579284,4,2
1554506301.0132341,4,1
1554506302.0345635,4,2
1554506302.2900653,4,1
1554506302.6172795,2,1
1554506311.7147744,4,1
1554506312.4589145,2,1
1554506321.0177147,4,1
1554506321.2810311,2,1
1554506330.1306136,4,1
1554506331.152411,4,2
1554506331.2215948,2,1
1554506346.779664,4,1
1554506347.0160396,2,1
1554506355.1002824,4,1
1554506356.1235547,4,2
1554506356.185892,2,1
1554506393.063229,4,1
1554506394.0846026,4,2
1554506394.3399885,4,1
1554506395.3610485,4,2
1554506395.4317462,2,1
1554506395.4328098,2,1
1554506402.1123025,4,1
1554506402.3802388,2,1
1554506458.5697794,4,1
1554506459.5913503,4,2
1554506459.8467288,4,1
1554506460.8681865,4,2
1554506461.1239367,4,1
1554506461.623557,2,1
1554506500.188716,4,1
1554506501.2101643,4,2
1554506501.4655771,4,1
1554506502.4872544,4,2
1554506502.7427185,4,1
1554506503.0509562,2,1
1554506624.599537,4,1
1554506625.1285977,2,1
1554506639.9755623,4,1
1554506640.9970362,4,2
1554506641.2528193,4,1
1554506642.2743168,4,2
1554506642.406709,2,1
1554506723.4833515,4,1
1554506724.2049086,2,1
1554506783.1147368,4,1
1554506784.1365147,4,2
1554506784.1551273,2,1
1554506784.155225,2,1
1554506784.1574066,2,1
1554506792.9633937,4,1
1554506793.8850253,2,1
1554506806.3936615,4,1
1554506807.4152708,4,2
1554506807.6708474,4,1
1554506808.6925993,4,2
1554506808.741547,2,1
1554506809.0107868,2,1
1554508010.9825392,4,1
1554508011.2729678,2,1
1554508032.9880958,3,2