
1562104632.2877195,4,1
1562104632.9006803,2,1
1562104636.4549856,4,1
1562104636.6851788,2,1
1562104641.1419797,4,1
1562104641.4247706,2,1
1562104671.819487,4,1
1562104672.1404908,2,1
1562104675.54679,4,1
1562104676.1215594,2,1
1562104679.2397878,4,1
1562104679.5386357,2,1
1562104727.6830952,4,1
1562104728.2770367,2,1
1562104759.8910239,4,1
1562104760.1716535,2,1
1562104794.9684052,4,1
1562104795.5044773,2,1
1562104795.5137134,2,1
1562104810.568528,4,1
1562104811.061386,2,1
1562104811.0616007,2,1
1562104913.4133015,4,1
1562104914.0788267,2,1
1562104914.078979,2,1
1562104918.7786262,4,1
1562104918.9295373,2,1
1562104918.929746,2,1
1562104918.9298155,2,1
1562104926.2114656,4,1
1562104926.6530054,2,1
1562104926.653289,2,1
1562104926.6536086,2,1
1562104930.295891,4,1
1562104930.5067365,2,1
1562104930.5069509,2,1
1562104946.9871182,4,1
1562104947.2494683,2,1
1562104947.2496405,2,1
1562104961.9311006,4,1
1562104962.1897585,2,1
1562104962.1899312,2,1
1562105021.0076525,4,1
1562105021.2731493,2,1
1562105082.360993,4,1
1562105082.412817,2,1
1562105111.0763698,4,1
1562105111.8529296,2,1
1562105111.8583357,2,1
1562105116.4408476,4,1
1562105117.4555507,2,1
1562105121.1196055,4,1
1562105122.1408992,4,2
1562105122.3962662,4,1
1562105123.413895,2,1
1562105178.4677508,4,1
1562105178.7573724,2,1
1562105181.826489,4,1
1562105182.0479016,2,1
1562105190.356418,4,1
1562105190.6308115,2,1
1562105190.6380265,2,1
1562105213.0023508,4,1
1562105213.8404686,2,1
1562105213.8406508,2,1
1562105219.417841,4,1
1562105219.6761007,2,1
1562105269.6624372,4,1
1562105269.8920362,2,1
1562105284.178318,4,1
1562105285.1989405,2,1
1562105288.4819772,4,1
1562105288.8095756,2,1
1562105294.2011504,4,1
1562105295.2227342,4,2
1562105295.4782114,4,1
1562105296.0387754,2,1
1562105300.9238486,4,1
1562105301.4515932,2,1
1562105381.4236934,4,1
1562105381.7120016,2,1
1562105385.0747097,4,1
1562105385.5781589,2,1
1562105404.5986965,4,1
1562105404.8260703,2,1
1562105408.573295,4,1
1562105408.831076,2,1
1562105413.1035614,4,1
1562105413.6081982,2,1
1562105424.225181,4,1
1562105424.770076,2,1
1562105428.7969725,4,1
1562105429.3057144,2,1
1562105433.2213168,4,1
1562105433.5577323,2,1
1562105438.5101159,4,1
1562105439.2469532,2,1
1562105442.359893,4,1
1562105442.6182237,2,1
1562105445.804714,4,1
1562105446.3190997,2,1
1562105450.8234315,4,1
1562105451.0624974,2,1
1562105520.1034763,4,1
1562105521.1279492,4,2
1562105521.208413,2,1
1562105548.6973922,4,1
1562105549.5020528,2,1
1562105555.5327861,4,1
1562105555.8314984,2,1
1562105555.8316941,2,1
1562105558.932548,4,1
1562105559.9544466,4,2
1562105560.2099578,4,1
1562105560.4931924,2,1
1562105565.3161752,4,1
1562105566.338185,4,2
1562105566.4074647,2,1
1562105581.404479,4,1
1562105582.4123096,2,1
1562105596.5103524,4,1
1562105597.5318124,4,2
1562105597.7871485,4,1
1562105598.2972543,2,1
1562105601.6887994,4,1
1562105602.4674869,2,1
1562105612.3177493,4,1
1562105612.571578,2,1
1562105633.4626212,4,1
1562105634.3534482,2,1
1562105648.670026,4,1
1562105648.8944557,2,1
1562105664.0928183,4,1
1562105664.6075869,2,1
1562105667.3258722,4,1
1562105667.8471353,2,1
1562105671.331924,4,1
1562105671.5586042,2,1
1562105677.1514592,4,1
1562105677.6665087,2,1
1562105680.9510968,4,1
1562105681.1917052,2,1
1562105681.3161771,2,1
1562105689.6761532,4,1
1562105690.697581,4,2
1562105690.9529147,4,1
1562105691.0413194,2,1
1562105696.1510346,4,1
1562105696.6931524,2,1
1562105734.617522,4,1
1562105735.4334643,2,1
1562105738.2910285,4,1
1562105738.5178318,2,1
1562105747.340129,4,1
1562105747.5960672,2,1
1562105765.7103643,4,1
1562105765.9806702,2,1
1562105781.274578,4,1
1562105782.2962198,4,2
1562105782.551537,4,1
1562105782.8351943,2,1
1562105786.8087406,4,1
1562105787.2802892,2,1
1562105793.792421,4,1
1562105793.8984149,2,1
1562105802.1625721,4,1
1562105802.4566925,2,1
1562105806.5874393,4,1
1562105807.6087265,4,2
1562105807.8640249,4,1
1562105808.3509269,2,1
1562105814.591695,4,1
1562105815.6128385,2,1
1562105824.894598,4,1
1562105825.1605444,2,1
1562105825.1733685,2,1
1562105833.022696,4,1
1562105833.272265,2,1
1562105837.4967628,4,1
1562105837.9773154,2,1
1562105842.4627454,4,1
1562105842.7331896,2,1
1562105845.918628,4,1
1562105846.1903179,2,1
1562105864.1009982,4,1
1562105864.400198,2,1
1562105864.4713387,2,1
1562105869.228605,4,1
1562105870.2516928,4,2
1562105870.34026,2,1
1562105875.6666963,4,1
1562105876.6863377,2,1
1562105879.848392,4,1
1562105880.8701222,4,2
1562105881.1260405,4,1
1562105881.1643474,2,1
1562105886.07996,4,1
1562105887.1016555,4,2
1562105887.170386,2,1
1562105901.5876937,4,1
1562105902.6095157,4,2
1562105902.678399,2,1
1562105902.6920426,2,1
1562105905.7454705,4,1
1562105906.767723,4,2
1562105907.0231705,4,1
1562105908.0449164,4,2
1562105908.30046,4,1
1562105908.3803437,2,1
1562105912.7621744,4,1
1562105913.783614,4,2
1562105914.039048,4,1
1562105914.2999938,2,1
1562105932.1488214,4,1
1562105932.9054463,2,1
1562105932.9056373,2,1
1562105936.224043,4,1
1562105937.2467065,4,2
1562105937.384824,2,1
1562105941.0747426,4,1
1562105942.0973566,4,2
1562105942.3528388,4,1
1562105943.0716474,2,1
1562105962.0501745,4,1
1562105962.2887373,2,1
1562105980.7439108,4,1
1562105980.987965,2,1
1562105988.2209618,4,1
1562105989.2444212,4,2
1562105989.5000403,4,1
1562105990.258761,2,1
1562105994.1799839,4,1
1562105994.7467673,2,1
1562106003.390573,4,1
1562106003.644549,2,1
1562106007.5983262,4,1
1562106007.8444672,2,1
1562106015.656999,4,1
1562106016.655875,2,1
1562106019.9436343,4,1
1562106020.2930694,2,1
1562106029.0442042,4,1
1562106029.2727385,2,1
1562106036.7877605,4,1
1562106037.606857,2,1
1562106042.3323438,4,1
1562106042.8663847,2,1
1562106057.0669703,4,1
1562106057.3593962,2,1
1562106060.8159046,4,1
1562106061.0751724,2,1
1562106064.5071983,4,1
1562106064.8211076,2,1
1562106082.2371504,4,1
1562106082.5061693,2,1
1562106102.0895486,4,1
1562106102.3535118,2,1
1562106106.3732042,4,1
1562106106.9115264,2,1
1562106119.9311233,4,1
1562106120.4411707,2,1
1562106135.8203871,4,1
1562106136.3677282,2,1
1562106140.1228704,4,1
1562106140.3787344,2,1
1562106140.378932,2,1
1562106140.3792772,2,1
1562106144.3511114,4,1
1562106144.606289,2,1
1562106159.001282,4,1
1562106159.5402493,2,1
1562106165.4799716,4,1
1562106166.2308803,2,1
1562106169.2731085,4,1
1562106169.5336885,2,1
1562106175.3280296,4,1
1562106175.7012315,2,1
1562106181.611184,4,1
1562106182.4547098,2,1
1562106202.5102515,4,1
1562106203.3032885,2,1
1562106209.8580601,4,1
1562106210.1471152,2,1
1562106225.1627429,4,1
1562106225.457431,2,1
1562106228.7594373,4,1
1562106229.0095882,2,1
1562106231.9971814,4,1
1562106232.792838,2,1
1562106251.5130951,4,1
1562106251.7685342,2,1
1562106255.3479295,4,1
1562106255.5883648,2,1
1562106259.3581877,4,1
1562106259.895274,2,1
1562106265.4044955,4,1
1562106265.637898,2,1
1562106268.9708672,4,1
1562106269.9929457,4,2
1562106270.2484624,4,1
1562106270.492158,2,1
1562106289.5576987,4,1
1562106290.3338022,2,1
1562106295.2006438,4,1
1562106295.4541037,2,1
1562106298.564741,4,1
1562106299.586394,4,2
1562106299.6697211,2,1
1562106307.0533288,4,1
1562106308.075183,4,2
1562106308.1737664,2,1
1562106308.1880453,2,1
1562106320.1710825,4,1
1562106320.6303153,2,1
1562106325.6515865,4,1
1562106325.9213872,2,1
1562106332.0173478,4,1
1562106332.3413818,2,1
1562106350.687574,4,1
1562106350.9865818,2,1
1562106365.6013858,4,1
1562106366.6141593,2,1
1562106370.3996305,4,1
1562106370.732496,2,1
1562106376.2962863,4,1
1562106376.5474439,2,1
1562106380.0506983,4,1
1562106380.6288958,2,1
1562106384.3248217,4,1
1562106384.617254,2,1
1562106390.769222,4,1
1562106391.2685697,2,1
1562106394.8429508,4,1
1562106395.0937665,2,1
1562106408.62384,4,1
1562106409.4035063,2,1
1562106416.169728,4,1
1562106416.9708734,2,1
1562106420.4775178,4,1
1562106420.7178986,2,1
1562106426.4337988,4,1
1562106427.226551,2,1
1562106432.8460376,4,1
1562106433.1481678,2,1
1562106437.605516,4,1
1562106437.9447641,2,1
1562106444.2884407,4,1
1562106444.610106,2,1
1562106456.4609709,4,1
1562106457.2546017,2,1
1562106461.4167786,4,1
1562106461.8823142,2,1
1562106471.3757632,4,1
1562106472.3975394,4,2
1562106472.652946,4,1
1562106473.1459424,2,1
1562106483.5056274,4,1
1562106483.8089902,2,1
1562106487.1836405,4,1
1562106487.4686465,2,1
1562106513.594094,4,1
1562106513.846027,2,1
1562106521.9407613,4,1
1562106522.7906027,2,1
1562106527.4613576,4,1
1562106527.6998725,2,1
1562106531.7724755,4,1
1562106532.029999,2,1
1562106546.9417222,4,1
1562106547.2180438,2,1
1562106550.8588772,4,1
1562106551.426098,2,1
1562106558.131918,4,1
1562106558.421507,2,1
1562106563.7653263,4,1
1562106564.011203,2,1
1562106569.737483,4,1
1562106570.2474194,2,1
1562106574.631701,4,1
1562106575.2217317,2,1
1562106578.6675167,4,1
1562106579.0050359,2,1
1562106579.0051775,2,1
1562106585.2627087,4,1
1562106585.6358082,2,1
1562106591.7837982,4,1
1562106592.0392709,2,1
1562106592.0446765,2,1
1562106596.079622,4,1
1562106596.3061812,2,1
1562106601.6028214,4,1
1562106602.3796222,2,1
1562106605.8122804,4,1
1562106606.1424282,2,1
1562106609.6120331,4,1
1562106609.8608885,2,1
1562106616.331782,4,1
1562106616.5779405,2,1
1562106616.578093,2,1
1562106634.6275563,4,1
1562106634.9262671,2,1
1562106642.4405184,4,1
1562106643.1897433,2,1
1562106647.3585408,4,1
1562106647.8952255,2,1
1562106659.5786772,4,1
1562106659.9034681,2,1
1562106677.888651,4,1
1562106678.170907,2,1
1562106681.458926,4,1
1562106682.4812725,4,2
1562106682.7367926,4,1
1562106683.0216858,2,1
1562106687.1687815,4,1
1562106687.8211262,2,1
1562106699.4700487,4,1
1562106699.802873,2,1
1562106708.0836847,4,1
1562106708.607121,2,1
1562106724.207139,4,1
1562106724.4358258,2,1
1562106728.3653333,4,1
1562106728.6667972,2,1
1562106733.362101,4,1
1562106733.6499612,2,1
1562106741.2826407,4,1
1562106741.5046356,2,1
1562106746.926575,4,1
1562106747.1928313,2,1
1562106747.1929672,2,1
1562106747.208396,2,1
1562106751.9720838,4,1
1562106752.2297497,2,1
1562106761.489411,4,1
1562106761.7340016,2,1
1562106765.7309191,4,1
1562106766.0121891,2,1
1562106776.2778785,4,1
1562106777.0839834,2,1
1562106781.6016822,4,1
1562106782.1039138,2,1
1562106793.150037,4,1
1562106793.6586342,2,1
1562106797.6106758,4,1
1562106797.8903244,2,1
1562106808.124076,4,1
1562106808.6360993,2,1
1562106812.2989972,4,1
1562106812.5285118,2,1
1562106816.2287605,4,1
1562106816.8260658,2,1
1562106822.7623053,4,1
1562106823.0969257,2,1
1562106831.9354696,4,1
1562106832.7790554,2,1
1562106839.8101301,4,1
1562106840.3180332,2,1
1562106847.5782208,4,1
1562106848.5996003,4,2
1562106848.6379197,2,1
1562106848.9166982,2,1
1562106858.0205014,4,1
1562106858.862792,2,1
1562106869.9931147,4,1
1562106870.2714102,2,1
1562106875.3879402,4,1
1562106876.4097624,4,2
1562106876.6652193,4,1
1562106876.7193282,2,1
1562106882.195229,4,1
1562106883.0134077,2,1
1562106891.5542278,4,1
1562106892.5754862,4,2
1562106892.6074817,2,1
1562106892.860056,2,1
1562106898.7719433,4,1
1562106899.7934494,4,2
1562106899.8437479,2,1
1562106899.8652215,2,1
1562106900.1126034,2,1
1562106910.0149071,4,1
1562106910.3519392,2,1
1562106920.9787397,4,1
1562106922.0009816,4,2
1562106922.131512,2,1
1562106942.6388962,4,1
1562106943.3809223,2,1
1562106951.9560695,4,1
1562106952.9773614,4,2
1562106953.0119498,2,1
1562106956.6785414,4,1
1562106957.1987276,2,1
1562106970.8890233,4,1
1562106971.9104462,4,2
1562106971.9846756,2,1
1562106975.752184,4,1
1562106976.7736332,4,2
1562106976.7763593,2,1
1562106976.8790822,2,1
1562107010.9825456,4,1
1562107012.0059562,4,2
1562107012.261726,4,1
1562107012.7783337,2,1
1562107033.698853,4,1
1562107034.7202697,4,2
1562107034.9755921,4,1
1562107035.235608,2,1
1562107043.082184,4,1
1562107043.383187,2,1
1562107054.9743397,4,1
1562107055.798961,2,1
1562107060.5578306,4,1
1562107061.5793145,4,2
1562107061.5876591,2,1
1562107061.6466906,2,1
1562107068.7906227,4,1
1562107069.3385956,2,1
1562107076.1619697,4,1
1562107077.1854222,4,2
1562107077.441253,4,1
1562107077.698162,2,1
1562107096.81496,4,1
1562107097.338602,2,1
1562107097.4745502,2,1
1562107109.65262,4,1
1562107110.0784955,2,1
1562107113.2698886,4,1
1562107113.5254893,2,1
1562107121.5955582,4,1
1562107121.8763332,2,1
1562107121.9857862,2,1
1562107132.409191,4,1
1562107132.767322,2,1
1562107132.7677202,2,1
1562107132.7678854,2,1
1562107142.747735,4,1
1562107143.277767,2,1
1562107153.0773828,4,1
1562107154.0988197,4,2
1562107154.164751,2,1
1562107157.5970314,4,1
1562107157.976902,2,1
1562107161.902106,4,1
1562107162.1907778,2,1
1562107169.1208613,4,1
1562107169.3827372,2,1
1562107191.660836,4,1
1562107192.1919503,2,1
1562107192.1973653,2,1
1562107195.612287,4,1
1562107195.863324,2,1
1562108185.1464486,3,2