
1552412771.8450825,4,1
1552412772.0532742,2,1
1552412797.9476068,4,1
1552412798.4755788,2,1
1552412835.5350802,4,1
1552412835.8610508,2,1
1552412840.308564,4,1
1552412841.0749311,2,1
1552412845.654492,4,1
1552412846.1826193,2,1
1552412850.060332,4,1
1552412851.081578,4,2
1552412851.277886,2,1
1552412907.5410955,4,1
1552412908.3398588,2,1
1552412976.8597522,4,1
1552412977.359916,2,1
1552412984.4116201,4,1
1552412985.433051,4,2
1552412985.6883955,4,1
1552412986.239834,2,1
1552412986.2405174,2,1
1552412990.897697,4,1
1552412991.1415367,2,1
1552413055.5089586,4,1
1552413056.530587,4,2
1552413056.7871265,4,1
1552413057.808556,4,2
1552413058.0640695,4,1
1552413058.5738034,2,1
1552413065.1369627,4,1
1552413066.1583235,4,2
1552413066.4137073,4,1
1552413066.680411,2,1
1552413070.6862106,4,1
1552413071.7076855,4,2
1552413071.8333962,2,1
1552413110.1569524,4,1
1552413110.6482708,2,1
1552413124.7198067,4,1
1552413125.7410762,4,2
1552413125.99663,4,1
1552413127.0170364,2,1
1552413131.277916,4,1
1552413131.7731316,2,1
1552413163.6820998,4,1
1552413164.703556,4,2
1552413164.959032,4,1
1552413165.9802568,4,2
1552413166.2356677,4,1
1552413167.2575593,4,2
1552413167.513115,4,1
1552413168.535218,4,2
1552413168.7906861,4,1
1552413169.0452561,2,1
1552413173.090205,4,1
1552413174.1118066,4,2
1552413174.3671947,4,1
1552413175.3886423,4,2
1552413175.5631528,2,1
1552413187.1233864,4,1
1552413187.8088706,2,1
1552413223.791061,4,1
1552413224.812468,4,2
1552413225.0679405,4,1
1552413225.876884,2,1
1552413229.630098,4,1
1552413230.3774734,2,1
1552413234.4451053,4,1
1552413234.7056875,2,1
1552413239.8119028,4,1
1552413240.7948842,2,1
1552413252.4667323,4,1
1552413252.7807424,2,1
1552413300.4482663,4,1
1552413301.4672654,2,1
1552413305.0279217,4,1
1552413305.7780256,2,1
1552413323.8045275,4,1
1552413324.8262622,4,2
1552413324.9661736,2,1
1552413335.3642204,4,1
1552413336.385818,4,2
1552413336.641196,4,1
1552413337.6308813,2,1
1552413341.9742804,4,1
1552413342.7867367,2,1
1552413369.3102098,4,1
1552413369.548421,2,1
1552413408.4959996,4,1
1552413409.517609,4,2
1552413409.6026332,2,1
1552413413.4860892,4,1
1552413414.5081227,4,2
1552413414.7637017,4,1
1552413415.785455,4,2
1552413416.0408645,4,1
1552413416.9233093,2,1
1552413462.250019,4,1
1552413462.5915534,2,1
1552413466.0633147,4,1
1552413467.0850604,4,2
1552413467.340445,4,1
1552413467.8351462,2,1
1552413479.0608408,4,1
1552413479.8122032,2,1
1552413494.0264094,4,1
1552413494.6559095,2,1
1552413510.48077,4,1
1552413511.502147,4,2
1552413511.7577915,4,1
1552413512.7794025,4,2
1552413512.8649738,2,1
1552413523.9379802,4,1
1552413524.9594798,4,2
1552413525.2150073,4,1
1552413526.2364843,4,2
1552413526.4918735,4,1
1552413527.3389955,2,1
1552413532.9848354,4,1
1552413534.0064852,4,2
1552413534.2620275,4,1
1552413535.03047,2,1
1552413539.019171,4,1
1552413540.0418477,4,2
1552413540.2972758,4,1
1552413541.324229,4,2
1552413541.5798445,4,1
1552413542.6012049,4,2
1552413542.601556,2,1
1552413561.2955093,4,1
1552413561.5509763,2,1
1552413579.8785036,4,1
1552413580.90003,4,2
1552413581.1553617,4,1
1552413581.710785,2,1
1552413585.677891,4,1
1552413586.6992571,4,2
1552413586.9546502,4,1
1552413587.4436839,2,1
1552413600.5331595,4,1
1552413601.5549686,4,2
1552413601.8104453,4,1
1552413602.8317218,4,2
1552413603.0872116,4,1
1552413603.379552,2,1
1552413607.299063,4,1
1552413608.3207505,4,2
1552413608.5762181,4,1
1552413609.5974967,4,2
1552413609.8528855,4,1
1552413610.8741312,4,2
1552413610.967037,2,1
1552413632.1356156,4,1
1552413633.1506946,2,1
1552413652.989351,4,1
1552413654.011323,4,2
1552413654.2669497,4,1
1552413655.288281,4,2
1552413655.5437353,4,1
1552413656.3054724,2,1
1552413662.1639514,4,1
1552413663.185547,4,2
1552413663.4410381,4,1
1552413663.9981482,2,1
1552413672.8070245,4,1
1552413673.6512396,2,1
1552413700.4496372,4,1
1552413701.471332,4,2
1552413701.7267652,4,1
1552413702.7483413,4,2
1552413703.003758,4,1
1552413703.7514694,2,1
1552413715.58236,4,1
1552413716.604061,4,2
1552413716.8594415,4,1
1552413717.8808806,4,2
1552413718.1362653,4,1
1552413718.3950865,2,1
1552413740.7923927,4,1
1552413741.8154972,4,2
1552413742.0710828,4,1
1552413743.0930808,4,2
1552413743.3485277,4,1
1552413743.8356035,2,1
1552413765.5152335,4,1
1552413766.1246507,2,1
1552413777.2482233,4,1
1552413778.2696638,4,2
1552413778.3164132,2,1
1552413778.331233,2,1
1552413778.3316157,2,1
1552413778.5889957,2,1
1552413811.120289,4,1
1552413812.1417243,4,2
1552413812.3970559,4,1
1552413813.4184413,4,2
1552413813.4775164,2,1
1552413813.7360055,2,1
1552413824.6987078,4,1
1552413825.484335,2,1
1552413829.5791757,4,1
1552413829.9206753,2,1
1552413841.68726,4,1
1552413842.7068756,2,1
1552413847.5861723,4,1
1552413848.6077814,4,2
1552413848.863205,4,1
1552413849.8845305,4,2
1552413850.1398585,4,1
1552413851.1612701,4,2
1552413851.4166732,4,1
1552413852.43832,4,2
1552413852.50136,2,1
1552413852.5203178,2,1
1552413875.9452085,4,1
1552413876.4634824,2,1
1552413903.5798926,4,1
1552413904.603062,4,2
1552413904.6431415,2,1
1552413904.9254565,2,1
1552413920.0497644,4,1
1552413920.5871642,2,1
1552413931.3306365,4,1
1552413931.8508437,2,1
1552413990.7630773,4,1
1552413991.7626212,2,1
1552413991.7645166,2,1
1552413995.3666353,4,1
1552413996.3893437,4,2
1552413996.644962,4,1
1552413996.953437,2,1
1552414001.3256888,4,1
1552414002.348276,4,2
1552414002.6038382,4,1
1552414003.625236,4,2
1552414003.8095272,2,1
1552414008.2545907,4,1
1552414008.968847,2,1
1552414015.4462116,4,1
1552414015.7117271,2,1
1552414015.717241,2,1
1552414019.2653759,4,1
1552414020.2868166,4,2
1552414020.5423753,4,1
1552414021.2886117,2,1
1552414021.2888186,2,1
1552414021.2889378,2,1
1552414025.316277,4,1
1552414026.3352454,2,1
1552414030.359808,4,1
1552414030.6735408,2,1
1552414049.8004777,4,1
1552414050.8230166,4,2
1552414050.8634849,2,1
1552414055.0524065,4,1
1552414055.2138488,2,1
1552414068.9165623,4,1
1552414069.9378815,4,2
1552414070.1932697,4,1
1552414071.2143722,4,2
1552414071.3102074,2,1
1552414071.3269506,2,1
1552414107.2572846,4,1
1552414108.278935,4,2
1552414108.5343704,4,1
1552414109.5560913,4,2
1552414109.788223,2,1
1552414115.0669627,4,1
1552414115.694647,2,1
1552414125.9824843,4,1
1552414127.0039809,4,2
1552414127.0442197,2,1
1552414127.357292,2,1
1552414133.4645555,4,1
1552414133.7441905,2,1
1552414141.660579,4,1
1552414141.9128044,2,1
1552414149.2255092,4,1
1552414149.9791412,2,1
1552414156.9812863,4,1
1552414158.0029328,4,2
1552414158.0187278,2,1
1552414183.6775668,4,1
1552414184.6996377,4,2
1552414184.9551344,4,1
1552414185.9766428,4,2
1552414185.9960227,2,1
1552414190.2136638,4,1
1552414191.2362158,4,2
1552414191.4917314,4,1
1552414191.8389454,2,1
1552414195.7309346,4,1
1552414196.3238611,2,1
1552414196.3241477,2,1
1552414201.6663356,4,1
1552414201.9236698,2,1
1552414227.0057244,4,1
1552414228.0280726,4,2
1552414228.2835438,4,1
1552414229.3056607,4,2
1552414229.3487592,2,1
1552414234.034206,4,1
1552414234.6391256,2,1
1552414243.9115782,4,1
1552414244.2085247,2,1
1552414268.1251059,4,1
1552414269.1467712,4,2
1552414269.4022164,4,1
1552414270.4237745,4,2
1552414270.4719272,2,1
1552414270.743816,2,1
1552414292.543823,4,1
1552414293.0800383,2,1
1552414297.1511319,4,1
1552414297.4577034,2,1
1552414297.4631925,2,1
1552414299.3060312,4,1
1552414300.3275936,4,2
1552414300.3586178,2,1
1552414300.3588908,2,1
1552414300.6468248,2,1
1552414324.247836,4,1
1552414325.043504,2,1
1552414325.0502553,2,1
1552414328.2994902,4,1
1552414329.3212578,4,2
1552414329.576906,4,1
1552414330.5984619,4,2
1552414330.8539133,4,1
1552414331.6266143,2,1
1552414408.011356,4,1
1552414409.0330076,4,2
1552414409.288605,4,1
1552414410.3063939,2,1
1552414414.5368743,4,1
1552414415.5586765,4,2
1552414415.814206,4,1
1552414416.8280947,2,1
1552414418.886929,4,1
1552414419.173052,2,1
1552414419.178606,2,1
1552414425.6215136,4,1
1552414426.6432831,4,2
1552414426.8988793,4,1
1552414427.1975214,2,1
1552414431.3097808,4,1
1552414432.331376,4,2
1552414432.5868888,4,1
1552414433.3816843,2,1
1552414437.9422975,4,1
1552414438.947429,2,1
1552414442.8224473,4,1
1552414443.0883992,2,1
1552414443.0886354,2,1
1552414451.93864,4,1
1552414452.7320602,2,1
1552414461.8780837,4,1
1552414462.8896892,2,1
1552414462.8899198,2,1
1552414464.2329102,4,1