
1554408637.1859484,4,1
1554408638.2070966,4,2
1554408638.4624064,4,1
1554408638.7513494,2,1
1554408711.5844154,4,1
1554408712.0736554,2,1
1554408739.8741915,4,1
1554408740.6990294,2,1
1554408795.9127228,4,1
1554408796.9344158,4,2
1554408797.1898055,4,1
1554408797.6779494,2,1
1554408859.983701,4,1
1554408861.0052829,4,2
1554408861.0669396,2,1
1554408861.06715,2,1
1554408930.8003526,4,1
1554408931.61797,2,1
1554408931.6182663,2,1
1554408938.0347311,4,1
1554408938.575221,2,1
1554408946.4258838,4,1
1554408946.6950524,2,1
1554409009.8256826,4,1
1554409010.8471737,4,2
1554409011.1025264,4,1
1554409012.1238186,4,2
1554409012.379325,4,1
1554409013.4009535,4,2
1554409013.6563032,4,1
1554409013.897613,2,1
1554409083.5715482,4,1
1554409084.5947194,4,2
1554409084.8502896,4,1
1554409085.872258,4,2
1554409086.1278312,4,1
1554409086.3665602,2,1
1554409094.151764,4,1
1554409094.749924,2,1
1554409100.5127923,4,1
1554409101.527528,2,1
1554409176.7750828,4,1
1554409177.7967029,4,2
1554409178.0520258,4,1
1554409179.073371,4,2
1554409179.3286903,4,1
1554409180.0810428,2,1
1554409186.6568508,4,1
1554409187.6783032,4,2
1554409187.933813,4,1
1554409188.955125,4,2
1554409189.2104526,4,1
1554409190.2317457,4,2
1554409190.487196,4,1
1554409191.5103586,4,2
1554409191.765852,4,1
1554409192.7872605,4,2
1554409193.0426655,4,1
1554409193.6055899,2,1
1554409240.9064548,4,1
1554409241.9292862,4,2
1554409242.184636,4,1
1554409242.9222329,2,1
1554409297.3934643,4,1
1554409298.4164057,4,2
1554409298.6720803,4,1
1554409299.6942568,4,2
1554409299.9496338,4,1
1554409300.5396848,2,1
1554409331.1669405,4,1
1554409332.1886828,4,2
1554409332.4439917,4,1
1554409333.4650223,4,2
1554409333.7204397,4,1
1554409334.2346234,2,1
1554409340.516172,4,1
1554409341.1411388,2,1
1554409351.1991343,4,1
1554409352.2204318,4,2
1554409352.475785,4,1
1554409353.020252,2,1
1554409375.8318136,4,1
1554409376.3331835,2,1
1554409383.3105276,4,1
1554409383.842092,2,1
1554409383.8422263,2,1
1554409383.8425865,2,1
1554409405.6487422,4,1
1554409406.6709175,4,2
1554409406.747396,2,1
1554409412.044027,4,1
1554409413.0655143,4,2
1554409413.3209004,4,1
1554409413.9527426,2,1
1554409436.4803994,4,1
1554409436.734325,2,1
1554409443.3761415,4,1
1554409444.1785178,2,1
1554409451.1783838,4,1
1554409452.2002325,4,2
1554409452.455608,4,1
1554409453.4767358,4,2
1554409453.7321565,4,1
1554409454.5070581,2,1
1554409458.8417227,4,1
1554409459.853988,2,1
1554409498.9013937,4,1
1554409499.663331,2,1
1554409508.8311586,4,1
1554409509.0679283,2,1
1554409567.8534281,4,1
1554409568.1980057,2,1
1554409574.7853513,4,1
1554409575.0334752,2,1
1554409585.0926285,4,1
1554409585.3910325,2,1
1554409585.39119,2,1
1554409590.8403609,4,1
1554409591.3400395,2,1
1554409611.6574383,4,1
1554409612.678779,4,2
1554409612.9341178,4,1
1554409613.4821532,2,1
1554409637.9824657,4,1
1554409638.7807164,2,1
1554409679.8793085,4,1
1554409680.6272733,2,1
1554409688.1936872,4,1
1554409689.0793312,2,1
1554409757.8610842,4,1
1554409758.4086092,2,1
1554409797.0937848,4,1
1554409798.1149442,4,2
1554409798.3702047,4,1
1554409799.3911972,4,2
1554409799.646462,4,1
1554409800.66729,4,2
1554409800.9225223,4,1
1554409801.6915562,2,1
1554409854.647666,4,1
1554409855.6702352,4,2
1554409855.92605,4,1
1554409856.925139,2,1
1554409877.687517,4,1
1554409877.9608111,2,1
1554409901.7806334,4,1
1554409902.8020515,4,2
1554409902.8370357,2,1
1554409906.099911,4,1
1554409906.2043529,2,1
1554410086.3890495,4,1
1554410087.4104335,4,2
1554410087.6657517,4,1
1554410088.6868098,4,2
1554410088.9420714,4,1
1554410089.9629283,4,2
1554410090.2182412,4,1
1554410091.2391453,4,2
1554410091.4946196,4,1
1554410091.7906775,2,1
1554410091.7911432,2,1
1554410104.036061,4,1
1554410105.0574796,4,2
1554410105.312801,4,1
1554410106.33399,4,2
1554410106.3538213,2,1
1554410118.000652,4,1
1554410119.0223994,4,2
1554410119.2778335,4,1
1554410119.7851765,2,1
1554410126.2587445,4,1
1554410127.2632496,2,1
1554410135.1162498,4,1
1554410136.1374395,4,2
1554410136.3927126,4,1
1554410137.1880958,2,1
1554410237.347807,4,1
1554410237.8633814,2,1
1554410271.9753993,4,1
1554410272.9967124,4,2
1554410273.2521803,4,1
1554410274.2732642,4,2
1554410274.528692,4,1
1554410274.836192,2,1
1554410335.0476232,4,1
1554410335.5514894,2,1
1554410343.347226,4,1
1554410344.3698041,4,2
1554410344.6253355,4,1
1554410345.646969,4,2
1554410345.7290473,2,1
1554410398.2167318,4,1
1554410399.238661,4,2
1554410399.494038,4,1
1554410400.5154674,4,2
1554410400.7710426,4,1
1554410401.0564172,2,1
1554410408.295506,4,1
1554410409.316981,4,2
1554410409.4849558,2,1
1554410409.5011418,2,1
1554410416.9289138,4,1
1554410417.950337,4,2
1554410418.20014,2,1
1554410445.5121694,4,1
1554410446.5333037,4,2
1554410446.7885766,4,1
1554410446.86626,2,1
1554410453.695808,4,1
1554410454.7170238,4,2
1554410454.7764585,2,1
1554410454.7785704,2,1
1554410461.3138833,4,1
1554410461.8222017,2,1
1554410520.6837282,4,1
1554410521.0280461,2,1
1554410559.7993088,4,1
1554410560.8206694,4,2
1554410561.0760663,4,1
1554410562.097614,4,2
1554410562.2242904,2,1
1554410681.243591,4,1
1554410681.7229555,2,1
1554410722.0969684,4,1
1554410722.5932093,2,1
1554410727.989954,4,1
1554410729.0113165,4,2
1554410729.266769,4,1
1554410730.2887127,4,2
1554410730.5443847,4,1
1554410731.5665991,4,2
1554410731.5745554,2,1
1554410731.5772116,2,1
1554410739.9803517,4,1
1554410740.233504,2,1
1554410746.9318075,4,1
1554410747.953431,4,2
1554410748.2087634,4,1
1554410749.229996,4,2
1554410749.3599222,2,1
1554410763.1781414,4,1
1554410763.725687,2,1
1554410786.211041,4,1
1554410787.2322414,4,2
1554410787.4875653,4,1
1554410787.7817903,2,1
1554410824.8260643,4,1
1554410825.172271,2,1
1554410847.0952225,4,1
1554410848.1181254,4,2
1554410848.3738017,4,1
1554410849.3954742,4,2
1554410849.5314333,2,1
1554410849.5489094,2,1
1554410855.8211033,4,1
1554410856.8422797,4,2
1554410856.966414,2,1
1554410864.7805233,4,1
1554410865.801943,4,2
1554410866.0574827,4,1
1554410867.078494,4,2
1554410867.333786,4,1
1554410867.7979727,2,1
1554410873.2685132,4,1
1554410874.2897725,4,2
1554410874.5451243,4,1
1554410875.566106,4,2
1554410875.6558433,2,1
1554410875.656016,2,1
1554410917.1152747,4,1
1554410917.4063256,2,1
1554410970.3725216,4,1
1554410970.8752475,2,1
1554410988.089975,4,1
1554410988.3803694,2,1
1554411033.3363507,4,1
1554411034.3577583,4,2
1554411034.6131551,4,1
1554411035.375316,2,1
1554411045.315673,4,1
1554411045.809004,2,1
1554411110.6193511,4,1
1554411111.6405923,4,2
1554411111.8958933,4,1
1554411112.9171348,4,2
1554411113.1724145,4,1
1554411114.1934748,4,2
1554411114.4487762,4,1
1554411115.4698367,4,2
1554411115.7251759,4,1
1554411116.4840212,2,1
1554411138.9813256,4,1
1554411139.4810743,2,1
1554411146.4991171,4,1
1554411147.5203924,4,2
1554411147.7757251,4,1
1554411148.5427325,2,1
1554411158.2900355,4,1
1554411159.31156,4,2
1554411159.566945,4,1
1554411160.070111,2,1
1554411204.6027055,4,1
1554411205.1646335,2,1
1554411212.2972167,4,1
1554411212.5869646,2,1
1554411226.3509295,4,1
1554411227.3725295,4,2
1554411227.628154,4,1
1554411228.3805335,2,1
1554411238.5007071,4,1
1554411239.0094543,2,1
1554411278.9290295,4,1
1554411279.1821477,2,1
1554411286.6411428,4,1
1554411287.6624868,4,2
1554411287.917877,4,1
1554411288.6829555,2,1
1554411295.082696,4,1
1554411296.1043587,4,2
1554411296.3596363,4,1
1554411297.3807824,4,2
1554411297.449319,2,1
1554411345.4864461,4,1
1554411346.5077353,4,2
1554411346.7630014,4,1
1554411347.7842522,4,2
1554411348.03957,4,1
1554411349.0605984,4,2
1554411349.3160675,4,1
1554411349.821765,2,1
1554411354.800694,4,1
1554411355.8221934,4,2
1554411356.0775535,4,1
1554411356.591532,2,1
1554411367.507481,4,1
1554411368.2617936,2,1
1554411376.3642704,4,1
1554411377.3855944,4,2
1554411377.6409137,4,1
1554411378.4515665,2,1
1554411385.0856342,4,1
1554411385.5826766,2,1
1554411409.941419,4,1
1554411410.1949408,2,1
1554411416.1968017,4,1
1554411416.699363,2,1
1554411423.1944237,4,1
1554411423.6958675,2,1
1554411423.696323,2,1
1554411428.437739,4,1
1554411428.9346316,2,1
1554411435.717434,4,1
1554411436.7386973,4,2
1554411436.797073,2,1
1554411493.508493,4,1
1554411494.5297916,4,2
1554411494.594979,2,1
1554411516.8082042,4,1
1554411517.0802355,2,1
1554411517.0803463,2,1
1554411538.210286,4,1
1554411539.2328265,4,2
1554411539.488349,4,1
1554411540.51035,4,2
1554411540.765807,4,1
1554411541.5327969,2,1
1554411585.7764251,4,1
1554411586.046165,2,1
1554411608.6269941,4,1
1554411609.6483178,4,2
1554411609.903654,4,1
1554411610.4140449,2,1
1554411610.4147165,2,1
1554413413.8068388,3,2