
1555536134.0090206,4,1
1555536134.2880106,2,1
1555536154.5488224,4,1
1555536155.5699873,4,2
1555536155.8253834,4,1
1555536156.8463924,4,2
1555536157.1016655,4,1
1555536158.1227593,4,2
1555536158.210001,2,1
1555536178.9910336,4,1
1555536179.250125,2,1
1555536265.1306822,4,1
1555536265.4178288,2,1
1555536265.4191594,2,1
1555536265.41931,2,1
1555536270.3577435,4,1
1555536271.379409,4,2
1555536271.6348484,4,1
1555536272.3873215,2,1
1555536275.2466292,4,1
1555536276.2679656,4,2
1555536276.5233438,4,1
1555536277.5446794,4,2
1555536277.8001287,4,1
1555536278.8214521,4,2
1555536279.0768201,4,1
1555536280.0981855,4,2
1555536280.3535814,4,1
1555536281.3749528,4,2
1555536281.6303115,4,1
1555536282.4852297,2,1
1555536423.5194573,4,1
1555536423.7959762,2,1
1555536423.7974663,2,1
1555536423.7975414,2,1
1555536433.9559467,4,1
1555536434.7153368,2,1
1555536531.4078877,4,1
1555536531.7503786,2,1
1555536563.1970491,4,1
1555536563.706968,2,1
1555536626.0187573,4,1
1555536627.0406604,4,2
1555536627.2960587,4,1
1555536628.3176644,4,2
1555536628.5730915,4,1
1555536628.8566515,2,1
1555536649.6160486,4,1
1555536649.8667538,2,1
1555536653.270658,4,1
1555536653.8603666,2,1
1555536714.0218003,4,1
1555536715.0444975,4,2
1555536715.299899,4,1
1555536715.856528,2,1
1555536739.136027,4,1
1555536739.4559834,2,1
1555536744.262758,4,1
1555536745.2844665,4,2
1555536745.5398324,4,1
1555536746.4279053,2,1
1555536779.7485754,4,1
1555536780.7700865,4,2
1555536781.0259838,4,1
1555536782.047235,4,2
1555536782.129242,2,1
1555536782.1293566,2,1
1555536808.6620278,4,1
1555536808.9164944,2,1
1555536873.6494884,4,1
1555536874.149236,2,1
1555536878.6580338,4,1
1555536878.9138727,2,1
1555536878.9149172,2,1
1555536886.5868158,4,1
1555536887.608755,4,2
1555536887.864078,4,1
1555536888.885424,2,1
1555536888.8863604,2,1
1555536916.2115054,4,1
1555536917.2332878,4,2
1555536917.4886398,4,1
1555536918.5102637,4,2
1555536918.5105693,2,1
1555536918.5106664,2,1
1555536921.9249403,4,1
1555536922.9463422,4,2
1555536923.027888,2,1
1555536945.1095424,4,1
1555536946.131084,4,2
1555536946.3867111,4,1
1555536946.903783,2,1
1555536950.7567701,4,1
1555536951.7779644,4,2
1555536951.8090103,2,1
1555536951.810509,2,1
1555536952.0956461,2,1
1555536961.5715764,4,1
1555536962.413496,2,1
1555536962.4136875,2,1
1555536966.3020802,4,1
1555536967.3234055,4,2
1555536967.3586333,2,1
1555536967.6578681,2,1
1555536977.2672026,4,1
1555536977.8516388,2,1
1555536981.4302552,4,1
1555536981.670686,2,1
1555536984.7402892,4,1
1555536985.7622843,4,2
1555536986.0175831,4,1
1555536986.2849844,2,1
1555537092.3159938,4,1
1555537093.066189,2,1
1555537096.7590992,4,1
1555537097.0456111,2,1
1555537097.0458524,2,1
1555537100.1721137,4,1
1555537100.4060528,2,1
1555537142.2594912,4,1
1555537143.280955,4,2
1555537143.53632,4,1
1555537144.0674791,2,1
1555537151.5322635,4,1
1555537151.7492783,2,1
1555537195.5996275,4,1
1555537196.6206686,4,2
1555537196.8761132,4,1
1555537197.897087,4,2
1555537197.9679558,2,1
1555537197.9688144,2,1
1555537206.5590792,4,1
1555537207.3214722,2,1
1555537228.219529,4,1
1555537228.567233,2,1
1555537228.5674753,2,1
1555537241.199595,4,1
1555537242.2215452,4,2
1555537242.2627594,2,1
1555537242.262881,2,1
1555537242.2630603,2,1
1555537242.5418608,2,1
1555537248.2468894,4,1
1555537248.7734945,2,1
1555537248.7737608,2,1
1555537296.6094851,4,1
1555537297.631179,4,2
1555537297.8865883,4,1
1555537298.4013522,2,1
1555537301.2479384,4,1
1555537302.2692966,4,2
1555537302.3483155,2,1
1555537340.6895864,4,1
1555537340.9439898,2,1
1555537345.7327425,4,1
1555537346.7539601,4,2
1555537346.8831515,2,1
1555537373.8802521,4,1
1555537374.3494277,2,1
1555537379.2507832,4,1
1555537379.7443972,2,1
1555537386.5727353,4,1
1555537387.094217,2,1
1555537387.0943913,2,1
1555537387.0954218,2,1
1555537397.2985692,4,1
1555537397.5323327,2,1
1555537403.8096862,4,1
1555537404.8308253,4,2
1555537405.0861,4,1
1555537405.6126654,2,1
1555537409.4482112,4,1
1555537410.4696434,4,2
1555537410.7249973,4,1
1555537411.7461317,4,2
1555537412.0014086,4,1
1555537412.5406363,2,1
1555537416.1476018,4,1
1555537416.646996,2,1
1555537420.3410501,4,1
1555537420.8974965,2,1
1555537423.995401,4,1
1555537425.0001574,2,1
1555537445.4120924,4,1
1555537445.9707305,2,1
1555537455.0767555,4,1
1555537456.098579,4,2
1555537456.3540766,4,1
1555537457.198244,2,1
1555537462.147082,4,1
1555537462.667558,2,1
1555537462.6676958,2,1
1555537482.1396427,4,1
1555537483.161245,4,2
1555537483.416929,4,1
1555537484.181541,2,1
1555537490.8566222,4,1
1555537491.8781757,4,2
1555537492.133532,4,1
1555537493.1549082,4,2
1555537493.1882591,2,1
1555537493.4567728,2,1
1555537502.7526534,4,1
1555537503.7742822,4,2
1555537504.0296297,4,1
1555537505.0510879,4,2
1555537505.3065014,4,1
1555537506.3278031,4,2
1555537506.3736649,2,1
1555537506.6309752,2,1
1555537514.736879,4,1
1555537515.0234566,2,1
1555537523.7190812,4,1
1555537524.7403243,4,2
1555537524.9956765,4,1
1555537526.0168152,4,2
1555537526.2721238,4,1
1555537527.2931316,4,2
1555537527.548429,4,1
1555537528.336726,2,1
1555537541.1507106,4,1
1555537541.7813246,2,1
1555537547.269837,4,1
1555537547.8266664,2,1
1555537552.1990826,4,1
1555537553.2204223,4,2
1555537553.475801,4,1
1555537554.4969447,4,2
1555537554.7522304,4,1
1555537555.0759556,2,1
1555537575.1197658,4,1
1555537575.9709277,2,1
1555537581.1737416,4,1
1555537582.19493,4,2
1555537582.2882712,2,1
1555537591.7492626,4,1
1555537592.5454023,2,1
1555537592.5511892,2,1
1555537625.710282,4,1
1555537626.2164328,2,1
1555537629.1220036,4,1
1555537629.7069273,2,1
1555537629.7070656,2,1
1555537653.2603285,4,1
1555537654.2819614,4,2
1555537654.53753,4,1
1555537654.7828145,2,1
1555537654.7834392,2,1
1555537658.982488,4,1
1555537659.2450318,2,1
1555537662.0263686,4,1
1555537662.2824926,2,1
1555537666.372045,4,1
1555537667.394867,4,2
1555537667.650234,4,1
1555537668.4090383,2,1
1555537689.3744736,4,1
1555537689.6200302,2,1
1555537692.3449256,4,1
1555537693.149935,2,1
1555537700.101496,4,1
1555537701.1231227,4,2
1555537701.3784888,4,1
1555537701.6239018,2,1
1555537701.6245446,2,1
1555537706.283035,4,1
1555537707.3048027,4,2
1555537707.5601704,4,1
1555537708.5815394,4,2
1555537708.8369615,4,1
1555537709.3387687,2,1
1555537738.3446133,4,1
1555537739.3662949,4,2
1555537739.4553473,2,1
1555537744.0509868,4,1
1555537744.802879,2,1
1555537751.713562,4,1
1555537752.468481,2,1
1555537760.236824,4,1
1555537760.5415506,2,1
1555537773.764995,4,1
1555537774.786731,4,2
1555537775.0421128,4,1
1555537775.335409,2,1
1555537785.6683092,4,1
1555537786.1644692,2,1
1555537791.009237,4,1
1555537792.0307782,4,2
1555537792.2861595,4,1
1555537792.5878603,2,1
1555537799.8892717,4,1
1555537800.647182,2,1
1555537806.6978567,4,1
1555537807.0109313,2,1
1555537833.2321086,4,1
1555537833.5130424,2,1
1555537853.2386534,4,1
1555537854.2602854,4,2
1555537854.515728,4,1
1555537855.5369506,4,2
1555537855.5764222,2,1
1555537855.8551564,2,1
1555537868.360173,4,1
1555537868.9019382,2,1
1555537868.9073372,2,1
1555537880.866232,4,1
1555537881.6346714,2,1
1555537881.6348093,2,1
1555537905.6896152,4,1
1555537906.4455132,2,1
1555537909.9007156,4,1
1555537910.666259,2,1
1555537917.3189268,4,1
1555537917.6156712,2,1
1555537917.6164987,2,1
1555537917.6165743,2,1
1555537926.1168635,4,1
1555537927.1392744,4,2
1555537927.3949597,4,1
1555537927.9324417,2,1
1555537945.3458188,4,1
1555537946.1493704,2,1
1555537949.9758756,4,1
1555537950.9972458,4,2
1555537951.2546945,4,1
1555537952.2758455,4,2
1555537952.5311303,4,1
1555537952.784108,2,1
1555537962.0846686,4,1
1555537963.106049,4,2
1555537963.3613465,4,1
1555537964.130106,2,1
1555537967.3364837,4,1
1555537968.3460727,2,1
1555537972.3112404,4,1
1555537973.3331234,4,2
1555537973.5884938,4,1
1555537973.9260244,2,1
1555537973.9264615,2,1
1555537996.5679216,4,1
1555537997.5892959,4,2
1555537997.8446364,4,1
1555537998.8658025,4,2
1555537999.1210976,4,1
1555537999.956056,2,1
1555538025.2152252,4,1
1555538025.511056,2,1
1555538028.2255275,4,1
1555538029.24513,2,1
1555538120.8860931,4,1
1555538121.9075289,4,2
1555538121.9962354,2,1
1555538122.245426,2,1
1555538128.2815938,4,1
1555538129.0866883,2,1
1555538132.360115,4,1
1555538133.3816605,4,2
1555538133.4561439,2,1
1555538137.290619,4,1
1555538137.5297353,2,1
1555538182.622409,4,1
1555538183.1820347,2,1
1555538203.1743753,4,1
1555538204.196234,4,2
1555538204.2533672,2,1
1555538204.5157673,2,1
1555538211.010167,4,1
1555538211.812447,2,1
1555538219.6211908,4,1
1555538220.6437705,4,2
1555538220.8992887,4,1
1555538221.785541,2,1
1555538227.7789843,4,1
1555538228.1159966,2,1
1555538228.1161294,2,1
1555538228.1169667,2,1
1555538234.800455,4,1
1555538235.0631433,2,1
1555538235.0632925,2,1
1555538239.257981,4,1
1555538239.7584581,2,1
1555538239.763888,2,1
1555538243.8281114,4,1
1555538244.8479357,2,1
1555538258.1182408,4,1
1555538259.139546,4,2
1555538259.395053,4,1
1555538260.4161565,4,2
1555538260.6714392,4,1
1555538261.1760151,2,1
1555538265.31511,4,1
1555538266.3298757,2,1
1555538266.3301795,2,1
1555538271.4892743,4,1
1555538272.5103881,4,2
1555538272.7657356,4,1
1555538273.533364,2,1
1555538300.1793318,4,1
1555538301.1712463,2,1
1555538301.1720428,2,1
1555538304.8754416,4,1
1555538305.8966863,4,2
1555538305.9141343,2,1
1555538305.917417,2,1
1555538310.3389912,4,1
1555538310.6014059,2,1
1555538316.063287,4,1
1555538317.0852573,4,2
1555538317.2117198,2,1
1555538329.1099186,4,1
1555538330.1316764,4,2
1555538330.3871248,4,1
1555538330.5990217,2,1
1555538361.3751502,4,1
1555538361.8949637,2,1
1555538384.2571688,4,1
1555538385.2786262,4,2
1555538385.5342007,4,1
1555538386.411079,2,1
1555538406.3341856,4,1
1555538406.5885012,2,1
1555538412.4192278,4,1
1555538412.6711454,2,1
1555538418.232056,4,1
1555538419.253442,4,2
1555538419.508786,4,1
1555538420.31584,2,1
1555538420.3163505,2,1
1555538425.986243,4,1
1555538427.0088181,4,2
1555538427.264444,4,1
1555538428.2819183,2,1
1555538433.9090474,4,1
1555538434.93033,4,2
1555538435.1856997,4,1
1555538436.2066858,4,2
1555538436.4621205,4,1
1555538437.4831502,4,2
1555538437.738556,4,1
1555538438.7595975,4,2
1555538438.964091,2,1
1555538448.5827193,4,1
1555538449.6042612,4,2
1555538449.8596165,4,1
1555538449.981468,2,1
1555538454.1446865,4,1
1555538454.9153218,2,1
1555538454.915498,2,1
1555538460.0469887,4,1
1555538461.068737,4,2
1555538461.3240786,4,1
1555538461.9139702,2,1
1555538476.1902895,4,1
1555538476.4869025,2,1
1555538476.4870417,2,1
1555538492.816265,4,1
1555538493.3652666,2,1
1555538493.3654385,2,1
1555538497.6489227,4,1
1555538498.191925,2,1
1555538517.682035,4,1
1555538518.007518,2,1
1555538518.0118406,2,1
1555538522.738485,4,1
1555538523.7601662,4,2
1555538524.015529,4,1
1555538525.037183,4,2
1555538525.2925866,4,1
1555538526.3136666,4,2
1555538526.5698264,4,1
1555538527.5883884,2,1
1555538537.3965678,4,1
1555538537.9449358,2,1
1555538541.8054898,4,1
1555538542.058761,2,1
1555538545.5525625,4,1
1555538546.5652175,2,1
1555538553.8989959,4,1
1555538554.198054,2,1
1555538557.0371451,4,1
1555538557.5368352,2,1
1555538562.1991992,4,1
1555538563.220411,4,2
1555538563.2842216,2,1
1555538563.302364,2,1
1555538566.9259248,4,1
1555538567.2654436,2,1
1555538567.265628,2,1
1555538570.0977986,4,1
1555538570.6053114,2,1
1555538597.1411202,4,1
1555538598.1623125,4,2
1555538598.4176736,4,1
1555538599.1516216,2,1
1555538604.7179513,4,1
1555538605.7390656,4,2
1555538605.7962127,2,1
1555538618.1562722,4,1
1555538618.4746451,2,1
1555538622.5275018,4,1
1555538623.5488803,4,2
1555538623.8042355,4,1
1555538624.8254259,4,2
1555538624.8548667,2,1
1555538624.8767421,2,1
1555538625.1426356,2,1
1555538672.8700128,4,1
1555538673.1909075,2,1
1555538748.0779574,4,1
1555538749.0994747,4,2
1555538749.3548784,4,1
1555538750.376129,4,2
1555538750.3765023,2,1
1555538750.3775873,2,1
1555538770.6863647,4,1
1555538771.1874585,2,1
1555538791.554148,4,1
1555538792.5755336,4,2
1555538792.830888,4,1
1555538793.8520365,4,2
1555538793.8609302,2,1
1555538793.8625455,2,1
1555538801.105397,4,1
1555538801.4417527,2,1
1555538804.1076446,4,1
1555538804.6594784,2,1
1555538814.489916,4,1
1555538815.4982536,2,1
1555538815.498428,2,1
1555538821.3239048,4,1
1555538821.558107,2,1
1555538824.6645133,4,1
1555538825.4327972,2,1
1555538838.2227738,4,1
1555538839.2446053,4,2
1555538839.310596,2,1
1555538844.4553287,4,1
1555538845.477158,4,2
1555538845.732527,4,1
1555538846.0085366,2,1
1555538846.0091393,2,1
1555538846.0092149,2,1
1555538854.1012597,4,1
1555538855.1249034,4,2
1555538855.3802226,4,1
1555538855.8727827,2,1
1555538864.1476603,4,1
1555538864.4464517,2,1
1555538878.0269508,4,1
1555538878.2699647,2,1
1555538914.7771642,4,1
1555538915.035862,2,1
1555538920.9570818,4,1
1555538921.9786496,4,2
1555538922.2340512,4,1
1555538922.7641659,2,1
1555538963.098818,4,1
1555538964.120275,4,2
1555538964.3756278,4,1
1555538965.3969872,4,2
1555538965.6523144,4,1
1555538966.425755,2,1
1555538988.8293843,4,1
1555538989.5733037,2,1
1555538993.0221558,4,1
1555538994.0443668,4,2
1555538994.0913281,2,1
1555539000.6568651,4,1
1555539001.0121582,2,1
1555539025.297323,4,1
1555539026.3191762,4,2
1555539026.4437172,2,1
1555539026.4624953,2,1
1555539049.4593017,4,1
1555539050.4811952,4,2
1555539050.7366948,4,1
1555539051.7586744,4,2
1555539051.8842814,2,1
1555539051.8844311,2,1
1555539067.1245508,4,1
1555539068.1457207,4,2
1555539068.401199,4,1
1555539069.251691,2,1
1555539079.3032038,4,1
1555539080.324928,4,2
1555539080.5803044,4,1
1555539081.5757048,2,1
1555539086.397648,4,1
1555539087.419137,4,2
1555539087.6745899,4,1
1555539088.696139,4,2
1555539088.9515324,4,1
1555539089.5851545,2,1
1555539089.585922,2,1
1555539095.6496322,4,1
1555539095.8772986,2,1
1555539115.5797768,4,1
1555539116.6013498,4,2
1555539116.8568075,4,1
1555539117.670815,2,1
1555539155.214682,4,1
1555539155.8028874,2,1
1555539159.8201675,4,1
1555539160.841457,4,2
1555539161.0968463,4,1
1555539161.3934047,2,1
1555539161.394642,2,1
1555539161.394745,2,1
1555539165.3696537,4,1
1555539166.3914058,4,2
1555539166.420171,2,1
1555539166.7101412,2,1
1555539177.3316503,4,1
1555539178.3532057,4,2
1555539178.6086318,4,1
1555539179.3891332,2,1
1555539191.0412748,4,1
1555539192.0627558,4,2
1555539192.318171,4,1
1555539192.621143,2,1
1555539197.6505578,4,1
1555539198.672027,4,2
1555539198.927531,4,1
1555539199.5116742,2,1
1555539224.5365992,4,1
1555539224.7861722,2,1
1555539228.5210493,4,1
1555539229.29653,2,1
1555539237.1071944,4,1
1555539238.128445,4,2
1555539238.3838108,4,1
1555539238.882186,2,1
1555539243.3682277,4,1
1555539243.882995,2,1
1555539247.7770452,4,1
1555539248.7985828,4,2
1555539248.8930683,2,1
1555539248.8931782,2,1
1555539248.9113438,2,1
1555539254.4268982,4,1
1555539255.1712763,2,1
1555539259.7556393,4,1
1555539260.7773905,4,2
1555539261.0327988,4,1
1555539262.054263,4,2
1555539262.0633717,2,1
1555539297.643813,4,1
1555539298.4974585,2,1
1555539307.6212027,4,1
1555539308.5065913,2,1
1555539312.438141,4,1
1555539313.281282,2,1
1555539317.8786016,4,1
1555539318.1311963,2,1
1555539344.4702525,4,1
1555539345.4917789,4,2
1555539345.7471988,4,1
1555539346.5012007,2,1
1555539355.9750571,4,1
1555539356.537467,2,1
1555539362.4098082,4,1
1555539363.4309711,4,2
1555539363.686285,4,1
1555539364.7091897,4,2
1555539364.964692,4,1
1555539365.986089,4,2
1555539366.2414494,4,1
1555539367.2627313,4,2
1555539367.518134,4,1
1555539368.0958412,2,1
1555539374.6755168,4,1
1555539375.6974108,4,2
1555539375.8303962,2,1
1555539383.2614279,4,1
1555539384.2830963,4,2
1555539384.53846,4,1
1555539385.5599854,4,2
1555539385.8154542,4,1
1555539386.319461,2,1
1555539391.295529,4,1
1555539391.6310906,2,1
1555539405.3408208,4,1
1555539406.3625805,4,2
1555539406.6182046,4,1
1555539407.1194315,2,1
1555539407.12012,2,1
1555539407.120237,2,1
1555539433.7411935,4,1
1555539434.7582653,2,1
1555539441.9008093,4,1
1555539442.9222746,4,2
1555539442.979435,2,1
1555539449.712077,4,1
1555539450.2322142,2,1
1555539459.9665856,4,1
1555539460.9853432,2,1
1555539483.1105485,4,1
1555539484.1335316,4,2
1555539484.3891728,4,1
1555539485.1527379,2,1
1555539504.3608754,4,1
1555539504.6021419,2,1
1555539510.9511838,4,1
1555539511.972315,4,2
1555539512.227598,4,1
1555539512.537231,2,1
1555539558.1577768,4,1
1555539558.7443814,2,1
1555539558.744577,2,1
1555539566.952692,4,1
1555539567.9738503,4,2
1555539568.2292805,4,1
1555539568.4628253,2,1
1555539577.235586,4,1
1555539578.0881515,2,1
1555539582.1801896,4,1
1555539583.202164,4,2
1555539583.457594,4,1
1555539584.4800334,4,2
1555539584.736286,4,1
1555539585.368837,2,1
1555539585.370728,2,1
1555539606.4848807,4,1
1555539606.993445,2,1
1555539617.5713434,4,1
1555539618.592782,4,2
1555539618.8482742,4,1
1555539619.8702266,4,2
1555539620.125635,4,1
1555539621.14713,4,2
1555539621.4025204,4,1
1555539622.423945,4,2
1555539622.6793687,4,1
1555539623.1779008,2,1
1555539629.6211684,4,1
1555539630.6428216,4,2
1555539630.8982294,4,1
1555539631.9195142,4,2
1555539632.0363026,2,1
1555539635.1009774,4,1
1555539635.36228,2,1
1555539643.0790534,4,1
1555539643.414089,2,1
1555539656.6617277,4,1
1555539657.683802,4,2
1555539657.9394674,4,1
1555539658.786186,2,1
1555539673.4981225,4,1
1555539673.7432947,2,1
1555539673.7486947,2,1
1555539679.0904806,4,1
1555539679.6606421,2,1
1555539690.6682332,4,1
1555539691.6910543,4,2
1555539691.946559,4,1
1555539692.968243,4,2
1555539693.223671,4,1
1555539693.4792428,2,1
1555539696.927801,4,1
1555539697.1831331,2,1
1555539697.1832755,2,1
1555539697.188925,2,1
1555539701.20085,4,1
1555539702.2223132,4,2
1555539702.4777455,4,1
1555539703.4989157,4,2
1555539703.647512,2,1
1555539708.6711233,4,1
1555539708.8657224,2,1
1555539708.8670633,2,1
1555539708.867136,2,1
1555539713.529085,4,1
1555539713.771217,2,1
1555539720.3235142,4,1
1555539721.3467171,4,2
1555539721.6021717,4,1
1555539722.6239882,4,2
1555539722.8793175,4,1
1555539723.428266,2,1
1555539761.9728363,4,1
1555539762.2591953,2,1
1555539762.2609556,2,1
1555539775.980381,4,1
1555539776.269578,2,1
1555539780.263261,4,1
1555539781.0167968,2,1
1555539785.2000766,4,1
1555539785.7647605,2,1
1555539789.622599,4,1
1555539790.374493,2,1
1555539815.1104486,4,1
1555539816.1318169,4,2
1555539816.3871846,4,1
1555539816.644555,2,1
1555539822.9938092,4,1
1555539823.7321424,2,1
1555539831.0320268,4,1
1555539832.0534208,4,2
1555539832.1180136,2,1
1555539836.0348413,4,1
1555539837.0560613,4,2
1555539837.3113573,4,1
1555539838.3324823,4,2
1555539838.3879735,2,1
1555539842.597728,4,1
1555539842.8501818,2,1
1555539917.6507547,4,1
1555539918.4710479,2,1
1555539921.5000794,4,1
1555539921.7821872,2,1
1555539935.6264763,4,1
1555539936.6477768,4,2
1555539936.903047,4,1
1555539937.9242232,4,2
1555539938.1794987,4,1
1555539938.686691,2,1
1555539938.6868134,2,1
1555539947.5290687,4,1
1555539948.2929535,2,1
1555539955.6608725,4,1
1555539956.5122468,2,1
1555539962.9543114,4,1
1555539963.9634414,2,1
1555539972.8840828,4,1
1555539973.5146754,2,1
1555539981.3505015,4,1
1555539981.937483,2,1
1555539987.994995,4,1
1555539988.7559314,2,1
1555539993.573414,4,1
1555539994.5950792,4,2
1555539994.8503768,4,1
1555539995.8715315,4,2
1555539996.1269174,4,1
1555539996.5516448,2,1
1555540003.6333294,4,1
1555540004.1295629,2,1
1555540010.7188523,4,1
1555540011.2679029,2,1
1555540014.6226377,4,1
1555540015.6441762,4,2
1555540015.718782,2,1
1555540020.7561955,4,1
1555540021.777819,4,2
1555540021.8492029,2,1
1555540036.3290691,4,1
1555540036.5808916,2,1
1555540051.9206955,4,1
1555540052.9418366,4,2
1555540053.197187,4,1
1555540053.7482684,2,1
1555540053.7489347,2,1
1555540060.416625,4,1
1555540061.4382195,4,2
1555540061.6936412,4,1
1555540062.7152455,4,2
1555540062.970637,4,1
1555540063.479966,2,1
1555540063.4801154,2,1
1555540067.8265138,4,1
1555540068.5928557,2,1
1555540068.5937417,2,1
1555540072.8449981,4,1
1555540073.8677301,4,2
1555540074.1232898,4,1
1555540074.6649046,2,1
1555540074.6661334,2,1
1555540074.6662207,2,1
1555540080.8977487,4,1
1555540081.9191751,4,2
1555540082.1744745,4,1
1555540082.9377441,2,1
1555540082.9378815,2,1
1555540091.711169,4,1
1555540092.7328892,4,2
1555540092.9882677,4,1
1555540093.2308943,2,1
1555540103.0012498,4,1
1555540104.0227754,4,2
1555540104.2783902,4,1
1555540105.2999623,4,2
1555540105.3550875,2,1
1555540109.0650141,4,1
1555540109.3662782,2,1
1555540122.4076478,4,1
1555540123.4291828,4,2
1555540123.6845016,4,1
1555540124.4592805,2,1
1555540124.4610329,2,1
1555540127.8682923,4,1
1555540128.103664,2,1
1555540128.104237,2,1
1555540128.1043403,2,1
1555540135.358898,4,1
1555540136.3759625,2,1
1555540141.6823878,4,1
1555540142.183436,2,1
1555540142.184478,2,1
1555540147.138946,4,1
1555540147.4338691,2,1
1555540172.534225,4,1
1555540173.2978008,2,1
1555540173.297974,2,1
1555540177.142208,4,1
1555540178.1639533,4,2
1555540178.4192278,4,1
1555540179.4228706,2,1
1555540198.9476483,4,1
1555540199.4639957,2,1
1555540422.5588636,4,1
1555540423.3206906,2,1
1555540434.9670556,4,1
1555540435.4846165,2,1
1555540435.4847538,2,1
1555541250.834065,3,2