
1554399061.3477361,4,1
1554399062.369477,4,2
1554399062.4693298,2,1
1554399062.4821646,2,1
1554399116.2770584,4,1
1554399116.5715826,2,1
1554399172.8264503,4,1
1554399173.8351874,2,1
1554399181.3453946,4,1
1554399182.3667436,4,2
1554399182.4402528,2,1
1554399188.969248,4,1
1554399189.2336829,2,1
1554399231.5203805,4,1
1554399231.7712893,2,1
1554399365.66849,4,1
1554399365.9055154,2,1
1554399372.3766642,4,1
1554399373.3977644,4,2
1554399373.6530879,4,1
1554399374.6638503,2,1
1554399397.6400182,4,1
1554399398.661284,4,2
1554399398.9167008,4,1
1554399399.937721,4,2
1554399400.0095067,2,1
1554399514.9251478,4,1
1554399515.9466033,4,2
1554399516.2019308,4,1
1554399517.2233748,4,2
1554399517.4787781,4,1
1554399518.5002017,4,2
1554399518.562901,2,1
1554399571.468244,4,1
1554399572.4896882,4,2
1554399572.5016396,2,1
1554399622.5415955,4,1
1554399622.7933166,2,1
1554399634.0406969,4,1
1554399635.0623605,4,2
1554399635.0763063,2,1
1554399635.0935185,2,1
1554399646.0773952,4,1
1554399646.6035132,2,1
1554399653.3276906,4,1
1554399653.8744104,2,1
1554399730.1483274,4,1
1554399730.7267687,2,1
1554399737.9078448,4,1
1554399738.9291375,4,2
1554399739.1844497,4,1
1554399739.693959,2,1
1554399866.3532734,4,1
1554399866.94868,2,1
1554399875.3249667,4,1
1554399876.3461885,4,2
1554399876.6015954,4,1
1554399877.367497,2,1
1554399877.367627,2,1
1554399935.3606763,4,1
1554399935.6807795,2,1
1554399941.968764,4,1
1554399942.2649524,2,1
1554400044.743019,4,1
1554400045.034809,2,1
1554400053.9441948,4,1
1554400054.9653592,4,2
1554400055.2209613,4,1
1554400056.2427027,4,2
1554400056.243022,2,1
1554400097.1062293,4,1
1554400098.127583,4,2
1554400098.3829322,4,1
1554400099.404482,4,2
1554400099.659976,4,1
1554400100.1466048,2,1
1554400107.7500687,4,1
1554400108.7716846,4,2
1554400108.7809448,2,1
1554400116.0723248,4,1
1554400116.4193382,2,1
1554400139.0328302,4,1
1554400140.0474083,2,1
1554400146.669902,4,1
1554400147.6913364,4,2
1554400147.9466913,4,1
1554400148.9681895,4,2
1554400149.0367043,2,1
1554400149.0504422,2,1
1554400253.1962512,4,1
1554400253.9434586,2,1
1554400317.3758948,4,1
1554400317.69282,2,1
1554400362.5045125,4,1
1554400363.526092,4,2
1554400363.5676377,2,1
1554400422.6875165,4,1
1554400423.2967396,2,1
1554400462.5612502,4,1
1554400462.9009929,2,1
1554400473.7585776,4,1
1554400474.780318,4,2
1554400475.0357544,4,1
1554400475.5997837,2,1
1554400486.8123333,4,1
1554400487.8034937,2,1
1554400534.6555002,4,1
1554400535.6768398,4,2
1554400535.683247,2,1
1554400541.8917024,4,1
1554400542.4455757,2,1
1554400565.155515,4,1
1554400566.164513,2,1
1554400591.953831,4,1
1554400592.9654336,2,1
1554400592.9757245,2,1
1554400647.6162667,4,1
1554400648.6384115,4,2
1554400648.8939884,4,1
1554400649.915617,4,2
1554400650.170972,4,1
1554400651.192227,4,2
1554400651.2609313,2,1
1554400660.2895093,4,1
1554400660.5443661,2,1
1554400699.6232417,4,1
1554400699.9709568,2,1
1554400709.1784203,4,1
1554400710.2000487,4,2
1554400710.4554458,4,1
1554400710.676165,2,1
1554400763.645655,4,1
1554400764.4650989,2,1
1554400815.863214,4,1
1554400816.4489,2,1
1554400874.6098838,4,1
1554400875.6313677,4,2
1554400875.8867702,4,1
1554400876.1712904,2,1
1554400899.8198404,4,1
1554400900.0920053,2,1
1554400906.6598978,4,1
1554400907.6819065,4,2
1554400907.9373977,4,1
1554400908.958745,4,2
1554400909.2142282,4,1
1554400909.74706,2,1
1554400921.9941647,4,1
1554400922.2824328,2,1
1554400978.7292786,4,1
1554400979.750678,4,2
1554400980.006154,4,1
1554400980.4989913,2,1
1554401003.1993299,4,1
1554401003.4589312,2,1
1554401042.3590386,4,1
1554401043.382301,4,2
1554401043.637903,4,1
1554401044.1369083,2,1
1554401072.5273936,4,1
1554401073.082062,2,1
1554401079.6547346,4,1
1554401080.445842,2,1
1554401102.8391755,4,1
1554401103.1012757,2,1
1554401109.8193622,4,1
1554401110.5766032,2,1
1554401118.755019,4,1
1554401119.776714,4,2
1554401119.817094,2,1
1554401120.0949295,2,1
1554401143.1552052,4,1
1554401143.6954465,2,1
1554401193.8587306,4,1
1554401194.6078095,2,1
1554401219.0316398,4,1
1554401219.332555,2,1
1554401227.320532,4,1
1554401227.8697217,2,1
1554401282.999187,4,1
1554401283.3466668,2,1
1554401288.9793525,4,1
1554401290.0009947,4,2
1554401290.2565129,4,1
1554401291.2780616,4,2
1554401291.3194184,2,1
1554401291.3195264,2,1
1554401291.614037,2,1
1554401306.66966,4,1
1554401307.691123,4,2
1554401307.9464817,4,1
1554401308.7350059,2,1
1554401363.5540628,4,1
1554401364.323272,2,1
1554401368.9794579,4,1
1554401369.7363188,2,1
1554401422.360505,4,1
1554401423.3816874,4,2
1554401423.4812932,2,1
1554401430.5711563,4,1
1554401430.8059614,2,1
1554401436.7269661,4,1
1554401436.9957216,2,1
1554401456.463081,4,1
1554401456.9708657,2,1
1554401484.67661,4,1
1554401485.6982176,4,2
1554401485.9535785,4,1
1554401486.2522779,2,1
1554401527.247468,4,1
1554401528.270576,4,2
1554401528.3673801,2,1
1554401528.3834674,2,1
1554401528.3835583,2,1
1554401534.7129102,4,1
1554401535.7341738,4,2
1554401535.9895506,4,1
1554401536.7294328,2,1
1554401560.108665,4,1
1554401560.6253796,2,1
1554401585.6738348,4,1
1554401586.5146604,2,1
1554401592.903686,4,1
1554401593.9252431,4,2
1554401594.1805956,4,1
1554401594.420005,2,1
1554401609.8220253,4,1
1554401610.1164722,2,1
1554401633.6495953,4,1
1554401634.6725576,4,2
1554401634.928489,4,1
1554401635.95065,4,2
1554401636.015381,2,1
1554401658.371026,4,1
1554401659.3939104,4,2
1554401659.4622967,2,1
1554401681.7351484,4,1
1554401682.5446937,2,1
1554401706.7299676,4,1
1554401707.0181828,2,1
1554401714.2999566,4,1
1554401714.8433974,2,1
1554401738.1552346,4,1
1554401738.4167507,2,1
1554401778.2722874,4,1
1554401779.2941024,4,2
1554401779.5496137,4,1
1554401780.5713315,4,2
1554401780.7252405,2,1
1554401788.7282424,4,1
1554401788.9648767,2,1
1554401797.258262,4,1
1554401798.279577,4,2
1554401798.5349293,4,1
1554401799.297588,2,1
1554401806.96329,4,1
1554401807.2627797,2,1
1554401816.9425638,4,1
1554401817.7318773,2,1
1554401827.6251585,4,1
1554401828.6463907,4,2
1554401828.9016988,4,1
1554401829.1894903,2,1
1554401853.4322836,4,1
1554401853.9358888,2,1
1554403581.5035362,4,1
1554403582.525188,4,2
1554403582.7805512,4,1
1554403583.8020537,4,2
1554403584.0575275,4,1
1554403584.5473719,2,1
1554403619.6931114,4,1
1554403620.714258,4,2
1554403620.9695692,4,1
1554403621.991045,4,2
1554403622.2464426,4,1
1554403622.7612758,2,1
1554403653.1530278,4,1
1554403654.1746066,4,2
1554403654.4301167,4,1
1554403655.4513223,4,2
1554403655.7068827,4,1
1554403656.7281427,4,2
1554403656.9834876,4,1
1554403658.004763,4,2
1554403658.260142,4,1
1554403659.0338457,2,1
1554403695.0938659,4,1
1554403696.11518,4,2
1554403696.3706694,4,1
1554403697.3917725,4,2
1554403697.6472778,4,1
1554403698.6637557,2,1
1554403708.907246,4,1
1554403709.7084773,2,1
1554403729.841418,4,1
1554403730.8627536,4,2
1554403731.1181507,4,1
1554403732.139135,4,2
1554403732.2767775,2,1
1554403769.4372828,4,1
1554403769.981955,2,1
1554403782.447473,4,1
1554403783.4687686,4,2
1554403783.7241004,4,1
1554403784.0141857,2,1
1554403803.9518595,4,1
1554403804.21027,2,1
1554403869.2035067,4,1
1554403869.4478807,2,1
1554403893.6010077,4,1
1554403894.6224396,4,2
1554403894.8778722,4,1
1554403895.6835716,2,1
1554403905.3193827,4,1
1554403906.3405848,4,2
1554403906.5959444,4,1
1554403907.616922,4,2
1554403907.7118576,2,1
1554403925.221169,4,1
1554403926.243877,4,2
1554403926.331961,2,1
1554403926.3463056,2,1
1554404044.6129756,4,1
1554404045.6346328,4,2
1554404045.8901887,4,1
1554404046.9115717,4,2
1554404046.9151235,2,1
1554404046.9323897,2,1
1554404482.9046996,3,2