
1561756221.7745087,4,1
1561756222.2155325,2,1
1561756245.9125671,4,1
1561756246.2015123,2,1
1561756246.2017367,2,1
1561756246.2018123,2,1
1561756246.2019491,2,1
1561756249.7858312,4,1
1561756250.2790413,2,1
1561756253.992896,4,1
1561756255.0143805,4,2
1561756255.2697198,4,1
1561756256.2908404,4,2
1561756256.5462978,4,1
1561756256.784981,2,1
1561756256.785085,2,1
1561756276.4153333,4,1
1561756276.6910436,2,1
1561756281.6044042,4,1
1561756282.6256738,4,2
1561756282.880929,4,1
1561756283.2180474,2,1
1561756283.2182662,2,1
1561756285.7218313,4,1
1561756286.1126099,2,1
1561756298.609518,4,1
1561756298.9198198,2,1
1561756302.1635237,4,1
1561756302.4606242,2,1
1561756302.4754014,2,1
1561756306.9949648,4,1
1561756307.5203984,2,1
1561756402.2799258,2,1
1561756471.6512334,4,1
1561756472.6723855,4,2
1561756472.9276445,4,1
1561756473.2321997,2,1
1561756477.7846851,4,1
1561756478.6324103,2,1
1561756478.6325514,2,1
1561756482.493727,4,1
1561756483.5151334,4,2
1561756483.6023145,2,1
1561756487.41504,4,1
1561756488.4365144,4,2
1561756488.691885,4,1
1561756489.7131472,4,2
1561756489.9684546,4,1
1561756490.2209613,2,1
1561756544.540979,4,1
1561756545.1002226,2,1
1561756550.599268,4,1
1561756551.6207516,4,2
1561756551.8760672,4,1
1561756552.622314,2,1
1561756552.6324878,2,1
1561756610.3758695,4,1
1561756610.7237613,2,1
1561756610.7238998,2,1
1561756615.4218333,4,1
1561756615.6581743,2,1
1561756655.289122,4,1
1561756655.6224287,2,1
1561756667.2698216,4,1
1561756667.770475,2,1
1561756673.6042676,4,1
1561756674.6257143,4,2
1561756674.881127,4,1
1561756675.1407957,2,1
1561756678.405084,4,1
1561756678.6561196,2,1
1561756693.1123118,4,1
1561756693.9087152,2,1
1561756721.324968,4,1
1561756722.33135,2,1
1561756725.9420738,4,1
1561756726.258508,2,1
1561756729.4584305,4,1
1561756729.753368,2,1
1561756733.4206493,4,1
1561756734.4420118,4,2
1561756734.6973574,4,1
1561756734.928163,2,1
1561756738.1798165,4,1
1561756738.4461153,2,1
1561756738.4463565,2,1
1561756743.3464203,4,1
1561756743.5701325,2,1
1561756746.8409119,4,1
1561756747.239743,2,1
1561756747.2399297,2,1
1561756747.2549357,2,1
1561756751.0754302,4,1
1561756751.3178618,2,1
1561756765.64175,4,1
1561756765.9423068,2,1
1561756784.6679995,4,1
1561756785.4719908,2,1
1561756789.0367086,4,1
1561756789.3152194,2,1
1561756795.5622401,4,1
1561756795.8118927,2,1
1561756798.8426116,4,1
1561756799.3821464,2,1
1561756835.2858374,4,1
1561756836.3074198,4,2
1561756836.5628672,4,1
1561756837.5839994,4,2
1561756837.83925,4,1
1561756838.8604615,4,2
1561756838.9541147,2,1
1561756862.2331066,4,1
1561756862.7647514,2,1
1561756862.7648911,2,1
1561756862.8385758,2,1
1561756868.6490629,4,1
1561756868.9465342,2,1
1561756949.7593904,4,1
1561756950.7815702,4,2
1561756951.0370638,4,1
1561756952.058963,4,2
1561756952.1055794,2,1
1561756952.3771906,2,1
1561756959.4088159,4,1
1561756960.430422,4,2
1561756960.685884,4,1
1561756961.7076733,4,2
1561756961.9634233,4,1
1561756962.2894158,2,1
1561757008.9463377,4,1
1561757009.967994,4,2
1561757010.2233937,4,1
1561757010.2525597,2,1
1561757018.8470244,4,1
1561757019.158239,2,1
1561757022.3881156,4,1
1561757023.1839616,2,1
1561757027.715782,4,1
1561757027.9608777,2,1
1561757063.7091131,4,1
1561757064.214221,2,1
1561757082.577858,4,1
1561757082.856719,2,1
1561757101.5646534,4,1
1561757102.1043525,2,1
1561757136.2901154,4,1
1561757136.802619,2,1
1561757136.9714584,2,1
1561757143.1037214,4,1
1561757143.6788356,2,1
1561757146.9099329,4,1
1561757147.9313247,4,2
1561757148.1867356,4,1
1561757149.2077022,4,2
1561757149.2446594,2,1
1561757149.541988,2,1
1561757158.5189524,4,1
1561757159.5402727,4,2
1561757159.7956307,4,1
1561757160.1086068,2,1
1561757163.240187,4,1
1561757164.261483,4,2
1561757164.5168955,4,1
1561757164.8124814,2,1
1561757180.4746256,4,1
1561757181.2961705,2,1
1561757186.1198635,4,1
1561757186.3484867,2,1
1561757191.0462575,4,1
1561757191.822809,2,1
1561757197.0030015,4,1
1561757197.2439954,2,1
1561757201.6557794,4,1
1561757201.9732285,2,1
1561757202.1303797,2,1
1561757223.1235046,4,1
1561757224.1459315,4,2
1561757224.401382,4,1
1561757224.71654,2,1
1561757228.5219207,4,1
1561757229.3026536,2,1
1561757232.5120578,4,1
1561757232.8618674,2,1
1561757242.7091074,4,1
1561757242.9648902,2,1
1561757267.7028964,4,1
1561757267.9314473,2,1
1561757272.0447447,4,1
1561757272.5474832,2,1
1561757286.2046137,4,1
1561757286.4462483,2,1
1561757300.7182987,4,1
1561757301.3063715,2,1
1561757304.5691593,4,1
1561757305.556156,2,1
1561757309.8913121,4,1
1561757310.193499,2,1
1561757317.3197281,4,1
1561757318.3410535,4,2
1561757318.5963244,4,1
1561757318.8690724,2,1
1561757318.9850671,2,1
1561757337.496729,4,1
1561757338.5177794,4,2
1561757338.773198,4,1
1561757339.7946446,4,2
1561757340.0503354,4,1
1561757341.0726469,4,2
1561757341.328065,4,1
1561757341.6350012,2,1
1561757353.1625245,4,1
1561757354.1838012,4,2
1561757354.4390926,4,1
1561757355.1845484,2,1
1561757372.2069225,4,1
1561757372.4698262,2,1
1561757375.6830654,4,1
1561757375.9756763,2,1
1561757383.0228581,4,1
1561757383.5674405,2,1
1561757397.7399647,4,1
1561757397.9756477,2,1
1561757401.2944152,4,1
1561757401.5631242,2,1
1561757409.8265784,4,1
1561757410.1092312,2,1
1561757420.414883,4,1
1561757420.651883,2,1
1561757433.3727076,4,1
1561757433.722944,2,1
1561757438.824483,4,1
1561757439.0921428,2,1
1561757439.21948,2,1
1561757463.8436022,4,1
1561757464.864903,4,2
1561757465.120178,4,1
1561757465.4273732,2,1
1561757469.3078516,4,1
1561757470.3113706,2,1
1561757476.431368,4,1
1561757476.6886437,2,1
1561757480.4435947,4,1
1561757480.6771183,2,1
1561757489.4736664,4,1
1561757489.769587,2,1
1561757500.6527627,4,1
1561757501.1588328,2,1
1561757517.5203326,4,1
1561757518.5415866,4,2
1561757518.7970316,4,1
1561757519.6602066,2,1
1561757523.7116609,4,1
1561757523.9527483,2,1
1561757527.2364972,4,1
1561757527.5295463,2,1
1561757531.4729433,4,1
1561757532.2320957,2,1
1561757535.1493926,4,1
1561757535.4468508,2,1
1561757541.3465734,4,1
1561757541.5884824,2,1
1561757558.4052749,4,1
1561757558.650872,2,1
1561757558.6510098,2,1
1561757566.8448296,4,1
1561757567.6928809,2,1
1561757567.6931577,2,1
1561757567.6933343,2,1
1561757583.2863407,4,1
1561757583.5371528,2,1
1561757593.8775928,4,1
1561757594.2113237,2,1
1561757608.6096692,4,1
1561757608.8517315,2,1
1561757612.3861775,4,1
1561757612.8969808,2,1
1561757619.108684,4,1
1561757619.8603055,2,1
1561757625.1537938,4,1
1561757625.412355,2,1
1561757629.8821423,4,1
1561757630.600102,2,1
1561757635.199127,4,1
1561757636.2209198,4,2
1561757636.2373457,2,1
1561757636.5391037,2,1
1561757646.695701,4,1
1561757647.0040915,2,1
1561757667.813489,4,1
1561757668.2161071,2,1
1561757671.357842,4,1
1561757671.8987823,2,1
1561757674.8378508,4,1
1561757675.8591554,4,2
1561757675.89921,2,1
1561757676.1951497,2,1
1561757687.1442819,4,1
1561757688.1654525,4,2
1561757688.2097962,2,1
1561757688.4999514,2,1
1561757699.6801991,4,1
1561757699.9843893,2,1
1561757717.441833,4,1
1561757717.4958866,2,1
1561757731.2370517,4,1
1561757731.7331808,2,1
1561757738.2003808,4,1
1561757739.2219114,4,2
1561757739.2335567,2,1
1561758568.7755156,4,1
1561758569.2961497,2,1
1561758578.174537,4,1
1561758579.1961005,4,2
1561758579.4515524,4,1
1561758579.7103043,2,1
1561758593.9060175,4,1
1561758594.6957688,2,1
1561758628.1869228,4,1
1561758628.4381313,2,1
1561758650.1650784,4,1
1561758650.4215174,2,1
1561758654.1719081,4,1
1561758654.4359336,2,1
1561758662.497578,4,1
1561758663.0792754,2,1
1561758673.8012967,4,1
1561758674.822607,4,2
1561758675.0778837,4,1
1561758675.5745173,2,1
1561758699.4046445,4,1
1561758699.956953,2,1
1561758731.9137876,4,1
1561758732.4470603,2,1
1561758775.3947427,4,1
1561758775.9393792,2,1
1561758778.856696,4,1
1561758779.130392,2,1
1561758782.3979492,4,1
1561758782.4905124,2,1
1561758793.4314723,4,1
1561758794.4548464,4,2
1561758794.7101583,4,1
1561758795.429911,2,1
1561758803.7191336,4,1
1561758803.9824665,2,1
1561758813.065726,4,1
1561758813.312989,2,1
1561758820.9328516,4,1
1561758821.9542975,4,2
1561758822.209633,4,1
1561758823.2311337,4,2
1561758823.3787246,2,1
1561758823.4050252,2,1
1561758841.7949646,4,1
1561758842.5125203,2,1
1561758851.751976,4,1
1561758852.5034053,2,1
1561758856.2757928,4,1
1561758857.2969959,4,2
1561758857.2973306,2,1
1561758857.3904004,2,1
1561758881.869878,4,1
1561758882.8914576,4,2
1561758882.961446,2,1
1561758887.3074777,4,1
1561758888.3292124,4,2
1561758888.584674,4,1
1561758889.6062148,4,2
1561758889.8615885,4,1
1561758890.1216023,2,1
1561758920.8774958,4,1
1561758921.8997433,4,2
1561758921.9555707,2,1
1561758922.2372797,2,1
1561758947.3661141,4,1
1561758948.3875628,4,2
1561758948.6429722,4,1
1561758948.9709816,2,1
1561758952.1274886,4,1
1561758952.383191,2,1
1561758975.1059146,4,1
1561758976.1272707,4,2
1561758976.3825636,4,1
1561758977.4036567,4,2
1561758977.659067,4,1
1561758978.6800854,4,2
1561758978.935425,4,1
1561758979.956537,4,2
1561758980.2118797,4,1
1561758981.0024114,2,1
1561758984.5716255,4,1
1561758984.80923,2,1
1561758991.2828991,4,1
1561758991.5803545,2,1
1561758999.2478976,4,1
1561759000.27035,4,2
1561759000.5257034,4,1
1561759000.8045568,2,1
1561759000.9289057,2,1
1561759013.297247,4,1
1561759014.318708,4,2
1561759014.5740674,4,1
1561759014.6311605,2,1
1561759020.623788,4,1
1561759020.9145253,2,1
1561759027.6503794,4,1
1561759027.8979404,2,1
1561759042.843288,4,1
1561759043.6504164,2,1
1561759043.6557841,2,1
1561759043.655861,2,1
1561759048.16329,4,1
1561759048.5005639,2,1
1561759048.5008779,2,1
1561759048.500995,2,1
1561759051.5280626,4,1
1561759051.8092256,2,1
1561759056.9129739,4,1
1561759057.777401,2,1
1561759064.8082397,4,1
1561759065.0778935,2,1
1561759070.0256646,4,1
1561759070.7676668,2,1
1561759078.0534275,4,1
1561759078.2934642,2,1
1561759078.431927,2,1
1561759090.9083734,4,1
1561759091.2991135,2,1
1561759123.424841,4,1
1561759124.4377081,2,1
1561759141.0967677,4,1
1561759142.111202,2,1
1561759150.2186148,4,1
1561759151.0028746,2,1
1561759160.5858672,4,1
1561759161.6036906,2,1
1561759178.2338748,4,1
1561759178.8011718,2,1
1561759186.4772458,4,1
1561759186.8158364,2,1
1561759198.1563466,4,1
1561759198.6962593,2,1
1561759208.136858,4,1
1561759208.3777847,2,1
1561759211.5129707,4,1
1561759212.3156717,2,1
1561759215.9326494,4,1
1561759216.4307868,2,1
1561759223.101365,4,1
1561759223.6314905,2,1
1561759226.519348,4,1
1561759227.0631561,2,1
1561759243.7919538,4,1
1561759244.323537,2,1
1561759273.0909965,4,1
1561759273.391378,2,1
1561759276.6198006,4,1
1561759276.9112144,2,1
1561759280.8858263,4,1
1561759281.1230512,2,1
1561759298.637522,4,1
1561759299.1315837,2,1
1561759315.277309,4,1
1561759315.882772,2,1
1561759322.4878838,4,1
1561759323.5091717,4,2
1561759323.7644649,4,1
1561759324.0092657,2,1
1561759330.5145683,4,1
1561759331.0597162,2,1
1561759334.55773,4,1
1561759335.57205,2,1
1561759338.830779,4,1
1561759339.1319468,2,1
1561759346.4340043,4,1
1561759347.4569442,4,2
1561759347.7124588,4,1
1561759348.7340996,4,2
1561759348.835056,2,1
1561759357.5850694,4,1
1561759358.6075854,4,2
1561759358.8634539,4,1
1561759359.136853,2,1
1561759365.5848024,4,1
1561759366.6065342,4,2
1561759366.8619397,4,1
1561759367.0376167,2,1
1561759374.9481547,4,1
1561759375.4351668,2,1
1561759395.1334112,4,1
1561759395.4218032,2,1
1561759402.4331746,4,1
1561759402.7043629,2,1
1561759410.2367375,4,1
1561759411.2585268,4,2
1561759411.514038,4,1
1561759411.7756398,2,1
1561759411.8934698,2,1
1561759418.483399,4,1
1561759418.8348396,2,1
1561759424.7035546,4,1
1561759424.9819713,2,1
1561759425.0858717,2,1
1561759434.154457,4,1
1561759435.0126212,2,1
1561759438.2185338,4,1
1561759439.2418115,4,2
1561759439.4972208,4,1
1561759439.8081162,2,1
1561759447.4253695,4,1
1561759447.520065,2,1
1561759457.1530235,4,1
1561759458.1744878,4,2
1561759458.4298105,4,1
1561759459.4510448,4,2
1561759459.7063599,4,1
1561759460.3309112,2,1
1561759466.013835,4,1
1561759466.257519,2,1
1561759471.516159,4,1
1561759472.0289085,2,1
1561759478.154708,4,1
1561759478.9493093,2,1
1561759482.0016868,4,1
1561759482.556626,2,1
1561759507.4338624,4,1
1561759508.2082713,2,1
1561759511.4667132,4,1
1561759512.2551062,2,1
1561759525.164764,4,1
1561759525.7459176,2,1
1561759542.739386,4,1
1561759543.3301086,2,1
1561759562.8829713,4,1
1561759563.223898,2,1
1561759570.3889031,4,1
1561759570.6839743,2,1
1561759570.6841474,2,1
1561759574.20717,4,1
1561759574.4475384,2,1
1561759592.1143782,4,1
1561759592.632458,2,1
1561759598.3499527,4,1
1561759599.3661304,2,1
1561759617.555712,4,1
1561759618.55501,2,1
1561759622.7849972,4,1
1561759623.0443792,2,1
1561759629.589063,4,1
1561759629.9726772,2,1
1561759633.8801057,4,1
1561759634.9016988,4,2
1561759635.1571944,4,1
1561759635.9734645,2,1
1561759636.1047564,2,1
1561759648.196202,4,1
1561759649.2176554,4,2
1561759649.4729989,4,1
1561759649.5039492,2,1
1561759649.5042832,2,1
1561759653.4379885,4,1
1561759654.231792,2,1
1561759658.6473,4,1
1561759659.3982165,2,1
1561759666.5861344,4,1
1561759666.839406,2,1
1561759676.1763399,4,1
1561759676.9914422,2,1
1561759676.9916263,2,1
1561759676.9986706,2,1
1561759681.4486878,4,1
1561759681.687354,2,1
1561759686.2452276,4,1
1561759687.266373,4,2
1561759687.2689853,2,1
1561759694.4737859,4,1
1561759694.7907958,2,1
1561759694.7962244,2,1
1561759694.7963154,2,1
1561759700.9762115,4,1
1561759701.4696507,2,1
1561759712.8436835,4,1
1561759713.8524172,2,1
1561759720.9166093,4,1
1561759721.241113,2,1
1561759725.0287182,4,1
1561759725.2779484,2,1
1561759725.3550682,2,1
1561759736.5593371,4,1
1561759737.5807364,4,2
1561759737.8360465,4,1
1561759738.442459,2,1
1561759755.045082,4,1
1561759755.378476,2,1
1561759760.6594555,4,1
1561759761.3993917,2,1
1561759765.3943083,4,1
1561759766.2520628,2,1
1561759766.2578135,2,1
1561759775.5320442,4,1
1561759776.123545,2,1
1561759787.373847,4,1
1561759787.938727,2,1
1561759791.335734,4,1
1561759791.4379954,2,1
1561759791.442015,2,1
1561760512.1664677,3,2