
1565213582.7752004,4,1
1565213583.1119835,2,1
1565213583.1122527,2,1
1565213586.9142187,4,1
1565213587.3484597,2,1
1565213590.9509938,4,1
1565213591.214495,2,1
1565213591.2146263,2,1
1565213646.0057173,4,1
1565213646.8166256,2,1
1565213646.8167772,2,1
1565213650.4876213,4,1
1565213650.9714692,2,1
1565213650.9717188,2,1
1565213693.9736829,4,1
1565213694.2221158,2,1
1565213697.4433413,4,1
1565213697.6937382,2,1
1565213697.6939914,2,1
1565213697.7043147,2,1
1565213740.7017944,4,1
1565213741.212814,2,1
1565213741.218082,2,1
1565213812.6242309,4,1
1565213812.9138596,2,1
1565213812.914088,2,1
1565213816.0918946,4,1
1565213817.0205784,2,1
1565213890.5146923,4,1
1565213891.5365527,4,2
1565213891.791929,4,1
1565213892.56722,2,1
1565213930.566976,4,1
1565213931.4965613,2,1
1565213931.4967034,2,1
1565213931.5019765,2,1
1565213935.8458292,4,1
1565213936.8674076,4,2
1565213937.1227555,4,1
1565213938.1440437,4,2
1565213938.3993852,4,1
1565213939.4207134,4,2
1565213939.6760628,4,1
1565213939.9336817,2,1
1565213939.9338655,2,1
1565213939.9339366,2,1
1565214033.3423197,4,1
1565214033.5685792,2,1
1565214033.56871,2,1
1565214033.5809636,2,1
1565214055.8484886,4,1
1565214056.87033,4,2
1565214057.1257474,4,1
1565214058.1471214,4,2
1565214058.2185607,2,1
1565214061.4235215,4,1
1565214061.919922,2,1
1565214065.7666054,4,1
1565214066.787841,4,2
1565214067.0432966,4,1
1565214067.121322,2,1
1565214070.2736213,4,1
1565214071.157146,2,1
1565214149.584983,4,1
1565214150.1912,2,1
1565214150.1914055,2,1
1565214153.3064804,4,1
1565214153.5643015,2,1
1565214153.5644405,2,1
1565214153.5748968,2,1
1565214156.8849277,4,1
1565214157.1746874,2,1
1565214226.5127318,4,1
1565214226.7927265,2,1
1565214226.792928,2,1
1565214242.324158,4,1
1565214242.9552102,2,1
1565214242.955478,2,1
1565214245.8444307,4,1
1565214246.867083,4,2
1565214247.1227632,4,1
1565214248.0392942,2,1
1565214252.0022464,4,1
1565214252.294114,2,1
1565214252.294247,2,1
1565214258.111913,4,1
1565214258.3743782,2,1
1565214258.3745654,2,1
1565214262.2223923,4,1
1565214263.2440963,4,2
1565214263.4628117,2,1
1565214263.4629433,2,1
1565214263.4728234,2,1
1565214263.4738822,2,1
1565214263.474969,2,1
1565214267.5466344,4,1
1565214267.9202735,2,1
1565214267.9205155,2,1
1565214336.6618996,4,1
1565214337.0593894,2,1
1565214337.0595756,2,1
1565214340.2246008,4,1
1565214340.5494716,2,1
1565214343.7961895,4,1
1565214344.3011339,2,1
1565214344.3013222,2,1
1565214387.1249013,4,1
1565214388.1466994,4,2
1565214388.25331,2,1
1565214388.2639215,2,1
1565214388.2646658,2,1
1565214388.265056,2,1
1565214388.2658024,2,1
1565214407.3645537,4,1
1565214408.3862138,4,2
1565214408.6416018,4,1
1565214409.662927,4,2
1565214409.9182603,4,1
1565214410.9396095,4,2
1565214411.1949573,4,1
1565214412.2159877,4,2
1565214412.4714658,4,1
1565214412.4853213,2,1
1565214412.4854944,2,1
1565214427.836434,4,1
1565214428.8576937,4,2
1565214429.1129735,4,1
1565214430.1342032,4,2
1565214430.389496,4,1
1565214430.7548754,2,1
1565214430.7549865,2,1
1565214430.7550979,2,1
1565214435.7969897,4,1
1565214436.8188863,4,2
1565214437.0742707,4,1
1565214437.5070205,2,1
1565214442.691059,4,1
1565214443.7127757,4,2
1565214443.9681242,4,1
1565214444.636219,2,1
1565214444.6363358,2,1
1565214460.4915478,4,1
1565214461.1984382,2,1
1565214461.1986425,2,1
1565214464.4555728,4,1
1565214464.9614096,2,1
1565214464.9616077,2,1
1565214468.8838804,4,1
1565214469.366309,2,1
1565214469.366469,2,1
1565214474.5637133,4,1
1565214475.3828943,2,1
1565214475.3830342,2,1
1565214475.3837852,2,1
1565214479.0956328,4,1
1565214480.116925,4,2
1565214480.3722794,4,1
1565214481.1595488,2,1
1565214481.159683,2,1
1565214486.507729,4,1
1565214486.9109306,2,1
1565214486.9110994,2,1
1565214487.0217793,2,1
1565214492.773314,4,1
1565214493.7948263,4,2
1565214494.0502338,4,1
1565214495.0712883,4,2
1565214495.3266695,4,1
1565214495.419744,2,1
1565214506.9964511,4,1
1565214508.0181434,4,2
1565214508.2736688,4,1
1565214509.2950583,4,2
1565214509.3284736,2,1
1565214509.6137335,2,1
1565214525.8397858,4,1
1565214526.1719646,2,1
1565214526.1721044,2,1
1565214537.4109125,4,1
1565214537.6892235,2,1
1565214569.4056451,4,1
1565214569.7274227,2,1
1565214569.7277553,2,1
1565214575.5275223,4,1
1565214575.8631632,2,1
1565214575.8633788,2,1
1565214579.5203662,4,1
1565214579.7744677,2,1
1565214579.7746067,2,1
1565214583.2578785,4,1
1565214583.548752,2,1
1565214583.5488873,2,1
1565214608.5151994,4,1
1565214608.783144,2,1
1565214608.7833428,2,1
1565214634.8029425,4,1
1565214635.8247256,4,2
1565214636.0801673,4,1
1565214636.92667,2,1
1565214643.5160327,4,1
1565214643.8095827,2,1
1565214650.0559816,4,1
1565214650.3812253,2,1
1565214650.3813949,2,1
1565214659.6911857,4,1
1565214660.2478309,2,1
1565214674.65518,4,1
1565214675.1341777,2,1
1565214677.858992,4,1
1565214678.8818054,4,2
1565214679.1374393,4,1
1565214679.5574126,2,1
1565214695.834767,4,1
1565214696.8547907,2,1
1565214703.2990925,4,1
1565214703.7848704,2,1
1565214707.5344787,4,1
1565214708.5563874,4,2
1565214708.8117435,4,1
1565214709.1722817,2,1
1565214712.6519954,4,1
1565214713.4038246,2,1
1565214716.7363036,4,1
1565214717.7415755,2,1
1565214720.0301735,4,1
1565214720.2891195,2,1
1565214732.0586472,4,1
1565214732.3907087,2,1
1565214738.1115165,4,1
1565214738.65691,2,1
1565214742.9386537,4,1
1565214743.1849685,2,1
1565214743.1853006,2,1
1565214746.0857456,4,1
1565214746.5839608,2,1
1565214750.2115948,4,1
1565214750.7157803,2,1
1565214758.0745482,4,1
1565214758.3707557,2,1
1565214844.3235583,4,1
1565214845.3453968,4,2
1565214845.6007986,4,1
1565214846.143005,2,1
1565214849.8858562,4,1
1565214850.2026105,2,1
1565214850.2081113,2,1
1565214856.3683598,4,1
1565214856.510886,2,1
1565214861.172299,4,1
1565214861.6873856,2,1
1565214864.7951365,4,1
1565214865.8166473,4,2
1565214866.0719414,4,1
1565214866.8510168,2,1
1565214870.2798474,4,1
1565214870.6292183,2,1
1565214874.0431607,4,1
1565214874.2677162,2,1
1565214882.2670872,4,1
1565214882.3411818,2,1
1565214887.4862602,4,1
1565214888.0608163,2,1
1565214896.269678,4,1
1565214897.2862093,2,1
1565214900.989707,4,1
1565214901.4849436,2,1
1565214909.2282498,4,1
1565214909.7487242,2,1
1565214913.913375,4,1
1565214914.793136,2,1
1565214961.518744,4,1
1565214961.7963655,2,1
1565214966.5616221,4,1
1565214966.6306279,2,1
1565214966.6308122,2,1
1565215049.0067694,4,1
1565215050.0295088,4,2
1565215050.284971,4,1
1565215051.3058643,4,2
1565215051.5612946,4,1
1565215052.5823462,4,2
1565215052.5832253,2,1
1565215061.1991994,4,1
1565215062.2211397,4,2
1565215062.47659,4,1
1565215063.499844,4,2
1565215063.7567248,4,1
1565215064.777943,4,2
1565215064.84057,2,1
1565215069.4064271,4,1
1565215070.4277933,4,2
1565215070.683221,4,1
1565215071.704531,4,2
1565215071.7669005,2,1
1565215084.1472259,4,1
1565215084.9154365,2,1
1565215088.3912735,4,1
1565215088.980339,2,1
1565215092.6709566,4,1
1565215093.47626,2,1
1565215117.4441526,4,1
1565215117.7458456,2,1
1565215128.05562,4,1
1565215128.3058555,2,1
1565215132.182108,4,1
1565215132.408725,2,1
1565215137.946031,4,1
1565215138.757131,2,1
1565215142.6805396,4,1
1565215143.2751281,2,1
1565215146.5622637,4,1
1565215146.8486395,2,1
1565215166.7646456,4,1
1565215167.787195,4,2
1565215168.0427728,4,1
1565215168.5784037,2,1
1565215171.5013463,4,1
1565215171.7971246,2,1
1565215179.7633767,4,1
1565215180.5302818,2,1
1565215249.4141798,4,1
1565215249.7008345,2,1
1565215249.7144842,2,1
1565215264.0736976,4,1
1565215265.095489,4,2
1565215265.1946833,2,1
1565215268.8462973,4,1
1565215269.5992904,2,1
1565215275.1390254,4,1
1565215275.3982544,2,1
1565215279.309799,4,1
1565215279.599288,2,1
1565215290.5627432,4,1
1565215290.8453183,2,1
1565215294.8735936,4,1
1565215295.8948479,4,2
1565215296.1502721,4,1
1565215296.4533145,2,1
1565215300.8502824,4,1
1565215301.0993145,2,1
1565215309.7845325,4,1
1565215310.053796,2,1
1565215313.1067944,4,1
1565215313.833845,2,1
1565215325.886256,4,1
1565215326.9080162,4,2
1565215326.9234023,2,1
1565215327.243699,2,1
1565215341.9252381,4,1
1565215342.2550042,2,1
1565215347.7249146,4,1
1565215348.7466378,4,2
1565215349.0020392,4,1
1565215349.0161755,2,1
1565215354.8393607,4,1
1565215355.3879373,2,1
1565215359.1302652,4,1
1565215360.1514878,4,2
1565215360.2613266,2,1
1565215370.1948104,4,1