
4.616985559463501,4,1
5.432723522186279,2,1
12.108855485916138,4,1
12.622684717178345,2,1
15.26986050605774,4,1
15.86216688156128,2,1
115.72359466552734,4,1
116.42459464073181,2,1
148.59875583648682,4,1
149.62054133415222,4,2
149.8760278224945,4,1
150.1558382511139,2,1
172.7991304397583,4,1
173.7408208847046,2,1
242.72251319885254,4,1
243.3299012184143,2,1
246.51273679733276,4,1
247.07454919815063,2,1
560.5171377658844,4,1
561.0990691184998,2,1
566.3150019645691,4,1
567.1338932514191,2,1
572.833523273468,4,1
573.8558053970337,4,2
574.1113774776459,4,1
574.4340994358063,2,1
599.1522452831268,4,1
599.8699848651886,2,1
616.5935366153717,4,1
617.2116525173187,2,1
626.6572489738464,4,1
627.26367354393,2,1
633.9339709281921,4,1
634.630523443222,2,1
638.7814602851868,4,1
639.4104945659637,2,1
642.5041301250458,4,1
643.0374445915222,2,1
654.5546779632568,4,1
655.3554623126984,2,1
665.9719455242157,4,1
666.5846054553986,2,1
669.9211769104004,4,1
670.4221737384796,2,1
683.5845801830292,4,1
684.1558744907379,2,1
703.6065819263458,4,1
704.2411262989044,2,1
883.0280001163483,4,1
883.5477449893951,2,1
926.9856283664703,4,1
927.6028866767883,2,1
946.8374176025391,4,1
947.8598508834839,4,2
948.115469455719,4,1
948.7554705142975,2,1
956.9749281406403,4,1
957.5946974754333,2,1
964.8425235748291,4,1
965.5013802051544,2,1
975.372665643692,4,1
975.8881559371948,2,1
979.732846736908,4,1
980.246331691742,2,1
983.4489538669586,4,1
984.4703102111816,4,2
984.7252695560455,4,1
985.5102534294128,2,1
993.3257660865784,4,1
993.9768643379211,2,1
1000.2871434688568,4,1
1000.8614552021027,2,1
1009.8326363563538,4,1
1010.5716876983643,2,1
1023.1543385982513,4,1
1024.1761515140533,4,2
1024.4315567016602,4,1
1025.4528284072876,4,2
1025.7083747386932,4,1
1026.4023158550262,2,1
1032.1159389019012,4,1
1032.6441938877106,2,1
1058.6945629119873,4,1
1059.2986497879028,2,1
1059.298790693283,2,1
1065.3938212394714,4,1
1065.9450929164886,2,1
1079.1243903636932,4,1
1079.6642503738403,2,1
1085.9597027301788,4,1
1086.6521172523499,2,1
1089.6470928192139,4,1
1090.1796429157257,2,1
1098.0896000862122,4,1
1098.6288390159607,2,1
1104.9959812164307,4,1
1105.6219828128815,2,1
1109.9619562625885,4,1
1110.4928359985352,2,1
1110.49795627594,2,1
1115.8799648284912,4,1
1116.4433410167694,2,1
1119.962007522583,4,1
1120.4508154392242,2,1
1126.9197108745575,4,1
1127.4565193653107,2,1
1134.7199416160583,4,1
1135.3092651367188,2,1
1146.2587957382202,4,1
1146.8074378967285,2,1
1154.3429701328278,4,1
1154.8726403713226,2,1
1158.8259043693542,4,1
1159.4813659191132,2,1
1159.486789226532,2,1
1178.5625672340393,4,1
1179.123449087143,2,1
1261.2024490833282,4,1
1261.76628947258,2,1
1274.1300592422485,4,1
1274.6574544906616,2,1
1281.9376728534698,4,1
1282.608321905136,2,1
1288.7744348049164,4,1
1289.2775003910065,2,1
1293.0966148376465,4,1
1293.8089056015015,2,1
1301.0980832576752,4,1
1301.6794447898865,2,1
1308.9649856090546,4,1
1309.576406955719,2,1
1321.2910115718842,4,1
1321.824327468872,2,1
1330.1671617031097,4,1
1330.745808839798,2,1
1334.3681588172913,4,1
1334.9548733234406,2,1
1360.1070039272308,4,1
1360.6829028129578,2,1
1372.0254242420197,4,1
1372.7789845466614,2,1
1377.7191116809845,4,1
1378.2399227619171,2,1
1384.6551377773285,4,1
1385.282185792923,2,1
1407.6578011512756,4,1
1408.2696514129639,2,1
1417.6621706485748,4,1
1418.2574107646942,2,1
1427.2694160938263,4,1
1427.8030955791473,2,1
1435.733909368515,4,1
1436.270272731781,2,1
1439.8283696174622,4,1
1440.3647820949554,2,1
1451.3151605129242,4,1
1452.3384659290314,4,2
1452.5941288471222,4,1
1452.6661932468414,2,1
1452.6663007736206,2,1
1460.8381638526917,4,1
1461.8599600791931,4,2
1462.1155188083649,4,1
1462.8524932861328,2,1
1474.3152530193329,4,1
1474.952987909317,2,1
1481.0378432273865,4,1
1481.642056941986,2,1
1510.766450881958,4,1
1511.3084399700165,2,1
1515.4617505073547,4,1
1516.0313127040863,2,1
1521.5570976734161,4,1
1522.081084728241,2,1
1525.4489271640778,4,1
1526.1274120807648,2,1
1529.5709538459778,4,1
1530.1337881088257,2,1
1535.1703033447266,4,1
1535.7368817329407,2,1
1543.4418456554413,4,1
1544.0120568275452,2,1
1548.6557989120483,4,1
1549.460114955902,2,1
1559.8908252716064,4,1
1560.4473357200623,2,1
1565.285228252411,4,1
1565.820351600647,2,1
1577.9681868553162,4,1
1578.4667160511017,2,1
1583.4998443126678,4,1
1584.0636322498322,2,1
1588.0741591453552,4,1
1589.096485376358,4,2
1589.3519961833954,4,1
1589.8507385253906,2,1
1595.9325695037842,4,1
1596.9542789459229,4,2
1597.209635734558,4,1
1597.9016864299774,2,1
1605.5281765460968,4,1
1606.0688359737396,2,1
1613.9239189624786,4,1
1614.4809439182281,2,1
1618.2561254501343,4,1
1618.7981164455414,2,1
1618.7983467578888,2,1
1629.559472322464,4,1
1630.0479958057404,2,1
1645.838270187378,4,1
1646.289911031723,2,1
1740.475955247879,4,1
1740.9618089199066,2,1
1758.1945805549622,4,1
1758.747222661972,2,1
1788.4955537319183,4,1
1789.5185346603394,4,2
1789.7741439342499,4,1
1790.007351398468,2,1
1803.7649109363556,4,1
1804.29172873497,2,1
1812.1714479923248,4,1
1812.7142066955566,2,1
1818.9703130722046,4,1
1819.5010433197021,2,1
1825.2682793140411,4,1
1825.8200957775116,2,1
1826.2966980934143,3,1