
1550857892.066677,4,1
1550857893.0883918,4,2
1550857893.3436952,4,1
1550857894.120421,2,1
1550857894.1208081,2,1
1550857901.1480067,4,1
1550857902.1695218,4,2
1550857902.4248178,4,1
1550857903.2728698,2,1
1550857949.4610262,4,1
1550857950.2044823,2,1
1550857958.6979237,4,1
1550857959.4011161,2,1
1550857967.1268697,4,1
1550857967.7694592,2,1
1550857967.775065,2,1
1550858009.366612,4,1
1550858010.3886073,4,2
1550858010.643989,4,1
1550858011.4651244,2,1
1550858011.465262,2,1
1550858035.0398166,4,1
1550858036.0614011,4,2
1550858036.317004,4,1
1550858036.7836561,2,1
1550858045.0126383,4,1
1550858045.9933434,2,1
1550858052.7437062,4,1
1550858053.765577,4,2
1550858053.7992587,2,1
1550858053.7993555,2,1
1550858057.0529835,4,1
1550858058.0756056,4,2
1550858058.3313282,4,1
1550858059.3527699,4,2
1550858059.6080422,4,1
1550858059.9146905,2,1
1550858059.915198,2,1
1550858063.6532767,4,1
1550858064.560862,2,1
1550858067.9285288,4,1
1550858068.671321,2,1
1550858068.6714582,2,1
1550858074.8522444,4,1
1550858075.5992773,2,1
1550858078.3732097,4,1
1550858079.1820288,2,1
1550858085.5838487,4,1
1550858086.2798812,2,1
1550858089.1776803,4,1
1550858090.094708,2,1
1550858090.0948446,2,1
1550858100.1151962,4,1
1550858101.037884,2,1
1550858109.650314,4,1
1550858110.6722026,4,2
1550858110.927718,4,1
1550858111.3522863,2,1
1550858121.7187319,4,1
1550858122.7418144,4,2
1550858122.9975486,4,1
1550858123.6092114,2,1
1550858132.7337303,4,1
1550858133.7557328,4,2
1550858134.0114677,4,1
1550858134.7463813,2,1
1550858134.7473772,2,1
1550858134.7474546,2,1
1550858155.043412,4,1
1550858156.0649698,4,2
1550858156.3204186,4,1
1550858156.3691962,2,1
1550858160.092971,4,1
1550858160.9388874,2,1
1550858212.756075,4,1
1550858213.654632,2,1
1550858223.8059685,4,1
1550858224.8276534,4,2
1550858225.0831423,4,1
1550858225.5319924,2,1
1550858225.5330317,2,1
1550858233.3623986,4,1
1550858234.385203,4,2
1550858234.6410782,4,1
1550858235.0661228,2,1
1550858238.8413641,4,1
1550858239.6141174,2,1
1550858248.0577283,4,1
1550858248.6923232,2,1
1550858252.5550404,4,1
1550858253.1707673,2,1
1550858259.5061579,4,1
1550858260.5275984,4,2
1550858260.7830935,4,1
1550858261.0563564,2,1
1550858261.0564885,2,1
1550858269.5208473,4,1
1550858270.2709894,2,1
1550858275.4837763,4,1
1550858276.151172,2,1
1550858276.151304,2,1
1550858280.836501,4,1
1550858281.8589716,4,2
1550858282.1145587,4,1
1550858282.4318705,2,1
1550858282.4320135,2,1
1550858287.0194123,4,1
1550858288.0413365,4,2
1550858288.2968938,4,1
1550858288.3584924,2,1
1550858288.3587751,2,1
1550858291.4886615,4,1
1550858292.3991623,2,1
1550858296.5817378,4,1
1550858297.2004838,2,1
1550858300.1814504,4,1
1550858300.92786,2,1
1550858305.178548,4,1
1550858305.8402102,2,1
1550858314.3627303,4,1
1550858315.3855557,4,2
1550858315.64122,4,1
1550858316.0032604,2,1
1550858332.1344275,4,1
1550858332.9589124,2,1
1550858337.0984569,4,1
1550858337.85371,2,1
1550858337.859645,2,1
1550858341.850991,4,1
1550858342.7270055,2,1
1550858355.2246032,4,1
1550858355.913516,2,1
1550858390.1222343,4,1
1550858390.754962,2,1
1550858390.7612493,2,1
1550858409.0269742,4,1
1550858409.7100837,2,1
1550858415.84068,4,1
1550858416.442396,2,1
1550858416.4425325,2,1
1550858416.4471126,2,1
1550858421.780482,4,1
1550858422.4042175,2,1
1550858422.4094474,2,1
1550858426.465753,4,1
1550858427.2219563,2,1
1550858427.2225282,2,1
1550858433.1868546,4,1
1550858433.9535186,2,1
1550858445.7503643,4,1
1550858446.7732525,4,2
1550858447.0288386,4,1
1550858448.0504577,4,2
1550858448.3058538,4,1
1550858449.1142182,2,1
1550858452.430475,4,1
1550858453.3281078,2,1
1550858453.3345377,2,1
1550858463.7132924,4,1
1550858464.3797684,2,1
1550858468.4313698,4,1
1550858469.0906541,2,1
1550858482.1902678,4,1
1550858482.867946,2,1
1550858492.0681124,4,1
1550858492.7641218,2,1
1550858496.1211483,4,1
1550858496.8836238,2,1
1550858501.8728125,4,1
1550858502.5584323,2,1
1550858507.0075648,4,1
1550858507.756069,2,1
1550858512.1789153,4,1
1550858512.9283633,2,1
1550858517.2814784,4,1
1550858518.1911407,2,1
1550858518.1914105,2,1
1550858524.4784596,4,1
1550858525.1051455,2,1
1550858529.8389614,4,1
1550858530.5071967,2,1
1550858534.9292727,4,1
1550858535.6066144,2,1
1550858539.856696,4,1
1550858540.8784246,4,2
1550858541.1339362,4,1
1550858541.917741,2,1
1550858551.2386255,4,1
1550858552.0140965,2,1
1550858552.0174077,2,1
1550858558.0955465,4,1
1550858558.8221881,2,1
1550858558.8227108,2,1
1550858566.0490863,4,1
1550858566.9312735,2,1
1550858570.0940874,4,1
1550858570.9778926,2,1
1550858576.7376137,4,1
1550858577.547953,2,1
1550858585.1352122,4,1
1550858585.8304327,2,1
1550858585.8350935,2,1
1550858585.8351784,2,1
1550858589.0123918,4,1
1550858589.6591637,2,1
1550858592.5821052,4,1
1550858593.2662866,2,1
1550858593.2722197,2,1
1550858613.912951,4,1
1550858614.682568,2,1
1550858618.585637,4,1
1550858619.3058474,2,1
1550858624.872596,4,1
1550858625.709911,2,1
1550858625.712971,2,1
1550858636.1841056,4,1
1550858636.8253896,2,1
1550858713.6832974,4,1
1550858714.356541,2,1
1550858718.1884942,4,1
1550858718.8048186,2,1
1550858723.285809,4,1
1550858723.946783,2,1
1550858751.0505548,4,1
1550858751.751826,2,1
1550858756.2206542,4,1
1550858756.8912747,2,1
1550858761.3020995,4,1
1550858762.0189817,2,1
1550858847.8220055,4,1
1550858848.5365505,2,1
1550858848.542756,2,1
1550858854.4999492,4,1
1550858855.2100232,2,1
1550858865.483374,4,1
1550858866.1408644,2,1
1550858869.6115391,4,1
1550858870.2218142,2,1
1550858876.953067,4,1
1550858877.6446583,2,1
1550858881.1046927,4,1
1550858881.759863,2,1
1550858897.0904877,4,1
1550858897.743049,2,1
1550858897.745082,2,1
1550858919.956588,4,1
1550858920.7084684,2,1
1550858926.6723785,4,1
1550858927.4381757,2,1
1550858935.797158,4,1
1550858936.471298,2,1
1550858936.4767592,2,1
1550858958.9917693,4,1
1550858959.6828196,2,1
1550858962.7823925,4,1
1550858963.3720284,2,1
1550858967.5448964,4,1
1550858968.240349,2,1
1550858968.2408051,2,1
1550858973.0653884,4,1
1550858973.8550835,2,1
1550858980.1920505,4,1
1550858980.8591938,2,1
1550858984.492231,4,1
1550858985.2202587,2,1
1550859030.0785294,4,1
1550859031.1003907,4,2
1550859031.1265745,2,1
1550859036.6166065,4,1
1550859037.6380486,4,2
1550859037.8934774,4,1
1550859038.2176642,2,1
1550859042.6201236,4,1
1550859043.3125966,2,1
1550859051.011734,4,1
1550859051.6217892,2,1
1550859057.8897297,4,1
1550859058.5873063,2,1
1550859065.5115395,4,1
1550859066.2071707,2,1
1550859066.2078726,2,1
1550859078.402917,4,1
1550859079.0839028,2,1
1550861938.1593015,4,1
1550861939.180756,4,2
1550861939.4360814,4,1
1550861940.4571998,4,2
1550861940.712569,4,1
1550861941.7341135,4,2
1550861941.9894392,4,1
1550861943.0110118,4,2
1550861943.26649,4,1
1550861944.2876072,4,2
1550861944.5430644,3,4