
1553810693.1721592,4,1
1553810693.947669,2,1
1553810722.4943404,4,1
1553810723.2706702,2,1
1553810750.885865,4,1
1553810751.1922388,2,1
1553810751.192336,2,1
1553810760.6892195,4,1
1553810760.945715,2,1
1553810760.9461877,2,1
1553810765.727889,4,1
1553810766.7491188,4,2
1553810766.8486714,2,1
1553810812.4682653,4,1
1553810813.489505,4,2
1553810813.5333672,2,1
1553810813.8288565,2,1
1553810881.6258738,4,1
1553810882.2482738,2,1
1553810911.3722045,4,1
1553810911.6709404,2,1
1553810917.5327036,4,1
1553810918.540913,2,1
1553810925.5073135,4,1
1553810926.5288959,4,2
1553810926.7842767,4,1
1553810927.8033705,2,1
1553810934.118554,4,1
1553810935.140237,4,2
1553810935.3958225,4,1
1553810935.6484127,2,1
1553810941.5988677,4,1
1553810942.6201613,4,2
1553810942.875629,4,1
1553810943.8966956,4,2
1553810943.9575493,2,1
1553810953.984314,4,1
1553810954.5772524,2,1
1553810954.5776482,2,1
1553810977.507561,4,1
1553810978.5290163,4,2
1553810978.7844427,4,1
1553810979.5402598,2,1
1553810979.5404196,2,1
1553811063.0115762,4,1
1553811063.8011172,2,1
1553811068.7276852,4,1
1553811069.7493072,4,2
1553811070.0046315,4,1
1553811070.8089762,2,1
1553811093.6942894,4,1
1553811094.717645,4,2
1553811094.97329,4,1
1553811095.9953504,4,2
1553811096.2510395,4,1
1553811097.2731051,4,2
1553811097.5290139,4,1
1553811098.071497,2,1
1553811103.6502523,4,1
1553811104.403377,2,1
1553811116.462227,4,1
1553811117.483717,4,2
1553811117.7393305,4,1
1553811118.388446,2,1
1553811122.063152,4,1
1553811122.8206768,2,1
1553811128.6327686,4,1
1553811129.6546733,4,2
1553811129.7500472,2,1
1553811150.9689214,4,1
1553811151.1940067,2,1
1553811151.1942735,2,1
1553811151.1945448,2,1
1553811160.356157,4,1
1553811161.377626,4,2
1553811161.3807616,2,1
1553811161.3983579,2,1
1553811165.3095255,4,1
1553811166.1655705,2,1
1553811211.0949442,4,1
1553811212.116472,4,2
1553811212.3718,4,1
1553811213.393068,4,2
1553811213.467163,2,1
1553811235.3166804,4,1
1553811236.3380628,4,2
1553811236.5935206,4,1
1553811237.6148038,4,2
1553811237.8701553,4,1
1553811238.8914006,4,2
1553811239.146792,4,1
1553811239.1897826,2,1
1553811367.5733926,4,1
1553811368.595115,4,2
1553811368.8505867,4,1
1553811369.3818204,2,1
1553811374.8384802,4,1
1553811375.3697147,2,1
1553811382.4570394,4,1
1553811383.4784803,4,2
1553811383.7338006,4,1
1553811384.7549078,4,2
1553811384.7906895,2,1
1553811385.072393,2,1
1553811396.278331,4,1
1553811397.2995493,4,2
1553811397.3359427,2,1
1553811397.650744,2,1
1553811446.0420117,4,1
1553811447.0636306,4,2
1553811447.2023945,2,1
1553811454.5705857,4,1
1553811455.5920465,4,2
1553811455.847428,4,1
1553811456.8688953,4,2
1553811457.124258,4,1
1553811458.1457987,4,2
1553811458.4011798,4,1
1553811459.4226215,4,2
1553811459.5148685,2,1
1553811459.5152967,2,1
1553811480.5250146,4,1
1553811481.5469513,4,2
1553811481.8023107,4,1
1553811482.8107052,2,1
1553811520.0226169,4,1
1553811521.0441418,4,2
1553811521.1814442,2,1
1553811528.1111355,4,1
1553811528.6249578,2,1
1553811528.6251245,2,1
1553811533.783361,4,1
1553811534.8047202,4,2
1553811535.060101,4,1
1553811535.812535,2,1
1553811603.3770268,4,1
1553811603.7131543,2,1
1553811608.2730052,4,1
1553811609.2950778,4,2
1553811609.3797483,2,1
1553811629.9837549,4,1
1553811630.790271,2,1
1553811666.2291565,4,1
1553811666.7751493,2,1
1553811675.0751843,4,1
1553811675.3294773,2,1
1553811706.8723707,4,1
1553811707.895068,4,2
1553811708.1505425,4,1
1553811709.172082,4,2
1553811709.4275527,4,1
1553811709.731419,2,1
1553811742.6681814,4,1
1553811743.4222865,2,1
1553811772.3241704,4,1
1553811772.8174117,2,1
1553811810.189899,4,1
1553811810.7091231,2,1
1553811817.0112224,4,1
1553811818.0329702,4,2
1553811818.2884147,4,1
1553811819.0559845,2,1
1553811925.6325064,4,1
1553811925.873968,2,1
1553811931.3892543,4,1
1553811931.90377,2,1
1553811954.821509,4,1
1553811955.8428562,4,2
1553811955.9434953,2,1
1553811955.943635,2,1
1553811963.0378766,4,1
1553811963.7945468,2,1
1553811970.325931,4,1
1553811970.826255,2,1
1553811994.1004672,4,1
1553811995.121836,4,2
1553811995.1917763,2,1
1553812015.168603,4,1
1553812015.4755871,2,1
1553812050.8128672,4,1
1553812051.8354776,4,2
1553812051.9158535,2,1
1553812076.3017063,4,1
1553812077.3249164,4,2
1553812077.5806093,4,1
1553812078.6021204,4,2
1553812078.6898992,2,1
1553812122.8591514,4,1
1553812123.373162,2,1
1553812129.2421162,4,1
1553812130.2634838,4,2
1553812130.5188594,4,1
1553812131.2456803,2,1
1553812138.3853476,4,1
1553812138.9073737,2,1
1553812168.0928712,4,1
1553812169.1147008,4,2
1553812169.3701382,4,1
1553812170.391564,4,2
1553812170.6471636,4,1
1553812171.65519,2,1
1553812177.8742049,4,1
1553812178.4270506,2,1
1553812178.4292305,2,1
1553812189.0642328,4,1
1553812190.0856326,4,2
1553812190.3410149,4,1
1553812191.3621538,4,2
1553812191.6176417,4,1
1553812192.6388235,4,2
1553812192.7235355,2,1
1553812197.4109502,4,1
1553812198.4328058,4,2
1553812198.4740298,2,1
1553812198.7685676,2,1
1553812275.8945887,4,1
1553812276.4226182,2,1
1553812280.0613935,4,1
1553812281.0827758,4,2
1553812281.3381662,4,1
1553812281.6435723,2,1
1553812286.1970723,4,1
1553812287.218477,4,2
1553812287.4738028,4,1
1553812288.4951522,4,2
1553812288.750534,4,1
1553812289.3490992,2,1
1553812296.7603855,4,1
1553812297.7816217,4,2
1553812298.0370965,4,1
1553812299.0583496,4,2
1553812299.313656,4,1
1553812300.3348904,4,2
1553812300.5902855,4,1
1553812301.611493,4,2
1553812301.866866,4,1
1553812302.8882527,4,2
1553812303.1436734,4,1
1553812303.694217,2,1
1553812346.0598338,4,1
1553812346.5651505,2,1
1553812350.865438,4,1
1553812351.7049015,2,1
1553812356.9383948,4,1
1553812357.519913,2,1
1553812383.167233,4,1
1553812384.1887994,4,2
1553812384.2347608,2,1
1553812384.2606282,2,1
1553812388.0516834,4,1
1553812389.0741823,4,2
1553812389.329731,4,1
1553812390.128446,2,1
1553812399.3469434,4,1
1553812400.3697605,4,2
1553812400.625309,4,1
1553812400.960512,2,1
1553812406.4607065,4,1
1553812407.4795458,2,1
1553812416.2596307,4,1
1553812417.2816062,4,2
1553812417.5371268,4,1
1553812418.559209,4,2
1553812418.8147845,4,1
1553812419.3103414,2,1
1553812429.3624208,4,1
1553812430.3837898,4,2
1553812430.639179,4,1
1553812431.6603508,4,2
1553812431.7219605,2,1
1553812431.7225757,2,1
1553812439.3226182,4,1
1553812440.0995502,2,1
1553812444.977125,4,1
1553812445.5104802,2,1
1553812453.9430223,4,1
1553812454.9645221,4,2
1553812455.219903,4,1
1553812456.1394353,2,1
1553812459.7269464,4,1
1553812460.5369623,2,1
1553812460.5371296,2,1
1553812465.782092,4,1
1553812466.7972343,2,1
1553812473.2754,4,1
1553812473.5671704,2,1
1553812496.990293,4,1
1553812497.2744894,2,1
1553812497.2746098,2,1
1553812535.3146036,4,1
1553812536.335756,4,2
1553812536.4178517,2,1
1553812558.9006279,4,1
1553812559.6474173,2,1
1553812730.948596,4,1
1553812731.5125678,2,1
1553812739.497832,4,1
1553812740.5201778,4,2
1553812740.7397704,2,1
1553812740.7555625,2,1
1553812747.249248,4,1
1553812748.2707784,4,2
1553812748.5257394,2,1
1553812756.0593975,4,1
1553812757.0833228,4,2
1553812757.3389149,4,1
1553812757.422574,2,1
1553812766.7149453,4,1
1553812767.7230062,2,1
1553812774.6022065,4,1
1553812774.8676765,2,1
1553812800.099665,4,1
1553812801.1228929,4,2
1553812801.3784606,4,1
1553812802.373213,2,1
1553812805.771625,4,1
1553812806.793082,4,2
1553812807.0486283,4,1
1553812808.0697432,4,2
1553812808.325204,4,1
1553812808.8410683,2,1
1553812862.0738907,4,1
1553812862.311598,2,1
1553812867.477382,4,1
1553812868.4988263,4,2
1553812868.7542744,4,1
1553812869.7755938,4,2
1553812869.8464022,2,1
1553812869.8474598,2,1
1553812994.452678,4,1
1553812995.006918,2,1
1553813001.452202,4,1
1553813002.4754188,4,2
1553813002.7311716,4,1
1553813003.4969523,2,1
1553813010.8611517,4,1
1553813011.1017401,2,1
1553813016.599935,4,1
1553813017.6216617,4,2
1553813017.8771229,4,1
1553813018.8990197,4,2
1553813018.9272983,2,1
1553813024.1306736,4,1
1553813024.6515503,2,1
1553813024.6572485,2,1
1553813031.8029935,4,1
1553813032.0602503,2,1
1553813039.0404956,4,1
1553813040.0621746,4,2
1553813040.3176458,4,1
1553813041.3398309,4,2
1553813041.3741517,2,1
1553813041.6791308,2,1
1553813060.1222565,4,1
1553813060.4457328,2,1
1553813067.030937,4,1
1553813067.5771923,2,1
1553813074.5860145,4,1
1553813075.607621,4,2
1553813075.8629484,4,1
1553813076.6265178,2,1
1553813113.860215,4,1
1553813114.193501,2,1
1553813126.097054,4,1
1553813127.1187313,4,2
1553813127.3741865,4,1
1553813128.1446579,2,1
1553813138.4738948,4,1
1553813139.495482,4,2
1553813139.7508643,4,1
1553813140.7719855,4,2
1553813140.8596838,2,1
1553813167.5307493,4,1
1553813168.5525224,4,2
1553813168.807941,4,1
1553813169.6473823,2,1
1553813177.8031492,4,1
1553813178.579656,2,1
1553813178.5797834,2,1
1553813454.137577,3,2