
1563572834.35817,4,1
1563572834.673346,2,1
1563572849.5585248,4,1
1563572850.0574124,2,1
1563572870.2856135,4,1
1563572870.8136256,2,1
1563572873.7007842,4,1
1563572873.9578884,2,1
1563572955.5767784,4,1
1563572955.8040493,2,1
1563572964.46878,4,1
1563572964.7076185,2,1
1563573037.907554,4,1
1563573038.1809127,2,1
1563573103.5309458,4,1
1563573104.5526075,4,2
1563573104.8080108,4,1
1563573105.8293056,4,2
1563573106.084851,4,1
1563573106.6262922,2,1
1563573106.6366894,2,1
1563573208.8673694,4,1
1563573209.1881773,2,1
1563573234.7793787,4,1
1563573235.0291908,2,1
1563573238.093306,4,1
1563573238.4157212,2,1
1563573311.5679545,4,1
1563573312.5462267,2,1
1563573315.1989887,4,1
1563573316.0746326,2,1
1563573323.926946,4,1
1563573324.9339392,2,1
1563573333.2561297,4,1
1563573333.9336662,2,1
1563573337.5397823,4,1
1563573337.848928,2,1
1563573337.930179,2,1
1563573347.0274682,4,1
1563573347.326276,2,1
1563573416.505825,4,1
1563573416.79339,2,1
1563573449.4044297,4,1
1563573450.1606205,2,1
1563573450.160792,2,1
1563573627.4602206,4,1
1563573627.6861234,2,1
1563573630.824052,4,1
1563573631.6334074,2,1
1563573631.7156985,2,1
1563573639.8062062,4,1
1563573640.8274274,4,2
1563573641.0827422,4,1
1563573642.1037548,4,2
1563573642.3590686,4,1
1563573642.7943194,2,1
1563573704.6864693,4,1
1563573705.4630532,2,1
1563573708.6363683,4,1
1563573709.6577249,4,2
1563573709.9130824,4,1
1563573710.2302482,2,1
1563573710.2303925,2,1
1563573716.01578,4,1
1563573716.5125413,2,1
1563573720.839724,4,1
1563573721.1566777,2,1
1563573782.0573177,4,1
1563573782.3010616,2,1
1563573798.9955895,4,1
1563573800.017013,4,2
1563573800.2723148,4,1
1563573800.7746108,2,1
1563573806.8244867,4,1
1563573807.8458207,4,2
1563573808.1011434,4,1
1563573808.774537,2,1
1563573819.234335,4,1
1563573820.2558122,4,2
1563573820.5112884,4,1
1563573821.0796344,2,1
1563573844.103723,4,1
1563573844.3405051,2,1
1563573867.54588,4,1
1563573867.8042803,2,1
1563573871.0652938,4,1
1563573872.0867064,4,2
1563573872.1561306,2,1
1563573881.3085992,4,1
1563573882.329859,4,2
1563573882.5851998,4,1
1563573882.8521993,2,1
1563573904.8440492,4,1
1563573905.324071,2,1
1563573905.328056,2,1
1563573908.3574681,4,1
1563573909.3789623,4,2
1563573909.6343217,4,1
1563573910.6555135,4,2
1563573910.741771,2,1
1563573913.9692504,4,1
1563573914.990657,4,2
1563573915.2462304,4,1
1563573915.5185497,2,1
1563573926.9259155,4,1
1563573927.947214,4,2
1563573928.1312447,2,1
1563573928.1314068,2,1
1563573939.8449323,4,1
1563573940.0508003,2,1
1563573945.7702994,4,1
1563573946.0242622,2,1
1563573952.3992357,4,1
1563573952.905182,2,1
1563573973.96504,4,1
1563573974.7266302,2,1
1563573977.558998,4,1
1563573977.8108141,2,1
1563574019.6226194,4,1
1563574020.4018874,2,1
1563574057.2160125,4,1
1563574057.4716916,2,1
1563574061.6632352,4,1
1563574062.2297044,2,1
1563574065.269335,4,1
1563574065.5124397,2,1
1563574075.9444754,4,1
1563574076.707583,2,1
1563574081.6372955,4,1
1563574081.9354823,2,1
1563574097.436192,4,1
1563574097.6866357,2,1
1563574103.8484788,4,1
1563574104.4043632,2,1
1563574108.219221,4,1
1563574108.4801848,2,1
1563574212.7762115,4,1
1563574213.0337453,2,1
1563574236.9814157,4,1
1563574237.2283974,2,1
1563574248.0211933,4,1
1563574248.3622103,2,1
1563574257.8004985,4,1
1563574258.0503905,2,1
1563574261.6892467,4,1
1563574261.984885,2,1
1563574285.1961544,4,1
1563574286.2188427,4,2
1563574286.4744155,4,1
1563574286.7850857,2,1
1563574292.8554199,4,1
1563574293.3803668,2,1
1563574298.299723,4,1
1563574298.5346882,2,1
1563574298.5386894,2,1
1563574302.072531,4,1
1563574302.8435662,2,1
1563574311.18855,4,1
1563574312.209816,4,2
1563574312.3021197,2,1
1563574312.3022885,2,1
1563574343.9591887,4,1
1563574344.7033677,2,1
1563574350.6734383,4,1
1563574351.1950927,2,1
1563574364.018115,4,1
1563574364.2621782,2,1
1563574373.018605,4,1
1563574373.2764895,2,1
1563574387.1185544,4,1
1563574387.3850465,2,1
1563574387.3852353,2,1
1563574390.0742605,4,1
1563574390.3153963,2,1
1563574397.6958506,4,1
1563574398.2552304,2,1
1563574402.6977315,4,1
1563574403.7197058,4,2
1563574403.8732631,2,1
1563574406.4303677,4,1
1563574406.6952121,2,1
1563574413.2975667,4,1
1563574413.5125096,2,1
1563574420.125324,4,1
1563574421.1466115,4,2
1563574421.4019048,4,1
1563574422.4230213,4,2
1563574422.678406,4,1
1563574423.6993704,4,2
1563574423.7474003,2,1
1563574424.0338802,2,1
1563574436.1436145,4,1
1563574437.1647854,4,2
1563574437.201289,2,1
1563574437.4825556,2,1
1563574507.3710628,4,1
1563574508.3930697,4,2
1563574508.482734,2,1
1563574514.6748345,4,1
1563574514.970603,2,1
1563574525.3261707,4,1
1563574526.08031,2,1
1563574530.1407568,4,1
1563574531.16208,4,2
1563574531.4174044,4,1
1563574531.9792664,2,1
1563574535.1947505,4,1
1563574535.684831,2,1
1563574539.224004,4,1
1563574539.8384862,2,1
1563574563.0960984,4,1
1563574563.5895128,2,1
1563574581.9555247,4,1
1563574582.5021963,2,1
1563574606.5670538,4,1
1563574607.059873,2,1
1563574616.9607952,4,1
1563574617.9819412,4,2
1563574618.237276,4,1
1563574618.5337088,2,1
1563574618.5338206,2,1
1563574618.5339258,2,1
1563574638.0038712,4,1
1563574638.51007,2,1
1563574650.303393,4,1
1563574650.637368,2,1
1563574692.2281668,4,1
1563574692.5031357,2,1
1563574694.9576411,4,1
1563574695.2969072,2,1
1563574719.7591035,4,1
1563574720.7807312,4,2
1563574721.0364296,4,1
1563574721.4133997,2,1
1563574787.243289,4,1
1563574787.5054455,2,1
1563574801.6724477,4,1
1563574802.1821165,2,1
1563574805.1143417,4,1
1563574805.8598032,2,1
1563574809.0124507,4,1
1563574809.3109138,2,1
1563574813.069186,4,1
1563574813.5867753,2,1
1563574817.8502731,4,1
1563574818.141888,2,1
1563574826.7861795,4,1
1563574827.0391722,2,1
1563574831.6658192,4,1
1563574831.9117723,2,1
1563574831.9120991,2,1
1563574837.7479334,4,1
1563574837.9989793,2,1
1563574857.2363024,4,1
1563574858.2581482,4,2
1563574858.5136337,4,1
1563574858.8419423,2,1
1563574862.0594504,4,1
1563574862.2945898,2,1
1563574865.3483803,4,1
1563574865.9157746,2,1
1563574871.79091,4,1
1563574872.3286734,2,1
1563574875.797473,4,1
1563574876.059267,2,1
1563574894.8733613,4,1
1563574895.355662,2,1
1563574918.2621498,4,1
1563574918.5124831,2,1
1563574921.7496212,4,1
1563574922.0130875,2,1
1563574947.7248244,4,1
1563574948.4831257,2,1
1563574951.4847307,4,1
1563574952.255404,2,1
1563574972.9587178,4,1
1563574973.2455688,2,1
1563574973.24574,2,1
1563574976.2709155,4,1
1563574976.7511096,2,1
1563574982.9507053,4,1
1563574983.972542,4,2
1563574984.017245,2,1
1563574987.5515182,4,1
1563574987.8301766,2,1
1563574990.9775052,4,1
1563574991.476509,2,1
1563575015.310908,4,1
1563575015.5753386,2,1
1563575035.0897422,4,1
1563575035.3403096,2,1
1563575042.7728608,4,1
1563575043.0526474,2,1
1563575045.6594925,4,1
1563575046.409639,2,1
1563575050.7284138,4,1
1563575051.4936879,2,1
1563575057.3567178,4,1
1563575057.6685488,2,1
1563575063.0776994,4,1
1563575064.0989594,4,2
1563575064.3543186,4,1
1563575065.3522813,2,1
1563575119.8434997,4,1
1563575120.8647766,4,2
1563575121.1200664,4,1
1563575121.4217577,2,1
1563575126.5801804,4,1
1563575127.1691,2,1
1563575140.6875765,4,1
1563575140.9272976,2,1
1563575143.4031856,4,1
1563575143.6491346,2,1
1563575174.1962016,4,1
1563575174.9832585,2,1
1563575181.2257109,4,1
1563575181.5431974,2,1
1563575312.68487,4,1
1563575313.2423909,2,1
1563575321.0994284,4,1
1563575321.851981,2,1
1563575326.111281,4,1
1563575326.6272514,2,1
1563575331.4492583,4,1
1563575331.7039962,2,1
1563575340.1830623,4,1
1563575340.4375253,2,1
1563575347.454933,4,1
1563575347.7314506,2,1
1563575347.7316732,2,1
1563575365.7374852,4,1
1563575366.406709,2,1
1563575372.1050801,4,1
1563575372.8755758,2,1
1563575398.8028932,4,1
1563575399.5607455,2,1
1563575405.01317,4,1
1563575405.9642134,2,1
1563575405.9789474,2,1
1563575409.8134282,4,1
1563575410.8348773,4,2
1563575411.0902035,4,1
1563575411.6426356,2,1
1563575433.2432299,4,1
1563575434.2649927,4,2
1563575434.520481,4,1
1563575434.7677238,2,1
1563575437.8553233,4,1
1563575438.8671982,2,1
1563575442.4078922,4,1
1563575443.430119,4,2
1563575443.5024374,2,1
1563575468.2659402,4,1
1563575468.5178118,2,1
1563575492.6179774,4,1
1563575493.1494024,2,1
1563575526.4120276,4,1
1563575527.0055304,2,1
1563576270.3147218,3,2