
1564610459.3455687,4,1
1564610460.1139007,2,1
1564610474.9848783,4,1
1564610475.73912,2,1
1564610500.9346683,4,1
1564610501.1936262,2,1
1564610534.6416154,4,1
1564610535.015815,2,1
1564610537.6500745,4,1
1564610537.892983,2,1
1564610542.0589962,4,1
1564610542.3639793,2,1
1564610545.5862188,4,1
1564610546.6078005,4,2
1564610546.6261318,2,1
1564610546.9434943,2,1
1564610625.0801098,4,1
1564610625.403769,2,1
1564610629.6345603,4,1
1564610629.9865034,2,1
1564610633.074157,4,1
1564610633.6465447,2,1
1564610715.796185,4,1
1564610716.5393198,2,1
1564610775.7381124,4,1
1564610776.066778,2,1
1564610779.826699,4,1
1564610780.4733849,2,1
1564610844.8018618,4,1
1564610845.1066344,2,1
1564610849.2066183,4,1
1564610850.228427,4,2
1564610850.4838734,4,1
1564610851.0563424,2,1
1564610851.0564816,2,1
1564610918.6264818,4,1
1564610919.2482367,2,1
1564610959.7699924,4,1
1564610960.0319483,2,1
1564610963.8350716,4,1
1564610964.164574,2,1
1564610967.8301787,4,1
1564610968.8518715,4,2
1564610969.1072438,4,1
1564610970.1286807,4,2
1564610970.3840442,4,1
1564610970.6259882,2,1
1564610973.4038794,4,1
1564610973.667989,2,1
1564611036.7528937,4,1
1564611037.046553,2,1
1564611079.7146177,4,1
1564611080.2549143,2,1
1564611083.84694,4,1
1564611084.6070528,2,1
1564611147.5063624,4,1
1564611147.7811275,2,1
1564611162.3301888,4,1
1564611162.380366,2,1
1564611166.1746356,4,1
1564611167.1961944,4,2
1564611167.451616,4,1
1564611168.473524,4,2
1564611168.729121,4,1
1564611169.26453,2,1
1564611172.6146662,4,1
1564611172.8513303,2,1
1564611175.6453602,4,1
1564611176.6668756,4,2
1564611176.6969743,2,1
1564611177.018959,2,1
1564611187.4228892,4,1
1564611188.4448748,4,2
1564611188.5303476,2,1
1564611215.0335574,4,1
1564611216.047833,2,1
1564611220.8981082,4,1
1564611221.9198313,4,2
1564611222.1752245,4,1
1564611222.2874649,2,1
1564611225.8693676,4,1
1564611226.2036295,2,1
1564611230.0621629,4,1
1564611230.3383174,2,1
1564611247.237969,4,1
1564611247.375057,2,1
1564611253.6267457,4,1
1564611254.6480675,4,2
1564611254.903378,4,1
1564611255.739646,2,1
1564611272.7956338,4,1
1564611273.2932174,2,1
1564611287.8234966,4,1
1564611288.178206,2,1
1564611293.3123107,4,1
1564611293.5549324,2,1
1564611297.784755,4,1
1564611298.806024,4,2
1564611299.0613182,4,1
1564611299.312485,2,1
1564611302.5674841,4,1
1564611303.114047,2,1
1564611334.3548727,4,1
1564611335.1190217,2,1
1564611338.3985198,4,1
1564611339.4201975,4,2
1564611339.675602,4,1
1564611339.975608,2,1
1564611343.735197,4,1
1564611344.244663,2,1
1564611358.6711419,4,1
1564611359.0010002,2,1
1564611363.4998167,4,1
1564611363.7375097,2,1
1564611383.4042668,4,1
1564611384.425654,4,2
1564611384.6810136,4,1
1564611384.922039,2,1
1564611398.4374566,4,1
1564611399.4591098,4,2
1564611399.6238241,2,1
1564611399.6329677,2,1
1564611407.6707916,4,1
1564611407.839835,2,1
1564611412.4367735,4,1
1564611413.2476294,2,1
1564611433.314798,4,1
1564611433.5929396,2,1
1564611438.1937132,4,1
1564611438.9591663,2,1
1564611443.0383542,4,1
1564611443.5359833,2,1
1564611446.3946106,4,1
1564611447.4178355,4,2
1564611447.4534256,2,1
1564611447.7586725,2,1
1564611455.1648145,4,1
1564611456.0306726,2,1
1564611459.6829982,4,1
1564611460.7045085,4,2
1564611460.8091013,2,1
1564611463.3252392,4,1
1564611464.165184,2,1
1564611466.9682086,4,1
1564611467.4578173,2,1
1564611472.9105134,4,1
1564611473.1792207,2,1
1564611566.2572768,4,1
1564611566.75175,2,1
1564611569.702228,4,1
1564611570.7237334,2,1
1564611629.3747253,4,1
1564611630.3964412,4,2
1564611630.518563,2,1
1564611634.3826246,4,1
1564611635.4043567,4,2
1564611635.6597908,4,1
1564611636.681262,4,2
1564611636.9367146,4,1
1564611637.958284,4,2
1564611638.2137394,4,1
1564611639.2351353,4,2
1564611639.4905698,4,1
1564611639.6972127,2,1
1564611643.9348512,4,1
1564611644.228213,2,1
1564611663.1797822,4,1
1564611663.6883624,2,1
1564611667.3462408,4,1
1564611667.5892496,2,1
1564611683.7471018,4,1
1564611684.3661118,2,1
1564611689.4617982,4,1
1564611689.775116,2,1
1564611692.9862552,4,1
1564611693.247275,2,1
1564611698.675417,4,1
1564611699.5257633,2,1
1564611709.5136354,4,1
1564611709.787255,2,1
1564611727.6704686,4,1
1564611728.3303614,2,1
1564611731.435289,4,1
1564611732.2590556,2,1
1564611741.3426793,4,1
1564611742.3646643,4,2
1564611742.4227805,2,1
1564611742.4365704,2,1
1564611742.6997805,2,1
1564611753.1877759,4,1
1564611754.1357713,2,1
1564611765.4365177,4,1
1564611766.4582453,4,2
1564611766.7136254,4,1
1564611767.0263712,2,1
1564611784.7126234,4,1
1564611785.73383,4,2
1564611785.9900653,4,1
1564611786.774317,2,1
1564611811.4261532,4,1
1564611812.1886091,2,1
1564611850.0791125,4,1
1564611850.5933187,2,1
1564611853.5935717,4,1
1564611854.6149435,4,2
1564611854.8702402,4,1
1564611855.8912785,4,2
1564611856.146547,4,1
1564611856.6437345,2,1
1564611861.797888,4,1
1564611862.8199625,4,2
1564611863.075367,4,1
1564611864.096595,4,2
1564611864.3519106,4,1
1564611865.3728878,4,2
1564611865.4540367,2,1
1564611869.0190783,4,1
1564611869.5419888,2,1
1564611873.7195444,4,1
1564611874.7170103,2,1
1564611884.2129543,4,1
1564611884.478845,2,1
1564611891.7288048,4,1
1564611892.282123,2,1
1564611897.9023197,4,1
1564611898.2583206,2,1
1564611915.3421826,4,1
1564611915.9364526,2,1
1564611920.2728324,4,1
1564611920.7571235,2,1
1564611925.5107324,4,1
1564611926.0745487,2,1
1564611932.8651128,4,1
1564611933.4003575,2,1
1564611938.420891,4,1
1564611939.2226498,2,1
1564611960.6197603,4,1
1564611960.8809016,2,1
1564611975.030322,4,1
1564611975.277616,2,1
1564611978.153166,4,1
1564611978.8968842,2,1
1564611982.0418913,4,1
1564611983.066617,4,2
1564611983.3220346,4,1
1564611983.8732038,2,1
1564611998.1170309,4,1
1564611998.625339,2,1
1564612002.6236453,4,1
1564612002.8716216,2,1
1564612006.4820008,4,1
1564612007.5036447,4,2
1564612007.7590075,4,1
1564612007.8125694,2,1
1564612011.5739913,4,1
1564612012.5957057,4,2
1564612012.6866593,2,1
1564612025.2323008,4,1
1564612026.2536669,4,2
1564612026.5089445,4,1
1564612027.5130048,2,1
1564612031.2580266,4,1
1564612032.0152829,2,1
1564612040.6149683,4,1
1564612041.6364272,4,2
1564612041.6504238,2,1
1564612053.643642,4,1
1564612054.1540158,2,1
1564612088.9773128,4,1
1564612089.2451077,2,1
1564612110.1048017,4,1
1564612110.636263,2,1
1564612126.4557269,4,1
1564612126.6913805,2,1
1564612126.6915581,2,1
1564612130.485724,4,1
1564612130.7456105,2,1
1564612137.5326319,4,1
1564612137.790221,2,1
1564612146.53333,4,1
1564612146.7575297,2,1
1564612170.9005947,4,1
1564612171.9223697,4,2
1564612172.1777709,4,1
1564612172.2295275,2,1
1564612172.239541,2,1
1564612175.5387306,4,1
1564612176.5604944,4,2
1564612176.599863,2,1
1564612176.6118772,2,1
1564612176.879245,2,1
1564612188.6008615,4,1
1564612189.6221044,4,2
1564612189.877564,4,1
1564612190.8985033,4,2
1564612191.1537764,4,1
1564612192.1747818,4,2
1564612192.4300604,4,1
1564612192.7556121,2,1
1564612199.765928,4,1
1564612200.5405679,2,1
1564612207.492618,4,1
1564612208.3315146,2,1
1564612224.1649177,4,1
1564612225.1865587,4,2
1564612225.2864952,2,1
1564612230.648095,4,1
1564612230.935954,2,1
1564612235.2939363,4,1
1564612236.3137305,2,1
1564612254.9728575,4,1
1564612255.211203,2,1
1564612267.0703592,4,1
1564612268.0919626,4,2
1564612268.225444,2,1
1564612273.9867449,4,1
1564612275.008315,4,2
1564612275.1179333,2,1
1564612279.000793,4,1
1564612280.022341,4,2
1564612280.2776937,4,1
1564612280.76258,2,1
1564612287.123522,4,1
1564612288.1450753,4,2
1564612288.40053,4,1
1564612288.6240435,2,1
1564612297.096752,4,1
1564612297.6303632,2,1
1564612313.1708267,4,1
1564612314.1928668,4,2
1564612314.4485369,4,1
1564612315.174471,2,1
1564612319.165841,4,1
1564612319.428266,2,1
1564612327.536466,4,1
1564612327.7894433,2,1
1564612332.3448474,4,1
1564612332.607608,2,1
1564612339.0607984,4,1
1564612339.2947593,2,1
1564612355.123863,4,1
1564612355.886203,2,1
1564612360.3669899,4,1
1564612360.8875306,2,1
1564612368.0120845,4,1
1564612368.2681723,2,1
1564612368.268361,2,1
1564612368.2685282,2,1
1564612413.7224708,4,1
1564612413.9511466,2,1
1564612436.8460712,4,1
1564612437.8678303,4,2
1564612438.1231751,4,1
1564612438.727469,2,1
1564612450.1383152,4,1
1564612450.6347704,2,1
1564612478.9883277,4,1
1564612479.492672,2,1
1564612493.3166363,4,1
1564612493.809712,2,1
1564612497.7629035,4,1
1564612498.784979,4,2
1564612498.8620734,2,1
1564612571.6473887,4,1
1564612572.4244585,2,1
1564612572.4246237,2,1
1564612585.870682,4,1
1564612586.89207,4,2
1564612587.1473613,4,1
1564612587.3930726,2,1
1564612587.393266,2,1
1564612592.8808868,4,1
1564612593.9025543,4,2
1564612593.9409237,2,1
1564612594.2381206,2,1
1564612605.213311,4,1
1564612606.2350793,4,2
1564612606.4905849,4,1
1564612606.7746227,2,1
1564612629.0006003,4,1
1564612630.021868,4,2
1564612630.0242674,2,1
1564612634.557587,4,1
1564612634.8162057,2,1
1564612638.8844364,4,1
1564612639.8871632,2,1
1564612662.9968226,4,1
1564612663.2459304,2,1
1564612670.0849714,4,1
1564612670.6035533,2,1
1564612675.481706,4,1
1564612675.813626,2,1
1564612681.2635412,4,1
1564612682.2866902,4,2
1564612682.5422227,4,1
1564612683.5640469,4,2
1564612683.8196232,4,1
1564612684.064819,2,1
1564612699.642297,4,1
1564612699.8984375,2,1
1564612699.8986084,2,1
1564612708.094617,4,1
1564612709.1163983,4,2
1564612709.3719487,4,1
1564612709.6046972,2,1
1564612723.3133361,4,1
1564612723.823068,2,1
1564612729.4657218,4,1
1564612730.039637,2,1
1564612733.7745829,4,1
1564612734.5185354,2,1
1564612771.5648518,4,1
1564612772.5863438,4,2
1564612772.6297944,2,1
1564612772.870413,2,1
1564612799.7819521,4,1
1564612800.6285143,2,1
1564612804.428011,4,1
1564612804.733393,2,1
1564612808.6236525,4,1
1564612809.6452236,4,2
1564612809.9006178,4,1
1564612810.646712,2,1
1564612815.790772,4,1
1564612816.8129056,4,2
1564612817.0698302,4,1
1564612818.0913303,4,2
1564612818.1640654,2,1
1564612823.56105,4,1
1564612824.370777,2,1
1564612826.6435328,4,1
1564612826.8876162,2,1
1564612846.7496128,4,1
1564612847.7710161,4,2
1564612847.8402307,2,1
1564612847.8531408,2,1
1564612852.0327327,4,1
1564612853.054247,4,2
1564612853.067016,2,1
1564612853.0853019,2,1
1564612868.7700734,4,1
1564612869.0727527,2,1
1564612894.9186223,4,1
1564612895.9405997,4,2
1564612896.1959667,4,1
1564612896.7477677,2,1
1564612900.804537,4,1
1564612901.6026485,2,1
1564612913.6822243,4,1
1564612914.703919,4,2
1564612914.959295,4,1
1564612915.8112264,2,1
1564612923.0032601,4,1
1564612923.2421677,2,1
1564612994.5811129,4,1
1564612994.909531,2,1
1564613002.9496405,4,1
1564613003.971291,4,2
1564613004.2267394,4,1
1564613004.5538259,2,1
1564613012.6746583,4,1
1564613013.1672912,2,1
1564613018.794833,4,1
1564613019.092354,2,1
1564613030.0403514,4,1
1564613030.3654742,2,1
1564613051.823754,4,1
1564613052.3291063,2,1
1564613056.0261016,4,1
1564613056.5306907,2,1
1564613061.5147665,4,1
1564613061.8935616,2,1
1564613071.3692083,4,1
1564613072.3910468,4,2
1564613072.4229944,2,1
1564613072.7312922,2,1
1564613092.6590958,4,1
1564613092.9493306,2,1
1564613097.2935636,4,1
1564613098.315048,4,2
1564613098.5704532,4,1
1564613099.5919254,4,2
1564613099.6865115,2,1
1564613116.1483464,4,1
1564613116.6432831,2,1
1564613122.9534626,4,1
1564613123.4525707,2,1
1564613138.5193098,4,1
1564613139.5408068,4,2
1564613139.7962248,4,1
1564613140.2740715,2,1
1564613153.409587,4,1
1564613154.431945,4,2
1564613154.6874092,4,1
1564613155.709136,4,2
1564613155.9646199,4,1
1564613156.5463967,2,1
1564613160.3128674,4,1
1564613161.0808756,2,1
1564613168.544235,4,1
1564613168.7900102,2,1
1564613173.5277624,4,1
1564613174.0312603,2,1
1564613190.1163702,4,1
1564613190.3632078,2,1
1564613200.8053617,4,1
1564613201.0881112,2,1
1564613212.3969984,4,1
1564613212.987469,2,1
1564613218.349232,4,1
1564613219.3706625,4,2
1564613219.499734,2,1
1564613239.8086884,4,1
1564613240.529611,2,1
1564613255.0560334,4,1
1564613255.5713606,2,1
1564613261.198268,4,1
1564613261.5402133,2,1
1564613268.2855535,4,1
1564613269.3071847,4,2
1564613269.5625267,4,1
1564613270.3142228,2,1
1564613274.2081506,4,1
1564613274.7470577,2,1
1564613279.3523808,4,1
1564613279.6560502,2,1
1564613286.249178,4,1
1564613286.4895346,2,1
1564613291.3701632,4,1
1564613291.6274068,2,1
1564613301.0125382,4,1
1564613301.3095179,2,1
1564613301.309822,2,1
1564613306.740612,4,1
1564613306.9959733,2,1
1564613321.8868978,4,1
1564613322.0261478,2,1
1564613329.863514,4,1
1564613330.8849857,4,2
1564613331.140379,4,1
1564613332.161473,4,2
1564613332.245885,2,1
1564613348.003085,4,1
1564613348.550283,2,1
1564613352.0047383,4,1
1564613352.522181,2,1
1564613381.1251798,4,1
1564613382.1473637,4,2
1564613382.179099,2,1
1564613382.4831538,2,1
1564613393.046399,4,1
1564613393.3797364,2,1
1564613400.601958,4,1
1564613401.1939805,2,1
1564613406.9631686,4,1
1564613407.9845345,4,2
1564613408.239849,4,1
1564613408.4775639,2,1
1564613429.7806985,4,1
1564613430.539586,2,1
1564613435.5181773,4,1
1564613436.0306532,2,1
1564613439.4342234,4,1
1564613439.6812053,2,1
1564613448.5321174,4,1
1564613449.013042,2,1
1564613449.0132093,2,1
1564613721.5568557,3,2