
1557177794.129349,4,1
1557177795.1510952,4,2
1557177795.4067323,4,1
1557177796.428104,4,2
1557177796.683525,4,1
1557177797.7049954,4,2
1557177797.9604242,4,1
1557177798.9823182,4,2
1557177799.2376523,4,1
1557177800.2591643,4,2
1557177800.514542,4,1
1557177801.5361307,4,2
1557177801.7914488,4,1
1557177802.8130193,4,2
1557177803.068417,4,1
1557177804.0895388,4,2
1557177804.3450139,4,1
1557177805.3662097,4,2
1557177805.3994296,2,1
1557177805.399544,2,1
1557177805.6863034,2,1
1557177810.0549963,4,1
1557177811.0781558,4,2
1557177811.3335395,4,1
1557177811.624112,2,1
1557177811.6244564,2,1
1557177811.6245356,2,1
1557177811.6246014,2,1
1557177811.6247294,2,1
1557177831.3771217,4,1
1557177832.3982909,4,2
1557177832.6536334,4,1
1557177833.6747096,4,2
1557177833.9301717,4,1
1557177834.9513378,4,2
1557177835.206631,4,1
1557177835.3186412,2,1
1557177835.318845,2,1
1557177857.7328947,2,1
1557177874.982936,4,1
1557177876.0043538,4,2
1557177876.2597847,4,1
1557177877.2813833,4,2
1557177877.5368454,4,1
1557177878.5583122,4,2
1557177878.8136919,4,1
1557177879.2991636,2,1
1557177879.2993107,2,1
1557177879.2993827,2,1
1557177879.2994478,2,1
1557177879.2997763,2,1
1557177879.3001928,2,1
1557177903.9611232,4,1
1557177904.9836102,4,2
1557177905.2394211,4,1
1557177905.8087935,2,1
1557177905.8089867,2,1
1557177922.3204842,4,1
1557177923.342031,4,2
1557177923.5978127,4,1
1557177924.019454,2,1
1557177924.0195835,2,1
1557177924.0197694,2,1
1557177924.0198376,2,1
1557177924.0199788,2,1
1557177924.0201087,2,1
1557177924.0202487,2,1
1557177924.0206113,2,1
1557178017.7490509,4,1
1557178018.770613,4,2
1557178018.7778862,2,1
1557178018.7779837,2,1
1557178018.7780507,2,1
1557178018.7906535,2,1
1557178018.7909462,2,1
1557178018.7913244,2,1
1557178018.7913952,2,1
1557178058.5720258,4,1
1557178058.7530067,2,1
1557178058.7532985,2,1
1557178058.753335,2,1
1557178058.7533946,2,1
1557178058.753627,2,1
1557178058.7538157,2,1
1557178058.7543497,2,1
1557178058.7547781,2,1
1557178058.7552292,2,1
1557178186.7075083,4,1
1557178187.0697381,2,1
1557178187.0699646,2,1
1557178187.0701053,2,1
1557178187.0701709,2,1
1557178187.0702715,2,1
1557178187.0707161,2,1
1557178199.830987,4,1
1557178200.244926,2,1
1557178200.2460241,2,1
1557178289.106608,4,1
1557178289.4184632,2,1
1557178289.4188204,2,1
1557178289.420351,2,1
1557178289.420418,2,1
1557178343.5230968,4,1
1557178344.0818517,2,1
1557178344.0824149,2,1
1557178393.6899152,4,1
1557178394.711432,4,2
1557178394.729227,2,1
1557178394.7294428,2,1
1557178483.0463145,4,1
1557178483.1478279,2,1
1557178483.1479526,2,1
1557178515.0650299,4,1
1557178516.0863872,4,2
1557178516.3416665,4,1
1557178516.8584766,2,1
1557178525.5869071,4,1
1557178526.3347476,2,1
1557178573.360112,4,1
1557178574.3813217,4,2
1557178574.636581,4,1
1557178575.6573737,4,2
1557178575.6614695,2,1
1557178575.6615562,2,1
1557178613.0293438,4,1
1557178613.2777333,2,1
1557178613.287542,2,1
1557178636.3283827,4,1
1557178636.874233,2,1
1557178656.8820481,4,1
1557178657.9039426,4,2
1557178657.9107969,2,1
1557178657.9108973,2,1
1557178777.3784966,4,1
1557178778.3998518,4,2
1557178778.498655,2,1
1557178795.9664738,4,1
1557178796.9878213,4,2
1557178797.243128,4,1
1557178797.480748,2,1
1557178800.7052653,4,1
1557178801.0051885,2,1
1557178805.8737404,4,1
1557178806.8960354,4,2
1557178807.1514533,4,1
1557178807.4001763,2,1
1557178825.927343,4,1
1557178826.739696,2,1
1557178864.94149,4,1
1557178865.189535,2,1
1557178890.0901742,4,1
1557178890.9272244,2,1
1557178890.9276588,2,1
1557178890.9277306,2,1
1557178935.761079,4,1
1557178936.7830975,4,2
1557178937.0386114,4,1
1557178938.0604398,4,2
1557178938.3159266,4,1
1557178938.895926,2,1
1557178993.612983,4,1
1557178993.9161825,2,1
1557179005.694761,4,1
1557179006.2357588,2,1
1557179025.1710174,4,1
1557179025.7133408,2,1
1557179042.820003,4,1
1557179043.8411548,4,2
1557179043.8997922,2,1
1557179047.5390942,4,1
1557179048.560626,4,2
1557179048.8159902,4,1
1557179049.5854623,2,1
1557179068.3385503,4,1
1557179068.8356974,2,1
1557179107.5645564,4,1
1557179107.8988273,2,1
1557179111.590652,4,1
1557179112.6116326,4,2
1557179112.8671308,4,1
1557179113.8741314,2,1
1557179117.898257,4,1
1557179118.9200416,4,2
1557179119.1755896,4,1
1557179119.4793746,2,1
1557179184.6201847,4,1
1557179185.641781,4,2
1557179185.8972328,4,1
1557179186.6491542,2,1
1557179249.9595544,4,1
1557179250.5246503,2,1
1557179293.9003103,4,1
1557179294.695908,2,1
1557179334.443648,4,1
1557179335.031234,2,1
1557179370.5972812,4,1
1557179371.6189768,4,2
1557179371.8743687,4,1
1557179372.8958044,4,2
1557179373.1512082,4,1
1557179373.7029665,2,1
1557179373.7030907,2,1
1557179536.2880392,4,1
1557179537.3092775,4,2
1557179537.5645733,4,1
1557179538.5857968,4,2
1557179538.841115,4,1
1557179539.8622189,4,2
1557179539.9518905,2,1
1557179539.9520228,2,1
1557179577.8747277,4,1
1557179578.8960783,4,2
1557179579.1513882,4,1
1557179579.686403,2,1
1557179598.5325446,4,1
1557179599.5540638,4,2
1557179599.8094835,4,1
1557179600.832705,4,2
1557179601.0883882,4,1
1557179601.8945844,2,1
1557179605.643431,4,1
1557179605.9350023,2,1
1557179660.1966438,4,1
1557179661.2180207,4,2
1557179661.473326,4,1
1557179662.494518,4,2
1557179662.7499,4,1
1557179663.0123541,2,1
1557179687.51834,4,1
1557179687.802537,2,1
1557179743.0095217,4,1
1557179743.598735,2,1
1557179747.3020637,4,1
1557179748.3238661,4,2
1557179748.5793345,4,1
1557179748.8336234,2,1
1557179753.3907235,4,1
1557179753.6388333,2,1
1557179772.123995,4,1
1557179773.1465676,4,2
1557179773.402153,4,1
1557179774.423998,4,2
1557179774.5571167,2,1
1557179774.557258,2,1
1557179774.5575209,2,1
1557179791.2997375,4,1
1557179791.5568435,2,1
1557179810.500058,4,1
1557179811.299275,2,1
1557179827.3584323,4,1
1557179827.900233,2,1
1557179827.9005246,2,1
1557179827.9006412,2,1
1557179833.5764544,4,1
1557179834.3770158,2,1
1557179843.9384408,4,1
1557179844.258651,2,1
1557179866.0415893,4,1
1557179867.0629528,4,2
1557179867.31828,4,1
1557179868.3396368,4,2
1557179868.595049,4,1
1557179869.6139224,2,1
1557179877.7283747,4,1
1557179878.7501383,4,2
1557179879.0055804,4,1
1557179880.0272129,4,2
1557179880.2826917,4,1
1557179881.3044488,4,2
1557179881.5600176,4,1
1557179882.3131678,2,1
1557179901.4974034,4,1
1557179902.519059,4,2
1557179902.7744682,4,1
1557179903.7959917,4,2
1557179904.0515344,4,1
1557179904.6116087,2,1
1557179914.1704593,4,1
1557179914.9340274,2,1
1557179918.4886413,4,1
1557179919.2567563,2,1
1557179919.2568953,2,1
1557179919.2571583,2,1
1557179924.0189679,4,1
1557179925.0407906,4,2
1557179925.2964013,4,1
1557179925.5350575,2,1
1557179978.5527961,4,1
1557179978.7923894,2,1
1557179981.8793292,4,1
1557179982.8999467,4,2
1557179983.15527,4,1
1557179984.1765552,4,2
1557179984.431901,4,1
1557179984.961537,2,1
1557180044.553111,4,1
1557180045.0570776,2,1
1557180049.1879182,4,1
1557180050.2096229,4,2
1557180050.2859123,2,1
1557180173.3502557,4,1
1557180174.3727074,4,2
1557180174.6282406,4,1
1557180175.650044,4,2
1557180175.9057724,4,1
1557180176.9275072,4,2
1557180177.1831286,4,1
1557180177.4590182,2,1
1557180177.459523,2,1
1557180207.114871,4,1
1557180208.1373785,4,2
1557180208.3928337,4,1
1557180209.4146612,4,2
1557180209.4596262,2,1
1557180215.7504685,4,1
1557180216.7722511,4,2
1557180217.0276644,4,1
1557180218.0488484,4,2
1557180218.304181,4,1
1557180219.3252969,4,2
1557180219.580722,4,1
1557180219.8465383,2,1
1557180219.8468695,2,1
1557180259.7969313,4,1
1557180260.0611062,2,1
1557180260.0679097,2,1
1557180263.6560822,4,1
1557180263.8812242,2,1
1557180263.8816066,2,1
1557180263.881715,2,1
1557180270.5794492,4,1
1557180271.600606,4,2
1557180271.8561702,4,1
1557180272.7056215,2,1
1557180279.9939811,4,1
1557180280.2416174,2,1
1557180301.7534325,4,1
1557180302.7747047,4,2
1557180303.030085,4,1
1557180303.2738504,2,1
1557180303.2740114,2,1
1557180310.209106,4,1
1557180310.499571,2,1
1557180324.4789104,4,1
1557180324.9940937,2,1
1557180341.0439925,4,1
1557180341.8082943,2,1
1557180367.1460898,4,1
1557180368.1674736,4,2
1557180368.2593288,2,1
1557180368.2596471,2,1
1557180378.288472,4,1
1557180379.3099563,4,2
1557180379.3450322,2,1
1557180379.3617744,2,1
1557180379.6119838,2,1
1557180423.4381444,4,1
1557180424.4596329,4,2
1557180424.7152102,4,1
1557180425.5101683,2,1