
1553632352.6776922,4,1
1553632352.9386415,2,1
1553632389.821031,4,1
1553632390.842441,4,2
1553632391.097914,4,1
1553632392.1191616,4,2
1553632392.3038712,2,1
1553632433.9244125,4,1
1553632434.9462233,4,2
1553632435.2017145,4,1
1553632436.2231908,4,2
1553632436.4785469,4,1
1553632437.4999077,4,2
1553632437.7551932,4,1
1553632438.7765985,4,2
1553632439.0319726,4,1
1553632440.0166159,2,1
1553632445.6823213,4,1
1553632445.9585304,2,1
1553632494.1961992,4,1
1553632495.2176664,4,2
1553632495.473201,4,1
1553632496.4944248,4,2
1553632496.7498102,4,1
1553632497.0539498,2,1
1553632546.1006114,4,1
1553632546.6435685,2,1
1553632591.5537617,4,1
1553632592.049292,2,1
1553632690.5197484,4,1
1553632690.7708483,2,1
1553632774.435623,4,1
1553632775.457398,4,2
1553632775.5368214,2,1
1553632782.9697306,4,1
1553632783.991693,4,2
1553632784.247093,4,1
1553632785.2738378,4,2
1553632785.529213,4,1
1553632786.550694,4,2
1553632786.6836681,2,1
1553632797.0109677,4,1
1553632797.2382298,2,1
1553632801.823066,4,1
1553632802.8443825,4,2
1553632803.0999157,4,1
1553632803.3714452,2,1
1553632806.9712675,4,1
1553632807.9927473,4,2
1553632808.2481272,4,1
1553632809.0943043,2,1
1553632812.9404256,4,1
1553632813.9619346,4,2
1553632814.217285,4,1
1553632814.8203702,2,1
1553632933.8898435,4,1
1553632934.9126089,4,2
1553632935.1684172,4,1
1553632936.1902018,4,2
1553632936.4457445,4,1
1553632937.4676583,4,2
1553632937.7233875,4,1
1553632938.3128788,2,1
1553632945.8056931,4,1
1553632946.8273356,4,2
1553632946.9248765,2,1
1553632950.9170313,4,1
1553632951.653278,2,1
1553632955.632667,4,1
1553632956.6547198,4,2
1553632956.7305455,2,1
1553633029.5764287,4,1
1553633030.5979347,4,2
1553633030.8533924,4,1
1553633031.1225882,2,1
1553633097.5351627,4,1
1553633098.557285,4,2
1553633098.8129706,4,1
1553633099.8128793,2,1
1553633147.5216308,4,1
1553633148.0730352,2,1
1553633154.0409982,4,1
1553633154.2900236,2,1
1553633160.8391516,4,1
1553633161.0976946,2,1
1553633260.626609,4,1
1553633261.6482675,4,2
1553633261.9035883,4,1
1553633262.6635952,2,1
1553633266.1371396,4,1
1553633266.8957245,2,1
1553633273.298789,4,1
1553633273.5475147,2,1
1553633301.5909736,4,1
1553633302.6123054,4,2
1553633302.7062154,2,1
1553633309.595772,4,1
1553633310.1040082,2,1
1553633316.908468,4,1
1553633317.9298456,4,2
1553633318.1851826,4,1
1553633319.0345008,2,1
1553633323.8507912,4,1
1553633324.0754743,2,1
1553633329.9335144,4,1
1553633330.8337677,2,1
1553633330.8480785,2,1
1553633337.8449357,4,1
1553633338.8665385,4,2
1553633339.1221802,4,1
1553633340.143704,4,2
1553633340.399326,4,1
1553633341.4219143,4,2
1553633341.6774695,4,1
1553633341.9609795,2,1
1553633345.0840647,4,1
1553633345.8897786,2,1
1553633352.0094795,4,1
1553633352.8087313,2,1
1553633360.4116912,4,1
1553633361.2638104,2,1
1553633367.6751454,4,1
1553633367.977407,2,1
1553633374.2164888,4,1
1553633375.2385411,4,2
1553633375.4940293,4,1
1553633375.7853646,2,1
1553633381.3741066,4,1
1553633382.3957539,4,2
1553633382.6513448,4,1
1553633383.6727347,4,2
1553633383.7854013,2,1
1553633389.9294083,4,1
1553633390.9505816,4,2
1553633391.2058747,4,1
1553633392.227099,4,2
1553633392.48249,4,1
1553633392.7065437,2,1
1553633398.4713647,4,1
1553633399.4927723,4,2
1553633399.7482915,4,1
1553633400.7695842,4,2
1553633401.025181,4,1
1553633402.04668,4,2
1553633402.3020937,4,1
1553633403.3232882,4,2
1553633403.5787847,4,1
1553633404.5998576,4,2
1553633404.609846,2,1
1553633471.544915,4,1
1553633472.3667734,2,1
1553633493.36386,4,1
1553633493.8750792,2,1
1553633493.8755767,2,1
1553633578.0061412,4,1
1553633578.998783,2,1
1553633582.2027478,4,1
1553633582.5083911,2,1
1553633586.417338,4,1
1553633586.7054863,2,1
1553633622.7127972,4,1
1553633623.7346022,4,2
1553633623.9900255,4,1
1553633625.0120785,4,2
1553633625.2678802,4,1
1553633626.2894866,4,2
1553633626.544844,4,1
1553633627.5664346,4,2
1553633627.8218777,4,1
1553633628.8433583,4,2
1553633629.0987637,4,1
1553633630.1202338,4,2
1553633630.138789,2,1
1553633630.458206,2,1
1553633638.9285886,4,1
1553633639.733846,2,1
1553633647.2869074,4,1
1553633647.8326228,2,1
1553633654.6631455,4,1
1553633655.6848562,4,2
1553633655.7584655,2,1
1553633714.4138875,4,1
1553633715.4371638,4,2
1553633715.5405314,2,1
1553633718.9910693,4,1
1553633719.224596,2,1
1553633726.2455475,4,1
1553633727.2671487,4,2
1553633727.3891044,2,1
1553633735.9787214,4,1
1553633737.0004816,4,2
1553633737.1186883,2,1
1553633744.9557076,4,1
1553633745.9779673,4,2
1553633746.0844202,2,1
1553633770.2484255,4,1
1553633770.478556,2,1
1553633778.3234415,4,1
1553633779.3448439,4,2
1553633779.6002135,4,1
1553633780.371276,2,1
1553633785.3224492,4,1
1553633785.8386629,2,1
1553633797.0355515,4,1
1553633798.0567706,4,2
1553633798.312229,4,1
1553633799.3334575,4,2
1553633799.5887601,4,1
1553633800.6098201,4,2
1553633800.865167,4,1
1553633801.601211,2,1
1553633806.2779114,4,1
1553633806.5324192,2,1
1553633811.212606,4,1
1553633812.0125422,2,1
1553633816.0609696,4,1
1553633817.084346,4,2
1553633817.3398917,4,1
1553633818.3617272,4,2
1553633818.6172583,4,1
1553633818.900563,2,1
1553633844.3685465,4,1
1553633845.3897877,4,2
1553633845.6451337,4,1
1553633845.9934957,2,1
1553633887.6177452,4,1
1553633888.6131546,2,1
1553633909.1025937,4,1
1553633910.1242843,4,2
1553633910.379792,4,1
1553633911.4013207,4,2
1553633911.4769797,2,1
1553633915.939087,4,1
1553633916.751064,2,1
1553633922.9492333,4,1
1553633923.2384443,2,1
1553633928.7148585,4,1
1553633929.5113273,2,1
1553633935.494414,4,1
1553633936.5158393,4,2
1553633936.6480608,2,1
1553633936.6489172,2,1
1553633944.8758955,4,1
1553633945.8987412,4,2
1553633946.1543963,4,1
1553633946.6232698,2,1
1553633952.0108078,4,1
1553633953.0325465,4,2
1553633953.2878716,4,1
1553633953.550202,2,1
1553633957.6985326,4,1
1553633958.7026937,2,1
1553633963.379267,4,1
1553633963.969845,2,1
1553633984.785876,4,1
1553633985.8120587,4,2
1553633986.0674026,4,1
1553633987.088795,4,2
1553633987.3443162,4,1
1553633987.6348724,2,1
1553633994.566229,4,1
1553633995.3724556,2,1
1553633999.1428409,4,1
1553634000.1650672,4,2
1553634000.1747737,2,1
1553634024.4322534,4,1
1553634024.9401948,2,1
1553634046.588191,4,1
1553634046.8375819,2,1
1553634068.637584,4,1
1553634068.888511,2,1
1553634073.6429482,4,1
1553634074.664589,4,2
1553634074.9200225,4,1
1553634075.4785762,2,1
1553634096.1737142,4,1
1553634096.9937594,2,1
1553634101.4464078,4,1
1553634102.4678686,4,2
1553634102.5819106,2,1
1553634143.0234418,4,1
1553634143.5882726,2,1
1553634152.2357278,4,1
1553634152.7545846,2,1
1553634158.8422475,4,1
1553634159.6271722,2,1
1553634166.4053354,4,1
1553634167.4285667,4,2
1553634167.5151753,2,1
1553634172.1897185,4,1
1553634173.211098,4,2
1553634173.2967079,2,1
1553634178.0165725,4,1
1553634179.0383084,4,2
1553634179.2937007,4,1
1553634180.315262,4,2
1553634180.3951092,2,1
1553634184.7860088,4,1
1553634185.8080635,4,2
1553634185.861891,2,1
1553634186.1265569,2,1
1553634197.159939,4,1
1553634198.1812866,4,2
1553634198.4365983,4,1
1553634199.4577415,4,2
1553634199.7131314,4,1
1553634200.7344232,4,2
1553634200.9898202,4,1
1553634201.8411138,2,1
1553634209.4072866,4,1
1553634209.6659188,2,1
1553634214.6538265,4,1
1553634215.1877265,2,1
1553634219.933228,4,1
1553634220.51526,2,1
1553634224.979776,4,1
1553634225.2315254,2,1
1553634246.5876484,4,1
1553634247.0998197,2,1
1553634251.9027522,4,1
1553634252.925836,4,2
1553634253.0661502,2,1
1553634253.0794768,2,1
1553634291.506908,4,1
1553634292.5287633,4,2
1553634292.7841678,4,1
1553634293.8057342,4,2
1553634294.0611923,4,1
1553634294.5988882,2,1
1553634302.5295856,4,1
1553634303.2975595,2,1
1553634328.3218937,4,1
1553634328.9064012,2,1
1553634336.0977833,4,1
1553634337.11968,4,2
1553634337.1638641,2,1
1553634337.4572897,2,1
1553634346.6580577,4,1
1553634346.9381483,2,1
1553634351.4203873,4,1
1553634351.9750834,2,1
1553634357.116556,4,1
1553634357.3601882,2,1
1553634362.357823,4,1
1553634363.3795314,4,2
1553634363.6348495,4,1
1553634364.656078,4,2
1553634364.9114938,4,1
1553634365.9327135,4,2
1553634366.1880243,4,1
1553634366.5207057,2,1
1553634370.5237353,4,1
1553634371.0377731,2,1
1553634391.4537587,4,1
1553634392.2095776,2,1
1553634429.4845707,4,1
1553634430.50643,4,2
1553634430.761883,4,1
1553634431.5102265,2,1
1553634453.2613413,4,1
1553634454.0849302,2,1
1553634476.033933,4,1
1553634477.0558748,4,2
1553634477.1318114,2,1
1553634482.2748768,4,1
1553634483.2973068,4,2
1553634483.5528603,4,1
1553634484.5745475,4,2
1553634484.830002,4,1
1553634485.1108663,2,1
1553634491.1815822,4,1
1553634492.2044003,4,2
1553634492.4601362,4,1
1553634493.0108402,2,1
1553634497.9146795,4,1
1553634498.6813262,2,1
1553634508.152259,4,1
1553634508.6471534,2,1
1553634513.6827214,4,1
1553634514.2315602,2,1
1553634534.2944138,4,1
1553634535.3166049,4,2
1553634535.5721614,4,1
1553634536.2048185,2,1
1553634540.5059333,4,1
1553634541.5278752,4,2
1553634541.5691195,2,1
1553634541.8459203,2,1
1553634551.4100149,4,1
1553634552.4318502,4,2
1553634552.5216532,2,1
1553634574.1664612,4,1
1553634574.9831665,2,1
1553634628.808659,4,1
1553634629.8302739,4,2
1553634630.085652,4,1
1553634631.10696,4,2
1553634631.1512544,2,1
1553634631.4251564,2,1
1553634657.6289995,4,1
1553634658.6525135,4,2
1553634658.9081209,4,1
1553634659.9302702,4,2
1553634660.1858273,4,1
1553634661.208151,4,2
1553634661.4637146,4,1
1553634661.7523763,2,1
1553634684.1816797,4,1
1553634685.204222,4,2
1553634685.4597063,4,1
1553634686.4811668,4,2
1553634686.662483,2,1
1553634693.143852,4,1
1553634693.807021,2,1
1553634699.605069,4,1
1553634700.507795,2,1
1553634708.767441,4,1
1553634709.3110983,2,1
1553634714.8802865,4,1
1553634715.9019282,4,2
1553634716.1573198,4,1
1553634717.178889,4,2
1553634717.4342453,4,1
1553634718.4558837,4,2
1553634718.7112944,4,1
1553634719.2088993,2,1
1553634726.258574,4,1
1553634727.2801275,4,2
1553634727.344836,2,1
1553634733.8203504,4,1
1553634734.5841258,2,1
1553634757.4228513,4,1
1553634758.4442654,4,2
1553634758.6996024,4,1
1553634759.7208724,4,2
1553634759.8039594,2,1
1553634763.5004137,4,1
1553634764.52251,4,2
1553634764.7782567,4,1
1553634765.8009257,4,2
1553634766.0564568,4,1
1553634767.0785422,4,2
1553634767.333959,4,1
1553634768.355576,4,2
1553634768.6110854,4,1
1553634769.1575165,2,1
1553634773.2629251,4,1
1553634773.8503087,2,1
1553634798.1036894,4,1
1553634799.1253333,4,2
1553634799.2072284,2,1
1553634802.532149,4,1
1553634803.5538988,4,2
1553634803.809509,4,1
1553634804.8310533,4,2
1553634805.0864506,4,1
1553634805.4210389,2,1
1553634812.7903268,4,1
1553634813.8119023,4,2
1553634814.0672493,4,1
1553634815.0885825,4,2
1553634815.3439107,4,1
1553634815.7292914,2,1
1553634821.2623935,4,1
1553634822.283941,4,2
1553634822.3246381,2,1
1553634822.3251219,2,1
1553634822.6016562,2,1
1553634898.2932134,4,1
1553634899.3166301,4,2
1553634899.5722518,4,1
1553634899.8967552,2,1
1553634921.6922426,4,1
1553634922.2847793,2,1
1553634922.2873454,2,1
1553634922.2874277,2,1
1553634927.4051895,4,1
1553634927.922524,2,1
1553634937.0154448,4,1
1553634937.566864,2,1
1553634943.3026726,4,1
1553634944.3244736,4,2
1553634944.3998244,2,1
1553634949.2868147,4,1
1553634950.3081481,4,2
1553634950.5636353,4,1
1553634951.5847702,4,2
1553634951.8401124,4,1
1553634952.677785,2,1
1553634952.6781743,2,1
1553634964.6331353,4,1
1553634965.6546478,4,2
1553634965.9101913,4,1
1553634966.6581993,2,1
1553634973.5090842,4,1
1553634974.5306082,4,2
1553634974.7860246,4,1
1553634975.334968,2,1
1553634984.6701815,4,1
1553634985.6918585,4,2
1553634985.9472616,4,1
1553634986.9690046,4,2
1553634987.2243927,4,1
1553634987.484253,2,1
1553634993.544563,4,1
1553634994.5658085,4,2
1553634994.8212218,4,1
1553634995.8301709,2,1
1553635000.8429506,4,1
1553635001.8642337,4,2
1553635002.1197698,4,1
1553635003.1410158,4,2
1553635003.3965237,4,1
1553635003.658398,2,1
1553635003.6585267,2,1
1553635023.854789,4,1
1553635024.8766174,4,2
1553635025.0575671,2,1
1553635030.9994144,4,1
1553635031.7123697,2,1
1553635037.1014924,4,1
1553635038.123556,4,2
1553635038.3789742,4,1
1553635039.4005373,4,2
1553635039.6559544,4,1
1553635040.6775026,4,2
1553635040.9330602,4,1
1553635041.5721726,2,1
1553635083.2469282,4,1
1553635084.269516,4,2
1553635084.5252442,4,1
1553635085.2849553,2,1
1553635091.1021583,4,1
1553635091.3398001,2,1
1553635096.3961322,4,1
1553635097.4111109,2,1
1553635102.8428555,4,1
1553635103.8614182,2,1
1553635109.6118717,4,1
1553635110.6336,4,2
1553635110.8890743,4,1
1553635111.9106596,4,2
1553635112.1660597,4,1
1553635112.6772437,2,1
1553635135.488593,4,1
1553635135.9824772,2,1
1553635140.9731002,4,1
1553635141.9947314,4,2
1553635142.2501206,4,1
1553635142.7634706,2,1
1553635165.3374155,4,1
1553635165.5933983,2,1
1553635170.966821,4,1
1553635171.2532935,2,1
1553635194.6598954,4,1
1553635195.6830516,4,2
1553635195.9388237,4,1
1553635196.9608462,4,2
1553635197.2164936,4,1
1553635197.6993377,2,1
1553635201.5944517,4,1
1553635202.6161363,4,2
1553635202.871603,4,1
1553635203.893238,4,2
1553635204.1486902,4,1
1553635204.657615,2,1
1553635228.9580173,4,1
1553635229.5224075,2,1
1553635237.598623,4,1
1553635238.6212933,4,2
1553635238.6677096,2,1
1553635244.7731972,4,1
1553635245.055317,2,1
1553635245.0554655,2,1
1553635259.6252217,4,1
1553635260.6468294,4,2
1553635260.9023066,4,1
1553635261.924184,4,2
1553635262.0293496,2,1
1553635271.8642702,4,1
1553635272.8876507,4,2
1553635272.9233148,2,1
1553635273.2101564,2,1
1553635281.2954657,4,1
1553635282.3169158,4,2
1553635282.5725234,4,1
1553635283.532277,2,1
1553635289.0537515,4,1
1553635289.8289037,2,1
1553635301.8582704,4,1
1553635302.8799362,4,2
1553635303.1353786,4,1
1553635304.1566966,4,2
1553635304.3348897,2,1
1553635310.670224,4,1
1553635311.6918607,4,2
1553635311.9472015,4,1
1553635312.968516,4,2
1553635313.2240283,4,1
1553635313.3858213,2,1
1553635319.0741353,4,1
1553635320.0955844,4,2
1553635320.100927,2,1
1553635326.1573265,4,1
1553635326.4078672,2,1
1553635331.4283028,4,1
1553635332.450101,4,2
1553635332.7055342,4,1
1553635333.7272239,4,2
1553635333.9827168,4,1
1553635334.74674,2,1
1553635339.7197528,4,1
1553635340.7412162,4,2
1553635340.826242,2,1
1553635345.7332098,4,1
1553635346.0767162,2,1
1553635351.036234,4,1
1553635352.0575604,4,2
1553635352.312926,4,1
1553635353.334086,4,2
1553635353.5893958,4,1
1553635354.6105258,4,2
1553635354.6444879,2,1
1553635354.928015,2,1
1553635363.2439616,4,1
1553635363.5139968,2,1
1553635371.0031009,4,1
1553635372.024726,4,2
1553635372.280204,4,1
1553635373.0952823,2,1
1553635395.6242998,4,1
1553635396.6457446,4,2
1553635396.9010847,4,1
1553635397.1700425,2,1
1553635403.5174234,4,1
1553635404.539453,4,2
1553635404.7948496,4,1
1553635405.034643,2,1
1553635410.7613363,4,1
1553635411.7829657,4,2
1553635412.0384746,4,1
1553635413.0598717,4,2
1553635413.315455,4,1
1553635413.638591,2,1
1553635424.1335707,4,1
1553635424.4022927,2,1
1553635430.698634,4,1
1553635430.9749281,2,1
1553635430.975045,2,1
1553635430.9791043,2,1
1553635430.979186,2,1
1553635436.2920492,4,1
1553635437.314042,4,2
1553635437.5695417,4,1
1553635438.591033,4,2
1553635438.8465903,4,1
1553635439.868284,4,2
1553635440.1237926,4,1
1553635441.1457827,4,2
1553635441.4013648,4,1
1553635442.4232416,4,2
1553635442.5541878,2,1
1553635450.7275429,4,1
1553635450.9728322,2,1
1553635456.3591373,4,1
1553635457.2185094,2,1
1553635457.2186809,2,1
1553635463.9197283,4,1
1553635464.2471907,2,1
1553635470.6783926,4,1
1553635471.7002194,4,2
1553635471.955551,4,1
1553635472.1907003,2,1
1553635477.0475228,4,1
1553635478.0697036,4,2
1553635478.3252263,4,1
1553635479.3469536,4,2
1553635479.4233518,2,1
1553635488.1322215,4,1
1553635488.681624,2,1
1553635497.0744941,4,1
1553635497.4021711,2,1
1553635503.4804363,4,1
1553635503.728501,2,1
1553635510.395722,4,1
1553635511.41749,4,2
1553635511.4851415,2,1
1553635533.9494977,4,1
1553635534.9710379,4,2
1553635535.2264147,4,1
1553635536.2477996,4,2
1553635536.2872345,2,1
1553635536.5661151,2,1
1553635552.9568431,4,1
1553635553.2959938,2,1
1553635562.1817763,4,1
1553635563.2030723,4,2
1553635563.458539,4,1
1553635563.9942844,2,1
1553635572.6187387,4,1
1553635573.6400309,4,2
1553635573.8954623,4,1
1553635574.4471302,2,1
1553635606.0710306,4,1
1553635606.6128335,2,1
1553635606.6132731,2,1
1553635614.9335876,4,1
1553635615.1729949,2,1
1553635621.952281,4,1
1553635622.973782,4,2
1553635623.229343,4,1
1553635624.2507946,4,2
1553635624.3123472,2,1
1553635624.3124561,2,1
1553635632.7510371,4,1
1553635633.7728338,4,2
1553635634.028314,4,1
1553635635.0496747,4,2
1553635635.145745,2,1
1553635640.1653924,4,1
1553635641.1817405,2,1
1553635646.817286,4,1
1553635647.3669128,2,1
1553635652.7012632,4,1
1553635653.723006,4,2
1553635653.7838042,2,1
1553635653.784598,2,1
1553635663.7549167,4,1
1553635664.508924,2,1
1553635664.5090702,2,1
1553635670.824986,4,1
1553635671.3364964,2,1
1553635671.337419,2,1
1553635716.862531,4,1
1553635717.885348,4,2
1553635718.140808,4,1
1553635718.4368794,2,1
1553635718.437512,2,1
1553635724.4527345,4,1
1553635724.9947846,2,1
1553635724.9949226,2,1
1553635729.361068,4,1
1553635730.3825593,4,2
1553635730.637958,4,1
1553635731.6593869,4,2
1553635731.738501,2,1
1553635736.3739777,4,1
1553635736.8928466,2,1
1553635747.3033543,4,1
1553635747.640481,2,1
1553635747.6458633,2,1
1553635747.6510348,2,1
1553635754.2155676,4,1
1553635755.2368026,4,2
1553635755.4923484,4,1
1553635756.513363,4,2
1553635756.7687693,4,1
1553635757.789792,4,2
1553635758.045115,4,1
1553635759.0662837,4,2
1553635759.321665,4,1
1553635759.860998,2,1
1553635768.357433,4,1
1553635769.3788846,4,2
1553635769.634193,4,1
1553635770.4479606,2,1
1553635779.9057992,4,1
1553635780.930921,4,2
1553635781.1866035,4,1
1553635782.2085738,4,2
1553635782.4642324,4,1
1553635783.3122563,2,1
1553635803.0822413,4,1
1553635804.103889,4,2
1553635804.3593519,4,1
1553635805.3807783,4,2
1553635805.6362042,4,1
1553635805.9577823,2,1
1553635813.6856885,4,1
1553635814.7082493,4,2
1553635814.9638426,4,1
1553635815.2057617,2,1
1553636078.354899,4,1
1553636079.3708084,2,1
1553636096.782025,4,1
1553636097.032454,2,1
1553636097.032625,2,1
1553636132.1872647,3,2