
1561410859.8318408,4,1
1561410860.278601,2,1
1561410860.2787416,2,1
1561410865.0582774,4,1
1561410865.6707242,2,1
1561410865.6766725,2,1
1561410869.3517122,4,1
1561410869.4118664,2,1
1561410869.4120944,2,1
1561410872.9100807,4,1
1561410873.1627698,2,1
1561410877.7966044,4,1
1561410878.1196368,2,1
1561410913.2903311,4,1
1561410914.3120394,4,2
1561410914.5185654,2,1
1561410917.620572,4,1
1561410918.6419058,4,2
1561410918.897208,4,1
1561410919.5878356,2,1
1561410924.11911,4,1
1561410924.367231,2,1
1561410974.7578158,4,1
1561410975.0158157,2,1
1561411017.775573,4,1
1561411018.015224,2,1
1561411059.8013947,4,1
1561411060.3414118,2,1
1561411060.3415556,2,1
1561411064.540851,4,1
1561411065.562273,4,2
1561411065.8175595,4,1
1561411066.4033067,2,1
1561411143.3825142,4,1
1561411144.1909573,2,1
1561411210.6577039,4,1
1561411211.572735,2,1
1561411267.5814154,4,1
1561411268.6045754,4,2
1561411268.6861372,2,1
1561411271.451917,4,1
1561411272.4732335,4,2
1561411272.728894,4,1
1561411273.0130715,2,1
1561411360.8466325,4,1
1561411361.368972,2,1
1561411370.3324242,4,1
1561411371.354303,4,2
1561411371.6098804,4,1
1561411371.891689,2,1
1561411374.6888433,4,1
1561411375.4644752,2,1
1561411378.6459734,4,1
1561411379.1547384,2,1
1561411384.452045,4,1
1561411385.4736156,4,2
1561411385.7290406,4,1
1561411386.22628,2,1
1561411388.9752908,4,1
1561411389.9978158,4,2
1561411390.0656366,2,1
1561411439.1542864,4,1
1561411440.1768978,4,2
1561411440.181593,2,1
1561411443.3798144,4,1
1561411444.1251738,2,1
1561411603.282918,4,1
1561411604.3043997,4,2
1561411604.559846,4,1
1561411604.8323693,2,1
1561411653.6643233,4,1
1561411653.9034517,2,1
1561411674.2410564,4,1
1561411675.0159442,2,1
1561411695.493141,4,1
1561411696.3051121,2,1
1561411698.940229,4,1
1561411699.9620237,4,2
1561411700.21756,4,1
1561411701.2394898,4,2
1561411701.4949136,4,1
1561411701.8273401,2,1
1561411721.2720268,4,1
1561411722.064942,2,1
1561411725.2700853,4,1
1561411726.291882,4,2
1561411726.5472326,4,1
1561411727.1391683,2,1
1561411729.8040426,4,1
1561411730.8257203,4,2
1561411731.0811315,4,1
1561411732.1024265,4,2
1561411732.1081886,2,1
1561411732.1231422,2,1
1561411736.8149168,4,1
1561411737.8365037,4,2
1561411737.927032,2,1
1561411742.082942,4,1
1561411742.8322465,2,1
1561411824.535115,4,1
1561411824.854106,2,1
1561411840.0376124,4,1
1561411840.3196113,2,1
1561411845.912829,4,1
1561411846.1497333,2,1
1561411849.3657773,4,1
1561411850.3873606,4,2
1561411850.642792,4,1
1561411851.4526665,2,1
1561411853.9961076,4,1
1561411854.5106478,2,1
1561411860.3683724,4,1
1561411860.8573854,2,1
1561411869.0418975,4,1
1561411870.052529,2,1
1561411870.0538673,2,1
1561411875.1816788,4,1
1561411875.6942558,2,1
1561411879.384206,4,1
1561411879.9329665,2,1
1561411885.6140625,4,1
1561411886.6355894,4,2
1561411886.64182,2,1
1561411964.081439,4,1
1561411965.1031008,4,2
1561411965.1812758,2,1
1561411965.1958532,2,1
1561411984.9863782,4,1
1561411985.755567,2,1
1561411989.610783,4,1
1561411990.6199043,2,1
1561411993.581911,4,1
1561411993.8464632,2,1
1561412000.9804754,4,1
1561412001.200523,2,1
1561412006.7437294,4,1
1561412007.0050027,2,1
1561412065.0608497,4,1
1561412066.0821807,4,2
1561412066.1474576,2,1
1561412069.777725,4,1
1561412070.799222,4,2
1561412070.8059623,2,1
1561412132.8258119,4,1
1561412133.1799684,2,1
1561412139.8537736,4,1
1561412140.8423932,2,1
1561412141.0003328,2,1
1561412151.0229647,4,1
1561412151.54231,2,1
1561412157.0519402,4,1
1561412158.0732954,4,2
1561412158.328629,4,1
1561412158.8970542,2,1
1561412222.1490178,4,1
1561412222.693974,2,1
1561412227.6786058,4,1
1561412227.9937582,2,1
1561412228.1076312,2,1
1561412235.5586896,4,1
1561412236.3632534,2,1
1561412252.1356945,4,1
1561412252.388586,2,1
1561412258.618377,4,1
1561412259.6399074,4,2
1561412259.8953831,4,1
1561412260.9168258,4,2
1561412260.9220247,2,1
1561412279.4815397,4,1
1561412280.0444503,2,1
1561412280.0446303,2,1
1561412307.844948,4,1
1561412308.3276186,2,1
1561412311.8249853,4,1
1561412312.6024027,2,1
1561412322.461909,4,1
1561412322.751918,2,1
1561412341.461586,4,1
1561412342.482775,4,2
1561412342.7382934,4,1
1561412343.749363,2,1
1561412343.7494886,2,1
1561412361.209057,4,1
1561412362.0379121,2,1
1561412367.0546968,4,1
1561412367.3466074,2,1
1561412371.6471667,4,1
1561412371.9037645,2,1
1561412377.8632288,4,1
1561412378.10283,2,1
1561412382.0507526,4,1
1561412382.3888242,2,1
1561412382.3889608,2,1
1561412389.6150596,4,1
1561412390.3560824,2,1
1561412400.7835085,4,1
1561412401.049717,2,1
1561412401.049896,2,1
1561412407.365196,4,1
1561412408.1342878,2,1
1561412414.8543897,4,1
1561412415.1228943,2,1
1561412419.2918668,4,1
1561412419.5456421,2,1
1561412423.394901,4,1
1561412424.406252,2,1
1561412431.500828,4,1
1561412432.5235605,4,2
1561412432.779114,4,1
1561412433.0491982,2,1
1561412449.031037,4,1
1561412449.6158867,2,1
1561412452.9674988,4,1
1561412453.989038,4,2
1561412454.120087,2,1
1561412454.1322567,2,1
1561412457.9299593,4,1
1561412458.4415026,2,1
1561412458.441641,2,1
1561412465.5474877,4,1
1561412466.5691738,4,2
1561412466.8245218,4,1
1561412467.8458045,4,2
1561412468.1012309,4,1
1561412469.122787,4,2
1561412469.1431932,2,1
1561412472.4320962,4,1
1561412472.735672,2,1
1561412472.8422837,2,1
1561412481.2031624,4,1
1561412481.8039284,2,1
1561412489.4576104,4,1
1561412489.973737,2,1
1561412493.424758,4,1
1561412493.678115,2,1
1561412497.7529926,4,1
1561412498.2486444,2,1
1561412520.4445407,4,1
1561412521.4664173,4,2
1561412521.7217596,4,1
1561412522.2138054,2,1
1561412529.2497852,4,1
1561412530.271935,4,2
1561412530.5272937,4,1
1561412530.7890112,2,1
1561412548.7180092,4,1
1561412548.975814,2,1
1561412555.2121365,4,1
1561412555.4985816,2,1
1561412559.0924525,4,1
1561412559.8363328,2,1
1561412566.099515,4,1
1561412567.1212537,4,2
1561412567.3766575,4,1
1561412568.3982096,4,2
1561412568.653609,4,1
1561412569.6751006,4,2
1561412569.7957098,2,1
1561412569.808309,2,1
1561412569.8086245,2,1
1561412573.7055094,4,1
1561412574.7273724,4,2
1561412574.9829578,4,1
1561412575.6915505,2,1
1561412585.0059292,4,1
1561412585.273664,2,1
1561412588.5538712,4,1
1561412588.9319534,2,1
1561412604.0739818,4,1
1561412604.3503456,2,1
1561412604.4745839,2,1
1561412617.6584396,4,1
1561412617.9706812,2,1
1561412621.6559577,4,1
1561412622.1516442,2,1
1561412625.564693,4,1
1561412626.1623864,2,1
1561412632.7137272,4,1
1561412632.990698,2,1
1561412642.8935046,4,1
1561412643.5285912,2,1
1561412646.963061,4,1
1561412647.2156792,2,1
1561412652.334203,4,1
1561412652.8745027,2,1
1561412656.2741456,4,1
1561412657.2957098,4,2
1561412657.5511785,4,1
1561412658.3628147,2,1
1561412665.4479072,4,1
1561412665.9748435,2,1
1561412673.540627,4,1
1561412674.0145278,2,1
1561412678.044685,4,1
1561412678.3588207,2,1
1561412682.1997898,4,1
1561412682.4263544,2,1
1561412702.0815606,4,1
1561412702.3355508,2,1
1561412706.149117,4,1
1561412706.4398093,2,1
1561412712.5544958,4,1
1561412713.575975,4,2
1561412713.665839,2,1
1561412733.6516361,4,1
1561412734.408046,2,1
1561412734.4083943,2,1
1561412734.4085429,2,1
1561412759.4837837,4,1
1561412759.731574,2,1
1561412763.8590233,4,1
1561412764.708669,2,1
1561412771.2037907,4,1
1561412771.451587,2,1
1561412808.7202973,4,1
1561412809.0060737,2,1
1561412811.8793454,4,1
1561412812.2163887,2,1
1561412812.2217984,2,1
1561412842.0104268,4,1
1561412842.266816,2,1
1561412861.480449,4,1
1561412861.7648818,2,1
1561412876.7962074,4,1
1561412877.051441,2,1
1561412886.1258378,4,1
1561412886.6765153,2,1
1561412890.9166305,4,1
1561412891.6762514,2,1
1561412895.3635361,4,1
1561412895.708831,2,1
1561412901.6605463,4,1
1561412901.8989644,2,1
1561412905.1206942,4,1
1561412905.3823047,2,1
1561412913.2222779,4,1
1561412913.5056353,2,1
1561412955.0109982,4,1
1561412955.5133722,2,1
1561412960.015004,4,1
1561412960.279377,2,1
1561412982.7116292,4,1
1561412982.9518652,2,1
1561412989.432419,4,1
1561412990.019699,2,1
1561412993.6797395,4,1
1561412993.9225602,2,1
1561413005.3244658,4,1
1561413006.3464055,4,2
1561413006.601838,4,1
1561413007.6234086,4,2
1561413007.87879,4,1
1561413008.900214,4,2
1561413008.958343,2,1
1561413029.6606169,4,1
1561413029.9251018,2,1
1561413043.2382095,4,1
1561413044.2597952,4,2
1561413044.5151837,4,1
1561413045.3165953,2,1
1561413048.331003,4,1