
1553798181.133042,4,1
1553798181.4336283,2,1
1553798245.20937,4,1
1553798245.4922204,2,1
1553798269.0861616,4,1
1553798269.316096,2,1
1553798271.422222,4,1
1553798271.6845572,2,1
1553798310.2031374,4,1
1553798310.436264,2,1
1553798347.503532,4,1
1553798347.7828746,2,1
1553798349.0668843,4,1
1553798349.328342,2,1
1553798358.3083484,4,1
1553798358.5470033,2,1
1553798365.5211868,4,1
1553798365.773369,2,1
1553798369.6403568,4,1
1553798369.8795998,2,1
1553798378.594113,4,1
1553798379.092689,2,1
1553798400.9557703,4,1
1553798401.2261221,2,1
1553798437.7021708,4,1
1553798438.1893077,2,1
1553798439.9201708,4,1
1553798440.423338,2,1
1553798467.0008667,4,1
1553798467.2640252,2,1
1553798471.37336,4,1
1553798471.6301253,2,1
1553798493.7146022,4,1
1553798493.9428968,2,1
1553798500.723875,4,1
1553798500.9959743,2,1
1553798506.2106411,4,1
1553798506.6953063,2,1
1553798508.496827,4,1
1553798509.0068011,4,2
1553798509.0678504,2,1
1553798534.4303153,4,1
1553798534.674538,2,1
1553798540.9833393,4,1
1553798541.2296991,2,1
1553798542.98542,4,1
1553798543.2598557,2,1
1553798545.0833824,4,1
1553798545.3372736,2,1
1553798553.9724615,4,1
1553798554.479057,2,1
1553798558.4089813,4,1
1553798558.918961,4,2
1553798558.9301353,2,1
1553798564.19022,4,1
1553798564.4831069,2,1
1553798568.633146,4,1
1553798569.130548,2,1
1553798579.130513,4,1
1553798579.3955781,2,1
1553798742.776066,4,1
1553798743.2814283,2,1
1553798748.9143412,4,1
1553798749.1801777,2,1
1553798754.314319,4,1
1553798754.8243847,4,2
1553798755.079485,4,1
1553798755.589333,4,2
1553798755.8442097,4,1
1553798756.3494313,2,1
1553798763.021977,4,1
1553798763.2361944,2,1
1553798774.0831392,4,1
1553798774.3293407,2,1
1553798775.9157917,4,1
1553798776.1836045,2,1
1553798803.381329,4,1
1553798803.8914437,4,2
1553798803.8945446,2,1
1553798830.6114917,4,1
1553798831.111794,2,1
1553798905.8650353,4,1
1553798906.3758795,4,2
1553798906.4717188,2,1
1553798925.4218361,4,1
1553798925.9320118,4,2
1553798925.9353797,2,1
1553798927.7283518,4,1
1553798927.970883,2,1
1553798929.3863778,4,1
1553798929.6391432,2,1
1553798984.7471538,4,1
1553798985.0288894,2,1
1553799046.799048,4,1
1553799047.309094,4,2
1553799047.5639658,4,1
1553799048.0736048,4,2
1553799048.0966213,2,1
1553799049.4067864,4,1
1553799049.9165266,4,2
1553799049.9343176,2,1
1553799060.863925,4,1
1553799061.0139163,2,1
1553799062.4799993,4,1
1553799062.7178247,2,1
1553799127.8361673,4,1
1553799128.0724137,2,1
1553799129.7360818,4,1
1553799130.2460482,4,2
1553799130.5008683,4,1
1553799130.7490888,2,1
1553799131.3830357,4,1
1553799131.6303694,2,1
1553799134.088027,4,1
1553799134.598108,4,2
1553799134.8529081,4,1
1553799135.362486,4,2
1553799135.617321,4,1
1553799136.1275015,4,2
1553799136.18153,2,1
1553799137.059756,4,1
1553799137.5705476,4,2
1553799137.5849211,2,1
1553799190.8928936,4,1
1553799191.1319034,2,1
1553799196.765658,4,1
1553799197.0388305,2,1
1553799200.6169055,4,1
1553799200.8626106,2,1
1553799207.960378,4,1
1553799208.2112844,2,1
1553799246.0936027,4,1
1553799246.603704,4,2
1553799246.6795251,2,1
1553799248.1155038,4,1
1553799248.625404,4,2
1553799248.8801818,4,1
1553799249.3714817,2,1
1553799257.629577,4,1
1553799257.9095623,2,1
1553799262.024308,4,1
1553799262.2524214,2,1
1553799270.9129424,4,1
1553799271.1539004,2,1
1553799273.0647326,4,1
1553799273.5750182,4,2
1553799273.6545234,2,1
1553799278.50731,4,1
1553799279.0172145,4,2
1553799279.2721329,4,1
1553799279.534588,2,1
1553799298.507094,4,1
1553799299.0139499,2,1
1553799303.0449624,4,1
1553799303.2806592,2,1
1553799308.702423,4,1
1553799308.9458878,2,1
1553799331.5572748,4,1
1553799331.8374689,2,1
1553799336.605366,4,1
1553799337.0874033,2,1
1553799341.439793,4,1
1553799341.9498389,4,2
1553799342.2048302,4,1
1553799342.4617414,2,1
1553799415.5421126,4,1
1553799416.0519133,4,2
1553799416.1157894,2,1
1553799420.2894385,4,1
1553799420.5314963,2,1
1553799423.871382,4,1
1553799424.3811972,4,2
1553799424.4320636,2,1
1553799451.562045,4,1
1553799451.8097315,2,1
1553799472.5300324,4,1
1553799473.039826,4,2
1553799473.1696963,2,1
1553799543.1813173,4,1
1553799543.691169,4,2
1553799543.9460394,4,1
1553799544.455858,4,2
1553799544.7108226,4,1
1553799544.9290085,2,1
1553799562.2170973,4,1
1553799562.4760196,2,1
1553799564.4251409,4,1
1553799564.9348493,4,2
1553799564.939029,2,1
1553799606.9774127,4,1
1553799607.2038856,2,1
1553799611.2652264,4,1
1553799611.5058875,2,1
1553799617.3487003,4,1
1553799617.6100202,2,1
1553799636.8710928,4,1
1553799637.381017,4,2
1553799637.3943572,2,1
1553799641.5076852,4,1
1553799642.0176594,4,2
1553799642.2730691,4,1
1553799642.5517185,2,1
1553799694.1837013,4,1
1553799694.405603,2,1
1553799695.825417,4,1
1553799696.0763896,2,1
1553799703.030125,4,1
1553799703.2814426,2,1
1553799722.4637475,4,1
1553799722.71172,2,1
1553799726.4730399,4,1
1553799726.739466,2,1
1553799728.183427,4,1
1553799728.4161465,2,1
1553799731.2447453,4,1
1553799731.7544856,4,2
1553799732.0093598,4,1
1553799732.5191147,4,2
1553799732.5975606,2,1
1553799778.8136528,4,1
1553799779.0754561,2,1
1553799780.4498062,4,1
1553799780.9521153,2,1
1553799787.6915476,4,1
1553799787.9349802,2,1
1553799789.293634,4,1
1553799789.803396,4,2
1553799790.0583513,4,1
1553799790.5679228,4,2
1553799790.822808,4,1
1553799791.3322918,4,2
1553799791.5870972,4,1
1553799792.0966237,4,2
1553799792.1852922,2,1
1553799848.6465476,4,1
1553799848.8966503,2,1
1553799867.1663008,4,1
1553799867.4260101,2,1
1553799905.8719997,4,1
1553799906.1306434,2,1
1553799909.684912,4,1
1553799909.9376957,2,1
1553799936.2848976,4,1
1553799936.5369887,2,1
1553799974.4194398,4,1
1553799974.9293203,4,2
1553799975.184176,4,1
1553799975.6938689,4,2
1553799975.795043,2,1
1553800035.615852,4,1
1553800036.1257038,4,2
1553800036.2183177,2,1
1553800043.6022408,4,1
1553800044.0902162,2,1
1553800098.4088054,4,1
1553800098.668421,2,1
1553800107.1454017,4,1
1553800107.3842099,2,1
1553800135.831945,4,1
1553800136.081415,2,1
1553800157.195551,4,1
1553800157.705294,4,2
1553800157.9601984,4,1
1553800158.2685332,2,1
1553800229.4220781,4,1
1553800229.9330862,4,2
1553800229.9352846,2,1
1553800251.8582876,4,1
1553800252.36818,4,2
1553800252.6231642,4,1
1553800252.8601325,2,1
1553800391.2873642,4,1
1553800391.7971823,4,2
1553800391.9049668,2,1
1553800393.6972165,4,1
1553800394.2027874,2,1
1553800414.7836258,4,1
1553800415.0296257,2,1
1553800420.7145836,4,1
1553800421.2245667,4,2
1553800421.479716,4,1
1553800421.985294,2,1
1553800426.3360176,4,1
1553800426.5811286,2,1
1553800430.9187129,4,1
1553800431.1582863,2,1
1553800437.7018287,4,1
1553800437.9420755,2,1
1553800475.1355958,4,1
1553800475.645487,4,2
1553800475.900324,4,1
1553800476.1655447,2,1
1553800494.5830142,4,1
1553800495.0953135,4,2
1553800495.3501625,4,1
1553800495.8477678,2,1
1553800498.630805,4,1
1553800498.8839622,2,1
1553800525.4497569,4,1
1553800525.7031052,2,1
1553800576.9273098,4,1
1553800577.4371338,4,2
1553800577.5064726,2,1
1553800578.5594409,4,1
1553800579.0692809,4,2
1553800579.0725636,2,1
1553800592.2929146,4,1
1553800592.8030634,4,2
1553800592.9724965,2,1
1553800596.9091442,4,1
1553800597.418811,4,2
1553800597.6735716,4,1
1553800598.1830418,4,2
1553800598.335834,2,1
1553800619.0753329,4,1
1553800619.241902,2,1
1553800637.7593029,4,1
1553800638.0157292,2,1
1553800642.7082162,4,1
1553800642.954484,2,1
1553800647.0814576,4,1
1553800647.378992,2,1
1553800649.639339,4,1
1553800650.149033,4,2
1553800650.4037788,4,1
1553800650.6492474,2,1
1553800662.9030077,4,1
1553800663.4134681,4,2
1553800663.4978693,2,1
1553800668.2637568,4,1
1553800668.7732894,4,2
1553800669.0280626,4,1
1553800669.5377681,4,2
1553800669.648273,2,1
1553800680.9604979,4,1
1553800681.4558375,2,1
1553800733.4828217,4,1
1553800733.705842,2,1
1553800735.4717681,4,1
1553800735.804785,2,1
1553800743.2826037,4,1
1553800743.7925668,4,2
1553800744.0475018,4,1
1553800744.2810223,2,1
1553800761.6661808,4,1
1553800761.9440932,2,1
1553800767.232246,4,1
1553800767.7038612,2,1
1553800785.866361,4,1
1553800786.1101906,2,1
1553800790.3997052,4,1
1553800790.9095974,4,2
1553800791.0354714,2,1
1553800797.270528,4,1
1553800797.485358,2,1
1553800824.8522987,4,1
1553800825.3623648,4,2
1553800825.6172152,4,1
1553800826.1269305,4,2
1553800826.381858,4,1
1553800826.8917975,4,2
1553800827.0052152,2,1
1553800894.308323,4,1
1553800894.563708,2,1
1553801149.791667,4,1
1553801150.04655,2,1
1553801153.7590177,4,1
1553801154.01077,2,1
1553801705.0182233,4,1
1553801705.2652743,2,1
1553801706.7008262,4,1
1553801706.9484224,2,1
1553801723.3863494,4,1
1553801723.8962672,4,2
1553801723.9108648,2,1
1553801725.8560593,4,1
1553801726.1114244,2,1
1553801751.6945252,4,1
1553801752.2043402,4,2
1553801752.2091064,2,1
1553801914.4156744,4,1
1553801914.666974,2,1
1553801933.978735,4,1
1553801934.289029,2,1
1553801937.5776868,4,1
1553801937.815764,2,1
1553801946.4354708,4,1
1553801946.6562304,2,1
1553801964.4850466,4,1
1553801964.7535205,2,1
1553801971.4755962,4,1
1553801971.9852293,4,2
1553801972.2399993,4,1
1553801972.4831846,2,1
1553802160.4095123,3,2