
1554499834.4920678,4,1
1554499834.9031918,2,1
1554499843.1449866,4,1
1554499843.367465,2,1
1554499904.4361923,4,1
1554499904.94731,4,2
1554499905.070692,2,1
1554499909.9833584,4,1
1554499910.1962683,2,1
1554500020.3138227,4,1
1554500020.8252213,4,2
1554500020.8346853,2,1
1554500180.917655,4,1
1554500181.4289584,4,2
1554500181.5017445,2,1
1554500205.9819458,4,1
1554500206.4933312,4,2
1554500206.7489274,4,1
1554500207.260097,4,2
1554500207.515609,4,1
1554500208.0142214,2,1
1554500209.8368688,4,1
1554500210.3446448,4,2
1554500210.5999022,4,1
1554500211.1106896,4,2
1554500211.1645303,2,1
1554500681.9899426,4,1
1554500682.5024073,4,2
1554500682.7583828,4,1
1554500683.2700636,4,2
1554500683.5259635,4,1
1554500684.0375397,4,2
1554500684.2932818,4,1
1554500684.8050613,4,2
1554500685.0609717,4,1
1554500685.572423,4,2
1554500685.8280327,4,1
1554500686.1794698,2,1
1554500750.604139,4,1
1554500751.115379,4,2
1554500751.3710296,4,1
1554500751.8817387,4,2
1554500752.1372116,4,1
1554500752.6479635,4,2
1554500752.684119,2,1
1554500752.9834864,2,1
1554500761.3775072,4,1
1554500761.8897915,4,2
1554500762.1456811,4,1
1554500762.657426,4,2
1554500762.9129174,4,1
1554500763.4243426,4,2
1554500763.6799464,4,1
1554500764.0596638,2,1
1554500768.8726678,4,1
1554500769.3838472,4,2
1554500769.6395042,4,1
1554500770.1504872,4,2
1554500770.4059613,4,1
1554500770.9168906,4,2
1554500771.1723635,4,1
1554500771.6505885,2,1
1554500824.806404,4,1
1554500825.3180172,4,2
1554500825.5733943,4,1
1554500826.084238,4,2
1554500826.3399324,4,1
1554500826.8508718,4,2
1554500827.1062796,4,1
1554500827.6174483,4,2
1554500827.8732965,4,1
1554500828.384387,4,2
1554500828.6397672,4,1
1554500829.1506422,4,2
1554500829.4067929,4,1
1554500829.9185054,4,2
1554500830.1738732,4,1
1554500830.516158,2,1
1554500833.210665,4,1
1554500833.721679,4,2
1554500833.9771323,4,1
1554500834.4878001,4,2
1554500834.6451428,2,1
1554500866.5849981,4,1
1554500867.0964224,4,2
1554500867.3522315,4,1
1554500867.8633664,4,2
1554500868.1187406,4,1
1554500868.6301134,4,2
1554500868.885822,4,1
1554500869.35618,2,1
1554500869.356768,2,1
1554500920.9946642,4,1
1554500921.5061893,4,2
1554500921.7615063,4,1
1554500922.2723682,4,2
1554500922.3267221,2,1
1554500927.4304774,4,1
1554500927.6733012,2,1
1554500940.958236,4,1
1554500941.4702852,4,2
1554500941.725892,4,1
1554500942.237167,4,2
1554500942.2959864,2,1
1554501121.7423346,4,1
1554501122.2535796,4,2
1554501122.5090368,4,1
1554501123.019722,4,2
1554501123.275186,4,1
1554501123.7860966,4,2
1554501123.8432276,2,1
1554501438.227817,4,1
1554501438.4797332,2,1
1554501471.0046616,4,1
1554501471.5160556,4,2
1554501471.7715998,4,1
1554501472.2824724,4,2
1554501472.3223581,2,1
1554501475.8089585,4,1
1554501476.3200753,4,2
1554501476.384846,2,1
1554501488.7393746,4,1
1554501489.250695,4,2
1554501489.3002808,2,1
1554501500.5815408,4,1
1554501500.8461552,2,1
1554501506.4286323,4,1
1554501506.9397006,4,2
1554501507.195295,4,1
1554501507.5306342,2,1
1554501513.6347106,4,1
1554501514.1458886,4,2
1554501514.4016843,4,1
1554501514.7837865,2,1
1554501519.135074,4,1
1554501519.6463802,4,2
1554501519.9019263,4,1
1554501520.412749,4,2
1554501520.6682034,4,1
1554501521.179073,4,2
1554501521.4346733,4,1
1554501521.9456153,4,2
1554501522.200981,4,1
1554501522.71197,4,2
1554501522.9677067,4,1
1554501523.2124588,2,1
1554501523.2133842,2,1
1554501523.2134604,2,1
1554501584.297895,4,1
1554501584.8091576,4,2
1554501585.0647354,4,1
1554501585.3663604,2,1
1554501611.2663565,4,1
1554501611.7776968,4,2
1554501612.0333133,4,1
1554501612.5445943,4,2
1554501612.8001187,4,1
1554501613.310979,4,2
1554501613.3868892,2,1
1554501646.4961083,4,1
1554501647.007069,4,2
1554501647.2627447,4,1
1554501647.7735326,4,2
1554501648.02904,4,1
1554501648.5398078,4,2
1554501648.706829,2,1
1554501677.3184905,4,1
1554501677.829813,4,2
1554501678.0854745,4,1
1554501678.5973723,4,2
1554501678.8531005,4,1
1554501679.3643498,4,2
1554501679.6196587,4,1
1554501680.1304944,4,2
1554501680.3861327,4,1
1554501680.8828232,2,1
1554501687.5939837,4,1
1554501688.1053352,4,2
1554501688.3608997,4,1
1554501688.8719893,4,2
1554501688.9336178,2,1
1554501688.9343076,2,1
1554501688.934383,2,1
1554501716.939297,4,1
1554501717.4506567,4,2
1554501717.7065697,4,1
1554501718.00329,2,1
1554501718.0034313,2,1
1554501718.0041957,2,1
1554501718.004272,2,1
1554501720.9698107,4,1
1554501721.481324,4,2
1554501721.7371588,4,1
1554501722.2483714,4,2
1554501722.5037317,4,1
1554501723.014673,4,2
1554501723.270156,4,1
1554501723.7810853,4,2
1554501724.036549,4,1
1554501724.5472844,4,2
1554501724.8028228,4,1
1554501725.313729,4,2
1554501725.5693042,4,1
1554501725.812511,2,1
1554501730.185683,4,1
1554501730.697324,4,2
1554501730.9530458,4,1
1554501731.464341,4,2
1554501731.7200513,4,1
1554501732.2313921,4,2
1554501732.2728274,2,1
1554501732.273029,2,1
1554501784.4771633,4,1
1554501784.9885304,4,2
1554501785.0094705,2,1
1554501785.009585,2,1
1554501785.0404768,2,1
1554501792.357216,4,1
1554501792.8713765,4,2
1554501793.1278265,4,1
1554501793.6393847,4,2
1554501793.6397777,2,1
1554501855.8901763,4,1
1554501856.4013171,4,2
1554501856.656845,4,1
1554501857.1676688,4,2
1554501857.4231715,4,1
1554501857.9341853,4,2
1554501858.1898866,4,1
1554501858.7009075,4,2
1554501858.7447665,2,1
1554501858.7448702,2,1
1554501864.6565325,4,1
1554501865.1677704,4,2
1554501865.4232223,4,1
1554501865.9343207,4,2
1554501866.189833,4,1
1554501866.7007513,4,2
1554501866.956196,4,1
1554501867.4671066,4,2
1554501867.72259,4,1
1554501868.2337222,4,2
1554501868.4892778,4,1
1554501869.000227,4,2
1554501869.2555609,4,1
1554501869.5083761,2,1
1554501875.4354143,4,1
1554501875.9468005,4,2
1554501876.2025974,4,1
1554501876.7137074,4,2
1554501876.969502,4,1
1554501877.2730875,2,1
1554502123.8901076,4,1
1554502124.401177,4,2
1554502124.4642231,2,1
1554502124.4834847,2,1
1554502150.2562475,4,1
1554502150.5869062,2,1
1554502298.1516457,4,1
1554502298.6645339,4,2
1554502298.9203436,4,1
1554502299.432412,4,2
1554502299.6880639,4,1
1554502300.1991582,4,2
1554502300.4545698,4,1
1554502300.9654245,4,2
1554502301.0332508,2,1
1554502303.012062,4,1
1554502303.5243578,4,2
1554502303.7798612,4,1
1554502304.277312,2,1
1554502304.2808423,2,1
1554502312.4321554,4,1
1554502312.9451823,4,2
1554502313.200751,4,1
1554502313.712533,4,2
1554502313.9683042,4,1
1554502314.4792075,4,2
1554502314.7112837,2,1
1554502484.1189544,4,1
1554502484.6299646,4,2
1554502484.885339,4,1
1554502485.3959682,4,2
1554502485.6513839,4,1
1554502486.162209,4,2
1554502486.4175906,4,1
1554502486.9285302,4,2
1554502487.1843505,4,1
1554502487.695805,4,2
1554502487.9515088,4,1
1554502488.4623134,4,2
1554502488.7180607,4,1
1554502489.229257,4,2
1554502489.4846716,4,1
1554502489.9956214,4,2
1554502490.2513995,4,1
1554502490.7633157,4,2
1554502491.019145,4,1
1554502491.127349,2,1
1554502492.7950962,4,1
1554502493.3062437,4,2
1554502493.4699857,2,1
1554502493.4710612,2,1
1554502513.8851779,4,1
1554502514.3961132,4,2
1554502514.5385423,2,1
1554502514.538651,2,1
1554502545.1662714,4,1
1554502545.6776166,4,2
1554502545.9329906,4,1
1554502546.4439309,4,2
1554502546.6994689,4,1
1554502547.1572373,2,1
1554502547.1602216,2,1
1554502594.9841182,4,1
1554502595.3607857,2,1
1554502595.3679218,2,1
1554502595.3680005,2,1
1554502624.2595718,4,1
1554502624.770872,4,2
1554502625.0264196,4,1
1554502625.5371923,4,2
1554502625.7928925,4,1
1554502626.304083,4,2
1554502626.5596373,4,1
1554502627.0710914,4,2
1554502627.3269434,4,1
1554502627.7048647,2,1
1554502627.7050107,2,1
1554502627.705653,2,1
1554502627.705726,2,1
1554502659.316374,4,1
1554502659.827779,4,2
1554502659.9405136,2,1
1554502659.9417918,2,1
1554502659.941868,2,1
1554502886.0759118,4,1
1554502886.5867383,4,2
1554502886.7397826,2,1
1554502886.7399218,2,1
1554502951.6989005,4,1
1554502952.169207,2,1
1554502952.1703858,2,1
1554502952.170507,2,1
1554502958.8080406,4,1
1554502959.3196955,4,2
1554502959.5751848,4,1
1554502960.0862541,4,2
1554502960.1173081,2,1
1554502960.1184254,2,1
1554502960.1184993,2,1
1554502960.342494,2,1
1554502960.404803,2,1
1554502999.7353196,4,1
1554503000.2462,4,2
1554503000.501756,4,1
1554503001.0126765,4,2
1554503001.2680554,4,1
1554503001.7786994,4,2
1554503002.0342312,4,1
1554503002.5449793,4,2
1554503002.5694962,2,1
1554503002.569669,2,1
1554503002.801241,2,1
1554503002.8669648,2,1
1554503146.6788926,4,1
1554503147.1902165,4,2
1554503147.445638,4,1
1554503147.9568121,4,2
1554503148.2126198,4,1
1554503148.7236176,4,2
1554503148.9789453,4,1
1554503149.4897752,4,2
1554503149.7453465,4,1
1554503150.25642,4,2
1554503150.5119684,4,1
1554503151.0235918,4,2
1554503151.2795424,4,1
1554503151.7905614,4,2
1554503152.0459576,4,1
1554503152.557135,4,2
1554503152.5949304,2,1
1554503152.5950508,2,1
1554503152.8134441,2,1
1554503152.8616872,2,1
1554503154.28671,4,1
1554503154.7977517,4,2
1554503155.0530145,4,1
1554503155.3392825,2,1
1554503173.0818372,4,1
1554503173.5822442,2,1
1554503173.584708,2,1
1554503559.8903303,4,1
1554503560.1361308,2,1
1554503560.1405284,2,1
1554503560.140602,2,1
1554503560.1504378,2,1
1554503574.3726013,4,1
1554503574.8840265,4,2
1554503575.1398013,4,1
1554503575.6511302,4,2
1554503575.7640917,2,1
1554503585.9049187,4,1
1554503586.4170706,4,2
1554503586.6729958,4,1
1554503587.1842885,4,2
1554503587.4398363,4,1
1554503587.950882,4,2
1554503588.206219,4,1
1554503588.717042,4,2
1554503588.9725554,4,1
1554503589.48342,4,2
1554503589.738945,4,1
1554503590.249809,4,2
1554503590.2585483,2,1
1554503590.2586474,2,1
1554503590.2587154,2,1
1554503590.2603424,2,1
1554503590.3011944,2,1
1554503590.505844,2,1
1554503598.1507263,4,1
1554503598.6623905,4,2
1554503598.9182327,4,1
1554503599.4293892,4,2
1554503599.6852112,4,1
1554503600.1964436,4,2
1554503600.2580748,2,1
1554503600.260175,2,1
1554503600.260249,2,1
1554503600.452424,2,1
1554504627.8174925,4,1
1554504628.3286843,4,2
1554504628.5842252,4,1
1554504629.0951843,4,2
1554504629.0976517,2,1
1554504629.3510964,2,1
1554504710.8983335,4,1
1554504711.4097471,4,2
1554504711.6652663,4,1
1554504712.176286,4,2
1554504712.2279162,2,1
1554504712.2297316,2,1
1554504712.2298086,2,1
1554504712.2584689,2,1
1554504712.432229,2,1
1554504717.6740365,4,1
1554504718.185239,4,2
1554504718.2264686,2,1
1554504718.2367854,2,1
1554504718.4460585,2,1
1554504771.6377335,4,1
1554504772.1488879,4,2
1554504772.4044795,4,1
1554504772.6498992,2,1
1554504772.6602447,2,1
1554504775.7568126,4,1
1554504776.1968224,2,1
1554504776.2120688,2,1
1554504778.7590015,4,1
1554504779.035397,2,1
1554504779.0462663,2,1
1554504779.1082752,2,1
1554504841.499502,4,1
1554504841.5205076,2,1
1554504841.531919,2,1
1554504841.5320005,2,1
1554504876.857112,4,1
1554504876.8882003,2,1
1554504876.9034073,2,1
1554504901.923073,4,1
1554504902.1742554,2,1
1554504902.1743948,2,1
1554505348.8990438,4,1
1554505348.9097104,2,1
1554505348.9249215,2,1
1554506281.8011703,2,1
1554506281.8013918,2,1
1554507001.8148649,2,1
1554507361.8210878,2,1
1554507481.8198195,2,1
1554508060.8198211,3,2