
1557168154.6981487,4,1
1557168155.720371,4,2
1557168155.9758136,4,1
1557168156.9980958,4,2
1557168157.2534995,4,1
1557168158.2750099,4,2
1557168158.5303962,4,1
1557168159.5519025,4,2
1557168159.8073459,4,1
1557168160.8288555,4,2
1557168161.0843973,4,1
1557168162.1056864,4,2
1557168162.361051,4,1
1557168163.3825595,4,2
1557168163.637974,4,1
1557168164.6595166,4,2
1557168164.9150934,4,1
1557168165.8441775,2,1
1557168199.9378216,4,1
1557168200.9596455,4,2
1557168201.215063,4,1
1557168201.7264473,2,1
1557168201.7265856,2,1
1557168206.9750297,4,1
1557168207.9968963,4,2
1557168208.252378,4,1
1557168209.2739325,4,2
1557168209.5293205,4,1
1557168209.7357872,2,1
1557168209.7359302,2,1
1557168209.7360764,2,1
1557168209.736197,2,1
1557168209.7364004,2,1
1557168212.8655257,4,1
1557168213.80323,2,1
1557168213.803907,2,1
1557168215.7668056,4,1
1557168216.570072,2,1
1557168216.570201,2,1
1557168218.7664797,4,1
1557168219.7046952,2,1
1557168219.7049284,2,1
1557168221.9903526,4,1
1557168222.807602,2,1
1557168222.8077528,2,1
1557168285.7552674,4,1
1557168286.7769125,4,2
1557168287.0325494,4,1
1557168288.0543504,4,2
1557168288.309801,4,1
1557168289.331971,4,2
1557168289.587499,4,1
1557168290.6097493,4,2
1557168290.8652794,4,1
1557168291.8869727,4,2
1557168292.1424468,4,1
1557168293.0217102,2,1
1557168293.0218441,2,1
1557168293.021964,2,1
1557168295.0183158,4,1
1557168296.040649,4,2
1557168296.296124,4,1
1557168296.8299055,2,1
1557168296.830103,2,1
1557168296.8302057,2,1
1557168296.8304448,2,1
1557168298.8976908,4,1
1557168299.9195893,4,2
1557168300.175126,4,1
1557168300.6852913,2,1
1557168300.685422,2,1
1557168329.247681,4,1
1557168330.2700307,4,2
1557168330.5257146,4,1
1557168331.5475543,4,2
1557168331.8031378,4,1
1557168332.8248863,4,2
1557168333.0803666,4,1
1557168334.102401,4,2
1557168334.3581297,4,1
1557168335.3805287,4,2
1557168335.6360066,4,1
1557168336.6577036,4,2
1557168336.9130862,4,1
1557168337.1844904,2,1
1557168337.184592,2,1
1557168391.2766888,4,1
1557168392.2984092,4,2
1557168392.553815,4,1
1557168393.5753226,4,2
1557168393.8307357,4,1
1557168394.8520665,4,2
1557168395.1076932,4,1
1557168396.1291482,4,2
1557168396.3847308,4,1
1557168397.406304,4,2
1557168397.5932763,2,1
1557168397.5933864,2,1
1557168397.608018,2,1
1557168397.6082768,2,1
1557168397.6086621,2,1
1557168399.5928605,4,1
1557168400.6143982,4,2
1557168400.8697236,4,1
1557168401.1772475,2,1
1557168401.1773841,2,1
1557168401.1774514,2,1
1557168401.1775324,2,1
1557168401.1775959,2,1
1557168401.1776595,2,1
1557168401.1777208,2,1
1557168401.1777835,2,1
1557168407.4742486,4,1
1557168408.4974198,4,2
1557168408.753057,4,1
1557168409.4732857,2,1
1557168409.473479,2,1
1557168409.4736009,2,1
1557168506.538449,4,1
1557168507.560655,4,2
1557168507.8163998,4,1
1557168508.8381097,4,2
1557168509.0936632,4,1
1557168510.1155894,4,2
1557168510.370977,4,1
1557168511.320817,2,1
1557168511.32095,2,1
1557168511.321052,2,1
1557168512.3805237,4,1
1557168513.2522979,2,1
1557168513.2524302,2,1
1557168514.7491655,4,1
1557168515.7702622,2,1
1557168515.7704914,2,1
1557168547.5092237,4,1
1557168548.531417,4,2
1557168548.7869601,4,1
1557168549.8082626,4,2
1557168549.9710848,2,1
1557168549.9712095,2,1
1557168549.97188,2,1
1557168549.985253,2,1
1557168549.9856298,2,1
1557168549.9863257,2,1
1557168574.520853,4,1
1557168575.543922,4,2
1557168575.7996786,4,1
1557168576.7553363,2,1
1557168577.8452406,4,1
1557168578.6867068,2,1
1557168578.6868427,2,1
1557168593.165373,4,1
1557168594.186987,4,2
1557168594.4422843,4,1
1557168594.9346912,2,1
1557168594.9348955,2,1
1557168594.9350438,2,1
1557168594.93545,2,1
1557168609.1393437,4,1
1557168610.1611588,4,2
1557168610.4166667,4,1
1557168611.111341,2,1
1557168611.111559,2,1
1557168611.111901,2,1
1557168720.429174,4,1
1557168720.6742578,2,1
1557168722.937136,4,1
1557168723.2059076,2,1
1557168723.2061577,2,1
1557168740.1663666,4,1
1557168740.4026103,2,1
1557168754.227461,4,1
1557168754.519325,2,1
1557168754.5194595,2,1
1557168791.2009943,4,1
1557168791.464455,2,1
1557168791.464621,2,1
1557168791.472335,2,1
1557168793.089884,4,1
1557168794.1116965,4,2
1557168794.367513,4,1
1557168795.3887048,4,2
1557168795.531928,2,1
1557168802.8077707,4,1
1557168803.316138,2,1
1557168812.4024007,4,1
1557168812.6915555,2,1
1557168826.783069,4,1
1557168827.8046393,4,2
1557168828.05994,4,1
1557168829.0810757,4,2
1557168829.1786778,2,1
1557168863.5496938,4,1
1557168864.571976,4,2
1557168864.8275726,4,1
1557168865.8500257,4,2
1557168866.1055818,4,1
1557168866.6468942,2,1
1557168894.7903852,4,1
1557168895.0593622,2,1
1557168896.3177578,4,1
1557168896.5512397,2,1
1557168898.3299887,4,1
1557168899.351781,4,2
1557168899.6073546,4,1
1557168900.6289146,4,2
1557168900.8844917,4,1
1557168901.1488516,2,1
1557168927.2686474,4,1
1557168928.2921283,4,2
1557168928.547771,4,1
1557168929.5694153,4,2
1557168929.8249044,4,1
1557168930.8467798,4,2
1557168931.102527,4,1
1557168932.124203,4,2
1557168932.3796477,4,1
1557168933.4012797,4,2
1557168933.4110038,2,1
1557168959.5321794,4,1
1557168960.1069534,2,1
1557168961.7053404,4,1
1557168962.7267103,4,2
1557168962.982008,4,1
1557168964.0032074,4,2
1557168964.2585151,4,1
1557168965.2799933,4,2
1557168965.536558,4,1
1557168966.5607612,4,2
1557168966.8164635,4,1
1557168967.8377244,4,2
1557168967.880202,2,1
1557168968.1552248,2,1
1557168969.5217223,4,1
1557168970.543283,4,2
1557168970.798859,4,1
1557168971.8202033,4,2
1557168972.0755613,4,1
1557168972.9524608,2,1
1557168982.9586928,4,1
1557168983.224782,2,1
1557168984.751306,4,1
1557168985.556787,2,1
1557169139.004212,4,1
1557169139.2523563,2,1
1557169141.4451597,4,1
1557169141.733871,2,1
1557169170.3262093,4,1
1557169171.3480031,4,2
1557169171.6033926,4,1
1557169172.624976,4,2
1557169172.8803527,4,1
1557169173.436095,2,1
1557169186.3477407,4,1
1557169186.5808265,2,1
1557169188.1987092,4,1
1557169188.472414,2,1
1557169190.8394787,4,1
1557169191.8610744,4,2
1557169192.1165717,4,1
1557169192.4742763,2,1
1557169192.484689,2,1
1557169200.4891586,4,1
1557169201.5110018,4,2
1557169201.6046526,2,1
1557169206.344348,4,1
1557169206.5859828,2,1
1557169216.876386,4,1
1557169217.8980834,4,2
1557169218.1534805,4,1
1557169219.1748474,4,2
1557169219.4301527,4,1
1557169219.77149,2,1
1557169221.9354517,4,1
1557169222.9568565,4,2
1557169223.212149,4,1
1557169224.2333243,4,2
1557169224.4886508,4,1
1557169224.8578832,2,1
1557169240.3883774,4,1
1557169241.4100435,4,2
1557169241.6655576,4,1
1557169242.6864736,4,2
1557169242.9417517,4,1
1557169243.4804003,2,1
1557169246.2891371,4,1
1557169247.3104296,4,2
1557169247.5658352,4,1
1557169248.5868886,4,2
1557169248.8422403,4,1
1557169249.1326797,2,1
1557169262.1015708,4,1
1557169263.1232624,4,2
1557169263.378702,4,1
1557169264.4001126,4,2
1557169264.6555557,4,1
1557169265.6771622,4,2
1557169265.9325342,4,1
1557169266.9539163,4,2
1557169267.0313017,2,1
1557169268.7192078,4,1
1557169269.7416565,4,2
1557169269.8885272,2,1
1557169275.263224,4,1
1557169275.4707007,2,1
1557169287.9225204,4,1
1557169288.9452188,4,2
1557169289.010427,2,1
1557169314.5873938,4,1
1557169314.833323,2,1
1557169314.8483038,2,1
1557169316.8014767,4,1
1557169317.8247466,4,2
1557169318.0801973,4,1
1557169319.1020658,4,2
1557169319.3575754,4,1
1557169319.9114676,2,1
1557169320.88552,4,1
1557169321.9086862,4,2
1557169322.1641998,4,1
1557169322.6692162,2,1
1557169329.5883121,4,1
1557169330.6100814,4,2
1557169330.8654838,4,1
1557169331.8871448,4,2
1557169332.1425483,4,1
1557169332.9530609,2,1
1557169356.5850313,4,1
1557169356.8204374,2,1
1557169356.820738,2,1
1557169369.9984875,4,1
1557169370.2481294,2,1
1557169376.9206834,4,1
1557169377.4244785,2,1
1557169473.1592147,4,1
1557169474.1808174,4,2
1557169474.1851084,2,1
1557169476.4078493,4,1
1557169477.4301054,4,2
1557169477.6856108,4,1
1557169478.7081058,4,2
1557169478.793802,2,1
1557169483.8078752,4,1
1557169484.8298554,4,2
1557169485.0852098,4,1
1557169486.1064618,4,2
1557169486.3620079,4,1
1557169487.3832211,4,2
1557169487.639098,4,1
1557169488.1488068,2,1
1557169490.5722551,4,1
1557169491.594362,4,2
1557169491.7729213,2,1
1557169518.0169826,4,1
1557169519.0392501,4,2
1557169519.295097,4,1
1557169520.0502357,2,1
1557169533.4912534,4,1
1557169534.5156186,4,2
1557169534.7710466,4,1
1557169535.7931442,4,2
1557169535.8545017,2,1
1557169537.7750478,4,1
1557169538.798583,2,1
1557169605.717603,4,1
1557169606.739191,4,2
1557169606.9945738,4,1
1557169607.3005054,2,1
1557169609.19727,4,1
1557169610.2185936,4,2
1557169610.4739833,4,1
1557169611.4952443,4,2
1557169611.7505577,4,1
1557169612.7716503,4,2
1557169612.8689451,2,1
1557169626.131438,4,1
1557169627.154522,4,2
1557169627.41029,4,1
1557169628.431927,4,2
1557169628.5208502,2,1
1557169642.0244927,4,1
1557169642.5665908,2,1
1557169644.3082163,4,1
1557169645.3298118,4,2
1557169645.5852487,4,1
1557169646.6066444,4,2
1557169646.862154,4,1
1557169647.883422,4,2
1557169647.9538717,2,1
1557169649.7060137,4,1
1557169650.727707,4,2
1557169650.9831786,4,1
1557169651.8367665,2,1
1557169659.3223743,4,1
1557169659.8185859,2,1
1557169661.839824,4,1
1557169662.8615775,4,2
1557169662.9462028,2,1
1557169670.7918112,4,1
1557169671.642134,2,1
1557169697.7876353,4,1
1557169698.8097315,4,2
1557169699.0652766,4,1
1557169700.0869162,4,2
1557169700.3423297,4,1
1557169701.1009138,2,1
1557169702.3747697,4,1
1557169702.8756328,2,1
1557169702.8807726,2,1
1557169726.986625,4,1
1557169728.0082703,4,2
1557169728.263583,4,1
1557169729.284619,4,2
1557169729.5400736,4,1
1557169730.327022,2,1
1557169732.2560894,4,1
1557169733.2794464,4,2
1557169733.5350978,4,1
1557169734.3354537,2,1
1557169739.711197,4,1
1557169740.1921186,2,1
1557169766.1580563,4,1
1557169767.1801991,4,2
1557169767.2441561,2,1
1557169769.2801135,4,1
1557169769.7852237,2,1
1557169779.0476143,4,1
1557169779.2855582,2,1
1557169783.5960522,4,1
1557169784.6174242,4,2
1557169784.8728695,4,1
1557169785.8951378,4,2
1557169785.9603496,2,1
1557169800.4272408,4,1
1557169800.952446,2,1
1557169803.1091888,4,1
1557169804.1310132,4,2
1557169804.3865926,4,1
1557169805.1496046,2,1
1557169995.6770647,4,1
1557169996.1773808,2,1
1557170003.776407,4,1
1557170004.797798,4,2
1557170005.053143,4,1
1557170006.0743425,2,1
1557170020.889055,4,1
1557170021.9110343,4,2
1557170022.166549,4,1
1557170022.7611973,2,1
1557170036.837104,4,1
1557170037.1763406,2,1
1557170039.6016297,4,1
1557170040.623061,4,2
1557170040.7593846,2,1
1557170060.4373012,4,1
1557170061.4594002,4,2
1557170061.6396961,2,1
1557170061.6539218,2,1
1557170063.5459657,4,1
1557170064.5685651,4,2
1557170064.8241413,4,1
1557170065.5418568,2,1
1557170073.1923487,4,1
1557170074.215581,4,2
1557170074.3079238,2,1
1557170074.308035,2,1
1557170074.318156,2,1
1557170121.8996964,4,1
1557170122.6697266,2,1
1557170127.189927,4,1
1557170127.5039504,2,1
1557170171.2394724,4,1
1557170171.785462,2,1
1557170174.3999522,4,1
1557170175.1735024,2,1
1557170188.244076,4,1
1557170189.2659879,4,2
1557170189.5214279,4,1
1557170190.5429065,4,2
1557170190.7983494,4,1
1557170191.2996793,2,1
1557170205.285089,4,1
1557170205.520976,2,1
1557170207.8066857,4,1
1557170208.3614872,2,1
1557170245.1201377,4,1
1557170245.3697004,2,1
1557170261.4826217,4,1
1557170262.5048387,4,2
1557170262.7602646,4,1
1557170263.2955725,2,1
1557170270.5626411,4,1
1557170271.5841932,4,2
1557170271.8395677,4,1
1557170272.8607867,4,2
1557170273.1161652,4,1
1557170274.1371286,4,2
1557170274.2061882,2,1
1557170287.1692777,4,1
1557170287.5067558,2,1
1557170289.3613877,4,1
1557170289.6265943,2,1
1557170302.5214264,4,1
1557170303.2603562,2,1
1557170305.0868778,4,1
1557170305.848203,2,1
1557170333.20097,4,1
1557170333.7010376,2,1
1557170335.4911017,4,1
1557170336.5127938,4,2
1557170336.7681177,4,1
1557170337.5478714,2,1
1557170353.1587548,4,1
1557170353.3958218,2,1
1557170360.8136122,4,1
1557170361.5722036,2,1
1557170365.4107409,4,1
1557170366.4329412,4,2
1557170366.4468193,2,1
1557170373.307969,4,1
1557170373.8797905,2,1
1557170373.8820095,2,1
1557170378.4254725,4,1
1557170379.4471462,4,2
1557170379.702684,4,1
1557170380.4388702,2,1
1557170393.2554576,4,1
1557170394.2782278,4,2
1557170394.5340497,4,1
1557170395.5563123,4,2
1557170395.811935,4,1
1557170396.4138012,2,1
1557170398.938306,4,1
1557170399.9596052,4,2
1557170400.2149887,4,1
1557170401.236265,4,2
1557170401.4916534,4,1
1557170402.2420926,2,1
1557170408.4275496,4,1
1557170409.4489002,4,2
1557170409.7042205,4,1
1557170410.7252803,4,2
1557170410.8145368,2,1
1557170417.9815056,4,1
1557170419.0032947,4,2
1557170419.258756,4,1
1557170420.2802231,4,2
1557170420.368698,2,1
1557170443.9322944,4,1
1557170444.9538693,4,2
1557170445.2091925,4,1
1557170445.97549,2,1
1557170445.9759462,2,1
1557170452.114083,4,1
1557170453.1355073,4,2
1557170453.3909926,4,1
1557170453.7507272,2,1
1557170466.7434244,4,1
1557170467.7648773,4,2
1557170468.0203161,4,1
1557170468.7818203,2,1
1557170483.5666213,4,1
1557170484.5894613,4,2
1557170484.8450925,4,1
1557170485.8666809,4,2
1557170485.9079063,2,1
1557170485.908228,2,1
1557170486.1678717,2,1
1557170503.9464889,4,1
1557170504.968456,4,2
1557170505.099557,2,1
1557170507.069251,4,1
1557170508.0911014,4,2
1557170508.346593,4,1
1557170508.563557,2,1
1557170525.0301788,4,1
1557170525.3183284,2,1
1557170529.36937,4,1
1557170530.3916054,4,2
1557170530.6472409,4,1
1557170531.6691055,4,2
1557170531.9245822,4,1
1557170532.4136393,2,1
1557170535.85156,4,1
1557170536.873665,4,2
1557170537.129226,4,1
1557170537.9523778,2,1
1557170567.3725786,4,1
1557170568.3948445,4,2
1557170568.6502848,4,1
1557170569.4137607,2,1
1557170775.4485703,4,1
1557170776.4699645,4,2
1557170776.7254698,4,1
1557170777.5650692,2,1
1557170791.1803427,4,1
1557170792.202356,4,2
1557170792.2390559,2,1
1557170792.5197728,2,1
1557170840.275635,4,1
1557170841.2974606,4,2
1557170841.553087,4,1
1557170842.575147,4,2
1557170842.6298323,2,1
1557170842.9105203,2,1
1557170892.6180947,4,1
1557170893.6400328,4,2
1557170893.8956199,4,1
1557170894.917752,4,2
1557170895.1733227,4,1
1557170896.195169,4,2
1557170896.2507303,2,1
1557170896.2669759,2,1
1557170896.5318477,2,1
1557170908.570673,4,1
1557170909.0996685,2,1
1557170921.2141738,4,1
1557170922.2361083,4,2
1557170922.4915268,4,1
1557170923.5131538,4,2
1557170923.7686088,4,1
1557170924.7901947,4,2
1557170925.045645,4,1
1557170925.364916,2,1
1557170935.9681222,4,1
1557170936.9900496,4,2
1557170937.2454853,4,1
1557170938.2670698,4,2
1557170938.5224507,4,1
1557170939.5439548,4,2
1557170939.7993453,4,1
1557170940.821042,4,2
1557170941.0767424,4,1
1557170941.5864353,2,1
1557170941.587986,2,1
1557170967.027499,4,1
1557170967.5128384,2,1
1557170972.2807412,4,1
1557170973.3024075,4,2
1557170973.5578852,4,1
1557170974.5795665,4,2
1557170974.6564772,2,1
1557170990.1559422,4,1
1557170990.4243984,2,1
1557171007.0824616,4,1
1557171007.354923,2,1
1557171010.0981305,4,1
1557171011.1195655,4,2
1557171011.3749466,4,1
1557171011.927295,2,1
1557171020.7153754,4,1
1557171021.7369695,4,2
1557171021.9923885,4,1
1557171023.0135098,4,2
1557171023.2691004,4,1
1557171024.2903383,4,2
1557171024.5457315,4,1
1557171025.5671055,4,2
1557171025.8224587,4,1
1557171026.8441002,4,2
1557171027.0994828,4,1
1557171027.6430023,2,1
1557171054.3233845,4,1
1557171055.3452482,4,2
1557171055.600543,4,1
1557171056.6218724,4,2
1557171056.8772464,4,1
1557171057.4289596,2,1
1557171062.0377207,4,1
1557171063.0592077,4,2
1557171063.3145425,4,1
1557171064.3356478,4,2
1557171064.5909262,4,1
1557171065.074264,2,1
1557171066.3240497,4,1
1557171067.3457508,4,2
1557171067.601049,4,1
1557171068.6222405,4,2
1557171068.8776019,4,1
1557171069.212558,2,1
1557171073.6091847,4,1
1557171074.6316657,4,2
1557171074.8871782,4,1
1557171075.9094899,4,2
1557171076.1650922,4,1
1557171077.1868608,4,2
1557171077.4422662,4,1
1557171078.4638977,4,2
1557171078.7195833,4,1
1557171079.7411642,4,2
1557171079.9966078,4,1
1557171081.0180068,4,2
1557171081.273384,4,1
1557171082.0462506,2,1
1557171083.9319108,4,1
1557171084.9537659,4,2
1557171085.2091458,4,1
1557171085.9604166,2,1
1557171100.0743396,4,1
1557171100.3328073,2,1
1557171101.7111995,4,1
1557171102.727688,2,1
1557171109.7682571,4,1
1557171110.7903764,4,2
1557171111.0458257,4,1
1557171111.5798638,2,1
1557171111.579996,2,1
1557171121.8099582,4,1
1557171122.8324807,4,2
1557171123.0881622,4,1
1557171123.8604958,2,1
1557171127.2386317,4,1
1557171128.261139,4,2
1557171128.5165462,4,1
1557171129.538048,4,2
1557171129.7937932,4,1
1557171130.8157773,4,2
1557171131.0714571,4,1
1557171132.093962,4,2
1557171132.349449,4,1
1557171132.6503358,2,1
1557171140.6560774,4,1
1557171141.6779015,4,2
1557171141.9333496,4,1
1557171142.2079952,2,1
1557171142.9740882,4,1
1557171143.9958038,4,2
1557171144.083675,2,1
1557171411.6002126,4,1
1557171412.6220508,4,2
1557171412.877418,4,1
1557171413.4719765,2,1
1557171419.4087532,4,1
1557171420.430267,4,2
1557171420.6856456,4,1
1557171421.7071168,4,2
1557171421.9624157,4,1
1557171422.9834878,4,2
1557171423.2388422,4,1
1557171423.5612707,2,1
1557171436.7086935,4,1
1557171437.7307382,4,2
1557171437.9862776,4,1
1557171438.7863257,2,1
1557171441.5026162,4,1
1557171442.5246387,4,2
1557171442.7800426,4,1
1557171443.0328813,2,1
1557171458.7619545,4,1
1557171459.1052613,2,1
1557171480.2759843,4,1
1557171481.2984924,4,2
1557171481.5537627,4,1
1557171482.575064,4,2
1557171482.8303857,4,1
1557171483.0734682,2,1
1557171484.9124866,4,1
1557171485.9348218,4,2
1557171486.1901846,4,1
1557171486.5280857,2,1
1557171486.5284605,2,1
1557171506.3648248,4,1
1557171507.1202142,2,1
1557171535.3195179,4,1
1557171536.341116,4,2
1557171536.596686,4,1
1557171537.3751795,2,1
1557171546.3129454,4,1
1557171547.3347862,4,2
1557171547.590245,4,1
1557171548.611693,4,2
1557171548.8671834,4,1
1557171549.8886802,4,2
1557171550.1441305,4,1
1557171550.8736355,2,1
1557171575.8881247,4,1
1557171576.9107995,4,2
1557171577.1664622,4,1
1557171578.1889026,4,2
1557171578.2603471,2,1
1557171578.2607684,2,1
1557171595.597608,4,1
1557171596.619327,4,2
1557171596.7405832,2,1
1557171635.9757404,4,1
1557171636.9981067,4,2
1557171637.2535906,4,1
1557171638.2757273,4,2
1557171638.531451,4,1
1557171639.0520039,2,1
1557171641.2614305,4,1
1557171642.283334,4,2
1557171642.5388825,4,1
1557171643.5603824,4,2
1557171643.8157992,4,1
1557171644.0883868,2,1
1557171662.7095237,4,1
1557171662.9892485,2,1
1557171668.4345965,4,1
1557171668.6691902,2,1
1557171717.238635,4,1
1557171718.2633991,4,2
1557171718.5191543,4,1
1557171719.315508,2,1
1557171719.3168812,2,1
1557171735.718201,4,1
1557171736.7405388,4,2
1557171736.996234,4,1
1557171738.0186472,4,2
1557171738.2742054,4,1
1557171738.764814,2,1
1557172717.69325,4,1
1557172718.7150283,4,2
1557172718.9703314,4,1
1557172719.991446,4,2
1557172720.1715505,2,1
1557172722.0173542,4,1
1557172722.4266365,2,1
1557172722.427122,2,1
1557172774.9096382,4,1
1557172775.4174316,2,1
1557172851.0297844,4,1
1557172851.2858264,2,1
1557172851.2859643,2,1
1557172854.3270836,3,2