
1551724752.1272047,4,1
1551724753.148929,4,2
1551724753.4045367,4,1
1551724754.4261203,4,2
1551724754.6816409,4,1
1551724755.7037756,4,2
1551724755.9592214,4,1
1551724756.9811118,4,2
1551724757.0428214,2,1
1551724775.8980432,4,1
1551724776.9207995,4,2
1551724776.9533865,2,1
1551724801.5387113,4,1
1551724802.560042,4,2
1551724802.815409,4,1
1551724803.8366702,4,2
1551724804.0919936,4,1
1551724805.1134965,4,2
1551724805.3688757,4,1
1551724806.3901088,4,2
1551724806.6454885,4,1
1551724807.666776,4,2
1551724807.9220693,4,1
1551724808.7888439,2,1
1551724914.1305106,4,1
1551724914.7178428,2,1
1551724928.9158907,4,1
1551724929.9373617,4,2
1551724930.1926963,4,1
1551724931.213832,4,2
1551724931.469171,4,1
1551724931.75629,2,1
1551724942.8109522,4,1
1551724943.8321419,4,2
1551724944.0876353,4,1
1551724945.1089375,4,2
1551724945.364428,4,1
1551724945.6982741,2,1
1551725016.6979055,4,1
1551725017.7199922,4,2
1551725017.9753854,4,1
1551725018.9971979,4,2
1551725019.0878553,2,1
1551725037.7832043,4,1
1551725038.5421393,2,1
1551725052.0364976,4,1
1551725053.0582242,4,2
1551725053.3139763,4,1
1551725053.9284024,2,1
1551725077.0660605,4,1
1551725077.9329944,2,1
1551725083.0669174,4,1
1551725084.0888405,4,2
1551725084.3442857,4,1
1551725084.5911915,2,1
1551725099.760463,4,1
1551725100.2771833,2,1
1551725132.7386603,4,1
1551725133.7610533,4,2
1551725134.0164459,4,1
1551725135.0378718,4,2
1551725135.1941776,2,1
1551725138.6232278,4,1
1551725138.8085651,2,1
1551725143.6365075,4,1
1551725144.4884362,2,1
1551725148.8569705,4,1
1551725149.6530244,2,1
1551725200.4599047,4,1
1551725200.758988,2,1
1551725210.9031045,4,1
1551725211.924251,4,2
1551725212.179537,4,1
1551725213.2005439,4,2
1551725213.4558356,4,1
1551725214.477111,4,2
1551725214.5566359,2,1
1551725214.5693192,2,1
1551725231.7579763,4,1
1551725232.7796087,4,2
1551725233.0350895,4,1
1551725234.0566888,4,2
1551725234.312011,4,1
1551725235.333622,4,2
1551725235.3677769,2,1
1551725235.6691568,2,1
1551725242.8132606,4,1
1551725243.1465075,2,1
1551725267.9672477,4,1
1551725268.9888277,4,2
1551725269.2441978,4,1
1551725269.4714386,2,1
1551725272.0057495,4,1
1551725273.0275993,4,2
1551725273.1450257,2,1
1551725273.1607044,2,1
1551725295.0614626,4,1
1551725296.0829191,4,2
1551725296.3382008,4,1
1551725297.1233857,2,1
1551725355.3784075,4,1
1551725356.3999226,4,2
1551725356.655251,4,1
1551725357.677315,4,2
1551725357.9326193,4,1
1551725358.9539557,4,2
1551725359.2092702,4,1
1551725360.2307537,4,2
1551725360.4868286,4,1
1551725361.2243297,2,1
1551725365.293108,4,1
1551725365.5617113,2,1
1551725400.2588675,4,1
1551725401.2728548,2,1
1551725402.6642737,4,1
1551725403.685844,4,2
1551725403.9411378,4,1
1551725404.9408128,2,1
1551725409.7363534,4,1
1551725410.757709,4,2
1551725411.0132015,4,1
1551725412.0341656,4,2
1551725412.2895956,4,1
1551725413.1100588,2,1
1551725439.0647795,4,1
1551725440.086507,4,2
1551725440.3418472,4,1
1551725441.363309,4,2
1551725441.6187012,4,1
1551725441.8675148,2,1
1551725458.1005676,4,1
1551725459.121923,4,2
1551725459.3773372,4,1
1551725460.3855402,2,1
1551725464.4301474,4,1
1551725464.7258277,2,1
1551725484.879211,4,1
1551725485.9007585,4,2
1551725486.156066,4,1
1551725487.1771996,4,2
1551725487.2554088,2,1
1551725532.6705704,4,1
1551725533.691847,4,2
1551725533.947355,4,1
1551725534.968861,4,2
1551725535.2242315,4,1
1551725535.8567367,2,1
1551725535.8579926,2,1
1551725539.114758,4,1
1551725539.6710577,2,1
1551725573.86726,4,1
1551725574.8890536,4,2
1551725575.144582,4,1
1551725576.1659176,4,2
1551725576.4213042,4,1
1551725576.6723485,2,1
1551725592.51584,4,1
1551725593.5376337,4,2
1551725593.793122,4,1
1551725594.800886,2,1
1551725597.6082451,4,1
1551725598.366014,2,1
1551725641.245034,4,1
1551725642.2664068,4,2
1551725642.5218933,4,1
1551725643.5440674,4,2
1551725643.7996564,4,1
1551725644.8215606,4,2
1551725645.0774572,4,1
1551725646.099883,4,2
1551725646.3552814,4,1
1551725646.8590884,2,1
1551725680.650647,4,1
1551725681.159753,2,1
1551725683.2999427,4,1
1551725684.321416,4,2
1551725684.5767164,4,1
1551725685.5979352,4,2
1551725685.7298613,2,1
1551725685.7309263,2,1
1551725713.5383372,4,1
1551725713.749656,2,1
1551725718.2973664,4,1
1551725719.3188055,4,2
1551725719.5741975,4,1
1551725720.5956118,4,2
1551725720.8509336,4,1
1551725721.872301,4,2
1551725722.1277463,4,1
1551725723.1431832,2,1
1551725732.226941,4,1
1551725732.4847326,2,1
1551725735.4795823,4,1
1551725736.5007856,4,2
1551725736.7560744,4,1
1551725737.776915,4,2
1551725737.8225393,2,1
1551725738.0944164,2,1
1551725738.09459,2,1
1551725754.581881,4,1
1551725755.6037097,4,2
1551725755.6372092,2,1
1551725755.6373231,2,1
1551725755.9232697,2,1
1551725771.5685964,4,1
1551725772.457794,2,1
1551725795.0053937,4,1
1551725796.0271604,4,2
1551725796.2825,4,1
1551725796.7785032,2,1
1551725799.929223,4,1
1551725800.6905448,2,1
1551725804.2185585,4,1
1551725805.0620055,2,1
1551725817.2451804,4,1
1551725817.7518573,2,1
1551725822.5677593,4,1
1551725823.5904388,4,2
1551725823.84608,4,1
1551725824.3805912,2,1
1551725841.5216436,4,1
1551725842.5429642,4,2
1551725842.6139688,2,1
1551725848.3738983,4,1
1551725849.3954377,4,2
1551725849.4671488,2,1
1551725859.1347358,4,1
1551725860.1569746,4,2
1551725860.412446,4,1
1551725861.4339228,4,2
1551725861.6892397,4,1
1551725862.71055,4,2
1551725862.7802882,2,1
1551725865.4978921,4,1
1551725865.7478473,2,1
1551725882.0654824,4,1
1551725883.0868745,4,2
1551725883.3422363,4,1
1551725884.3635855,4,2
1551725884.618951,4,1
1551725885.6402915,4,2
1551725885.643429,2,1
1551725890.8325617,4,1
1551725891.8542118,4,2
1551725892.1095557,4,1
1551725892.3679237,2,1
1551725930.3356767,4,1
1551725931.3574872,4,2
1551725931.6132169,4,1
1551725932.1116238,2,1
1551725940.9656324,4,1
1551725941.9874423,4,2
1551725942.2431715,4,1
1551725943.2645478,4,2
1551725943.2681599,2,1
1551725945.3267858,4,1
1551725946.3483875,4,2
1551725946.6039715,4,1
1551725947.4036832,2,1
1551726067.40294,4,1
1551726068.4249585,4,2
1551726068.6804888,4,1
1551726069.4434578,2,1
1551726073.9725904,4,1
1551726074.728794,2,1
1551726074.7292142,2,1
1551726092.329064,4,1
1551726092.630665,2,1
1551726094.9193056,4,1
1551726095.9410431,4,2
1551726096.0736146,2,1
1551726099.767853,4,1
1551726100.7904482,4,2
1551726101.0459466,4,1
1551726101.7559254,2,1
1551726114.0456398,4,1
1551726114.299812,2,1
1551726114.3063965,2,1
1551726122.9431887,4,1
1551726123.9651337,4,2
1551726124.2204797,4,1
1551726124.7303302,2,1
1551726132.786848,4,1
1551726133.027439,2,1
1551726151.4917774,4,1
1551726152.514042,4,2
1551726152.5600574,2,1
1551726157.6169505,4,1
1551726158.6388545,4,2
1551726158.894178,4,1
1551726159.9151807,4,2
1551726159.9971812,2,1
1551726159.997877,2,1
1551726170.977351,4,1
1551726171.5209646,2,1
1551726175.3102562,4,1
1551726175.5865965,2,1
1551726175.58672,2,1
1551726175.5870154,2,1
1551726178.2631538,4,1
1551726179.2849643,4,2
1551726179.5404193,4,1
1551726180.5615866,4,2
1551726180.582458,2,1
1551726180.5825553,2,1
1551726213.7560487,4,1
1551726213.85912,2,1
1551726213.859252,2,1
1551726216.8120856,4,1
1551726217.1003385,2,1
1551726227.5348907,4,1
1551726228.115114,2,1
1551726239.399525,4,1
1551726240.4213731,4,2
1551726240.6767778,4,1
1551726241.1895657,2,1
1551726245.444391,4,1
1551726246.4656084,4,2
1551726246.7209063,4,1
1551726247.7418962,4,2
1551726247.9972494,4,1
1551726249.0183575,4,2
1551726249.273699,4,1
1551726250.2947712,4,2
1551726250.5500429,4,1
1551726251.5711074,4,2
1551726251.8264766,4,1
1551726252.8477266,4,2
1551726253.1031718,4,1
1551726254.124128,4,2
1551726254.3795187,4,1
1551726255.4004362,4,2
1551726255.65582,3,4