
1555016107.9947681,4,1
1555016108.5058193,4,2
1555016108.5367565,2,1
1555016108.5368705,2,1
1555016108.7666345,2,1
1555016108.8127086,2,1
1555016112.830475,4,1
1555016113.3416116,4,2
1555016113.596989,4,1
1555016114.1077287,4,2
1555016114.230699,2,1
1555016114.2314906,2,1
1555016114.3635974,2,1
1555016133.5858097,4,1
1555016134.0970955,4,2
1555016134.3526466,4,1
1555016134.8636086,4,2
1555016135.119068,4,1
1555016135.3209918,2,1
1555016136.3080711,4,1
1555016136.8194687,4,2
1555016137.0750577,4,1
1555016137.3308992,2,1
1555016137.3413558,2,1
1555016137.3414347,2,1
1555016141.2188854,4,1
1555016141.7302876,4,2
1555016141.7612865,2,1
1555016141.7921658,2,1
1555016141.9913259,2,1
1555016142.0390851,2,1
1555016142.0442579,2,1
1555016143.08489,4,1
1555016143.5959494,4,2
1555016143.8514776,4,1
1555016144.3623686,4,2
1555016144.6179264,4,1
1555016144.9904296,2,1
1555016151.2768784,4,1
1555016151.788206,4,2
1555016152.0439217,4,1
1555016152.5548084,4,2
1555016152.810457,4,1
1555016153.3213093,4,2
1555016153.576884,4,1
1555016154.087822,4,2
1555016154.343423,4,1
1555016154.8544343,4,2
1555016155.110227,4,1
1555016155.6213527,4,2
1555016155.6467783,2,1
1555016155.6469347,2,1
1555016155.6470041,2,1
1555016155.8779948,2,1
1555016155.8780987,2,1
1555016155.9232733,2,1
1555016164.1164086,4,1
1555016164.6273499,4,2
1555016164.882864,4,1
1555016165.3939798,4,2
1555016165.6495566,4,1
1555016166.160365,4,2
1555016166.180836,2,1
1555016166.1811216,2,1
1555016166.4165075,2,1
1555016166.4619968,2,1
1555016166.4621735,2,1
1555016172.3390377,4,1
1555016172.6627698,2,1
1555016189.4872067,4,1
1555016189.9995403,4,2
1555016190.0510755,2,1
1555016190.081722,2,1
1555016190.2609286,2,1
1555016208.9806836,4,1
1555016209.4930673,4,2
1555016209.6415846,2,1
1555016209.6417027,2,1
1555016209.641771,2,1
1555016209.641834,2,1
1555016209.6418958,2,1
1555016209.7540784,2,1
1555016214.2208555,4,1
1555016214.380907,2,1
1555016217.7091691,4,1
1555016218.2209003,4,2
1555016218.27235,2,1
1555016218.2750978,2,1
1555016218.2752106,2,1
1555016218.4810572,2,1
1555016231.2635787,4,1
1555016231.7749276,4,2
1555016232.0305524,4,1
1555016232.3327022,2,1
1555016238.3283541,4,1
1555016238.839635,4,2
1555016239.0952933,4,1
1555016239.3257952,2,1
1555016390.5813947,4,1
1555016391.0925016,4,2
1555016391.105815,2,1
1555016391.1336505,2,1
1555016391.349206,2,1
1555016420.2704577,4,1
1555016420.7823763,4,2
1555016420.8031883,2,1
1555016420.8076553,2,1
1555016420.8077307,2,1
1555016420.8077946,2,1
1555016421.04329,2,1
1555016421.0484705,2,1
1555016421.2279053,2,1
1555016422.9299378,4,1
1555016423.441502,4,2
1555016423.5337963,2,1
1555016423.533912,2,1
1555016423.7026742,2,1
1555016423.7078502,2,1
1555016443.0418777,4,1
1555016443.3179915,2,1
1555016443.318142,2,1
1555016443.3234913,2,1
1555016447.8544126,4,1
1555016448.3654869,4,2
1555016448.3862624,2,1
1555016448.4679208,2,1
1555016448.626135,2,1
1555016453.6541572,4,1
1555016454.1650662,4,2
1555016454.4003894,2,1
1555016454.4257567,2,1
1555016459.2704582,4,1
1555016459.5138206,2,1
1555016460.8523366,4,1
1555016461.323312,2,1
1555016461.3374991,2,1
1555016461.3375883,2,1
1555016461.3911788,2,1
1555016467.3397393,4,1
1555016467.3505912,2,1
1555016467.36601,2,1
1555016467.3660874,2,1
1555016482.1073318,4,1
1555016482.1385183,2,1
1555016482.1539493,2,1
1555016482.1540246,2,1
1555016484.6816773,4,1
1555016484.9380744,2,1
1555016484.953329,2,1
1555016487.3004267,4,1
1555016487.4541795,2,1
1555016487.469448,2,1
1555016507.1479216,4,1
1555016507.168775,2,1
1555016507.1822603,2,1
1555016507.217548,2,1
1555016508.7897196,4,1
1555016508.8106668,2,1
1555016508.8258865,2,1
1555016511.1714232,4,1
1555016511.1820762,2,1
1555016511.1973248,2,1
1555016556.0633085,4,1
1555016556.0841599,2,1
1555016556.0993726,2,1
1555016571.559199,4,1
1555016571.5800827,2,1
1555016571.5952919,2,1
1555016574.818929,4,1
1555016574.850022,2,1
1555016574.865223,2,1
1555016680.1723385,4,1
1555016680.183011,2,1
1555016680.198245,2,1
1555016681.9457004,4,1
1555016681.9563751,2,1
1555016681.97059,2,1
1555016685.2558458,4,1
1555016685.266772,2,1
1555016685.2824986,2,1
1555016685.282577,2,1
1555016689.7760713,4,1
1555016689.7867398,2,1
1555016689.7972574,2,1
1555016691.55212,4,1
1555016691.5627685,2,1
1555016691.5780272,2,1
1555016691.6238751,2,1
1555016715.2676663,4,1
1555016715.2886343,2,1
1555016715.304081,2,1
1555016715.304159,2,1
1555016746.367998,4,1
1555016746.3889115,2,1
1555016746.4041345,2,1
1555016784.049049,4,1
1555016784.0596964,2,1
1555016784.0749562,2,1
1555016822.4883063,4,1
1555016822.4989915,2,1
1555016822.5127876,2,1
1555016825.050273,4,1
1555016825.060921,2,1
1555016825.0761364,2,1
1555016937.4509637,4,1
1555016937.4718442,2,1
1555016937.4871316,2,1
1555017086.7028437,4,1
1555017086.7237191,2,1
1555017086.7389102,2,1
1555017090.0258832,4,1
1555017090.0366614,2,1
1555017090.0518878,2,1
1555017177.0714314,4,1
1555017177.0820954,2,1
1555017177.0956812,2,1
1555017191.9188862,4,1
1555017191.9298427,2,1
1555017191.9454224,2,1
1555017191.949535,2,1
1555017192.0443466,2,1
1555017192.049424,2,1
1555017193.8003242,4,1
1555017193.811031,2,1
1555017193.8261976,2,1
1555017959.127689,4,1
1555017959.138348,2,1
1555017959.1536713,2,1
1555017961.8083844,4,1
1555017961.8190951,2,1
1555017961.8343005,2,1
1555017961.8343763,2,1
1555017965.6903362,4,1
1555017965.70098,2,1
1555017965.7150388,2,1
1555018046.3790174,4,1
1555018046.3999374,2,1
1555018046.4151828,2,1
1555018056.3026686,4,1
1555018056.3237407,2,1
1555018056.3391383,2,1
1555018056.3392167,2,1
1555018058.9353898,4,1
1555018058.9460473,2,1
1555018058.9613056,2,1
1555018063.3835168,4,1
1555018063.3941898,2,1
1555018063.4094098,2,1
1555018065.203708,4,1
1555018065.2143614,2,1
1555018065.2296174,2,1
1555018069.1690013,4,1
1555018069.1898499,2,1
1555018069.2052867,2,1
1555018071.1634233,4,1
1555018071.1842957,2,1
1555018071.199506,2,1
1555018071.2414508,2,1
1555018101.3072505,4,1
1555018101.3179383,2,1
1555018101.3331287,2,1
1555018103.0985363,4,1
1555018103.1093347,2,1
1555018103.1245553,2,1
1555018194.5996432,4,1
1555018194.6103218,2,1
1555018194.624427,2,1
1555018198.1587238,4,1
1555018198.1693923,2,1
1555018198.1845496,2,1
1555018311.3990858,4,1
1555018311.409749,2,1
1555018311.427071,2,1
1555020058.4496284,4,1
1555020058.4706082,2,1
1555020058.4859028,2,1
1555020071.8916945,4,1
1555020071.922987,2,1
1555020071.9384518,2,1
1555020071.9385324,2,1
1555020802.490353,4,1
1555020802.5113113,2,1
1555020802.5266984,2,1
1555020802.5267742,2,1
1555020831.5691757,4,1
1555020831.5799394,2,1
1555020831.5951788,2,1
1555020862.589603,4,1
1555020862.6002898,2,1
1555020862.6154895,2,1
1555020862.652863,2,1
1555020862.65804,2,1
1555020910.6924436,4,1
1555020910.7031212,2,1
1555020910.7182763,2,1
1555020913.8477778,4,1
1555020913.868846,2,1
1555020913.8832836,2,1
1555020913.883376,2,1
1555020917.7119362,4,1
1555020917.7226808,2,1
1555020917.7380795,2,1
1555020917.7381566,2,1
1555021104.4423873,4,1
1555021104.4530666,2,1
1555021104.467486,2,1
1555021443.4581027,4,1
1555021443.4891717,2,1
1555021443.5043714,2,1
1555022060.8870268,4,1
1555022060.9080389,2,1
1555022060.9235144,2,1
1555022060.9235907,2,1
1555022064.7788045,4,1
1555022064.789479,2,1
1555022064.8046932,2,1
1555022067.4618037,4,1
1555022067.472726,2,1
1555022067.4870296,2,1
1555022067.4871173,2,1
1555022086.2936127,4,1
1555022086.3043785,2,1
1555022086.3161469,2,1
1555022086.316243,2,1
1555022266.9861658,4,1
1555022267.007169,2,1
1555022267.0219762,2,1
1555022267.075113,2,1
1555022267.08035,2,1
1555022278.8443239,4,1
1555022278.8754802,2,1
1555022278.8907428,2,1
1555022282.5917647,4,1
1555022282.6024377,2,1
1555022282.6176732,2,1
1555022290.553484,4,1
1555022290.564125,2,1
1555022290.5764754,2,1
1555022305.4795702,4,1
1555022305.9523606,2,1
1555022323.4349196,3,2