
1555616518.8774207,4,1
1555616519.8990443,4,2
1555616520.1545148,4,1
1555616520.1934943,2,1
1555616596.323911,4,1
1555616596.5938525,2,1
1555616598.75653,4,1
1555616599.0550811,2,1
1555616610.3176155,4,1
1555616611.3396602,4,2
1555616611.595143,4,1
1555616612.617297,4,2
1555616612.8730333,4,1
1555616613.895124,4,2
1555616614.150678,4,1
1555616614.3941305,2,1
1555616622.9240994,4,1
1555616623.4470322,2,1
1555616625.567502,4,1
1555616626.5894823,4,2
1555616626.6935127,2,1
1555616633.873598,4,1
1555616634.1940455,2,1
1555616658.769169,4,1
1555616659.5298862,2,1
1555616679.0928414,4,1
1555616680.114503,4,2
1555616680.3698673,4,1
1555616681.3913643,4,2
1555616681.4270785,2,1
1555616681.709536,2,1
1555616749.0977762,4,1
1555616749.970247,2,1
1555616855.735456,4,1
1555616856.758109,4,2
1555616857.013866,4,1
1555616857.8678222,2,1
1555616888.2201278,4,1
1555616888.4725213,2,1
1555616890.4648557,4,1
1555616891.488158,4,2
1555616891.7438009,4,1
1555616892.5441663,2,1
1555616917.6507592,4,1
1555616917.9446647,2,1
1555616938.0513191,4,1
1555616938.2973115,2,1
1555616946.3174052,4,1
1555616946.8181224,2,1
1555616949.0069404,4,1
1555616950.0291128,4,2
1555616950.055758,2,1
1555616960.739572,4,1
1555616961.3028529,2,1
1555616965.0663965,4,1
1555616965.3805497,2,1
1555616992.5302572,4,1
1555616992.768484,2,1
1555617021.2607493,4,1
1555617022.283566,4,2
1555617022.5392528,4,1
1555617023.3579097,2,1
1555617062.6855948,4,1
1555617063.7075012,4,2
1555617063.9631875,4,1
1555617064.9852288,4,2
1555617065.0123198,2,1
1555617065.3217688,2,1
1555617066.3377447,4,1
1555617067.359547,4,2
1555617067.4261315,2,1
1555617067.7119305,2,1
1555617100.9993508,4,1
1555617102.0213234,4,2
1555617102.2766998,4,1
1555617103.298215,4,2
1555617103.553698,4,1
1555617104.5763738,4,2
1555617104.6178937,2,1
1555617104.914615,2,1
1555617106.1435628,4,1
1555617107.1648455,4,2
1555617107.4202628,4,1
1555617108.26331,2,1
1555617115.9799995,4,1
1555617116.7252963,2,1
1555617121.8586278,4,1
1555617122.7152362,2,1
1555617126.8347583,4,1
1555617127.3427987,2,1
1555617145.0795743,4,1
1555617146.101373,4,2
1555617146.3568087,4,1
1555617147.3785405,4,2
1555617147.6339078,4,1
1555617148.655399,4,2
1555617148.9108405,4,1
1555617149.9326081,4,2
1555617150.1438463,2,1
1555617150.1576986,2,1
1555617153.1635833,4,1
1555617153.5603392,2,1
1555617162.0572438,4,1
1555617163.0793273,4,2
1555617163.1164947,2,1
1555617163.4152339,2,1
1555617474.5374126,4,1
1555617475.2124496,2,1
1555617493.9008048,4,1
1555617494.910739,2,1
1555617498.6789117,4,1
1555617499.1783884,2,1
1555617527.4440954,4,1
1555617527.7402933,2,1
1555617532.9919868,4,1
1555617534.0133603,4,2
1555617534.2687104,4,1
1555617535.2902093,4,2
1555617535.545739,4,1
1555617536.566749,4,2
1555617536.8223145,4,1
1555617537.8434029,4,2
1555617537.8618767,2,1
1555617539.7389364,4,1
1555617540.5286639,2,1
1555617549.0821092,4,1
1555617550.1042292,4,2
1555617550.3599033,4,1
1555617550.6346424,2,1
1555617561.2690945,4,1
1555617562.2910175,4,2
1555617562.3341174,2,1
1555617562.6256788,2,1
1555617710.0966632,4,1
1555617711.118573,4,2
1555617711.167609,2,1
1555617711.4538636,2,1
1555617730.3568742,4,1
1555617730.71523,2,1
1555617732.797205,4,1
1555617733.1324596,2,1
1555617739.754264,4,1
1555617740.0526347,2,1
1555617741.819187,4,1
1555617742.0758314,2,1
1555617751.0266547,4,1
1555617751.5212278,2,1
1555617776.0938056,4,1
1555617776.3262775,2,1
1555617784.2191548,4,1
1555617785.2408655,4,2
1555617785.496304,4,1
1555617786.5175855,4,2
1555617786.5262089,2,1
1555617851.3357868,4,1
1555617852.358116,4,2
1555617852.6136563,4,1
1555617852.9555464,2,1
1555617854.8172214,4,1
1555617855.4112697,2,1
1555617863.8097677,4,1
1555617864.304296,2,1
1555617878.6139207,4,1
1555617879.6362839,4,2
1555617879.892018,4,1
1555617880.6581526,2,1
1555617897.8745022,4,1
1555617898.4742362,2,1
1555617905.0019827,4,1
1555617906.0240736,4,2
1555617906.2795162,4,1
1555617907.3008833,4,2
1555617907.5564818,4,1
1555617908.577895,4,2
1555617908.8332734,4,1
1555617909.8553917,4,2
1555617910.1109152,4,1
1555617911.1333444,4,2
1555617911.3146749,2,1
1555617960.2355175,4,1
1555617960.4013243,2,1
1555617970.7129083,4,1
1555617971.2968447,2,1
1555617976.31369,4,1
1555617977.3353407,4,2
1555617977.5906944,4,1
1555617978.6079924,2,1
1555618002.2426114,4,1
1555618003.2651696,4,2
1555618003.5208237,4,1
1555618004.5424128,4,2
1555618004.7978396,4,1
1555618005.297146,2,1
1555618014.4002821,4,1
1555618014.7064152,2,1
1555618016.4274244,4,1
1555618017.4490721,4,2
1555618017.7044802,4,1
1555618018.7256904,4,2
1555618018.98099,4,1
1555618020.0026143,4,2
1555618020.184023,2,1
1555618034.0825922,4,1
1555618035.1074595,4,2
1555618035.3631084,4,1
1555618036.384956,4,2
1555618036.6406648,4,1
1555618037.6567748,2,1
1555618042.0342443,4,1
1555618043.0568774,4,2
1555618043.31242,4,1
1555618044.335049,4,2
1555618044.5905,4,1
1555618045.6123972,4,2
1555618045.867783,4,1
1555618046.1140685,2,1
1555618048.0353525,4,1
1555618049.058056,4,2
1555618049.31375,4,1
1555618050.3355153,4,2
1555618050.59085,4,1
1555618051.1440067,2,1
1555618126.027687,4,1
1555618126.511018,2,1
1555618162.8660326,4,1
1555618163.1613312,2,1
1555618199.2471337,4,1
1555618200.2694123,4,2
1555618200.5250437,4,1
1555618201.5479577,4,2
1555618201.627454,2,1
1555618202.4042432,4,1
1555618203.4260755,4,2
1555618203.6817896,4,1
1555618204.704016,4,2
1555618204.959495,4,1
1555618205.5208452,2,1
1555618212.7338483,4,1
1555618213.7562017,4,2
1555618214.011806,4,1
1555618215.0353272,4,2
1555618215.075494,2,1
1555618215.3715076,2,1
1555618217.6246698,4,1
1555618218.4352877,2,1
1555618234.1226904,4,1
1555618234.3719025,2,1
1555618253.8626316,4,1
1555618254.8709803,2,1
1555618259.4423044,4,1
1555618259.6912837,2,1
1555618271.1948614,4,1
1555618271.479458,2,1
1555618275.5548778,4,1
1555618276.0744643,2,1
1555618284.7853427,4,1
1555618285.8070211,4,2
1555618285.852121,2,1
1555618286.1412137,2,1
1555618447.9155092,4,1
1555618448.1854982,2,1
1555618449.7167404,4,1
1555618450.739148,4,2
1555618450.9945529,4,1
1555618451.422193,2,1
1555618460.415778,4,1
1555618461.0096211,2,1
1555618487.4464629,4,1
1555618488.4528098,2,1
1555618521.0328004,4,1
1555618521.2975175,2,1
1555618543.936759,4,1
1555618544.9586947,4,2
1555618545.0545058,2,1
1555618546.1688437,4,1
1555618547.189865,2,1
1555618571.5363002,4,1
1555618572.0834851,2,1
1555618580.7928543,4,1
1555618581.5237978,2,1
1555618590.3595965,4,1
1555618591.3826375,4,2
1555618591.4395905,2,1
1555618604.5249014,4,1
1555618604.5997338,2,1
1555618606.2490637,4,1
1555618606.7776294,2,1
1555618640.2765045,4,1
1555618640.5769496,2,1
1555618663.3465571,4,1
1555618664.3689008,4,2
1555618664.5104873,2,1
1555618664.5223882,2,1
1555618702.5065114,4,1
1555618703.528048,4,2
1555618703.7834358,4,1
1555618704.8049169,4,2
1555618705.0602434,4,1
1555618705.7913601,2,1
1555618725.8377814,4,1
1555618726.0812037,2,1
1555618733.6734366,4,1
1555618733.9176414,2,1
1555618741.203833,4,1
1555618741.5007708,2,1
1555618744.6431165,4,1
1555618745.6649573,4,2
1555618745.9202628,4,1
1555618746.207778,2,1
1555618752.1352668,4,1
1555618752.3746054,2,1
1555618754.6889958,4,1
1555618755.183024,2,1
1555618760.9288824,4,1
1555618761.2720854,2,1
1555618773.6585436,4,1
1555618774.6804726,4,2
1555618774.9362607,4,1
1555618775.7882037,2,1
1555618780.3581147,4,1
1555618780.5922382,2,1
1555618790.5843825,4,1
1555618791.6068132,4,2
1555618791.8624403,4,1
1555618792.1688113,2,1
1555618798.9861288,4,1
1555618800.0086658,4,2
1555618800.084944,2,1
1555618804.303182,4,1
1555618804.5665781,2,1
1555618806.5849922,4,1
1555618806.8636394,2,1
1555618824.1820025,4,1
1555618825.204135,4,2
1555618825.4595616,4,1
1555618825.9767332,2,1
1555618831.5384011,4,1
1555618832.5606012,4,2
1555618832.816205,4,1
1555618833.118369,2,1
1555618837.502624,4,1
1555618838.524204,4,2
1555618838.779533,4,1
1555618839.6124923,2,1
1555618845.954733,4,1
1555618846.1888885,2,1
1555618850.247033,4,1
1555618851.2704737,4,2
1555618851.5262215,4,1
1555618852.0297031,2,1
1555618857.7610452,4,1
1555618858.782817,4,2
1555618859.038341,4,1
1555618859.6019533,2,1
1555618863.1214347,4,1
1555618864.1432443,4,2
1555618864.398722,4,1
1555618864.8914454,2,1
1555618993.5062387,4,1
1555618994.1039867,2,1
1555619019.2083213,4,1
1555619019.7509685,2,1
1555619038.860061,4,1
1555619039.4045913,2,1
1555619040.2247164,4,1
1555619040.8185062,2,1
1555619042.9863784,4,1
1555619044.0081184,4,2
1555619044.263509,4,1
1555619045.285217,4,2
1555619045.42587,2,1
1555619046.694632,4,1
1555619047.239806,2,1
1555619080.8338864,4,1
1555619081.0745435,2,1
1555619101.1165693,4,1
1555619102.1405714,4,2
1555619102.3963215,4,1
1555619102.6438844,2,1
1555619119.7862153,4,1
1555619120.0916345,2,1
1555619128.2302299,4,1
1555619129.2521515,4,2
1555619129.2925828,2,1
1555619129.293289,2,1
1555619129.5847073,2,1
1555620053.7901073,3,2