
1554230215.233976,4,1
1554230216.0523105,2,1
1554230216.052452,2,1
1554230286.3066742,4,1
1554230287.3295743,4,2
1554230287.432576,2,1
1554230305.052281,4,1
1554230305.2975957,2,1
1554230311.299046,4,1
1554230312.3206027,4,2
1554230312.5759344,4,1
1554230313.5969589,4,2
1554230313.8522356,4,1
1554230314.8732643,4,2
1554230315.128662,4,1
1554230316.1502025,4,2
1554230316.405639,4,1
1554230316.6563792,2,1
1554230319.5140421,4,1
1554230320.5355968,4,2
1554230320.7909732,4,1
1554230321.2904365,2,1
1554230339.0668437,4,1
1554230339.8526013,2,1
1554230363.1266935,4,1
1554230363.370721,2,1
1554230399.5149446,4,1
1554230400.53662,4,2
1554230400.7921553,4,1
1554230401.6023762,2,1
1554230419.7164927,4,1
1554230419.9721205,2,1
1554230427.6161404,4,1
1554230428.4030504,2,1
1554230429.1269453,4,1
1554230430.1466243,2,1
1554230448.7745237,4,1
1554230449.1598322,2,1
1554230454.8170166,4,1
1554230455.8388162,4,2
1554230456.0940669,4,1
1554230457.1153586,4,2
1554230457.3709693,4,1
1554230457.8674734,2,1
1554230475.1468306,4,1
1554230476.1686003,4,2
1554230476.424144,4,1
1554230477.4459705,4,2
1554230477.5319722,2,1
1554230496.1726189,4,1
1554230497.1943245,4,2
1554230497.4497547,4,1
1554230498.4709394,4,2
1554230498.7264297,4,1
1554230499.7476263,4,2
1554230500.0030456,4,1
1554230501.0144386,2,1
1554230501.014629,2,1
1554230502.573251,4,1
1554230503.5948114,4,2
1554230503.6741107,2,1
1554230512.1471841,4,1
1554230512.9513993,2,1
1554230513.771397,4,1
1554230514.7928774,4,2
1554230515.0482569,4,1
1554230516.0640194,2,1
1554230523.0919871,4,1
1554230524.1135104,4,2
1554230524.369026,4,1
1554230525.3905215,4,2
1554230525.4619493,2,1
1554230525.4622915,2,1
1554230526.752298,4,1
1554230527.7744865,4,2
1554230528.0298495,4,1
1554230529.0512242,4,2
1554230529.3065588,4,1
1554230530.0699627,2,1
1554230536.4744854,4,1
1554230536.7409217,2,1
1554230536.7411094,2,1
1554230540.9491458,4,1
1554230541.2202203,2,1
1554230545.2129328,4,1
1554230546.2347865,4,2
1554230546.319121,2,1
1554230571.743286,4,1
1554230572.7651734,4,2
1554230573.0206301,4,1
1554230574.0428078,4,2
1554230574.298515,4,1
1554230575.3210547,4,2
1554230575.576699,4,1
1554230576.088837,2,1
1554230579.27777,4,1
1554230579.7637713,2,1
1554230584.864537,4,1
1554230585.1433656,2,1
1554230590.57664,4,1
1554230591.5997272,4,2
1554230591.8554583,4,1
1554230592.6155665,2,1
1554230617.4539082,4,1
1554230617.7372692,2,1
1554230638.3246884,4,1
1554230638.5911555,2,1
1554230638.5913985,2,1
1554230638.5914989,2,1
1554230644.621726,4,1
1554230644.859276,2,1
1554230647.8257058,4,1
1554230648.656872,2,1
1554230662.703121,4,1
1554230663.5526597,2,1
1554230699.1948516,4,1
1554230700.2163434,4,2
1554230700.471901,4,1
1554230701.4940298,4,2
1554230701.7495492,4,1
1554230702.242548,2,1
1554230738.3837903,4,1
1554230739.4070177,4,2
1554230739.6630259,4,1
1554230740.6852176,4,2
1554230740.7262714,2,1
1554230740.7266512,2,1
1554230741.0074115,2,1
1554230759.2078288,4,1
1554230759.574511,2,1
1554230771.8360908,4,1
1554230772.8577502,4,2
1554230773.113197,4,1
1554230774.1346576,4,2
1554230774.3899724,4,1
1554230774.9391224,2,1
1554230775.681309,4,1
1554230775.949055,2,1
1554230839.4148862,4,1
1554230840.4203653,2,1
1554230841.0500875,4,1
1554230841.5512388,2,1
1554230841.5514634,2,1
1554230872.5434294,4,1
1554230873.5655313,4,2
1554230873.6675167,2,1
1554230874.4219668,4,1
1554230875.214604,2,1
1554230883.5155926,4,1
1554230884.4485695,2,1
1554230885.2433496,4,1
1554230885.4725049,2,1
1554230943.801554,4,1
1554230944.823334,4,2
1554230945.078802,4,1
1554230946.100601,4,2
1554230946.1625085,2,1
1554230948.4015605,4,1
1554230948.7263432,2,1
1554230972.5268977,4,1
1554230972.762359,2,1
1554230979.0885456,4,1
1554230980.110304,4,2
1554230980.146523,2,1
1554230980.4239194,2,1
1554231011.2877533,4,1
1554231011.8371181,2,1
1554231048.5647748,4,1
1554231049.5864625,4,2
1554231049.6998029,2,1
1554231069.2969625,4,1
1554231069.5449789,2,1
1554231072.4137697,4,1
1554231073.4352496,4,2
1554231073.690815,4,1
1554231074.033129,2,1
1554231115.1108098,4,1
1554231115.6462243,2,1
1554231122.3122768,4,1
1554231123.334124,4,2
1554231123.589625,4,1
1554231124.611544,4,2
1554231124.8669505,4,1
1554231125.1141095,2,1
1554231149.8617604,4,1
1554231150.6149163,2,1
1554231171.54493,4,1
1554231172.567251,4,2
1554231172.8228304,4,1
1554231173.8460302,4,2
1554231173.9185205,2,1
1554231196.4007232,4,1
1554231196.700589,2,1
1554231202.767725,4,1
1554231203.7891722,4,2
1554231204.044489,4,1
1554231204.8082726,2,1
1554231207.5267882,4,1
1554231208.547948,4,2
1554231208.5910437,2,1
1554231208.8879786,2,1
1554231219.702046,4,1
1554231220.2459893,2,1
1554231227.2378025,4,1
1554231227.5246813,2,1
1554231227.524881,2,1
1554231227.5250776,2,1
1554231247.1312263,4,1
1554231247.4132478,2,1
1554231250.823255,4,1
1554231251.8445656,4,2
1554231251.9290717,2,1
1554231292.2621284,4,1
1554231293.2839077,4,2
1554231293.5392215,4,1
1554231294.5609176,4,2
1554231294.6323116,2,1
1554231294.632729,2,1
1554231295.5804386,4,1
1554231296.1325495,2,1
1554231305.264265,4,1
1554231306.285821,4,2
1554231306.5413551,4,1
1554231307.0869265,2,1
1554231309.783908,4,1
1554231310.026354,2,1
1554231330.7457104,4,1
1554231331.2515094,2,1
1554231333.014427,4,1
1554231333.2663283,2,1
1554231342.473273,4,1
1554231343.4951105,4,2
1554231343.7507427,4,1
1554231344.772048,4,2
1554231345.0274243,4,1
1554231345.7918546,2,1
1554231364.1941295,4,1
1554231364.4849951,2,1
1554231368.588572,4,1
1554231369.6100674,4,2
1554231369.6709023,2,1
1554231391.5185173,4,1
1554231391.8093762,2,1
1554231411.2350764,4,1
1554231412.256326,4,2
1554231412.511812,4,1
1554231413.5333512,4,2
1554231413.7887537,4,1
1554231414.8117192,4,2
1554231414.8181653,2,1
1554231468.7662773,4,1
1554231469.0254405,2,1
1554231475.1950166,4,1
1554231476.216402,4,2
1554231476.4717405,4,1
1554231477.492991,4,2
1554231477.748426,4,1
1554231478.77003,4,2
1554231478.8674238,2,1
1554231502.6861243,4,1
1554231503.7081616,4,2
1554231503.9634914,4,1
1554231504.2132354,2,1
1554231528.0307262,4,1
1554231529.0534508,4,2
1554231529.3091002,4,1
1554231530.3317058,4,2
1554231530.4187768,2,1
1554231533.1954272,4,1
1554231533.70348,2,1
1554231578.3943584,4,1
1554231579.4164052,4,2
1554231579.6718698,4,1
1554231579.9163957,2,1
1554231602.7236805,4,1
1554231603.5226083,2,1
1554231604.610752,4,1
1554231605.632058,4,2
1554231605.803036,2,1
1554231605.8161428,2,1
1554231634.2238576,4,1
1554231635.206458,2,1
1554231654.8849092,4,1
1554231655.9068289,4,2
1554231656.162541,4,1
1554231656.3550012,2,1
1554231658.4589312,4,1
1554231658.7202115,2,1
1554231670.1070313,4,1
1554231671.1284022,4,2
1554231671.3837001,4,1
1554231671.6676383,2,1
1554231690.3133435,4,1
1554231691.335127,4,2
1554231691.344647,2,1
1554231709.122974,4,1
1554231709.3645124,2,1
1554231712.441838,4,1
1554231713.4638705,4,2
1554231713.7192311,4,1
1554231714.3177934,2,1
1554231733.4513404,4,1
1554231734.2775428,2,1
1554231735.5270305,4,1
1554231735.7663631,2,1
1554231743.8224003,4,1
1554231744.8441334,4,2
1554231745.0995088,4,1
1554231745.6174047,2,1
1554231747.7448423,4,1
1554231748.2444894,2,1
1554231757.5636165,4,1
1554231758.585714,4,2
1554231758.8414242,4,1
1554231759.335723,2,1
1554231785.6504004,4,1
1554231786.6721084,4,2
1554231786.9279642,4,1
1554231787.9553761,4,2
1554231788.210827,4,1
1554231788.7581928,2,1
1554231827.8376143,4,1
1554231828.348663,2,1
1554231829.363412,4,1
1554231829.6209257,2,1
1554231838.631293,4,1
1554231838.879508,2,1
1554231842.3357573,4,1
1554231843.358403,4,2
1554231843.4013078,2,1
1554231843.6987095,2,1
1554231892.2917955,4,1
1554231893.0780158,2,1
1554231893.8854377,4,1
1554231894.9068017,4,2
1554231895.1621687,4,1
1554231896.1830938,4,2
1554231896.1861188,2,1
1554231896.203811,2,1
1554232046.3683546,4,1
1554232046.9394803,2,1
1554232067.857826,4,1
1554232068.6484973,2,1
1554232078.9369483,4,1
1554232079.9593656,4,2
1554232079.9801943,2,1
1554232079.980343,2,1
1554232083.9180949,4,1
1554232084.4701054,2,1
1554232084.4703233,2,1
1554232093.2491703,4,1
1554232094.2719429,4,2
1554232094.5275102,4,1
1554232094.8064928,2,1
1554232096.4882436,4,1
1554232096.7784905,2,1
1554232132.881796,4,1
1554232133.9034464,4,2
1554232134.1587825,4,1
1554232134.9352694,2,1
1554232136.8186507,4,1
1554232137.103427,2,1
1554232157.3474402,4,1
1554232158.3691785,4,2
1554232158.6246028,4,1
1554232159.645683,4,2
1554232159.9012833,4,1
1554232160.923277,4,2
1554232161.1786556,4,1
1554232161.6779428,2,1
1554232181.7475204,4,1
1554232182.4971802,2,1
1554232202.9663975,4,1
1554232203.9887328,4,2
1554232204.053262,2,1
1554232206.7773063,4,1
1554232207.2935784,2,1
1554232220.660525,4,1
1554232220.9139667,2,1
1554232228.1762657,4,1
1554232228.6766186,2,1
1554232235.3028002,4,1
1554232236.3240511,4,2
1554232236.5794272,4,1
1554232237.6010072,4,2
1554232237.6013482,2,1
1554232240.4879355,4,1
1554232241.5091076,4,2
1554232241.7644403,4,1
1554232242.0617423,2,1
1554232251.1908333,4,1
1554232251.7397478,2,1
1554232273.754911,4,1
1554232274.261791,2,1
1554232285.2154899,4,1
1554232286.2371433,4,2
1554232286.4926088,4,1
1554232287.5148265,4,2
1554232287.7705696,4,1
1554232288.7763925,2,1
1554232307.0760639,4,1
1554232307.8843153,2,1
1554232351.5545158,4,1
1554232351.7939115,2,1
1554232371.5619652,4,1
1554232372.3821821,2,1
1554232373.193958,4,1
1554232374.218139,4,2
1554232374.4734836,4,1
1554232375.4949014,4,2
1554232375.598318,2,1
1554232384.92877,4,1
1554232385.4767852,2,1
1554232386.5962763,4,1
1554232387.6196365,4,2
1554232387.7100394,2,1
1554232387.7118905,2,1
1554232467.2485955,4,1
1554232468.2527645,2,1
1554232468.875544,4,1
1554232469.8976276,4,2
1554232470.153204,4,1
1554232471.1749525,4,2
1554232471.4304254,4,1
1554232472.4519928,4,2
1554232472.5223744,2,1
1554232486.6947465,4,1
1554232487.5009003,2,1
1554232504.858093,4,1
1554232505.1127522,2,1
1554232508.62942,4,1
1554232508.92686,2,1
1554232558.3145952,4,1
1554232559.3359613,4,2
1554232559.5915656,4,1
1554232560.6128294,4,2
1554232560.8681495,4,1
1554232561.8896172,4,2
1554232562.1449122,4,1
1554232563.1660361,4,2
1554232563.195219,2,1
1554232563.5006168,2,1
1554232572.1519186,4,1
1554232573.1733134,4,2
1554232573.4286406,4,1
1554232574.2254996,2,1
1554232601.4768913,4,1
1554232601.764715,2,1
1554232607.6674898,4,1
1554232608.6912673,4,2
1554232608.9471488,4,1
1554232609.1917982,2,1
1554232629.132621,4,1
1554232629.9186857,2,1
1554232639.9837718,4,1
1554232641.0057418,4,2
1554232641.2612336,4,1
1554232642.2830577,4,2
1554232642.5385275,4,1
1554232643.0185456,2,1
1554232645.692469,4,1
1554232646.4582791,2,1
1554232705.8230276,4,1
1554232706.1334436,2,1
1554232707.383867,4,1
1554232708.1421213,2,1
1554232714.9445305,4,1
1554232715.4496415,2,1
1554232754.4747403,4,1
1554232755.4966702,4,2
1554232755.7523072,4,1
1554232756.3050966,2,1
1554232757.647651,4,1
1554232758.2261312,2,1
1554232777.8691666,4,1
1554232778.6536245,2,1
1554232778.653757,2,1
1554232779.4169974,4,1
1554232780.4050968,2,1
1554232786.1289825,4,1
1554232787.1504135,4,2
1554232787.4057148,4,1
1554232788.4267714,4,2
1554232788.6821876,4,1
1554232789.7041175,4,2
1554232789.9595616,4,1
1554232790.4703557,2,1
1554232793.0773106,4,1
1554232793.5810237,2,1
1554232893.4452252,4,1
1554232893.984991,2,1
1554233845.7572067,4,1
1554233846.5652378,2,1
1554233862.045493,4,1
1554233863.0667808,4,2
1554233863.3221471,4,1
1554233863.6100574,2,1
1554233866.7957065,4,1
1554233867.8170247,4,2
1554233868.0725267,4,1
1554233868.308732,2,1
1554234131.1723814,3,2